[0.866s] Invoking command in '/home/subun/eyrc_hb/hb_task_5_ws/build/bot_control5': PYTHONPATH=/home/subun/eyrc_hb/hb_task_5_ws/build/bot_control5/prefix_override:/home/subun/eyrc_hb/hb_task_5_ws/install/bot_control5/lib/python3.10/site-packages:${PYTHONPATH} /usr/bin/python3 setup.py develop --editable --build-directory /home/subun/eyrc_hb/hb_task_5_ws/build/bot_control5/build --no-deps install_data
[1.034s] running develop
[1.125s] running egg_info
[1.125s] writing bot_control5.egg-info/PKG-INFO
[1.125s] writing dependency_links to bot_control5.egg-info/dependency_links.txt
[1.125s] writing entry points to bot_control5.egg-info/entry_points.txt
[1.125s] writing requirements to bot_control5.egg-info/requires.txt
[1.125s] writing top-level names to bot_control5.egg-info/top_level.txt
[1.126s] reading manifest file 'bot_control5.egg-info/SOURCES.txt'
[1.127s] writing manifest file 'bot_control5.egg-info/SOURCES.txt'
[1.128s] running build_ext
[1.128s] Creating /home/subun/eyrc_hb/hb_task_5_ws/install/bot_control5/lib/python3.10/site-packages/bot-control5.egg-link (link to .)
[1.129s] Installing control_node script to /home/subun/eyrc_hb/hb_task_5_ws/install/bot_control5/lib/bot_control5
[1.129s] Installing control_node1 script to /home/subun/eyrc_hb/hb_task_5_ws/install/bot_control5/lib/bot_control5
[1.129s] Installing control_node2 script to /home/subun/eyrc_hb/hb_task_5_ws/install/bot_control5/lib/bot_control5
[1.129s] Installing control_node3 script to /home/subun/eyrc_hb/hb_task_5_ws/install/bot_control5/lib/bot_control5
[1.129s] Installing mini_theme script to /home/subun/eyrc_hb/hb_task_5_ws/install/bot_control5/lib/bot_control5
[1.129s] Installing stopflag script to /home/subun/eyrc_hb/hb_task_5_ws/install/bot_control5/lib/bot_control5
[1.129s] 
[1.129s] Installed /home/subun/eyrc_hb/hb_task_5_ws/build/bot_control5
[1.129s] running install_data
[1.129s] copying launch/bot_control.launch.py -> /home/subun/eyrc_hb/hb_task_5_ws/install/bot_control5/share/bot_control5/launch
[1.155s] Invoked command in '/home/subun/eyrc_hb/hb_task_5_ws/build/bot_control5' returned '0': PYTHONPATH=/home/subun/eyrc_hb/hb_task_5_ws/build/bot_control5/prefix_override:/home/subun/eyrc_hb/hb_task_5_ws/install/bot_control5/lib/python3.10/site-packages:${PYTHONPATH} /usr/bin/python3 setup.py develop --editable --build-directory /home/subun/eyrc_hb/hb_task_5_ws/build/bot_control5/build --no-deps install_data
