[0.588s] DEBUG:colcon:Command line arguments: ['/usr/bin/colcon', 'build', '--symlink-install']
[0.588s] DEBUG:colcon:Parsed command line arguments: Namespace(log_base=None, log_level=None, verb_name='build', build_base='build', install_base='install', merge_install=False, symlink_install=True, test_result_base=None, continue_on_error=False, executor='parallel', parallel_workers=16, event_handlers=None, ignore_user_meta=False, metas=['./colcon.meta'], base_paths=['.'], packages_ignore=None, packages_ignore_regex=None, paths=None, packages_up_to=None, packages_up_to_regex=None, packages_above=None, packages_above_and_dependencies=None, packages_above_depth=None, packages_select_by_dep=None, packages_skip_by_dep=None, packages_skip_up_to=None, packages_select_build_failed=False, packages_skip_build_finished=False, packages_select_test_failures=False, packages_skip_test_passed=False, packages_select=None, packages_skip=None, packages_select_regex=None, packages_skip_regex=None, packages_start=None, packages_end=None, allow_overriding=[], cmake_args=None, cmake_target=None, cmake_target_skip_unavailable=False, cmake_clean_cache=False, cmake_clean_first=False, cmake_force_configure=False, ament_cmake_args=None, catkin_cmake_args=None, catkin_skip_building_tests=False, verb_parser=<colcon_defaults.argument_parser.defaults.DefaultArgumentsDecorator object at 0x7f86d9e00ca0>, verb_extension=<colcon_core.verb.build.BuildVerb object at 0x7f86d9e002e0>, main=<bound method BuildVerb.main of <colcon_core.verb.build.BuildVerb object at 0x7f86d9e002e0>>)
[0.623s] Level 1:colcon.colcon_core.package_discovery:discover_packages(colcon_meta) check parameters
[0.623s] Level 1:colcon.colcon_core.package_discovery:discover_packages(recursive) check parameters
[0.623s] Level 1:colcon.colcon_core.package_discovery:discover_packages(ignore) check parameters
[0.623s] Level 1:colcon.colcon_core.package_discovery:discover_packages(path) check parameters
[0.623s] Level 1:colcon.colcon_core.package_discovery:discover_packages(colcon_meta) discover
[0.623s] Level 1:colcon.colcon_core.package_discovery:discover_packages(recursive) discover
[0.623s] INFO:colcon.colcon_core.package_discovery:Crawling recursively for packages in '/home/subun/eyrc_hb/hb_task_6_ws'
[0.623s] Level 1:colcon.colcon_core.package_identification:_identify(.) by extensions ['ignore', 'ignore_ament_install']
[0.623s] Level 1:colcon.colcon_core.package_identification:_identify(.) by extension 'ignore'
[0.623s] Level 1:colcon.colcon_core.package_identification:_identify(.) by extension 'ignore_ament_install'
[0.623s] Level 1:colcon.colcon_core.package_identification:_identify(.) by extensions ['colcon_pkg']
[0.623s] Level 1:colcon.colcon_core.package_identification:_identify(.) by extension 'colcon_pkg'
[0.623s] Level 1:colcon.colcon_core.package_identification:_identify(.) by extensions ['colcon_meta']
[0.623s] Level 1:colcon.colcon_core.package_identification:_identify(.) by extension 'colcon_meta'
[0.623s] Level 1:colcon.colcon_core.package_identification:_identify(.) by extensions ['ros']
[0.623s] Level 1:colcon.colcon_core.package_identification:_identify(.) by extension 'ros'
[0.630s] Level 1:colcon.colcon_core.package_identification:_identify(.) by extensions ['cmake', 'python']
[0.630s] Level 1:colcon.colcon_core.package_identification:_identify(.) by extension 'cmake'
[0.630s] Level 1:colcon.colcon_core.package_identification:_identify(.) by extension 'python'
[0.630s] Level 1:colcon.colcon_core.package_identification:_identify(.) by extensions ['python_setup_py']
[0.630s] Level 1:colcon.colcon_core.package_identification:_identify(.) by extension 'python_setup_py'
[0.630s] Level 1:colcon.colcon_core.package_identification:_identify(build) by extensions ['ignore', 'ignore_ament_install']
[0.630s] Level 1:colcon.colcon_core.package_identification:_identify(build) by extension 'ignore'
[0.630s] Level 1:colcon.colcon_core.package_identification:_identify(build) ignored
[0.630s] Level 1:colcon.colcon_core.package_identification:_identify(install) by extensions ['ignore', 'ignore_ament_install']
[0.630s] Level 1:colcon.colcon_core.package_identification:_identify(install) by extension 'ignore'
[0.630s] Level 1:colcon.colcon_core.package_identification:_identify(install) ignored
[0.630s] Level 1:colcon.colcon_core.package_identification:_identify(log) by extensions ['ignore', 'ignore_ament_install']
[0.630s] Level 1:colcon.colcon_core.package_identification:_identify(log) by extension 'ignore'
[0.630s] Level 1:colcon.colcon_core.package_identification:_identify(log) ignored
[0.631s] Level 1:colcon.colcon_core.package_identification:_identify(src) by extensions ['ignore', 'ignore_ament_install']
[0.631s] Level 1:colcon.colcon_core.package_identification:_identify(src) by extension 'ignore'
[0.631s] Level 1:colcon.colcon_core.package_identification:_identify(src) by extension 'ignore_ament_install'
[0.631s] Level 1:colcon.colcon_core.package_identification:_identify(src) by extensions ['colcon_pkg']
[0.631s] Level 1:colcon.colcon_core.package_identification:_identify(src) by extension 'colcon_pkg'
[0.631s] Level 1:colcon.colcon_core.package_identification:_identify(src) by extensions ['colcon_meta']
[0.631s] Level 1:colcon.colcon_core.package_identification:_identify(src) by extension 'colcon_meta'
[0.631s] Level 1:colcon.colcon_core.package_identification:_identify(src) by extensions ['ros']
[0.631s] Level 1:colcon.colcon_core.package_identification:_identify(src) by extension 'ros'
[0.631s] Level 1:colcon.colcon_core.package_identification:_identify(src) by extensions ['cmake', 'python']
[0.631s] Level 1:colcon.colcon_core.package_identification:_identify(src) by extension 'cmake'
[0.631s] Level 1:colcon.colcon_core.package_identification:_identify(src) by extension 'python'
[0.631s] Level 1:colcon.colcon_core.package_identification:_identify(src) by extensions ['python_setup_py']
[0.631s] Level 1:colcon.colcon_core.package_identification:_identify(src) by extension 'python_setup_py'
[0.631s] Level 1:colcon.colcon_core.package_identification:_identify(src/bot_control_6) by extensions ['ignore', 'ignore_ament_install']
[0.631s] Level 1:colcon.colcon_core.package_identification:_identify(src/bot_control_6) by extension 'ignore'
[0.631s] Level 1:colcon.colcon_core.package_identification:_identify(src/bot_control_6) by extension 'ignore_ament_install'
[0.631s] Level 1:colcon.colcon_core.package_identification:_identify(src/bot_control_6) by extensions ['colcon_pkg']
[0.631s] Level 1:colcon.colcon_core.package_identification:_identify(src/bot_control_6) by extension 'colcon_pkg'
[0.631s] Level 1:colcon.colcon_core.package_identification:_identify(src/bot_control_6) by extensions ['colcon_meta']
[0.631s] Level 1:colcon.colcon_core.package_identification:_identify(src/bot_control_6) by extension 'colcon_meta'
[0.631s] Level 1:colcon.colcon_core.package_identification:_identify(src/bot_control_6) by extensions ['ros']
[0.631s] Level 1:colcon.colcon_core.package_identification:_identify(src/bot_control_6) by extension 'ros'
[0.633s] DEBUG:colcon.colcon_core.package_identification:Package 'src/bot_control_6' with type 'ros.ament_python' and name 'bot_control_6'
[0.633s] Level 1:colcon.colcon_core.package_identification:_identify(src/feedback_6) by extensions ['ignore', 'ignore_ament_install']
[0.633s] Level 1:colcon.colcon_core.package_identification:_identify(src/feedback_6) by extension 'ignore'
[0.633s] Level 1:colcon.colcon_core.package_identification:_identify(src/feedback_6) by extension 'ignore_ament_install'
[0.633s] Level 1:colcon.colcon_core.package_identification:_identify(src/feedback_6) by extensions ['colcon_pkg']
[0.633s] Level 1:colcon.colcon_core.package_identification:_identify(src/feedback_6) by extension 'colcon_pkg'
[0.633s] Level 1:colcon.colcon_core.package_identification:_identify(src/feedback_6) by extensions ['colcon_meta']
[0.633s] Level 1:colcon.colcon_core.package_identification:_identify(src/feedback_6) by extension 'colcon_meta'
[0.633s] Level 1:colcon.colcon_core.package_identification:_identify(src/feedback_6) by extensions ['ros']
[0.633s] Level 1:colcon.colcon_core.package_identification:_identify(src/feedback_6) by extension 'ros'
[0.634s] DEBUG:colcon.colcon_core.package_identification:Package 'src/feedback_6' with type 'ros.ament_python' and name 'feedback_6'
[0.634s] Level 1:colcon.colcon_core.package_discovery:discover_packages(recursive) using defaults
[0.634s] Level 1:colcon.colcon_core.package_discovery:discover_packages(ignore) discover
[0.634s] Level 1:colcon.colcon_core.package_discovery:discover_packages(ignore) using defaults
[0.634s] Level 1:colcon.colcon_core.package_discovery:discover_packages(path) discover
[0.634s] Level 1:colcon.colcon_core.package_discovery:discover_packages(path) using defaults
[0.685s] Level 1:colcon.colcon_core.package_discovery:discover_packages(prefix_path) check parameters
[0.685s] Level 1:colcon.colcon_core.package_discovery:discover_packages(prefix_path) discover
[0.704s] DEBUG:colcon.colcon_installed_package_information.package_discovery:Found 3 installed packages in /home/subun/microros_ws/install
[0.718s] DEBUG:colcon.colcon_installed_package_information.package_discovery:Found 2 installed packages in /home/subun/eyrc_hb/hb_task_6_ws/install
[0.725s] DEBUG:colcon.colcon_installed_package_information.package_discovery:Found 3 installed packages in /home/subun/eyrc_hb/hb_task_5_ws/install
[0.732s] DEBUG:colcon.colcon_installed_package_information.package_discovery:Found 2 installed packages in /home/subun/eyrc_hb/hb_task_4_ws/install
[0.739s] DEBUG:colcon.colcon_installed_package_information.package_discovery:Found 5 installed packages in /home/subun/eyrc_hb/hb_task_2_ws/install
[0.746s] DEBUG:colcon.colcon_installed_package_information.package_discovery:Found 3 installed packages in /home/subun/eyrc_hb/hb_task1b_ws/install
[0.753s] DEBUG:colcon.colcon_installed_package_information.package_discovery:Found 2 installed packages in /home/subun/eyrc_hb/hb_task1a_ws/install
[0.759s] DEBUG:colcon.colcon_installed_package_information.package_discovery:Found 1 installed packages in /home/subun/ros_ws/install
[0.767s] DEBUG:colcon.colcon_installed_package_information.package_discovery:Found 287 installed packages in /opt/ros/humble
[0.768s] Level 1:colcon.colcon_core.package_discovery:discover_packages(prefix_path) using defaults
[0.821s] Level 5:colcon.colcon_core.verb:set package 'bot_control_6' build argument 'cmake_args' from command line to 'None'
[0.821s] Level 5:colcon.colcon_core.verb:set package 'bot_control_6' build argument 'cmake_target' from command line to 'None'
[0.821s] Level 5:colcon.colcon_core.verb:set package 'bot_control_6' build argument 'cmake_target_skip_unavailable' from command line to 'False'
[0.821s] Level 5:colcon.colcon_core.verb:set package 'bot_control_6' build argument 'cmake_clean_cache' from command line to 'False'
[0.821s] Level 5:colcon.colcon_core.verb:set package 'bot_control_6' build argument 'cmake_clean_first' from command line to 'False'
[0.821s] Level 5:colcon.colcon_core.verb:set package 'bot_control_6' build argument 'cmake_force_configure' from command line to 'False'
[0.821s] Level 5:colcon.colcon_core.verb:set package 'bot_control_6' build argument 'ament_cmake_args' from command line to 'None'
[0.821s] Level 5:colcon.colcon_core.verb:set package 'bot_control_6' build argument 'catkin_cmake_args' from command line to 'None'
[0.821s] Level 5:colcon.colcon_core.verb:set package 'bot_control_6' build argument 'catkin_skip_building_tests' from command line to 'False'
[0.821s] DEBUG:colcon.colcon_core.verb:Building package 'bot_control_6' with the following arguments: {'ament_cmake_args': None, 'build_base': '/home/subun/eyrc_hb/hb_task_6_ws/build/bot_control_6', 'catkin_cmake_args': None, 'catkin_skip_building_tests': False, 'cmake_args': None, 'cmake_clean_cache': False, 'cmake_clean_first': False, 'cmake_force_configure': False, 'cmake_target': None, 'cmake_target_skip_unavailable': False, 'install_base': '/home/subun/eyrc_hb/hb_task_6_ws/install/bot_control_6', 'merge_install': False, 'path': '/home/subun/eyrc_hb/hb_task_6_ws/src/bot_control_6', 'symlink_install': True, 'test_result_base': None}
[0.828s] Level 5:colcon.colcon_core.verb:set package 'feedback_6' build argument 'cmake_args' from command line to 'None'
[0.828s] Level 5:colcon.colcon_core.verb:set package 'feedback_6' build argument 'cmake_target' from command line to 'None'
[0.828s] Level 5:colcon.colcon_core.verb:set package 'feedback_6' build argument 'cmake_target_skip_unavailable' from command line to 'False'
[0.828s] Level 5:colcon.colcon_core.verb:set package 'feedback_6' build argument 'cmake_clean_cache' from command line to 'False'
[0.828s] Level 5:colcon.colcon_core.verb:set package 'feedback_6' build argument 'cmake_clean_first' from command line to 'False'
[0.828s] Level 5:colcon.colcon_core.verb:set package 'feedback_6' build argument 'cmake_force_configure' from command line to 'False'
[0.828s] Level 5:colcon.colcon_core.verb:set package 'feedback_6' build argument 'ament_cmake_args' from command line to 'None'
[0.828s] Level 5:colcon.colcon_core.verb:set package 'feedback_6' build argument 'catkin_cmake_args' from command line to 'None'
[0.828s] Level 5:colcon.colcon_core.verb:set package 'feedback_6' build argument 'catkin_skip_building_tests' from command line to 'False'
[0.828s] DEBUG:colcon.colcon_core.verb:Building package 'feedback_6' with the following arguments: {'ament_cmake_args': None, 'build_base': '/home/subun/eyrc_hb/hb_task_6_ws/build/feedback_6', 'catkin_cmake_args': None, 'catkin_skip_building_tests': False, 'cmake_args': None, 'cmake_clean_cache': False, 'cmake_clean_first': False, 'cmake_force_configure': False, 'cmake_target': None, 'cmake_target_skip_unavailable': False, 'install_base': '/home/subun/eyrc_hb/hb_task_6_ws/install/feedback_6', 'merge_install': False, 'path': '/home/subun/eyrc_hb/hb_task_6_ws/src/feedback_6', 'symlink_install': True, 'test_result_base': None}
[0.835s] INFO:colcon.colcon_core.executor:Executing jobs using 'parallel' executor
[0.842s] DEBUG:colcon.colcon_parallel_executor.executor.parallel:run_until_complete
[0.842s] INFO:colcon.colcon_ros.task.ament_python.build:Building ROS package in '/home/subun/eyrc_hb/hb_task_6_ws/src/bot_control_6' with build type 'ament_python'
[0.842s] Level 1:colcon.colcon_core.shell:create_environment_hook('bot_control_6', 'ament_prefix_path')
[0.853s] INFO:colcon.colcon_core.plugin_system:Skipping extension 'colcon_core.shell.bat': Not used on non-Windows systems
[0.853s] INFO:colcon.colcon_core.shell:Creating environment hook '/home/subun/eyrc_hb/hb_task_6_ws/install/bot_control_6/share/bot_control_6/hook/ament_prefix_path.ps1'
[0.853s] INFO:colcon.colcon_core.shell:Creating environment descriptor '/home/subun/eyrc_hb/hb_task_6_ws/install/bot_control_6/share/bot_control_6/hook/ament_prefix_path.dsv'
[0.854s] INFO:colcon.colcon_core.shell:Creating environment hook '/home/subun/eyrc_hb/hb_task_6_ws/install/bot_control_6/share/bot_control_6/hook/ament_prefix_path.sh'
[0.861s] INFO:colcon.colcon_core.shell:Skip shell extension 'powershell' for command environment: Not usable outside of PowerShell
[0.861s] DEBUG:colcon.colcon_core.shell:Skip shell extension 'dsv' for command environment
[0.931s] INFO:colcon.colcon_ros.task.ament_python.build:Building ROS package in '/home/subun/eyrc_hb/hb_task_6_ws/src/feedback_6' with build type 'ament_python'
[0.931s] Level 1:colcon.colcon_core.shell:create_environment_hook('feedback_6', 'ament_prefix_path')
[0.938s] INFO:colcon.colcon_core.shell:Creating environment hook '/home/subun/eyrc_hb/hb_task_6_ws/install/feedback_6/share/feedback_6/hook/ament_prefix_path.ps1'
[0.938s] INFO:colcon.colcon_core.shell:Creating environment descriptor '/home/subun/eyrc_hb/hb_task_6_ws/install/feedback_6/share/feedback_6/hook/ament_prefix_path.dsv'
[0.939s] INFO:colcon.colcon_core.shell:Creating environment hook '/home/subun/eyrc_hb/hb_task_6_ws/install/feedback_6/share/feedback_6/hook/ament_prefix_path.sh'
[0.948s] INFO:colcon.colcon_core.shell:Skip shell extension 'powershell' for command environment: Not usable outside of PowerShell
[0.949s] DEBUG:colcon.colcon_core.shell:Skip shell extension 'dsv' for command environment
[1.183s] INFO:colcon.colcon_core.task.python.build:Building Python package in '/home/subun/eyrc_hb/hb_task_6_ws/src/bot_control_6'
[1.191s] INFO:colcon.colcon_core.shell:Skip shell extension 'powershell' for command environment: Not usable outside of PowerShell
[1.191s] DEBUG:colcon.colcon_core.shell:Skip shell extension 'dsv' for command environment
[1.419s] INFO:colcon.colcon_core.task.python.build:Building Python package in '/home/subun/eyrc_hb/hb_task_6_ws/src/feedback_6'
[1.426s] INFO:colcon.colcon_core.shell:Skip shell extension 'powershell' for command environment: Not usable outside of PowerShell
[1.426s] DEBUG:colcon.colcon_core.shell:Skip shell extension 'dsv' for command environment
[1.757s] DEBUG:colcon.colcon_core.event_handler.log_command:Invoking command in '/home/subun/eyrc_hb/hb_task_6_ws/build/feedback_6': PYTHONPATH=/home/subun/eyrc_hb/hb_task_6_ws/build/feedback_6/prefix_override:/home/subun/eyrc_hb/hb_task_6_ws/install/feedback_6/lib/python3.10/site-packages:${PYTHONPATH} /usr/bin/python3 setup.py develop --editable --build-directory /home/subun/eyrc_hb/hb_task_6_ws/build/feedback_6/build --no-deps install_data
[1.760s] DEBUG:colcon.colcon_core.event_handler.log_command:Invoking command in '/home/subun/eyrc_hb/hb_task_6_ws/build/bot_control_6': PYTHONPATH=/home/subun/eyrc_hb/hb_task_6_ws/build/bot_control_6/prefix_override:/home/subun/eyrc_hb/hb_task_6_ws/install/bot_control_6/lib/python3.10/site-packages:${PYTHONPATH} /usr/bin/python3 setup.py develop --editable --build-directory /home/subun/eyrc_hb/hb_task_6_ws/build/bot_control_6/build --no-deps install_data
[2.046s] Level 1:colcon.colcon_core.shell:create_environment_hook('bot_control_6', 'pythonpath_develop')
[2.046s] DEBUG:colcon.colcon_core.event_handler.log_command:Invoked command in '/home/subun/eyrc_hb/hb_task_6_ws/build/bot_control_6' returned '0': PYTHONPATH=/home/subun/eyrc_hb/hb_task_6_ws/build/bot_control_6/prefix_override:/home/subun/eyrc_hb/hb_task_6_ws/install/bot_control_6/lib/python3.10/site-packages:${PYTHONPATH} /usr/bin/python3 setup.py develop --editable --build-directory /home/subun/eyrc_hb/hb_task_6_ws/build/bot_control_6/build --no-deps install_data
[2.054s] INFO:colcon.colcon_core.shell:Creating environment hook '/home/subun/eyrc_hb/hb_task_6_ws/build/bot_control_6/share/bot_control_6/hook/pythonpath_develop.ps1'
[2.054s] INFO:colcon.colcon_core.shell:Creating environment descriptor '/home/subun/eyrc_hb/hb_task_6_ws/build/bot_control_6/share/bot_control_6/hook/pythonpath_develop.dsv'
[2.054s] INFO:colcon.colcon_core.shell:Creating environment hook '/home/subun/eyrc_hb/hb_task_6_ws/build/bot_control_6/share/bot_control_6/hook/pythonpath_develop.sh'
[2.067s] Level 1:colcon.colcon_core.environment:checking '/home/subun/eyrc_hb/hb_task_6_ws/install/bot_control_6' for CMake module files
[2.067s] Level 1:colcon.colcon_core.environment:checking '/home/subun/eyrc_hb/hb_task_6_ws/install/bot_control_6' for CMake config files
[2.067s] Level 1:colcon.colcon_core.environment:checking '/home/subun/eyrc_hb/hb_task_6_ws/install/bot_control_6/lib'
[2.067s] Level 1:colcon.colcon_core.environment:checking '/home/subun/eyrc_hb/hb_task_6_ws/install/bot_control_6/bin'
[2.067s] Level 1:colcon.colcon_core.environment:checking '/home/subun/eyrc_hb/hb_task_6_ws/install/bot_control_6/lib/pkgconfig/bot_control_6.pc'
[2.067s] Level 1:colcon.colcon_core.environment:checking '/home/subun/eyrc_hb/hb_task_6_ws/install/bot_control_6/lib/python3.10/site-packages'
[2.067s] Level 1:colcon.colcon_core.shell:create_environment_hook('bot_control_6', 'pythonpath')
[2.074s] INFO:colcon.colcon_core.shell:Creating environment hook '/home/subun/eyrc_hb/hb_task_6_ws/install/bot_control_6/share/bot_control_6/hook/pythonpath.ps1'
[2.075s] INFO:colcon.colcon_core.shell:Creating environment descriptor '/home/subun/eyrc_hb/hb_task_6_ws/install/bot_control_6/share/bot_control_6/hook/pythonpath.dsv'
[2.075s] INFO:colcon.colcon_core.shell:Creating environment hook '/home/subun/eyrc_hb/hb_task_6_ws/install/bot_control_6/share/bot_control_6/hook/pythonpath.sh'
[2.075s] Level 1:colcon.colcon_core.environment:checking '/home/subun/eyrc_hb/hb_task_6_ws/install/bot_control_6/bin'
[2.075s] Level 1:colcon.colcon_core.environment:create_environment_scripts_only(bot_control_6)
[2.082s] INFO:colcon.colcon_core.shell:Creating package script '/home/subun/eyrc_hb/hb_task_6_ws/install/bot_control_6/share/bot_control_6/package.ps1'
[2.083s] INFO:colcon.colcon_core.shell:Creating package descriptor '/home/subun/eyrc_hb/hb_task_6_ws/install/bot_control_6/share/bot_control_6/package.dsv'
[2.083s] INFO:colcon.colcon_core.shell:Creating package script '/home/subun/eyrc_hb/hb_task_6_ws/install/bot_control_6/share/bot_control_6/package.sh'
[2.084s] INFO:colcon.colcon_core.shell:Creating package script '/home/subun/eyrc_hb/hb_task_6_ws/install/bot_control_6/share/bot_control_6/package.bash'
[2.084s] INFO:colcon.colcon_core.shell:Creating package script '/home/subun/eyrc_hb/hb_task_6_ws/install/bot_control_6/share/bot_control_6/package.zsh'
[2.085s] Level 1:colcon.colcon_core.environment:create_file_with_runtime_dependencies(/home/subun/eyrc_hb/hb_task_6_ws/install/bot_control_6/share/colcon-core/packages/bot_control_6)
[2.085s] Level 1:colcon.colcon_core.shell:create_environment_hook('feedback_6', 'pythonpath_develop')
[2.086s] DEBUG:colcon.colcon_core.event_handler.log_command:Invoked command in '/home/subun/eyrc_hb/hb_task_6_ws/build/feedback_6' returned '0': PYTHONPATH=/home/subun/eyrc_hb/hb_task_6_ws/build/feedback_6/prefix_override:/home/subun/eyrc_hb/hb_task_6_ws/install/feedback_6/lib/python3.10/site-packages:${PYTHONPATH} /usr/bin/python3 setup.py develop --editable --build-directory /home/subun/eyrc_hb/hb_task_6_ws/build/feedback_6/build --no-deps install_data
[2.093s] INFO:colcon.colcon_core.shell:Creating environment hook '/home/subun/eyrc_hb/hb_task_6_ws/build/feedback_6/share/feedback_6/hook/pythonpath_develop.ps1'
[2.093s] INFO:colcon.colcon_core.shell:Creating environment descriptor '/home/subun/eyrc_hb/hb_task_6_ws/build/feedback_6/share/feedback_6/hook/pythonpath_develop.dsv'
[2.093s] INFO:colcon.colcon_core.shell:Creating environment hook '/home/subun/eyrc_hb/hb_task_6_ws/build/feedback_6/share/feedback_6/hook/pythonpath_develop.sh'
[2.100s] Level 1:colcon.colcon_core.environment:checking '/home/subun/eyrc_hb/hb_task_6_ws/install/feedback_6' for CMake module files
[2.100s] Level 1:colcon.colcon_core.environment:checking '/home/subun/eyrc_hb/hb_task_6_ws/install/feedback_6' for CMake config files
[2.101s] Level 1:colcon.colcon_core.environment:checking '/home/subun/eyrc_hb/hb_task_6_ws/install/feedback_6/lib'
[2.101s] Level 1:colcon.colcon_core.environment:checking '/home/subun/eyrc_hb/hb_task_6_ws/install/feedback_6/bin'
[2.101s] Level 1:colcon.colcon_core.environment:checking '/home/subun/eyrc_hb/hb_task_6_ws/install/feedback_6/lib/pkgconfig/feedback_6.pc'
[2.101s] Level 1:colcon.colcon_core.environment:checking '/home/subun/eyrc_hb/hb_task_6_ws/install/feedback_6/lib/python3.10/site-packages'
[2.101s] Level 1:colcon.colcon_core.shell:create_environment_hook('feedback_6', 'pythonpath')
[2.108s] INFO:colcon.colcon_core.shell:Creating environment hook '/home/subun/eyrc_hb/hb_task_6_ws/install/feedback_6/share/feedback_6/hook/pythonpath.ps1'
[2.108s] INFO:colcon.colcon_core.shell:Creating environment descriptor '/home/subun/eyrc_hb/hb_task_6_ws/install/feedback_6/share/feedback_6/hook/pythonpath.dsv'
[2.109s] INFO:colcon.colcon_core.shell:Creating environment hook '/home/subun/eyrc_hb/hb_task_6_ws/install/feedback_6/share/feedback_6/hook/pythonpath.sh'
[2.109s] Level 1:colcon.colcon_core.environment:checking '/home/subun/eyrc_hb/hb_task_6_ws/install/feedback_6/bin'
[2.109s] Level 1:colcon.colcon_core.environment:create_environment_scripts_only(feedback_6)
[2.116s] INFO:colcon.colcon_core.shell:Creating package script '/home/subun/eyrc_hb/hb_task_6_ws/install/feedback_6/share/feedback_6/package.ps1'
[2.116s] INFO:colcon.colcon_core.shell:Creating package descriptor '/home/subun/eyrc_hb/hb_task_6_ws/install/feedback_6/share/feedback_6/package.dsv'
[2.116s] INFO:colcon.colcon_core.shell:Creating package script '/home/subun/eyrc_hb/hb_task_6_ws/install/feedback_6/share/feedback_6/package.sh'
[2.116s] INFO:colcon.colcon_core.shell:Creating package script '/home/subun/eyrc_hb/hb_task_6_ws/install/feedback_6/share/feedback_6/package.bash'
[2.117s] INFO:colcon.colcon_core.shell:Creating package script '/home/subun/eyrc_hb/hb_task_6_ws/install/feedback_6/share/feedback_6/package.zsh'
[2.117s] Level 1:colcon.colcon_core.environment:create_file_with_runtime_dependencies(/home/subun/eyrc_hb/hb_task_6_ws/install/feedback_6/share/colcon-core/packages/feedback_6)
[2.117s] DEBUG:colcon.colcon_parallel_executor.executor.parallel:closing loop
[2.117s] DEBUG:colcon.colcon_parallel_executor.executor.parallel:loop closed
[2.117s] DEBUG:colcon.colcon_parallel_executor.executor.parallel:run_until_complete finished with '0'
[2.117s] DEBUG:colcon.colcon_core.event_reactor:joining thread
[2.131s] INFO:colcon.colcon_core.plugin_system:Skipping extension 'colcon_notification.desktop_notification.terminal_notifier': Not used on non-Darwin systems
[2.131s] INFO:colcon.colcon_core.plugin_system:Skipping extension 'colcon_notification.desktop_notification.win32': Not used on non-Windows systems
[2.131s] INFO:colcon.colcon_notification.desktop_notification:Sending desktop notification using 'notify2'
[2.146s] DEBUG:colcon.colcon_core.event_reactor:joined thread
[2.153s] INFO:colcon.colcon_core.shell:Creating prefix script '/home/subun/eyrc_hb/hb_task_6_ws/install/local_setup.ps1'
[2.154s] INFO:colcon.colcon_core.shell:Creating prefix util module '/home/subun/eyrc_hb/hb_task_6_ws/install/_local_setup_util_ps1.py'
[2.155s] INFO:colcon.colcon_core.shell:Creating prefix chain script '/home/subun/eyrc_hb/hb_task_6_ws/install/setup.ps1'
[2.164s] INFO:colcon.colcon_core.shell:Creating prefix script '/home/subun/eyrc_hb/hb_task_6_ws/install/local_setup.sh'
[2.164s] INFO:colcon.colcon_core.shell:Creating prefix util module '/home/subun/eyrc_hb/hb_task_6_ws/install/_local_setup_util_sh.py'
[2.164s] INFO:colcon.colcon_core.shell:Creating prefix chain script '/home/subun/eyrc_hb/hb_task_6_ws/install/setup.sh'
[2.173s] INFO:colcon.colcon_core.shell:Creating prefix script '/home/subun/eyrc_hb/hb_task_6_ws/install/local_setup.bash'
[2.173s] INFO:colcon.colcon_core.shell:Creating prefix chain script '/home/subun/eyrc_hb/hb_task_6_ws/install/setup.bash'
[2.181s] INFO:colcon.colcon_core.shell:Creating prefix script '/home/subun/eyrc_hb/hb_task_6_ws/install/local_setup.zsh'
[2.182s] INFO:colcon.colcon_core.shell:Creating prefix chain script '/home/subun/eyrc_hb/hb_task_6_ws/install/setup.zsh'
