-- Install configuration: ""
-- Execute custom install script
-- Up-to-date symlink: /home/subun/eyrc_hb/hb_task_2_ws/install/hb_world/share/hb_world//launch/world.launch.py
-- Up-to-date symlink: /home/subun/eyrc_hb/hb_task_2_ws/install/hb_world/share/hb_world//worlds/gazebo.world
-- Up-to-date symlink: /home/subun/eyrc_hb/hb_task_2_ws/install/hb_world/share/hb_world//models/arena/meshes/arena.dae
-- Up-to-date symlink: /home/subun/eyrc_hb/hb_task_2_ws/install/hb_world/share/hb_world//models/arena/meshes/arena.jpg
-- Up-to-date symlink: /home/subun/eyrc_hb/hb_task_2_ws/install/hb_world/share/hb_world//models/arena/model.config
-- Up-to-date symlink: /home/subun/eyrc_hb/hb_task_2_ws/install/hb_world/share/hb_world//models/arena/model.sdf
-- Up-to-date symlink: /home/subun/eyrc_hb/hb_task_2_ws/install/hb_world/share/hb_world//models/e_camera/meshes/17eyantra_logo_large e.png
-- Up-to-date symlink: /home/subun/eyrc_hb/hb_task_2_ws/install/hb_world/share/hb_world//models/e_camera/meshes/camera.dae
-- Up-to-date symlink: /home/subun/eyrc_hb/hb_task_2_ws/install/hb_world/share/hb_world//models/e_camera/model.config
-- Up-to-date symlink: /home/subun/eyrc_hb/hb_task_2_ws/install/hb_world/share/hb_world//models/e_camera/model.sdf
-- Up-to-date symlink: /home/subun/eyrc_hb/hb_task_2_ws/install/hb_world/share/hb_world//models/ground_surface/meshes/geoglyph.jpg
-- Up-to-date symlink: /home/subun/eyrc_hb/hb_task_2_ws/install/hb_world/share/hb_world//models/ground_surface/meshes/ground_surface.dae
-- Up-to-date symlink: /home/subun/eyrc_hb/hb_task_2_ws/install/hb_world/share/hb_world//models/ground_surface/model.config
-- Up-to-date symlink: /home/subun/eyrc_hb/hb_task_2_ws/install/hb_world/share/hb_world//models/ground_surface/model.sdf
-- Up-to-date symlink: /home/subun/eyrc_hb/hb_task_2_ws/install/hb_world/share/ament_index/resource_index/package_run_dependencies/hb_world
-- Up-to-date symlink: /home/subun/eyrc_hb/hb_task_2_ws/install/hb_world/share/ament_index/resource_index/parent_prefix_path/hb_world
-- Up-to-date symlink: /home/subun/eyrc_hb/hb_task_2_ws/install/hb_world/share/hb_world/environment/ament_prefix_path.sh
-- Up-to-date symlink: /home/subun/eyrc_hb/hb_task_2_ws/install/hb_world/share/hb_world/environment/ament_prefix_path.dsv
-- Up-to-date symlink: /home/subun/eyrc_hb/hb_task_2_ws/install/hb_world/share/hb_world/environment/path.sh
-- Up-to-date symlink: /home/subun/eyrc_hb/hb_task_2_ws/install/hb_world/share/hb_world/environment/path.dsv
-- Up-to-date symlink: /home/subun/eyrc_hb/hb_task_2_ws/install/hb_world/share/hb_world/local_setup.bash
-- Up-to-date symlink: /home/subun/eyrc_hb/hb_task_2_ws/install/hb_world/share/hb_world/local_setup.sh
-- Up-to-date symlink: /home/subun/eyrc_hb/hb_task_2_ws/install/hb_world/share/hb_world/local_setup.zsh
-- Up-to-date symlink: /home/subun/eyrc_hb/hb_task_2_ws/install/hb_world/share/hb_world/local_setup.dsv
-- Symlinking: /home/subun/eyrc_hb/hb_task_2_ws/install/hb_world/share/hb_world/package.dsv
-- Up-to-date symlink: /home/subun/eyrc_hb/hb_task_2_ws/install/hb_world/share/ament_index/resource_index/packages/hb_world
-- Up-to-date symlink: /home/subun/eyrc_hb/hb_task_2_ws/install/hb_world/share/hb_world/cmake/hb_worldConfig.cmake
-- Up-to-date symlink: /home/subun/eyrc_hb/hb_task_2_ws/install/hb_world/share/hb_world/cmake/hb_worldConfig-version.cmake
-- Up-to-date symlink: /home/subun/eyrc_hb/hb_task_2_ws/install/hb_world/share/hb_world/package.xml
