[0.519s] Invoking command in '/home/subun/eyrc_hb/hb_task_2_ws/build/hb_world': CMAKE_PREFIX_PATH=${CMAKE_PREFIX_PATH}:/home/subun/eyrc_hb/hb_task_2_ws/install/hb_task2b:/home/subun/eyrc_hb/hb_task_2_ws/install/hb_task2a:/home/subun/eyrc_hb/hb_task1b_ws/install/hb_task_1b:/home/subun/eyrc_hb/hb_task1a_ws/install/hb_task_1a:/home/subun/ros_ws/install/robot:/opt/ros/humble /usr/bin/cmake --build /home/subun/eyrc_hb/hb_task_2_ws/build/hb_world -- -j16 -l16
[0.552s] Invoked command in '/home/subun/eyrc_hb/hb_task_2_ws/build/hb_world' returned '0': CMAKE_PREFIX_PATH=${CMAKE_PREFIX_PATH}:/home/subun/eyrc_hb/hb_task_2_ws/install/hb_task2b:/home/subun/eyrc_hb/hb_task_2_ws/install/hb_task2a:/home/subun/eyrc_hb/hb_task1b_ws/install/hb_task_1b:/home/subun/eyrc_hb/hb_task1a_ws/install/hb_task_1a:/home/subun/ros_ws/install/robot:/opt/ros/humble /usr/bin/cmake --build /home/subun/eyrc_hb/hb_task_2_ws/build/hb_world -- -j16 -l16
[0.636s] Invoking command in '/home/subun/eyrc_hb/hb_task_2_ws/build/hb_world': CMAKE_PREFIX_PATH=${CMAKE_PREFIX_PATH}:/home/subun/eyrc_hb/hb_task_2_ws/install/hb_task2b:/home/subun/eyrc_hb/hb_task_2_ws/install/hb_task2a:/home/subun/eyrc_hb/hb_task1b_ws/install/hb_task_1b:/home/subun/eyrc_hb/hb_task1a_ws/install/hb_task_1a:/home/subun/ros_ws/install/robot:/opt/ros/humble /usr/bin/cmake --install /home/subun/eyrc_hb/hb_task_2_ws/build/hb_world
[0.644s] -- Install configuration: ""
[0.644s] -- Execute custom install script
[0.645s] -- Up-to-date symlink: /home/subun/eyrc_hb/hb_task_2_ws/install/hb_world/share/hb_world//launch/world.launch.py
[0.645s] -- Up-to-date symlink: /home/subun/eyrc_hb/hb_task_2_ws/install/hb_world/share/hb_world//worlds/gazebo.world
[0.646s] -- Up-to-date symlink: /home/subun/eyrc_hb/hb_task_2_ws/install/hb_world/share/hb_world//models/arena/meshes/arena.dae
[0.646s] -- Up-to-date symlink: /home/subun/eyrc_hb/hb_task_2_ws/install/hb_world/share/hb_world//models/arena/meshes/arena.jpg
[0.646s] -- Up-to-date symlink: /home/subun/eyrc_hb/hb_task_2_ws/install/hb_world/share/hb_world//models/arena/model.config
[0.646s] -- Up-to-date symlink: /home/subun/eyrc_hb/hb_task_2_ws/install/hb_world/share/hb_world//models/arena/model.sdf
[0.646s] -- Up-to-date symlink: /home/subun/eyrc_hb/hb_task_2_ws/install/hb_world/share/hb_world//models/e_camera/meshes/17eyantra_logo_large e.png
[0.646s] -- Up-to-date symlink: /home/subun/eyrc_hb/hb_task_2_ws/install/hb_world/share/hb_world//models/e_camera/meshes/camera.dae
[0.647s] -- Up-to-date symlink: /home/subun/eyrc_hb/hb_task_2_ws/install/hb_world/share/hb_world//models/e_camera/model.config
[0.647s] -- Up-to-date symlink: /home/subun/eyrc_hb/hb_task_2_ws/install/hb_world/share/hb_world//models/e_camera/model.sdf
[0.647s] -- Up-to-date symlink: /home/subun/eyrc_hb/hb_task_2_ws/install/hb_world/share/hb_world//models/ground_surface/meshes/geoglyph.jpg
[0.647s] -- Up-to-date symlink: /home/subun/eyrc_hb/hb_task_2_ws/install/hb_world/share/hb_world//models/ground_surface/meshes/ground_surface.dae
[0.647s] -- Up-to-date symlink: /home/subun/eyrc_hb/hb_task_2_ws/install/hb_world/share/hb_world//models/ground_surface/model.config
[0.647s] -- Up-to-date symlink: /home/subun/eyrc_hb/hb_task_2_ws/install/hb_world/share/hb_world//models/ground_surface/model.sdf
[0.647s] -- Up-to-date symlink: /home/subun/eyrc_hb/hb_task_2_ws/install/hb_world/share/ament_index/resource_index/package_run_dependencies/hb_world
[0.648s] -- Up-to-date symlink: /home/subun/eyrc_hb/hb_task_2_ws/install/hb_world/share/ament_index/resource_index/parent_prefix_path/hb_world
[0.648s] -- Up-to-date symlink: /home/subun/eyrc_hb/hb_task_2_ws/install/hb_world/share/hb_world/environment/ament_prefix_path.sh
[0.648s] -- Up-to-date symlink: /home/subun/eyrc_hb/hb_task_2_ws/install/hb_world/share/hb_world/environment/ament_prefix_path.dsv
[0.648s] -- Up-to-date symlink: /home/subun/eyrc_hb/hb_task_2_ws/install/hb_world/share/hb_world/environment/path.sh
[0.649s] -- Up-to-date symlink: /home/subun/eyrc_hb/hb_task_2_ws/install/hb_world/share/hb_world/environment/path.dsv
[0.649s] -- Up-to-date symlink: /home/subun/eyrc_hb/hb_task_2_ws/install/hb_world/share/hb_world/local_setup.bash
[0.649s] -- Up-to-date symlink: /home/subun/eyrc_hb/hb_task_2_ws/install/hb_world/share/hb_world/local_setup.sh
[0.649s] -- Up-to-date symlink: /home/subun/eyrc_hb/hb_task_2_ws/install/hb_world/share/hb_world/local_setup.zsh
[0.650s] -- Up-to-date symlink: /home/subun/eyrc_hb/hb_task_2_ws/install/hb_world/share/hb_world/local_setup.dsv
[0.650s] -- Symlinking: /home/subun/eyrc_hb/hb_task_2_ws/install/hb_world/share/hb_world/package.dsv
[0.656s] -- Up-to-date symlink: /home/subun/eyrc_hb/hb_task_2_ws/install/hb_world/share/ament_index/resource_index/packages/hb_world
[0.656s] -- Up-to-date symlink: /home/subun/eyrc_hb/hb_task_2_ws/install/hb_world/share/hb_world/cmake/hb_worldConfig.cmake
[0.657s] -- Up-to-date symlink: /home/subun/eyrc_hb/hb_task_2_ws/install/hb_world/share/hb_world/cmake/hb_worldConfig-version.cmake
[0.657s] -- Up-to-date symlink: /home/subun/eyrc_hb/hb_task_2_ws/install/hb_world/share/hb_world/package.xml
[0.707s] Invoked command in '/home/subun/eyrc_hb/hb_task_2_ws/build/hb_world' returned '0': CMAKE_PREFIX_PATH=${CMAKE_PREFIX_PATH}:/home/subun/eyrc_hb/hb_task_2_ws/install/hb_task2b:/home/subun/eyrc_hb/hb_task_2_ws/install/hb_task2a:/home/subun/eyrc_hb/hb_task1b_ws/install/hb_task_1b:/home/subun/eyrc_hb/hb_task1a_ws/install/hb_task_1a:/home/subun/ros_ws/install/robot:/opt/ros/humble /usr/bin/cmake --install /home/subun/eyrc_hb/hb_task_2_ws/build/hb_world
