/home/ritesh/eyrc23_hb_1796/hb_task_5_ws/install/bot_control5/lib/python3.10/site-packages/bot_control5/stopService.py
/home/ritesh/eyrc23_hb_1796/hb_task_5_ws/install/bot_control5/lib/python3.10/site-packages/bot_control5/mini_theme.py
/home/ritesh/eyrc23_hb_1796/hb_task_5_ws/install/bot_control5/lib/python3.10/site-packages/bot_control5/control_node.py
/home/ritesh/eyrc23_hb_1796/hb_task_5_ws/install/bot_control5/lib/python3.10/site-packages/bot_control5/__init__.py
/home/ritesh/eyrc23_hb_1796/hb_task_5_ws/install/bot_control5/lib/python3.10/site-packages/bot_control5/__pycache__/stopService.cpython-310.pyc
/home/ritesh/eyrc23_hb_1796/hb_task_5_ws/install/bot_control5/lib/python3.10/site-packages/bot_control5/__pycache__/mini_theme.cpython-310.pyc
/home/ritesh/eyrc23_hb_1796/hb_task_5_ws/install/bot_control5/lib/python3.10/site-packages/bot_control5/__pycache__/control_node.cpython-310.pyc
/home/ritesh/eyrc23_hb_1796/hb_task_5_ws/install/bot_control5/lib/python3.10/site-packages/bot_control5/__pycache__/__init__.cpython-310.pyc
/home/ritesh/eyrc23_hb_1796/hb_task_5_ws/install/bot_control5/share/ament_index/resource_index/packages/bot_control5
/home/ritesh/eyrc23_hb_1796/hb_task_5_ws/install/bot_control5/share/bot_control5/launch/minitheme.launch.py
/home/ritesh/eyrc23_hb_1796/hb_task_5_ws/install/bot_control5/share/bot_control5/package.xml
/home/ritesh/eyrc23_hb_1796/hb_task_5_ws/install/bot_control5/lib/python3.10/site-packages/bot_control5-0.0.0-py3.10.egg-info/zip-safe
/home/ritesh/eyrc23_hb_1796/hb_task_5_ws/install/bot_control5/lib/python3.10/site-packages/bot_control5-0.0.0-py3.10.egg-info/PKG-INFO
/home/ritesh/eyrc23_hb_1796/hb_task_5_ws/install/bot_control5/lib/python3.10/site-packages/bot_control5-0.0.0-py3.10.egg-info/SOURCES.txt
/home/ritesh/eyrc23_hb_1796/hb_task_5_ws/install/bot_control5/lib/python3.10/site-packages/bot_control5-0.0.0-py3.10.egg-info/entry_points.txt
/home/ritesh/eyrc23_hb_1796/hb_task_5_ws/install/bot_control5/lib/python3.10/site-packages/bot_control5-0.0.0-py3.10.egg-info/dependency_links.txt
/home/ritesh/eyrc23_hb_1796/hb_task_5_ws/install/bot_control5/lib/python3.10/site-packages/bot_control5-0.0.0-py3.10.egg-info/top_level.txt
/home/ritesh/eyrc23_hb_1796/hb_task_5_ws/install/bot_control5/lib/python3.10/site-packages/bot_control5-0.0.0-py3.10.egg-info/requires.txt
/home/ritesh/eyrc23_hb_1796/hb_task_5_ws/install/bot_control5/lib/bot_control5/control_node
/home/ritesh/eyrc23_hb_1796/hb_task_5_ws/install/bot_control5/lib/bot_control5/control_node1
/home/ritesh/eyrc23_hb_1796/hb_task_5_ws/install/bot_control5/lib/bot_control5/control_node2
/home/ritesh/eyrc23_hb_1796/hb_task_5_ws/install/bot_control5/lib/bot_control5/control_node3
/home/ritesh/eyrc23_hb_1796/hb_task_5_ws/install/bot_control5/lib/bot_control5/mini_theme
/home/ritesh/eyrc23_hb_1796/hb_task_5_ws/install/bot_control5/lib/bot_control5/stopflag
