[0.493s] Invoking command in '/home/subun/eyrc_hb/hb_task_2_ws/build/hb_world': CMAKE_PREFIX_PATH=${CMAKE_PREFIX_PATH}:/home/subun/eyrc_hb/hb_task1b_ws/install/hb_task_1b:/home/subun/eyrc_hb/hb_task1a_ws/install/hb_task_1a:/home/subun/ros_ws/install/robot:/opt/ros/humble /usr/bin/cmake /home/subun/eyrc_hb/hb_task_2_ws/src/eYRC-2023_Hologlyph_Bots/hb_world -DAMENT_CMAKE_SYMLINK_INSTALL=1 -DCMAKE_INSTALL_PREFIX=/home/subun/eyrc_hb/hb_task_2_ws/install/hb_world
[0.531s] -- The C compiler identification is GNU 11.4.0
[0.573s] -- The CXX compiler identification is GNU 11.4.0
[0.580s] -- Detecting C compiler ABI info
[0.629s] -- Detecting C compiler ABI info - done
[0.636s] -- Check for working C compiler: /usr/bin/cc - skipped
[0.636s] -- Detecting C compile features
[0.636s] -- Detecting C compile features - done
[0.638s] -- Detecting CXX compiler ABI info
[0.694s] -- Detecting CXX compiler ABI info - done
[0.700s] -- Check for working CXX compiler: /usr/bin/c++ - skipped
[0.701s] -- Detecting CXX compile features
[0.701s] -- Detecting CXX compile features - done
[0.703s] -- Found ament_cmake: 1.3.5 (/opt/ros/humble/share/ament_cmake/cmake)
[0.841s] -- Found Python3: /usr/bin/python3.10 (found version "3.10.12") found components: Interpreter 
[0.889s] -- Override CMake install command with custom implementation using symlinks instead of copying resources
[0.908s] -- Found rclcpp: 16.0.6 (/opt/ros/humble/share/rclcpp/cmake)
[0.940s] -- Found rosidl_generator_c: 3.1.5 (/opt/ros/humble/share/rosidl_generator_c/cmake)
[0.943s] -- Found rosidl_adapter: 3.1.5 (/opt/ros/humble/share/rosidl_adapter/cmake)
[0.949s] -- Found rosidl_generator_cpp: 3.1.5 (/opt/ros/humble/share/rosidl_generator_cpp/cmake)
[0.959s] -- Using all available rosidl_typesupport_c: rosidl_typesupport_fastrtps_c;rosidl_typesupport_introspection_c
[0.973s] -- Using all available rosidl_typesupport_cpp: rosidl_typesupport_fastrtps_cpp;rosidl_typesupport_introspection_cpp
[1.024s] -- Found rmw_implementation_cmake: 6.1.1 (/opt/ros/humble/share/rmw_implementation_cmake/cmake)
[1.026s] -- Found rmw_fastrtps_cpp: 6.2.4 (/opt/ros/humble/share/rmw_fastrtps_cpp/cmake)
[1.100s] -- Found OpenSSL: /usr/lib/x86_64-linux-gnu/libcrypto.so (found version "3.0.2")  
[1.121s] -- Found FastRTPS: /opt/ros/humble/include  
[1.154s] -- Using RMW implementation 'rmw_fastrtps_cpp' as default
[1.161s] -- Looking for pthread.h
[1.209s] -- Looking for pthread.h - found
[1.209s] -- Performing Test CMAKE_HAVE_LIBC_PTHREAD
[1.258s] -- Performing Test CMAKE_HAVE_LIBC_PTHREAD - Success
[1.259s] -- Found Threads: TRUE  
[1.371s] -- Found rclpy: 3.3.10 (/opt/ros/humble/share/rclpy/cmake)
[1.372s] -- Found urdf: 2.6.0 (/opt/ros/humble/share/urdf/cmake)
[1.397s] -- Found xacro: 2.0.8 (/opt/ros/humble/share/xacro/cmake)
[1.398s] -- Found ament_lint_auto: 0.12.8 (/opt/ros/humble/share/ament_lint_auto/cmake)
[1.456s] -- Added test 'flake8' to check Python code syntax and style conventions
[1.457s] -- Added test 'lint_cmake' to check CMake code style
[1.457s] -- Added test 'pep257' to check Python code against some of the docstring style conventions in PEP 257
[1.458s] -- Added test 'xmllint' to check XML markup files
[1.459s] -- Configuring done
[1.462s] -- Generating done
[1.463s] -- Build files have been written to: /home/subun/eyrc_hb/hb_task_2_ws/build/hb_world
[1.470s] Invoked command in '/home/subun/eyrc_hb/hb_task_2_ws/build/hb_world' returned '0': CMAKE_PREFIX_PATH=${CMAKE_PREFIX_PATH}:/home/subun/eyrc_hb/hb_task1b_ws/install/hb_task_1b:/home/subun/eyrc_hb/hb_task1a_ws/install/hb_task_1a:/home/subun/ros_ws/install/robot:/opt/ros/humble /usr/bin/cmake /home/subun/eyrc_hb/hb_task_2_ws/src/eYRC-2023_Hologlyph_Bots/hb_world -DAMENT_CMAKE_SYMLINK_INSTALL=1 -DCMAKE_INSTALL_PREFIX=/home/subun/eyrc_hb/hb_task_2_ws/install/hb_world
[1.471s] Invoking command in '/home/subun/eyrc_hb/hb_task_2_ws/build/hb_world': CMAKE_PREFIX_PATH=${CMAKE_PREFIX_PATH}:/home/subun/eyrc_hb/hb_task1b_ws/install/hb_task_1b:/home/subun/eyrc_hb/hb_task1a_ws/install/hb_task_1a:/home/subun/ros_ws/install/robot:/opt/ros/humble /usr/bin/cmake --build /home/subun/eyrc_hb/hb_task_2_ws/build/hb_world -- -j16 -l16
[1.497s] Invoked command in '/home/subun/eyrc_hb/hb_task_2_ws/build/hb_world' returned '0': CMAKE_PREFIX_PATH=${CMAKE_PREFIX_PATH}:/home/subun/eyrc_hb/hb_task1b_ws/install/hb_task_1b:/home/subun/eyrc_hb/hb_task1a_ws/install/hb_task_1a:/home/subun/ros_ws/install/robot:/opt/ros/humble /usr/bin/cmake --build /home/subun/eyrc_hb/hb_task_2_ws/build/hb_world -- -j16 -l16
[1.513s] Invoking command in '/home/subun/eyrc_hb/hb_task_2_ws/build/hb_world': CMAKE_PREFIX_PATH=${CMAKE_PREFIX_PATH}:/home/subun/eyrc_hb/hb_task1b_ws/install/hb_task_1b:/home/subun/eyrc_hb/hb_task1a_ws/install/hb_task_1a:/home/subun/ros_ws/install/robot:/opt/ros/humble /usr/bin/cmake --install /home/subun/eyrc_hb/hb_task_2_ws/build/hb_world
[1.517s] -- Install configuration: ""
[1.517s] -- Execute custom install script
[1.518s] -- Symlinking: /home/subun/eyrc_hb/hb_task_2_ws/install/hb_world/share/hb_world//launch/world.launch.py
[1.524s] -- Symlinking: /home/subun/eyrc_hb/hb_task_2_ws/install/hb_world/share/hb_world//worlds/gazebo.world
[1.530s] -- Symlinking: /home/subun/eyrc_hb/hb_task_2_ws/install/hb_world/share/hb_world//models/arena/meshes/arena.dae
[1.536s] -- Symlinking: /home/subun/eyrc_hb/hb_task_2_ws/install/hb_world/share/hb_world//models/arena/meshes/arena.jpg
[1.543s] -- Symlinking: /home/subun/eyrc_hb/hb_task_2_ws/install/hb_world/share/hb_world//models/arena/model.config
[1.549s] -- Symlinking: /home/subun/eyrc_hb/hb_task_2_ws/install/hb_world/share/hb_world//models/arena/model.sdf
[1.555s] -- Symlinking: /home/subun/eyrc_hb/hb_task_2_ws/install/hb_world/share/hb_world//models/e_camera/meshes/17eyantra_logo_large e.png
[1.561s] -- Symlinking: /home/subun/eyrc_hb/hb_task_2_ws/install/hb_world/share/hb_world//models/e_camera/meshes/camera.dae
[1.568s] -- Symlinking: /home/subun/eyrc_hb/hb_task_2_ws/install/hb_world/share/hb_world//models/e_camera/model.config
[1.574s] -- Symlinking: /home/subun/eyrc_hb/hb_task_2_ws/install/hb_world/share/hb_world//models/e_camera/model.sdf
[1.581s] -- Symlinking: /home/subun/eyrc_hb/hb_task_2_ws/install/hb_world/share/hb_world//models/ground_surface/meshes/geoglyph.jpg
[1.587s] -- Symlinking: /home/subun/eyrc_hb/hb_task_2_ws/install/hb_world/share/hb_world//models/ground_surface/meshes/ground_surface.dae
[1.593s] -- Symlinking: /home/subun/eyrc_hb/hb_task_2_ws/install/hb_world/share/hb_world//models/ground_surface/model.config
[1.599s] -- Symlinking: /home/subun/eyrc_hb/hb_task_2_ws/install/hb_world/share/hb_world//models/ground_surface/model.sdf
[1.606s] -- Symlinking: /home/subun/eyrc_hb/hb_task_2_ws/install/hb_world/share/ament_index/resource_index/package_run_dependencies/hb_world
[1.612s] -- Symlinking: /home/subun/eyrc_hb/hb_task_2_ws/install/hb_world/share/ament_index/resource_index/parent_prefix_path/hb_world
[1.619s] -- Symlinking: /home/subun/eyrc_hb/hb_task_2_ws/install/hb_world/share/hb_world/environment/ament_prefix_path.sh
[1.625s] -- Symlinking: /home/subun/eyrc_hb/hb_task_2_ws/install/hb_world/share/hb_world/environment/ament_prefix_path.dsv
[1.632s] -- Symlinking: /home/subun/eyrc_hb/hb_task_2_ws/install/hb_world/share/hb_world/environment/path.sh
[1.638s] -- Symlinking: /home/subun/eyrc_hb/hb_task_2_ws/install/hb_world/share/hb_world/environment/path.dsv
[1.644s] -- Symlinking: /home/subun/eyrc_hb/hb_task_2_ws/install/hb_world/share/hb_world/local_setup.bash
[1.651s] -- Symlinking: /home/subun/eyrc_hb/hb_task_2_ws/install/hb_world/share/hb_world/local_setup.sh
[1.655s] -- Symlinking: /home/subun/eyrc_hb/hb_task_2_ws/install/hb_world/share/hb_world/local_setup.zsh
[1.661s] -- Symlinking: /home/subun/eyrc_hb/hb_task_2_ws/install/hb_world/share/hb_world/local_setup.dsv
[1.667s] -- Symlinking: /home/subun/eyrc_hb/hb_task_2_ws/install/hb_world/share/hb_world/package.dsv
[1.673s] -- Symlinking: /home/subun/eyrc_hb/hb_task_2_ws/install/hb_world/share/ament_index/resource_index/packages/hb_world
[1.680s] -- Symlinking: /home/subun/eyrc_hb/hb_task_2_ws/install/hb_world/share/hb_world/cmake/hb_worldConfig.cmake
[1.685s] -- Symlinking: /home/subun/eyrc_hb/hb_task_2_ws/install/hb_world/share/hb_world/cmake/hb_worldConfig-version.cmake
[1.692s] -- Symlinking: /home/subun/eyrc_hb/hb_task_2_ws/install/hb_world/share/hb_world/package.xml
[1.724s] Invoked command in '/home/subun/eyrc_hb/hb_task_2_ws/build/hb_world' returned '0': CMAKE_PREFIX_PATH=${CMAKE_PREFIX_PATH}:/home/subun/eyrc_hb/hb_task1b_ws/install/hb_task_1b:/home/subun/eyrc_hb/hb_task1a_ws/install/hb_task_1a:/home/subun/ros_ws/install/robot:/opt/ros/humble /usr/bin/cmake --install /home/subun/eyrc_hb/hb_task_2_ws/build/hb_world
