[0.840s] Invoking command in '/home/ritesh/eyrc23_hb_1796/hb_task_2_ws/src/eYRC-2023_Hologlyph_Bots/hb_task2a': PYTHONPATH=/home/ritesh/eyrc23_hb_1796/hb_task_2_ws/build/hb_task2a/prefix_override:/home/ritesh/eyrc23_hb_1796/hb_task_2_ws/install/hb_task2a/lib/python3.10/site-packages:${PYTHONPATH} /usr/bin/python3 setup.py egg_info --egg-base ../../../build/hb_task2a build --build-base /home/ritesh/eyrc23_hb_1796/hb_task_2_ws/build/hb_task2a/build install --record /home/ritesh/eyrc23_hb_1796/hb_task_2_ws/build/hb_task2a/install.log --single-version-externally-managed
[1.138s] running egg_info
[1.139s] creating ../../../build/hb_task2a/hb_task2a.egg-info
[1.139s] writing ../../../build/hb_task2a/hb_task2a.egg-info/PKG-INFO
[1.139s] writing dependency_links to ../../../build/hb_task2a/hb_task2a.egg-info/dependency_links.txt
[1.139s] writing entry points to ../../../build/hb_task2a/hb_task2a.egg-info/entry_points.txt
[1.139s] writing requirements to ../../../build/hb_task2a/hb_task2a.egg-info/requires.txt
[1.140s] writing top-level names to ../../../build/hb_task2a/hb_task2a.egg-info/top_level.txt
[1.140s] writing manifest file '../../../build/hb_task2a/hb_task2a.egg-info/SOURCES.txt'
[1.141s] reading manifest file '../../../build/hb_task2a/hb_task2a.egg-info/SOURCES.txt'
[1.141s] writing manifest file '../../../build/hb_task2a/hb_task2a.egg-info/SOURCES.txt'
[1.141s] running build
[1.142s] running build_py
[1.142s] creating /home/ritesh/eyrc23_hb_1796/hb_task_2_ws/build/hb_task2a/build
[1.142s] creating /home/ritesh/eyrc23_hb_1796/hb_task_2_ws/build/hb_task2a/build/lib
[1.142s] creating /home/ritesh/eyrc23_hb_1796/hb_task_2_ws/build/hb_task2a/build/lib/hb_task2a
[1.142s] copying hb_task2a/feedback.py -> /home/ritesh/eyrc23_hb_1796/hb_task_2_ws/build/hb_task2a/build/lib/hb_task2a
[1.142s] copying hb_task2a/controller.py -> /home/ritesh/eyrc23_hb_1796/hb_task_2_ws/build/hb_task2a/build/lib/hb_task2a
[1.142s] copying hb_task2a/service_node.py -> /home/ritesh/eyrc23_hb_1796/hb_task_2_ws/build/hb_task2a/build/lib/hb_task2a
[1.142s] copying hb_task2a/__init__.py -> /home/ritesh/eyrc23_hb_1796/hb_task_2_ws/build/hb_task2a/build/lib/hb_task2a
[1.142s] running install
[1.143s] running install_lib
[1.143s] creating /home/ritesh/eyrc23_hb_1796/hb_task_2_ws/install/hb_task2a/lib/python3.10/site-packages/hb_task2a
[1.143s] copying /home/ritesh/eyrc23_hb_1796/hb_task_2_ws/build/hb_task2a/build/lib/hb_task2a/feedback.py -> /home/ritesh/eyrc23_hb_1796/hb_task_2_ws/install/hb_task2a/lib/python3.10/site-packages/hb_task2a
[1.143s] copying /home/ritesh/eyrc23_hb_1796/hb_task_2_ws/build/hb_task2a/build/lib/hb_task2a/controller.py -> /home/ritesh/eyrc23_hb_1796/hb_task_2_ws/install/hb_task2a/lib/python3.10/site-packages/hb_task2a
[1.143s] copying /home/ritesh/eyrc23_hb_1796/hb_task_2_ws/build/hb_task2a/build/lib/hb_task2a/service_node.py -> /home/ritesh/eyrc23_hb_1796/hb_task_2_ws/install/hb_task2a/lib/python3.10/site-packages/hb_task2a
[1.143s] copying /home/ritesh/eyrc23_hb_1796/hb_task_2_ws/build/hb_task2a/build/lib/hb_task2a/__init__.py -> /home/ritesh/eyrc23_hb_1796/hb_task_2_ws/install/hb_task2a/lib/python3.10/site-packages/hb_task2a
[1.143s] byte-compiling /home/ritesh/eyrc23_hb_1796/hb_task_2_ws/install/hb_task2a/lib/python3.10/site-packages/hb_task2a/feedback.py to feedback.cpython-310.pyc
[1.144s] byte-compiling /home/ritesh/eyrc23_hb_1796/hb_task_2_ws/install/hb_task2a/lib/python3.10/site-packages/hb_task2a/controller.py to controller.cpython-310.pyc
[1.145s] byte-compiling /home/ritesh/eyrc23_hb_1796/hb_task_2_ws/install/hb_task2a/lib/python3.10/site-packages/hb_task2a/service_node.py to service_node.cpython-310.pyc
[1.146s] byte-compiling /home/ritesh/eyrc23_hb_1796/hb_task_2_ws/install/hb_task2a/lib/python3.10/site-packages/hb_task2a/__init__.py to __init__.cpython-310.pyc
[1.146s] running install_data
[1.147s] creating /home/ritesh/eyrc23_hb_1796/hb_task_2_ws/install/hb_task2a/share/ament_index
[1.147s] creating /home/ritesh/eyrc23_hb_1796/hb_task_2_ws/install/hb_task2a/share/ament_index/resource_index
[1.147s] creating /home/ritesh/eyrc23_hb_1796/hb_task_2_ws/install/hb_task2a/share/ament_index/resource_index/packages
[1.147s] copying resource/hb_task2a -> /home/ritesh/eyrc23_hb_1796/hb_task_2_ws/install/hb_task2a/share/ament_index/resource_index/packages
[1.147s] copying package.xml -> /home/ritesh/eyrc23_hb_1796/hb_task_2_ws/install/hb_task2a/share/hb_task2a
[1.148s] creating /home/ritesh/eyrc23_hb_1796/hb_task_2_ws/install/hb_task2a/share/hb_task2a/launch
[1.148s] copying launch/hb_task2a_control.launch.py -> /home/ritesh/eyrc23_hb_1796/hb_task_2_ws/install/hb_task2a/share/hb_task2a/launch
[1.148s] copying launch/task2a.launch.py -> /home/ritesh/eyrc23_hb_1796/hb_task_2_ws/install/hb_task2a/share/hb_task2a/launch
[1.148s] copying launch/submission.launch.py -> /home/ritesh/eyrc23_hb_1796/hb_task_2_ws/install/hb_task2a/share/hb_task2a/launch
[1.148s] creating /home/ritesh/eyrc23_hb_1796/hb_task_2_ws/install/hb_task2a/share/hb_task2a/scripts
[1.148s] copying scripts/feedback.py -> /home/ritesh/eyrc23_hb_1796/hb_task_2_ws/install/hb_task2a/share/hb_task2a/scripts
[1.148s] copying scripts/controller.py -> /home/ritesh/eyrc23_hb_1796/hb_task_2_ws/install/hb_task2a/share/hb_task2a/scripts
[1.148s] copying scripts/service_node.py -> /home/ritesh/eyrc23_hb_1796/hb_task_2_ws/install/hb_task2a/share/hb_task2a/scripts
[1.148s] running install_egg_info
[1.149s] Copying ../../../build/hb_task2a/hb_task2a.egg-info to /home/ritesh/eyrc23_hb_1796/hb_task_2_ws/install/hb_task2a/lib/python3.10/site-packages/hb_task2a-0.0.0-py3.10.egg-info
[1.149s] running install_scripts
[1.167s] Installing control script to /home/ritesh/eyrc23_hb_1796/hb_task_2_ws/install/hb_task2a/lib/hb_task2a
[1.167s] Installing feedback script to /home/ritesh/eyrc23_hb_1796/hb_task_2_ws/install/hb_task2a/lib/hb_task2a
[1.167s] Installing service_node script to /home/ritesh/eyrc23_hb_1796/hb_task_2_ws/install/hb_task2a/lib/hb_task2a
[1.167s] writing list of installed files to '/home/ritesh/eyrc23_hb_1796/hb_task_2_ws/build/hb_task2a/install.log'
[1.193s] Invoked command in '/home/ritesh/eyrc23_hb_1796/hb_task_2_ws/src/eYRC-2023_Hologlyph_Bots/hb_task2a' returned '0': PYTHONPATH=/home/ritesh/eyrc23_hb_1796/hb_task_2_ws/build/hb_task2a/prefix_override:/home/ritesh/eyrc23_hb_1796/hb_task_2_ws/install/hb_task2a/lib/python3.10/site-packages:${PYTHONPATH} /usr/bin/python3 setup.py egg_info --egg-base ../../../build/hb_task2a build --build-base /home/ritesh/eyrc23_hb_1796/hb_task_2_ws/build/hb_task2a/build install --record /home/ritesh/eyrc23_hb_1796/hb_task_2_ws/build/hb_task2a/install.log --single-version-externally-managed
