running develop
/usr/lib/python3/dist-packages/setuptools/command/easy_install.py:158: EasyInstallDeprecationWarning: easy_install command is deprecated. Use build and pip and other standards-based tools.
  warnings.warn(
/usr/lib/python3/dist-packages/setuptools/command/install.py:34: SetuptoolsDeprecationWarning: setup.py install is deprecated. Use build and pip and other standards-based tools.
  warnings.warn(
running egg_info
writing ../../build/hb_task_1a/hb_task_1a.egg-info/PKG-INFO
writing dependency_links to ../../build/hb_task_1a/hb_task_1a.egg-info/dependency_links.txt
writing entry points to ../../build/hb_task_1a/hb_task_1a.egg-info/entry_points.txt
writing requirements to ../../build/hb_task_1a/hb_task_1a.egg-info/requires.txt
writing top-level names to ../../build/hb_task_1a/hb_task_1a.egg-info/top_level.txt
reading manifest file '../../build/hb_task_1a/hb_task_1a.egg-info/SOURCES.txt'
writing manifest file '../../build/hb_task_1a/hb_task_1a.egg-info/SOURCES.txt'
running build
running build_py
copying hb_task_1a/__init__.py -> /home/subun/eyrc_hb/hb_task1a_ws/build/hb_task_1a/build/lib/hb_task_1a
running install
/usr/lib/python3/dist-packages/setuptools/command/install.py:34: SetuptoolsDeprecationWarning: setup.py install is deprecated. Use build and pip and other standards-based tools.
  warnings.warn(
running install_lib
copying /home/subun/eyrc_hb/hb_task1a_ws/build/hb_task_1a/build/lib/hb_task_1a/__init__.py -> /home/subun/eyrc_hb/hb_task1a_ws/install/hb_task_1a/lib/python3.10/site-packages/hb_task_1a
byte-compiling /home/subun/eyrc_hb/hb_task1a_ws/install/hb_task_1a/lib/python3.10/site-packages/hb_task_1a/__init__.py to __init__.cpython-310.pyc
running install_data
copying resource/hb_task_1a -> /home/subun/eyrc_hb/hb_task1a_ws/install/hb_task_1a/share/ament_index/resource_index/packages
copying package.xml -> /home/subun/eyrc_hb/hb_task1a_ws/install/hb_task_1a/share/hb_task_1a
running install_egg_info
removing '/home/subun/eyrc_hb/hb_task1a_ws/install/hb_task_1a/lib/python3.10/site-packages/hb_task_1a-0.0.0-py3.10.egg-info' (and everything under it)
Copying ../../build/hb_task_1a/hb_task_1a.egg-info to /home/subun/eyrc_hb/hb_task1a_ws/install/hb_task_1a/lib/python3.10/site-packages/hb_task_1a-0.0.0-py3.10.egg-info
running install_scripts
writing list of installed files to '/home/subun/eyrc_hb/hb_task1a_ws/build/hb_task_1a/install.log'
