[0.341s] Invoking command in '/home/subun/eyrc_hb/hb_task1a_ws/build/hb_task_1a': PYTHONPATH=/home/subun/eyrc_hb/hb_task1a_ws/build/hb_task_1a/prefix_override:/home/subun/eyrc_hb/hb_task1a_ws/install/hb_task_1a/lib/python3.10/site-packages:${PYTHONPATH} /usr/bin/python3 setup.py develop --uninstall --editable --build-directory /home/subun/eyrc_hb/hb_task1a_ws/build/hb_task_1a/build
[0.471s] running develop
[0.471s] /usr/lib/python3/dist-packages/setuptools/command/easy_install.py:158: EasyInstallDeprecationWarning: easy_install command is deprecated. Use build and pip and other standards-based tools.
[0.471s]   warnings.warn(
[0.472s] /usr/lib/python3/dist-packages/setuptools/command/install.py:34: SetuptoolsDeprecationWarning: setup.py install is deprecated. Use build and pip and other standards-based tools.
[0.472s]   warnings.warn(
[0.560s] Invoked command in '/home/subun/eyrc_hb/hb_task1a_ws/build/hb_task_1a' returned '0': PYTHONPATH=/home/subun/eyrc_hb/hb_task1a_ws/build/hb_task_1a/prefix_override:/home/subun/eyrc_hb/hb_task1a_ws/install/hb_task_1a/lib/python3.10/site-packages:${PYTHONPATH} /usr/bin/python3 setup.py develop --uninstall --editable --build-directory /home/subun/eyrc_hb/hb_task1a_ws/build/hb_task_1a/build
[0.561s] Invoking command in '/home/subun/eyrc_hb/hb_task1a_ws/src/hb_task_1a': PYTHONPATH=/home/subun/eyrc_hb/hb_task1a_ws/build/hb_task_1a/prefix_override:/home/subun/eyrc_hb/hb_task1a_ws/install/hb_task_1a/lib/python3.10/site-packages:${PYTHONPATH} /usr/bin/python3 setup.py egg_info --egg-base ../../build/hb_task_1a build --build-base /home/subun/eyrc_hb/hb_task1a_ws/build/hb_task_1a/build install --record /home/subun/eyrc_hb/hb_task1a_ws/build/hb_task_1a/install.log --single-version-externally-managed
[0.677s] running egg_info
[0.678s] writing ../../build/hb_task_1a/hb_task_1a.egg-info/PKG-INFO
[0.679s] writing dependency_links to ../../build/hb_task_1a/hb_task_1a.egg-info/dependency_links.txt
[0.679s] writing entry points to ../../build/hb_task_1a/hb_task_1a.egg-info/entry_points.txt
[0.680s] writing requirements to ../../build/hb_task_1a/hb_task_1a.egg-info/requires.txt
[0.680s] writing top-level names to ../../build/hb_task_1a/hb_task_1a.egg-info/top_level.txt
[0.680s] reading manifest file '../../build/hb_task_1a/hb_task_1a.egg-info/SOURCES.txt'
[0.681s] writing manifest file '../../build/hb_task_1a/hb_task_1a.egg-info/SOURCES.txt'
[0.681s] running build
[0.681s] running build_py
[0.681s] copying hb_task_1a/__init__.py -> /home/subun/eyrc_hb/hb_task1a_ws/build/hb_task_1a/build/lib/hb_task_1a
[0.681s] running install
[0.682s] /usr/lib/python3/dist-packages/setuptools/command/install.py:34: SetuptoolsDeprecationWarning: setup.py install is deprecated. Use build and pip and other standards-based tools.
[0.682s]   warnings.warn(
[0.682s] running install_lib
[0.682s] copying /home/subun/eyrc_hb/hb_task1a_ws/build/hb_task_1a/build/lib/hb_task_1a/__init__.py -> /home/subun/eyrc_hb/hb_task1a_ws/install/hb_task_1a/lib/python3.10/site-packages/hb_task_1a
[0.683s] byte-compiling /home/subun/eyrc_hb/hb_task1a_ws/install/hb_task_1a/lib/python3.10/site-packages/hb_task_1a/__init__.py to __init__.cpython-310.pyc
[0.683s] running install_data
[0.684s] copying resource/hb_task_1a -> /home/subun/eyrc_hb/hb_task1a_ws/install/hb_task_1a/share/ament_index/resource_index/packages
[0.684s] copying package.xml -> /home/subun/eyrc_hb/hb_task1a_ws/install/hb_task_1a/share/hb_task_1a
[0.684s] running install_egg_info
[0.685s] removing '/home/subun/eyrc_hb/hb_task1a_ws/install/hb_task_1a/lib/python3.10/site-packages/hb_task_1a-0.0.0-py3.10.egg-info' (and everything under it)
[0.685s] Copying ../../build/hb_task_1a/hb_task_1a.egg-info to /home/subun/eyrc_hb/hb_task1a_ws/install/hb_task_1a/lib/python3.10/site-packages/hb_task_1a-0.0.0-py3.10.egg-info
[0.686s] running install_scripts
[0.698s] writing list of installed files to '/home/subun/eyrc_hb/hb_task1a_ws/build/hb_task_1a/install.log'
[0.712s] Invoked command in '/home/subun/eyrc_hb/hb_task1a_ws/src/hb_task_1a' returned '0': PYTHONPATH=/home/subun/eyrc_hb/hb_task1a_ws/build/hb_task_1a/prefix_override:/home/subun/eyrc_hb/hb_task1a_ws/install/hb_task_1a/lib/python3.10/site-packages:${PYTHONPATH} /usr/bin/python3 setup.py egg_info --egg-base ../../build/hb_task_1a build --build-base /home/subun/eyrc_hb/hb_task1a_ws/build/hb_task_1a/build install --record /home/subun/eyrc_hb/hb_task1a_ws/build/hb_task_1a/install.log --single-version-externally-managed
