[0.380s] Invoking command in '/home/ritesh/eyrc23_hb_1796/hb_task_2_ws/build/hb_world': CMAKE_PREFIX_PATH=${CMAKE_PREFIX_PATH}:/home/ritesh/eyrc23_hb_1796/hb_task1b_ws/install/hb_task_1b:/home/ritesh/eyrc23_hb_1796/hb_task1a_ws/install/hb_task_1a:/opt/ros/humble /usr/bin/cmake /home/ritesh/eyrc23_hb_1796/hb_task_2_ws/src/eYRC-2023_Hologlyph_Bots/hb_world -DCMAKE_INSTALL_PREFIX=/home/ritesh/eyrc23_hb_1796/hb_task_2_ws/install/hb_world
[0.438s] -- The C compiler identification is GNU 11.4.0
[0.488s] -- The CXX compiler identification is GNU 11.4.0
[0.495s] -- Detecting C compiler ABI info
[0.555s] -- Detecting C compiler ABI info - done
[0.566s] -- Check for working C compiler: /usr/bin/cc - skipped
[0.566s] -- Detecting C compile features
[0.566s] -- Detecting C compile features - done
[0.570s] -- Detecting CXX compiler ABI info
[0.647s] -- Detecting CXX compiler ABI info - done
[0.657s] -- Check for working CXX compiler: /usr/bin/c++ - skipped
[0.658s] -- Detecting CXX compile features
[0.658s] -- Detecting CXX compile features - done
[0.661s] -- Found ament_cmake: 1.3.5 (/opt/ros/humble/share/ament_cmake/cmake)
[0.893s] -- Found Python3: /usr/bin/python3.10 (found version "3.10.12") found components: Interpreter 
[1.010s] -- Found rclcpp: 16.0.5 (/opt/ros/humble/share/rclcpp/cmake)
[1.064s] -- Found rosidl_generator_c: 3.1.5 (/opt/ros/humble/share/rosidl_generator_c/cmake)
[1.070s] -- Found rosidl_adapter: 3.1.5 (/opt/ros/humble/share/rosidl_adapter/cmake)
[1.081s] -- Found rosidl_generator_cpp: 3.1.5 (/opt/ros/humble/share/rosidl_generator_cpp/cmake)
[1.099s] -- Using all available rosidl_typesupport_c: rosidl_typesupport_fastrtps_c;rosidl_typesupport_introspection_c
[1.124s] -- Using all available rosidl_typesupport_cpp: rosidl_typesupport_fastrtps_cpp;rosidl_typesupport_introspection_cpp
[1.216s] -- Found rmw_implementation_cmake: 6.1.1 (/opt/ros/humble/share/rmw_implementation_cmake/cmake)
[1.220s] -- Found rmw_fastrtps_cpp: 6.2.3 (/opt/ros/humble/share/rmw_fastrtps_cpp/cmake)
[1.309s] -- Found OpenSSL: /usr/lib/x86_64-linux-gnu/libcrypto.so (found version "3.0.2")  
[1.331s] -- Found FastRTPS: /opt/ros/humble/include  
[1.370s] -- Using RMW implementation 'rmw_fastrtps_cpp' as default
[1.377s] -- Looking for pthread.h
[1.445s] -- Looking for pthread.h - found
[1.445s] -- Performing Test CMAKE_HAVE_LIBC_PTHREAD
[1.519s] -- Performing Test CMAKE_HAVE_LIBC_PTHREAD - Success
[1.519s] -- Found Threads: TRUE  
[1.652s] -- Found rclpy: 3.3.9 (/opt/ros/humble/share/rclpy/cmake)
[1.653s] -- Found urdf: 2.6.0 (/opt/ros/humble/share/urdf/cmake)
[1.678s] -- Found xacro: 2.0.8 (/opt/ros/humble/share/xacro/cmake)
[1.679s] -- Found ament_lint_auto: 0.12.7 (/opt/ros/humble/share/ament_lint_auto/cmake)
[1.737s] -- Added test 'flake8' to check Python code syntax and style conventions
[1.737s] -- Added test 'lint_cmake' to check CMake code style
[1.738s] -- Added test 'pep257' to check Python code against some of the docstring style conventions in PEP 257
[1.739s] -- Added test 'xmllint' to check XML markup files
[1.740s] -- Configuring done
[1.742s] -- Generating done
[1.743s] -- Build files have been written to: /home/ritesh/eyrc23_hb_1796/hb_task_2_ws/build/hb_world
[1.750s] Invoked command in '/home/ritesh/eyrc23_hb_1796/hb_task_2_ws/build/hb_world' returned '0': CMAKE_PREFIX_PATH=${CMAKE_PREFIX_PATH}:/home/ritesh/eyrc23_hb_1796/hb_task1b_ws/install/hb_task_1b:/home/ritesh/eyrc23_hb_1796/hb_task1a_ws/install/hb_task_1a:/opt/ros/humble /usr/bin/cmake /home/ritesh/eyrc23_hb_1796/hb_task_2_ws/src/eYRC-2023_Hologlyph_Bots/hb_world -DCMAKE_INSTALL_PREFIX=/home/ritesh/eyrc23_hb_1796/hb_task_2_ws/install/hb_world
[1.751s] Invoking command in '/home/ritesh/eyrc23_hb_1796/hb_task_2_ws/build/hb_world': CMAKE_PREFIX_PATH=${CMAKE_PREFIX_PATH}:/home/ritesh/eyrc23_hb_1796/hb_task1b_ws/install/hb_task_1b:/home/ritesh/eyrc23_hb_1796/hb_task1a_ws/install/hb_task_1a:/opt/ros/humble /usr/bin/cmake --build /home/ritesh/eyrc23_hb_1796/hb_task_2_ws/build/hb_world -- -j12 -l12
[1.781s] Invoked command in '/home/ritesh/eyrc23_hb_1796/hb_task_2_ws/build/hb_world' returned '0': CMAKE_PREFIX_PATH=${CMAKE_PREFIX_PATH}:/home/ritesh/eyrc23_hb_1796/hb_task1b_ws/install/hb_task_1b:/home/ritesh/eyrc23_hb_1796/hb_task1a_ws/install/hb_task_1a:/opt/ros/humble /usr/bin/cmake --build /home/ritesh/eyrc23_hb_1796/hb_task_2_ws/build/hb_world -- -j12 -l12
[1.795s] Invoking command in '/home/ritesh/eyrc23_hb_1796/hb_task_2_ws/build/hb_world': CMAKE_PREFIX_PATH=${CMAKE_PREFIX_PATH}:/home/ritesh/eyrc23_hb_1796/hb_task1b_ws/install/hb_task_1b:/home/ritesh/eyrc23_hb_1796/hb_task1a_ws/install/hb_task_1a:/opt/ros/humble /usr/bin/cmake --install /home/ritesh/eyrc23_hb_1796/hb_task_2_ws/build/hb_world
[1.800s] -- Install configuration: ""
[1.801s] -- Installing: /home/ritesh/eyrc23_hb_1796/hb_task_2_ws/install/hb_world/share/hb_world//launch
[1.801s] -- Installing: /home/ritesh/eyrc23_hb_1796/hb_task_2_ws/install/hb_world/share/hb_world//launch/world.launch.py
[1.801s] -- Installing: /home/ritesh/eyrc23_hb_1796/hb_task_2_ws/install/hb_world/share/hb_world//worlds
[1.801s] -- Installing: /home/ritesh/eyrc23_hb_1796/hb_task_2_ws/install/hb_world/share/hb_world//worlds/gazebo.world
[1.801s] -- Installing: /home/ritesh/eyrc23_hb_1796/hb_task_2_ws/install/hb_world/share/hb_world//models
[1.801s] -- Installing: /home/ritesh/eyrc23_hb_1796/hb_task_2_ws/install/hb_world/share/hb_world//models/e_camera
[1.801s] -- Installing: /home/ritesh/eyrc23_hb_1796/hb_task_2_ws/install/hb_world/share/hb_world//models/e_camera/model.config
[1.801s] -- Installing: /home/ritesh/eyrc23_hb_1796/hb_task_2_ws/install/hb_world/share/hb_world//models/e_camera/model.sdf
[1.802s] -- Installing: /home/ritesh/eyrc23_hb_1796/hb_task_2_ws/install/hb_world/share/hb_world//models/e_camera/meshes
[1.802s] -- Installing: /home/ritesh/eyrc23_hb_1796/hb_task_2_ws/install/hb_world/share/hb_world//models/e_camera/meshes/camera.dae
[1.802s] -- Installing: /home/ritesh/eyrc23_hb_1796/hb_task_2_ws/install/hb_world/share/hb_world//models/e_camera/meshes/17eyantra_logo_large e.png
[1.802s] -- Installing: /home/ritesh/eyrc23_hb_1796/hb_task_2_ws/install/hb_world/share/hb_world//models/arena
[1.802s] -- Installing: /home/ritesh/eyrc23_hb_1796/hb_task_2_ws/install/hb_world/share/hb_world//models/arena/model.config
[1.802s] -- Installing: /home/ritesh/eyrc23_hb_1796/hb_task_2_ws/install/hb_world/share/hb_world//models/arena/model.sdf
[1.802s] -- Installing: /home/ritesh/eyrc23_hb_1796/hb_task_2_ws/install/hb_world/share/hb_world//models/arena/meshes
[1.802s] -- Installing: /home/ritesh/eyrc23_hb_1796/hb_task_2_ws/install/hb_world/share/hb_world//models/arena/meshes/arena.dae
[1.802s] -- Installing: /home/ritesh/eyrc23_hb_1796/hb_task_2_ws/install/hb_world/share/hb_world//models/arena/meshes/arena.jpg
[1.803s] -- Installing: /home/ritesh/eyrc23_hb_1796/hb_task_2_ws/install/hb_world/share/hb_world//models/ground_surface
[1.803s] -- Installing: /home/ritesh/eyrc23_hb_1796/hb_task_2_ws/install/hb_world/share/hb_world//models/ground_surface/model.config
[1.803s] -- Installing: /home/ritesh/eyrc23_hb_1796/hb_task_2_ws/install/hb_world/share/hb_world//models/ground_surface/model.sdf
[1.803s] -- Installing: /home/ritesh/eyrc23_hb_1796/hb_task_2_ws/install/hb_world/share/hb_world//models/ground_surface/meshes
[1.803s] -- Installing: /home/ritesh/eyrc23_hb_1796/hb_task_2_ws/install/hb_world/share/hb_world//models/ground_surface/meshes/geoglyph.jpg
[1.803s] -- Installing: /home/ritesh/eyrc23_hb_1796/hb_task_2_ws/install/hb_world/share/hb_world//models/ground_surface/meshes/ground_surface.dae
[1.803s] -- Installing: /home/ritesh/eyrc23_hb_1796/hb_task_2_ws/install/hb_world/share/ament_index/resource_index/package_run_dependencies/hb_world
[1.803s] -- Installing: /home/ritesh/eyrc23_hb_1796/hb_task_2_ws/install/hb_world/share/ament_index/resource_index/parent_prefix_path/hb_world
[1.803s] -- Installing: /home/ritesh/eyrc23_hb_1796/hb_task_2_ws/install/hb_world/share/hb_world/environment/ament_prefix_path.sh
[1.803s] -- Installing: /home/ritesh/eyrc23_hb_1796/hb_task_2_ws/install/hb_world/share/hb_world/environment/ament_prefix_path.dsv
[1.804s] -- Installing: /home/ritesh/eyrc23_hb_1796/hb_task_2_ws/install/hb_world/share/hb_world/environment/path.sh
[1.804s] -- Installing: /home/ritesh/eyrc23_hb_1796/hb_task_2_ws/install/hb_world/share/hb_world/environment/path.dsv
[1.804s] -- Installing: /home/ritesh/eyrc23_hb_1796/hb_task_2_ws/install/hb_world/share/hb_world/local_setup.bash
[1.804s] -- Installing: /home/ritesh/eyrc23_hb_1796/hb_task_2_ws/install/hb_world/share/hb_world/local_setup.sh
[1.804s] -- Installing: /home/ritesh/eyrc23_hb_1796/hb_task_2_ws/install/hb_world/share/hb_world/local_setup.zsh
[1.804s] -- Installing: /home/ritesh/eyrc23_hb_1796/hb_task_2_ws/install/hb_world/share/hb_world/local_setup.dsv
[1.804s] -- Installing: /home/ritesh/eyrc23_hb_1796/hb_task_2_ws/install/hb_world/share/hb_world/package.dsv
[1.804s] -- Installing: /home/ritesh/eyrc23_hb_1796/hb_task_2_ws/install/hb_world/share/ament_index/resource_index/packages/hb_world
[1.804s] -- Installing: /home/ritesh/eyrc23_hb_1796/hb_task_2_ws/install/hb_world/share/hb_world/cmake/hb_worldConfig.cmake
[1.805s] -- Installing: /home/ritesh/eyrc23_hb_1796/hb_task_2_ws/install/hb_world/share/hb_world/cmake/hb_worldConfig-version.cmake
[1.805s] -- Installing: /home/ritesh/eyrc23_hb_1796/hb_task_2_ws/install/hb_world/share/hb_world/package.xml
[1.806s] Invoked command in '/home/ritesh/eyrc23_hb_1796/hb_task_2_ws/build/hb_world' returned '0': CMAKE_PREFIX_PATH=${CMAKE_PREFIX_PATH}:/home/ritesh/eyrc23_hb_1796/hb_task1b_ws/install/hb_task_1b:/home/ritesh/eyrc23_hb_1796/hb_task1a_ws/install/hb_task_1a:/opt/ros/humble /usr/bin/cmake --install /home/ritesh/eyrc23_hb_1796/hb_task_2_ws/build/hb_world
