running egg_info
creating ../../build/hb_task_1b/hb_task_1b.egg-info
writing ../../build/hb_task_1b/hb_task_1b.egg-info/PKG-INFO
writing dependency_links to ../../build/hb_task_1b/hb_task_1b.egg-info/dependency_links.txt
writing entry points to ../../build/hb_task_1b/hb_task_1b.egg-info/entry_points.txt
writing requirements to ../../build/hb_task_1b/hb_task_1b.egg-info/requires.txt
writing top-level names to ../../build/hb_task_1b/hb_task_1b.egg-info/top_level.txt
writing manifest file '../../build/hb_task_1b/hb_task_1b.egg-info/SOURCES.txt'
reading manifest file '../../build/hb_task_1b/hb_task_1b.egg-info/SOURCES.txt'
writing manifest file '../../build/hb_task_1b/hb_task_1b.egg-info/SOURCES.txt'
running build
running build_py
creating /home/ritesh/eyrc23_hb_1796/hb_task1b_ws/build/hb_task_1b/build
creating /home/ritesh/eyrc23_hb_1796/hb_task1b_ws/build/hb_task_1b/build/lib
creating /home/ritesh/eyrc23_hb_1796/hb_task1b_ws/build/hb_task_1b/build/lib/hb_task_1b
copying hb_task_1b/service_node.py -> /home/ritesh/eyrc23_hb_1796/hb_task1b_ws/build/hb_task_1b/build/lib/hb_task_1b
copying hb_task_1b/__init__.py -> /home/ritesh/eyrc23_hb_1796/hb_task1b_ws/build/hb_task_1b/build/lib/hb_task_1b
running install
running install_lib
creating /home/ritesh/eyrc23_hb_1796/hb_task1b_ws/install/hb_task_1b/lib/python3.10/site-packages/hb_task_1b
copying /home/ritesh/eyrc23_hb_1796/hb_task1b_ws/build/hb_task_1b/build/lib/hb_task_1b/service_node.py -> /home/ritesh/eyrc23_hb_1796/hb_task1b_ws/install/hb_task_1b/lib/python3.10/site-packages/hb_task_1b
copying /home/ritesh/eyrc23_hb_1796/hb_task1b_ws/build/hb_task_1b/build/lib/hb_task_1b/__init__.py -> /home/ritesh/eyrc23_hb_1796/hb_task1b_ws/install/hb_task_1b/lib/python3.10/site-packages/hb_task_1b
byte-compiling /home/ritesh/eyrc23_hb_1796/hb_task1b_ws/install/hb_task_1b/lib/python3.10/site-packages/hb_task_1b/service_node.py to service_node.cpython-310.pyc
byte-compiling /home/ritesh/eyrc23_hb_1796/hb_task1b_ws/install/hb_task_1b/lib/python3.10/site-packages/hb_task_1b/__init__.py to __init__.cpython-310.pyc
running install_data
creating /home/ritesh/eyrc23_hb_1796/hb_task1b_ws/install/hb_task_1b/share/ament_index
creating /home/ritesh/eyrc23_hb_1796/hb_task1b_ws/install/hb_task_1b/share/ament_index/resource_index
creating /home/ritesh/eyrc23_hb_1796/hb_task1b_ws/install/hb_task_1b/share/ament_index/resource_index/packages
copying resource/hb_task_1b -> /home/ritesh/eyrc23_hb_1796/hb_task1b_ws/install/hb_task_1b/share/ament_index/resource_index/packages
copying package.xml -> /home/ritesh/eyrc23_hb_1796/hb_task1b_ws/install/hb_task_1b/share/hb_task_1b
creating /home/ritesh/eyrc23_hb_1796/hb_task1b_ws/install/hb_task_1b/share/hb_task_1b/launch
copying launch/gazebo.launch.py -> /home/ritesh/eyrc23_hb_1796/hb_task1b_ws/install/hb_task_1b/share/hb_task_1b/launch
copying launch/hb_task1b.launch.py -> /home/ritesh/eyrc23_hb_1796/hb_task1b_ws/install/hb_task_1b/share/hb_task_1b/launch
creating /home/ritesh/eyrc23_hb_1796/hb_task1b_ws/install/hb_task_1b/share/hb_task_1b/urdf
copying urdf/hb_bot.urdf.xacro -> /home/ritesh/eyrc23_hb_1796/hb_task1b_ws/install/hb_task_1b/share/hb_task_1b/urdf
copying urdf/materials.xacro -> /home/ritesh/eyrc23_hb_1796/hb_task1b_ws/install/hb_task_1b/share/hb_task_1b/urdf
creating /home/ritesh/eyrc23_hb_1796/hb_task1b_ws/install/hb_task_1b/share/hb_task_1b/meshes
copying meshes/17eyantra_logo_large e.png -> /home/ritesh/eyrc23_hb_1796/hb_task1b_ws/install/hb_task_1b/share/hb_task_1b/meshes
copying meshes/wheel.stl -> /home/ritesh/eyrc23_hb_1796/hb_task1b_ws/install/hb_task_1b/share/hb_task_1b/meshes
copying meshes/base.dae -> /home/ritesh/eyrc23_hb_1796/hb_task1b_ws/install/hb_task_1b/share/hb_task_1b/meshes
running install_egg_info
Copying ../../build/hb_task_1b/hb_task_1b.egg-info to /home/ritesh/eyrc23_hb_1796/hb_task1b_ws/install/hb_task_1b/lib/python3.10/site-packages/hb_task_1b-0.0.0-py3.10.egg-info
running install_scripts
Installing service_node1 script to /home/ritesh/eyrc23_hb_1796/hb_task1b_ws/install/hb_task_1b/lib/hb_task_1b
writing list of installed files to '/home/ritesh/eyrc23_hb_1796/hb_task1b_ws/build/hb_task_1b/install.log'
