[0.389s] Invoking command in '/home/ritesh/eyrc23_hb_1796/hb_task1b_ws/src/hb_task_1b': PYTHONPATH=/home/ritesh/eyrc23_hb_1796/hb_task1b_ws/build/hb_task_1b/prefix_override:/home/ritesh/eyrc23_hb_1796/hb_task1b_ws/install/hb_task_1b/lib/python3.10/site-packages:${PYTHONPATH} /usr/bin/python3 setup.py egg_info --egg-base ../../build/hb_task_1b build --build-base /home/ritesh/eyrc23_hb_1796/hb_task1b_ws/build/hb_task_1b/build install --record /home/ritesh/eyrc23_hb_1796/hb_task1b_ws/build/hb_task_1b/install.log --single-version-externally-managed
[0.558s] running egg_info
[0.558s] creating ../../build/hb_task_1b/hb_task_1b.egg-info
[0.558s] writing ../../build/hb_task_1b/hb_task_1b.egg-info/PKG-INFO
[0.558s] writing dependency_links to ../../build/hb_task_1b/hb_task_1b.egg-info/dependency_links.txt
[0.559s] writing entry points to ../../build/hb_task_1b/hb_task_1b.egg-info/entry_points.txt
[0.559s] writing requirements to ../../build/hb_task_1b/hb_task_1b.egg-info/requires.txt
[0.559s] writing top-level names to ../../build/hb_task_1b/hb_task_1b.egg-info/top_level.txt
[0.559s] writing manifest file '../../build/hb_task_1b/hb_task_1b.egg-info/SOURCES.txt'
[0.560s] reading manifest file '../../build/hb_task_1b/hb_task_1b.egg-info/SOURCES.txt'
[0.560s] writing manifest file '../../build/hb_task_1b/hb_task_1b.egg-info/SOURCES.txt'
[0.560s] running build
[0.560s] running build_py
[0.560s] creating /home/ritesh/eyrc23_hb_1796/hb_task1b_ws/build/hb_task_1b/build
[0.561s] creating /home/ritesh/eyrc23_hb_1796/hb_task1b_ws/build/hb_task_1b/build/lib
[0.561s] creating /home/ritesh/eyrc23_hb_1796/hb_task1b_ws/build/hb_task_1b/build/lib/hb_task_1b
[0.561s] copying hb_task_1b/service_node.py -> /home/ritesh/eyrc23_hb_1796/hb_task1b_ws/build/hb_task_1b/build/lib/hb_task_1b
[0.561s] copying hb_task_1b/__init__.py -> /home/ritesh/eyrc23_hb_1796/hb_task1b_ws/build/hb_task_1b/build/lib/hb_task_1b
[0.561s] running install
[0.561s] running install_lib
[0.561s] creating /home/ritesh/eyrc23_hb_1796/hb_task1b_ws/install/hb_task_1b/lib/python3.10/site-packages/hb_task_1b
[0.561s] copying /home/ritesh/eyrc23_hb_1796/hb_task1b_ws/build/hb_task_1b/build/lib/hb_task_1b/service_node.py -> /home/ritesh/eyrc23_hb_1796/hb_task1b_ws/install/hb_task_1b/lib/python3.10/site-packages/hb_task_1b
[0.561s] copying /home/ritesh/eyrc23_hb_1796/hb_task1b_ws/build/hb_task_1b/build/lib/hb_task_1b/__init__.py -> /home/ritesh/eyrc23_hb_1796/hb_task1b_ws/install/hb_task_1b/lib/python3.10/site-packages/hb_task_1b
[0.561s] byte-compiling /home/ritesh/eyrc23_hb_1796/hb_task1b_ws/install/hb_task_1b/lib/python3.10/site-packages/hb_task_1b/service_node.py to service_node.cpython-310.pyc
[0.562s] byte-compiling /home/ritesh/eyrc23_hb_1796/hb_task1b_ws/install/hb_task_1b/lib/python3.10/site-packages/hb_task_1b/__init__.py to __init__.cpython-310.pyc
[0.562s] running install_data
[0.563s] creating /home/ritesh/eyrc23_hb_1796/hb_task1b_ws/install/hb_task_1b/share/ament_index
[0.563s] creating /home/ritesh/eyrc23_hb_1796/hb_task1b_ws/install/hb_task_1b/share/ament_index/resource_index
[0.563s] creating /home/ritesh/eyrc23_hb_1796/hb_task1b_ws/install/hb_task_1b/share/ament_index/resource_index/packages
[0.563s] copying resource/hb_task_1b -> /home/ritesh/eyrc23_hb_1796/hb_task1b_ws/install/hb_task_1b/share/ament_index/resource_index/packages
[0.563s] copying package.xml -> /home/ritesh/eyrc23_hb_1796/hb_task1b_ws/install/hb_task_1b/share/hb_task_1b
[0.563s] creating /home/ritesh/eyrc23_hb_1796/hb_task1b_ws/install/hb_task_1b/share/hb_task_1b/launch
[0.563s] copying launch/gazebo.launch.py -> /home/ritesh/eyrc23_hb_1796/hb_task1b_ws/install/hb_task_1b/share/hb_task_1b/launch
[0.563s] copying launch/hb_task1b.launch.py -> /home/ritesh/eyrc23_hb_1796/hb_task1b_ws/install/hb_task_1b/share/hb_task_1b/launch
[0.564s] creating /home/ritesh/eyrc23_hb_1796/hb_task1b_ws/install/hb_task_1b/share/hb_task_1b/urdf
[0.564s] copying urdf/hb_bot.urdf.xacro -> /home/ritesh/eyrc23_hb_1796/hb_task1b_ws/install/hb_task_1b/share/hb_task_1b/urdf
[0.564s] copying urdf/materials.xacro -> /home/ritesh/eyrc23_hb_1796/hb_task1b_ws/install/hb_task_1b/share/hb_task_1b/urdf
[0.564s] creating /home/ritesh/eyrc23_hb_1796/hb_task1b_ws/install/hb_task_1b/share/hb_task_1b/meshes
[0.564s] copying meshes/17eyantra_logo_large e.png -> /home/ritesh/eyrc23_hb_1796/hb_task1b_ws/install/hb_task_1b/share/hb_task_1b/meshes
[0.564s] copying meshes/wheel.stl -> /home/ritesh/eyrc23_hb_1796/hb_task1b_ws/install/hb_task_1b/share/hb_task_1b/meshes
[0.567s] copying meshes/base.dae -> /home/ritesh/eyrc23_hb_1796/hb_task1b_ws/install/hb_task_1b/share/hb_task_1b/meshes
[0.568s] running install_egg_info
[0.569s] Copying ../../build/hb_task_1b/hb_task_1b.egg-info to /home/ritesh/eyrc23_hb_1796/hb_task1b_ws/install/hb_task_1b/lib/python3.10/site-packages/hb_task_1b-0.0.0-py3.10.egg-info
[0.570s] running install_scripts
[0.585s] Installing service_node1 script to /home/ritesh/eyrc23_hb_1796/hb_task1b_ws/install/hb_task_1b/lib/hb_task_1b
[0.585s] writing list of installed files to '/home/ritesh/eyrc23_hb_1796/hb_task1b_ws/build/hb_task_1b/install.log'
[0.605s] Invoked command in '/home/ritesh/eyrc23_hb_1796/hb_task1b_ws/src/hb_task_1b' returned '0': PYTHONPATH=/home/ritesh/eyrc23_hb_1796/hb_task1b_ws/build/hb_task_1b/prefix_override:/home/ritesh/eyrc23_hb_1796/hb_task1b_ws/install/hb_task_1b/lib/python3.10/site-packages:${PYTHONPATH} /usr/bin/python3 setup.py egg_info --egg-base ../../build/hb_task_1b build --build-base /home/ritesh/eyrc23_hb_1796/hb_task1b_ws/build/hb_task_1b/build install --record /home/ritesh/eyrc23_hb_1796/hb_task1b_ws/build/hb_task_1b/install.log --single-version-externally-managed
