[0.857s] Invoking command in '/home/subun/eyrc_hb/hb_task_5_ws/build/feedback5': PYTHONPATH=/home/subun/eyrc_hb/hb_task_5_ws/build/feedback5/prefix_override:/home/subun/eyrc_hb/hb_task_5_ws/install/feedback5/lib/python3.10/site-packages:${PYTHONPATH} /usr/bin/python3 setup.py develop --editable --build-directory /home/subun/eyrc_hb/hb_task_5_ws/build/feedback5/build --no-deps install_data
[1.048s] running develop
[1.156s] running egg_info
[1.156s] writing feedback5.egg-info/PKG-INFO
[1.157s] writing dependency_links to feedback5.egg-info/dependency_links.txt
[1.158s] writing entry points to feedback5.egg-info/entry_points.txt
[1.158s] writing requirements to feedback5.egg-info/requires.txt
[1.158s] writing top-level names to feedback5.egg-info/top_level.txt
[1.160s] reading manifest file 'feedback5.egg-info/SOURCES.txt'
[1.161s] writing manifest file 'feedback5.egg-info/SOURCES.txt'
[1.162s] running build_ext
[1.163s] Creating /home/subun/eyrc_hb/hb_task_5_ws/install/feedback5/lib/python3.10/site-packages/feedback5.egg-link (link to .)
[1.163s] Installing feedback_node script to /home/subun/eyrc_hb/hb_task_5_ws/install/feedback5/lib/feedback5
[1.163s] Installing image_proc script to /home/subun/eyrc_hb/hb_task_5_ws/install/feedback5/lib/feedback5
[1.163s] Installing viz_pose script to /home/subun/eyrc_hb/hb_task_5_ws/install/feedback5/lib/feedback5
[1.164s] 
[1.164s] Installed /home/subun/eyrc_hb/hb_task_5_ws/build/feedback5
[1.164s] running install_data
[1.164s] copying launch/viz_pose.launch.py -> /home/subun/eyrc_hb/hb_task_5_ws/install/feedback5/share/feedback5/launch
[1.199s] Invoked command in '/home/subun/eyrc_hb/hb_task_5_ws/build/feedback5' returned '0': PYTHONPATH=/home/subun/eyrc_hb/hb_task_5_ws/build/feedback5/prefix_override:/home/subun/eyrc_hb/hb_task_5_ws/install/feedback5/lib/python3.10/site-packages:${PYTHONPATH} /usr/bin/python3 setup.py develop --editable --build-directory /home/subun/eyrc_hb/hb_task_5_ws/build/feedback5/build --no-deps install_data
