[0.315s] Invoking command in '/home/subun/eyrc_hb/hb_task1a_ws/build/hb_task_1a': PYTHONPATH=/home/subun/eyrc_hb/hb_task1a_ws/build/hb_task_1a/prefix_override:/home/subun/eyrc_hb/hb_task1a_ws/install/hb_task_1a/lib/python3.10/site-packages:${PYTHONPATH} /usr/bin/python3 setup.py develop --editable --build-directory /home/subun/eyrc_hb/hb_task1a_ws/build/hb_task_1a/build --no-deps install_data
[0.445s] running develop
[0.445s] /usr/lib/python3/dist-packages/setuptools/command/easy_install.py:158: EasyInstallDeprecationWarning: easy_install command is deprecated. Use build and pip and other standards-based tools.
[0.445s]   warnings.warn(
[0.446s] /usr/lib/python3/dist-packages/setuptools/command/install.py:34: SetuptoolsDeprecationWarning: setup.py install is deprecated. Use build and pip and other standards-based tools.
[0.446s]   warnings.warn(
[0.516s] running egg_info
[0.516s] writing hb_task_1a.egg-info/PKG-INFO
[0.516s] writing dependency_links to hb_task_1a.egg-info/dependency_links.txt
[0.516s] writing entry points to hb_task_1a.egg-info/entry_points.txt
[0.516s] writing requirements to hb_task_1a.egg-info/requires.txt
[0.516s] writing top-level names to hb_task_1a.egg-info/top_level.txt
[0.517s] reading manifest file 'hb_task_1a.egg-info/SOURCES.txt'
[0.517s] writing manifest file 'hb_task_1a.egg-info/SOURCES.txt'
[0.518s] running build_ext
[0.518s] Creating /home/subun/eyrc_hb/hb_task1a_ws/install/hb_task_1a/lib/python3.10/site-packages/hb-task-1a.egg-link (link to .)
[0.519s] Installing snowman script to /home/subun/eyrc_hb/hb_task1a_ws/install/hb_task_1a/lib/hb_task_1a
[0.519s] 
[0.519s] Installed /home/subun/eyrc_hb/hb_task1a_ws/build/hb_task_1a
[0.519s] running install_data
[0.537s] Invoked command in '/home/subun/eyrc_hb/hb_task1a_ws/build/hb_task_1a' returned '0': PYTHONPATH=/home/subun/eyrc_hb/hb_task1a_ws/build/hb_task_1a/prefix_override:/home/subun/eyrc_hb/hb_task1a_ws/install/hb_task_1a/lib/python3.10/site-packages:${PYTHONPATH} /usr/bin/python3 setup.py develop --editable --build-directory /home/subun/eyrc_hb/hb_task1a_ws/build/hb_task_1a/build --no-deps install_data
