[0.910s] Invoking command in '/home/subun/eyrc_hb/hb_task_2_ws/build/hb_task2a': PYTHONPATH=/home/subun/eyrc_hb/hb_task_2_ws/build/hb_task2a/prefix_override:/home/subun/eyrc_hb/hb_task_2_ws/install/hb_task2a/lib/python3.10/site-packages:${PYTHONPATH} /usr/bin/python3 setup.py develop --editable --build-directory /home/subun/eyrc_hb/hb_task_2_ws/build/hb_task2a/build --no-deps install_data
[1.091s] running develop
[1.184s] running egg_info
[1.184s] writing hb_task2a.egg-info/PKG-INFO
[1.185s] writing dependency_links to hb_task2a.egg-info/dependency_links.txt
[1.185s] writing entry points to hb_task2a.egg-info/entry_points.txt
[1.185s] writing requirements to hb_task2a.egg-info/requires.txt
[1.185s] writing top-level names to hb_task2a.egg-info/top_level.txt
[1.186s] reading manifest file 'hb_task2a.egg-info/SOURCES.txt'
[1.187s] writing manifest file 'hb_task2a.egg-info/SOURCES.txt'
[1.188s] running build_ext
[1.188s] Creating /home/subun/eyrc_hb/hb_task_2_ws/install/hb_task2a/lib/python3.10/site-packages/hb-task2a.egg-link (link to .)
[1.188s] Installing control script to /home/subun/eyrc_hb/hb_task_2_ws/install/hb_task2a/lib/hb_task2a
[1.188s] Installing feedback script to /home/subun/eyrc_hb/hb_task_2_ws/install/hb_task2a/lib/hb_task2a
[1.188s] Installing service_node script to /home/subun/eyrc_hb/hb_task_2_ws/install/hb_task2a/lib/hb_task2a
[1.189s] 
[1.189s] Installed /home/subun/eyrc_hb/hb_task_2_ws/build/hb_task2a
[1.189s] running install_data
[1.189s] copying launch/submission.launch.py -> /home/subun/eyrc_hb/hb_task_2_ws/install/hb_task2a/share/hb_task2a/launch
[1.214s] Invoked command in '/home/subun/eyrc_hb/hb_task_2_ws/build/hb_task2a' returned '0': PYTHONPATH=/home/subun/eyrc_hb/hb_task_2_ws/build/hb_task2a/prefix_override:/home/subun/eyrc_hb/hb_task_2_ws/install/hb_task2a/lib/python3.10/site-packages:${PYTHONPATH} /usr/bin/python3 setup.py develop --editable --build-directory /home/subun/eyrc_hb/hb_task_2_ws/build/hb_task2a/build --no-deps install_data
