[0.548s] Invoking command in '/home/ritesh/eyrc23_hb_1796/hb_task_5_ws/src/feedback5': PYTHONPATH=/home/ritesh/eyrc23_hb_1796/hb_task_5_ws/build/feedback5/prefix_override:/home/ritesh/eyrc23_hb_1796/hb_task_5_ws/install/feedback5/lib/python3.10/site-packages:${PYTHONPATH} /usr/bin/python3 setup.py egg_info --egg-base ../../build/feedback5 build --build-base /home/ritesh/eyrc23_hb_1796/hb_task_5_ws/build/feedback5/build install --record /home/ritesh/eyrc23_hb_1796/hb_task_5_ws/build/feedback5/install.log --single-version-externally-managed
[0.715s] running egg_info
[0.715s] creating ../../build/feedback5/feedback5.egg-info
[0.715s] writing ../../build/feedback5/feedback5.egg-info/PKG-INFO
[0.716s] writing dependency_links to ../../build/feedback5/feedback5.egg-info/dependency_links.txt
[0.716s] writing entry points to ../../build/feedback5/feedback5.egg-info/entry_points.txt
[0.716s] writing requirements to ../../build/feedback5/feedback5.egg-info/requires.txt
[0.716s] writing top-level names to ../../build/feedback5/feedback5.egg-info/top_level.txt
[0.716s] writing manifest file '../../build/feedback5/feedback5.egg-info/SOURCES.txt'
[0.717s] reading manifest file '../../build/feedback5/feedback5.egg-info/SOURCES.txt'
[0.717s] writing manifest file '../../build/feedback5/feedback5.egg-info/SOURCES.txt'
[0.718s] running build
[0.718s] running build_py
[0.718s] creating /home/ritesh/eyrc23_hb_1796/hb_task_5_ws/build/feedback5/build
[0.718s] creating /home/ritesh/eyrc23_hb_1796/hb_task_5_ws/build/feedback5/build/lib
[0.718s] creating /home/ritesh/eyrc23_hb_1796/hb_task_5_ws/build/feedback5/build/lib/feedback5
[0.718s] copying feedback5/feedback_node.py -> /home/ritesh/eyrc23_hb_1796/hb_task_5_ws/build/feedback5/build/lib/feedback5
[0.718s] copying feedback5/viz_pose.py -> /home/ritesh/eyrc23_hb_1796/hb_task_5_ws/build/feedback5/build/lib/feedback5
[0.719s] copying feedback5/__init__.py -> /home/ritesh/eyrc23_hb_1796/hb_task_5_ws/build/feedback5/build/lib/feedback5
[0.719s] copying feedback5/image_proc.py -> /home/ritesh/eyrc23_hb_1796/hb_task_5_ws/build/feedback5/build/lib/feedback5
[0.719s] running install
[0.719s] running install_lib
[0.720s] creating /home/ritesh/eyrc23_hb_1796/hb_task_5_ws/install/feedback5/lib/python3.10/site-packages/feedback5
[0.720s] copying /home/ritesh/eyrc23_hb_1796/hb_task_5_ws/build/feedback5/build/lib/feedback5/feedback_node.py -> /home/ritesh/eyrc23_hb_1796/hb_task_5_ws/install/feedback5/lib/python3.10/site-packages/feedback5
[0.720s] copying /home/ritesh/eyrc23_hb_1796/hb_task_5_ws/build/feedback5/build/lib/feedback5/viz_pose.py -> /home/ritesh/eyrc23_hb_1796/hb_task_5_ws/install/feedback5/lib/python3.10/site-packages/feedback5
[0.720s] copying /home/ritesh/eyrc23_hb_1796/hb_task_5_ws/build/feedback5/build/lib/feedback5/__init__.py -> /home/ritesh/eyrc23_hb_1796/hb_task_5_ws/install/feedback5/lib/python3.10/site-packages/feedback5
[0.721s] copying /home/ritesh/eyrc23_hb_1796/hb_task_5_ws/build/feedback5/build/lib/feedback5/image_proc.py -> /home/ritesh/eyrc23_hb_1796/hb_task_5_ws/install/feedback5/lib/python3.10/site-packages/feedback5
[0.721s] byte-compiling /home/ritesh/eyrc23_hb_1796/hb_task_5_ws/install/feedback5/lib/python3.10/site-packages/feedback5/feedback_node.py to feedback_node.cpython-310.pyc
[0.721s] byte-compiling /home/ritesh/eyrc23_hb_1796/hb_task_5_ws/install/feedback5/lib/python3.10/site-packages/feedback5/viz_pose.py to viz_pose.cpython-310.pyc
[0.721s] byte-compiling /home/ritesh/eyrc23_hb_1796/hb_task_5_ws/install/feedback5/lib/python3.10/site-packages/feedback5/__init__.py to __init__.cpython-310.pyc
[0.721s] byte-compiling /home/ritesh/eyrc23_hb_1796/hb_task_5_ws/install/feedback5/lib/python3.10/site-packages/feedback5/image_proc.py to image_proc.cpython-310.pyc
[0.721s] running install_data
[0.721s] creating /home/ritesh/eyrc23_hb_1796/hb_task_5_ws/install/feedback5/share/ament_index
[0.722s] creating /home/ritesh/eyrc23_hb_1796/hb_task_5_ws/install/feedback5/share/ament_index/resource_index
[0.722s] creating /home/ritesh/eyrc23_hb_1796/hb_task_5_ws/install/feedback5/share/ament_index/resource_index/packages
[0.722s] copying resource/feedback5 -> /home/ritesh/eyrc23_hb_1796/hb_task_5_ws/install/feedback5/share/ament_index/resource_index/packages
[0.722s] creating /home/ritesh/eyrc23_hb_1796/hb_task_5_ws/install/feedback5/share/feedback5/launch
[0.722s] copying launch/viz_pose.launch.py -> /home/ritesh/eyrc23_hb_1796/hb_task_5_ws/install/feedback5/share/feedback5/launch
[0.722s] copying package.xml -> /home/ritesh/eyrc23_hb_1796/hb_task_5_ws/install/feedback5/share/feedback5
[0.722s] running install_egg_info
[0.724s] Copying ../../build/feedback5/feedback5.egg-info to /home/ritesh/eyrc23_hb_1796/hb_task_5_ws/install/feedback5/lib/python3.10/site-packages/feedback5-0.0.0-py3.10.egg-info
[0.725s] running install_scripts
[0.740s] Installing feedback_node script to /home/ritesh/eyrc23_hb_1796/hb_task_5_ws/install/feedback5/lib/feedback5
[0.741s] Installing image_proc script to /home/ritesh/eyrc23_hb_1796/hb_task_5_ws/install/feedback5/lib/feedback5
[0.741s] Installing viz_pose script to /home/ritesh/eyrc23_hb_1796/hb_task_5_ws/install/feedback5/lib/feedback5
[0.741s] writing list of installed files to '/home/ritesh/eyrc23_hb_1796/hb_task_5_ws/build/feedback5/install.log'
[0.762s] Invoked command in '/home/ritesh/eyrc23_hb_1796/hb_task_5_ws/src/feedback5' returned '0': PYTHONPATH=/home/ritesh/eyrc23_hb_1796/hb_task_5_ws/build/feedback5/prefix_override:/home/ritesh/eyrc23_hb_1796/hb_task_5_ws/install/feedback5/lib/python3.10/site-packages:${PYTHONPATH} /usr/bin/python3 setup.py egg_info --egg-base ../../build/feedback5 build --build-base /home/ritesh/eyrc23_hb_1796/hb_task_5_ws/build/feedback5/build install --record /home/ritesh/eyrc23_hb_1796/hb_task_5_ws/build/feedback5/install.log --single-version-externally-managed
