[0.482s] DEBUG:colcon:Command line arguments: ['/usr/bin/colcon', 'build', '--symlink-install']
[0.482s] DEBUG:colcon:Parsed command line arguments: Namespace(log_base=None, log_level=None, verb_name='build', build_base='build', install_base='install', merge_install=False, symlink_install=True, test_result_base=None, continue_on_error=False, executor='parallel', parallel_workers=16, event_handlers=None, ignore_user_meta=False, metas=['./colcon.meta'], base_paths=['.'], packages_ignore=None, packages_ignore_regex=None, paths=None, packages_up_to=None, packages_up_to_regex=None, packages_above=None, packages_above_and_dependencies=None, packages_above_depth=None, packages_select_by_dep=None, packages_skip_by_dep=None, packages_skip_up_to=None, packages_select_build_failed=False, packages_skip_build_finished=False, packages_select_test_failures=False, packages_skip_test_passed=False, packages_select=None, packages_skip=None, packages_select_regex=None, packages_skip_regex=None, packages_start=None, packages_end=None, allow_overriding=[], cmake_args=None, cmake_target=None, cmake_target_skip_unavailable=False, cmake_clean_cache=False, cmake_clean_first=False, cmake_force_configure=False, ament_cmake_args=None, catkin_cmake_args=None, catkin_skip_building_tests=False, verb_parser=<colcon_defaults.argument_parser.defaults.DefaultArgumentsDecorator object at 0x7fac4ff1cc40>, verb_extension=<colcon_core.verb.build.BuildVerb object at 0x7fac4ff1c280>, main=<bound method BuildVerb.main of <colcon_core.verb.build.BuildVerb object at 0x7fac4ff1c280>>)
[0.530s] Level 1:colcon.colcon_core.package_discovery:discover_packages(colcon_meta) check parameters
[0.530s] Level 1:colcon.colcon_core.package_discovery:discover_packages(recursive) check parameters
[0.530s] Level 1:colcon.colcon_core.package_discovery:discover_packages(ignore) check parameters
[0.530s] Level 1:colcon.colcon_core.package_discovery:discover_packages(path) check parameters
[0.530s] Level 1:colcon.colcon_core.package_discovery:discover_packages(colcon_meta) discover
[0.530s] Level 1:colcon.colcon_core.package_discovery:discover_packages(recursive) discover
[0.530s] INFO:colcon.colcon_core.package_discovery:Crawling recursively for packages in '/home/subun/eyrc_hb/hb_task_6_ws'
[0.530s] Level 1:colcon.colcon_core.package_identification:_identify(.) by extensions ['ignore', 'ignore_ament_install']
[0.530s] Level 1:colcon.colcon_core.package_identification:_identify(.) by extension 'ignore'
[0.530s] Level 1:colcon.colcon_core.package_identification:_identify(.) by extension 'ignore_ament_install'
[0.530s] Level 1:colcon.colcon_core.package_identification:_identify(.) by extensions ['colcon_pkg']
[0.530s] Level 1:colcon.colcon_core.package_identification:_identify(.) by extension 'colcon_pkg'
[0.530s] Level 1:colcon.colcon_core.package_identification:_identify(.) by extensions ['colcon_meta']
[0.530s] Level 1:colcon.colcon_core.package_identification:_identify(.) by extension 'colcon_meta'
[0.530s] Level 1:colcon.colcon_core.package_identification:_identify(.) by extensions ['ros']
[0.530s] Level 1:colcon.colcon_core.package_identification:_identify(.) by extension 'ros'
[0.539s] Level 1:colcon.colcon_core.package_identification:_identify(.) by extensions ['cmake', 'python']
[0.539s] Level 1:colcon.colcon_core.package_identification:_identify(.) by extension 'cmake'
[0.539s] Level 1:colcon.colcon_core.package_identification:_identify(.) by extension 'python'
[0.539s] Level 1:colcon.colcon_core.package_identification:_identify(.) by extensions ['python_setup_py']
[0.539s] Level 1:colcon.colcon_core.package_identification:_identify(.) by extension 'python_setup_py'
[0.539s] Level 1:colcon.colcon_core.package_identification:_identify(build) by extensions ['ignore', 'ignore_ament_install']
[0.539s] Level 1:colcon.colcon_core.package_identification:_identify(build) by extension 'ignore'
[0.539s] Level 1:colcon.colcon_core.package_identification:_identify(build) ignored
[0.539s] Level 1:colcon.colcon_core.package_identification:_identify(install) by extensions ['ignore', 'ignore_ament_install']
[0.539s] Level 1:colcon.colcon_core.package_identification:_identify(install) by extension 'ignore'
[0.539s] Level 1:colcon.colcon_core.package_identification:_identify(install) ignored
[0.539s] Level 1:colcon.colcon_core.package_identification:_identify(log) by extensions ['ignore', 'ignore_ament_install']
[0.539s] Level 1:colcon.colcon_core.package_identification:_identify(log) by extension 'ignore'
[0.539s] Level 1:colcon.colcon_core.package_identification:_identify(log) ignored
[0.539s] Level 1:colcon.colcon_core.package_identification:_identify(src) by extensions ['ignore', 'ignore_ament_install']
[0.539s] Level 1:colcon.colcon_core.package_identification:_identify(src) by extension 'ignore'
[0.539s] Level 1:colcon.colcon_core.package_identification:_identify(src) by extension 'ignore_ament_install'
[0.539s] Level 1:colcon.colcon_core.package_identification:_identify(src) by extensions ['colcon_pkg']
[0.539s] Level 1:colcon.colcon_core.package_identification:_identify(src) by extension 'colcon_pkg'
[0.539s] Level 1:colcon.colcon_core.package_identification:_identify(src) by extensions ['colcon_meta']
[0.539s] Level 1:colcon.colcon_core.package_identification:_identify(src) by extension 'colcon_meta'
[0.539s] Level 1:colcon.colcon_core.package_identification:_identify(src) by extensions ['ros']
[0.539s] Level 1:colcon.colcon_core.package_identification:_identify(src) by extension 'ros'
[0.540s] Level 1:colcon.colcon_core.package_identification:_identify(src) by extensions ['cmake', 'python']
[0.540s] Level 1:colcon.colcon_core.package_identification:_identify(src) by extension 'cmake'
[0.540s] Level 1:colcon.colcon_core.package_identification:_identify(src) by extension 'python'
[0.540s] Level 1:colcon.colcon_core.package_identification:_identify(src) by extensions ['python_setup_py']
[0.540s] Level 1:colcon.colcon_core.package_identification:_identify(src) by extension 'python_setup_py'
[0.540s] Level 1:colcon.colcon_core.package_identification:_identify(src/bot_control_6) by extensions ['ignore', 'ignore_ament_install']
[0.540s] Level 1:colcon.colcon_core.package_identification:_identify(src/bot_control_6) by extension 'ignore'
[0.540s] Level 1:colcon.colcon_core.package_identification:_identify(src/bot_control_6) by extension 'ignore_ament_install'
[0.540s] Level 1:colcon.colcon_core.package_identification:_identify(src/bot_control_6) by extensions ['colcon_pkg']
[0.540s] Level 1:colcon.colcon_core.package_identification:_identify(src/bot_control_6) by extension 'colcon_pkg'
[0.540s] Level 1:colcon.colcon_core.package_identification:_identify(src/bot_control_6) by extensions ['colcon_meta']
[0.540s] Level 1:colcon.colcon_core.package_identification:_identify(src/bot_control_6) by extension 'colcon_meta'
[0.540s] Level 1:colcon.colcon_core.package_identification:_identify(src/bot_control_6) by extensions ['ros']
[0.540s] Level 1:colcon.colcon_core.package_identification:_identify(src/bot_control_6) by extension 'ros'
[0.543s] DEBUG:colcon.colcon_core.package_identification:Package 'src/bot_control_6' with type 'ros.ament_python' and name 'bot_control_6'
[0.543s] Level 1:colcon.colcon_core.package_identification:_identify(src/feedback_6) by extensions ['ignore', 'ignore_ament_install']
[0.543s] Level 1:colcon.colcon_core.package_identification:_identify(src/feedback_6) by extension 'ignore'
[0.543s] Level 1:colcon.colcon_core.package_identification:_identify(src/feedback_6) by extension 'ignore_ament_install'
[0.543s] Level 1:colcon.colcon_core.package_identification:_identify(src/feedback_6) by extensions ['colcon_pkg']
[0.543s] Level 1:colcon.colcon_core.package_identification:_identify(src/feedback_6) by extension 'colcon_pkg'
[0.543s] Level 1:colcon.colcon_core.package_identification:_identify(src/feedback_6) by extensions ['colcon_meta']
[0.543s] Level 1:colcon.colcon_core.package_identification:_identify(src/feedback_6) by extension 'colcon_meta'
[0.543s] Level 1:colcon.colcon_core.package_identification:_identify(src/feedback_6) by extensions ['ros']
[0.543s] Level 1:colcon.colcon_core.package_identification:_identify(src/feedback_6) by extension 'ros'
[0.544s] DEBUG:colcon.colcon_core.package_identification:Package 'src/feedback_6' with type 'ros.ament_python' and name 'feedback_6'
[0.544s] Level 1:colcon.colcon_core.package_discovery:discover_packages(recursive) using defaults
[0.544s] Level 1:colcon.colcon_core.package_discovery:discover_packages(ignore) discover
[0.544s] Level 1:colcon.colcon_core.package_discovery:discover_packages(ignore) using defaults
[0.544s] Level 1:colcon.colcon_core.package_discovery:discover_packages(path) discover
[0.544s] Level 1:colcon.colcon_core.package_discovery:discover_packages(path) using defaults
[0.603s] Level 1:colcon.colcon_core.package_discovery:discover_packages(prefix_path) check parameters
[0.603s] Level 1:colcon.colcon_core.package_discovery:discover_packages(prefix_path) discover
[0.623s] DEBUG:colcon.colcon_installed_package_information.package_discovery:Found 3 installed packages in /home/subun/microros_ws/install
[0.636s] DEBUG:colcon.colcon_installed_package_information.package_discovery:Found 3 installed packages in /home/subun/eyrc_hb/hb_task_5_ws/install
[0.643s] DEBUG:colcon.colcon_installed_package_information.package_discovery:Found 2 installed packages in /home/subun/eyrc_hb/hb_task_4_ws/install
[0.650s] DEBUG:colcon.colcon_installed_package_information.package_discovery:Found 5 installed packages in /home/subun/eyrc_hb/hb_task_2_ws/install
[0.657s] DEBUG:colcon.colcon_installed_package_information.package_discovery:Found 3 installed packages in /home/subun/eyrc_hb/hb_task1b_ws/install
[0.663s] DEBUG:colcon.colcon_installed_package_information.package_discovery:Found 2 installed packages in /home/subun/eyrc_hb/hb_task1a_ws/install
[0.670s] DEBUG:colcon.colcon_installed_package_information.package_discovery:Found 1 installed packages in /home/subun/ros_ws/install
[0.677s] DEBUG:colcon.colcon_installed_package_information.package_discovery:Found 287 installed packages in /opt/ros/humble
[0.678s] Level 1:colcon.colcon_core.package_discovery:discover_packages(prefix_path) using defaults
[0.734s] Level 5:colcon.colcon_core.verb:set package 'bot_control_6' build argument 'cmake_args' from command line to 'None'
[0.734s] Level 5:colcon.colcon_core.verb:set package 'bot_control_6' build argument 'cmake_target' from command line to 'None'
[0.734s] Level 5:colcon.colcon_core.verb:set package 'bot_control_6' build argument 'cmake_target_skip_unavailable' from command line to 'False'
[0.734s] Level 5:colcon.colcon_core.verb:set package 'bot_control_6' build argument 'cmake_clean_cache' from command line to 'False'
[0.734s] Level 5:colcon.colcon_core.verb:set package 'bot_control_6' build argument 'cmake_clean_first' from command line to 'False'
[0.734s] Level 5:colcon.colcon_core.verb:set package 'bot_control_6' build argument 'cmake_force_configure' from command line to 'False'
[0.734s] Level 5:colcon.colcon_core.verb:set package 'bot_control_6' build argument 'ament_cmake_args' from command line to 'None'
[0.734s] Level 5:colcon.colcon_core.verb:set package 'bot_control_6' build argument 'catkin_cmake_args' from command line to 'None'
[0.734s] Level 5:colcon.colcon_core.verb:set package 'bot_control_6' build argument 'catkin_skip_building_tests' from command line to 'False'
[0.734s] DEBUG:colcon.colcon_core.verb:Building package 'bot_control_6' with the following arguments: {'ament_cmake_args': None, 'build_base': '/home/subun/eyrc_hb/hb_task_6_ws/build/bot_control_6', 'catkin_cmake_args': None, 'catkin_skip_building_tests': False, 'cmake_args': None, 'cmake_clean_cache': False, 'cmake_clean_first': False, 'cmake_force_configure': False, 'cmake_target': None, 'cmake_target_skip_unavailable': False, 'install_base': '/home/subun/eyrc_hb/hb_task_6_ws/install/bot_control_6', 'merge_install': False, 'path': '/home/subun/eyrc_hb/hb_task_6_ws/src/bot_control_6', 'symlink_install': True, 'test_result_base': None}
[0.741s] Level 5:colcon.colcon_core.verb:set package 'feedback_6' build argument 'cmake_args' from command line to 'None'
[0.741s] Level 5:colcon.colcon_core.verb:set package 'feedback_6' build argument 'cmake_target' from command line to 'None'
[0.741s] Level 5:colcon.colcon_core.verb:set package 'feedback_6' build argument 'cmake_target_skip_unavailable' from command line to 'False'
[0.741s] Level 5:colcon.colcon_core.verb:set package 'feedback_6' build argument 'cmake_clean_cache' from command line to 'False'
[0.741s] Level 5:colcon.colcon_core.verb:set package 'feedback_6' build argument 'cmake_clean_first' from command line to 'False'
[0.741s] Level 5:colcon.colcon_core.verb:set package 'feedback_6' build argument 'cmake_force_configure' from command line to 'False'
[0.741s] Level 5:colcon.colcon_core.verb:set package 'feedback_6' build argument 'ament_cmake_args' from command line to 'None'
[0.741s] Level 5:colcon.colcon_core.verb:set package 'feedback_6' build argument 'catkin_cmake_args' from command line to 'None'
[0.741s] Level 5:colcon.colcon_core.verb:set package 'feedback_6' build argument 'catkin_skip_building_tests' from command line to 'False'
[0.741s] DEBUG:colcon.colcon_core.verb:Building package 'feedback_6' with the following arguments: {'ament_cmake_args': None, 'build_base': '/home/subun/eyrc_hb/hb_task_6_ws/build/feedback_6', 'catkin_cmake_args': None, 'catkin_skip_building_tests': False, 'cmake_args': None, 'cmake_clean_cache': False, 'cmake_clean_first': False, 'cmake_force_configure': False, 'cmake_target': None, 'cmake_target_skip_unavailable': False, 'install_base': '/home/subun/eyrc_hb/hb_task_6_ws/install/feedback_6', 'merge_install': False, 'path': '/home/subun/eyrc_hb/hb_task_6_ws/src/feedback_6', 'symlink_install': True, 'test_result_base': None}
[0.748s] INFO:colcon.colcon_core.executor:Executing jobs using 'parallel' executor
[0.755s] DEBUG:colcon.colcon_parallel_executor.executor.parallel:run_until_complete
[0.755s] INFO:colcon.colcon_ros.task.ament_python.build:Building ROS package in '/home/subun/eyrc_hb/hb_task_6_ws/src/bot_control_6' with build type 'ament_python'
[0.755s] Level 1:colcon.colcon_core.shell:create_environment_hook('bot_control_6', 'ament_prefix_path')
[0.765s] INFO:colcon.colcon_core.plugin_system:Skipping extension 'colcon_core.shell.bat': Not used on non-Windows systems
[0.765s] INFO:colcon.colcon_core.shell:Creating environment hook '/home/subun/eyrc_hb/hb_task_6_ws/install/bot_control_6/share/bot_control_6/hook/ament_prefix_path.ps1'
[0.766s] INFO:colcon.colcon_core.shell:Creating environment descriptor '/home/subun/eyrc_hb/hb_task_6_ws/install/bot_control_6/share/bot_control_6/hook/ament_prefix_path.dsv'
[0.766s] INFO:colcon.colcon_core.shell:Creating environment hook '/home/subun/eyrc_hb/hb_task_6_ws/install/bot_control_6/share/bot_control_6/hook/ament_prefix_path.sh'
[0.774s] INFO:colcon.colcon_core.shell:Skip shell extension 'powershell' for command environment: Not usable outside of PowerShell
[0.774s] DEBUG:colcon.colcon_core.shell:Skip shell extension 'dsv' for command environment
[0.838s] INFO:colcon.colcon_ros.task.ament_python.build:Building ROS package in '/home/subun/eyrc_hb/hb_task_6_ws/src/feedback_6' with build type 'ament_python'
[0.838s] Level 1:colcon.colcon_core.shell:create_environment_hook('feedback_6', 'ament_prefix_path')
[0.845s] INFO:colcon.colcon_core.shell:Creating environment hook '/home/subun/eyrc_hb/hb_task_6_ws/install/feedback_6/share/feedback_6/hook/ament_prefix_path.ps1'
[0.846s] INFO:colcon.colcon_core.shell:Creating environment descriptor '/home/subun/eyrc_hb/hb_task_6_ws/install/feedback_6/share/feedback_6/hook/ament_prefix_path.dsv'
[0.846s] INFO:colcon.colcon_core.shell:Creating environment hook '/home/subun/eyrc_hb/hb_task_6_ws/install/feedback_6/share/feedback_6/hook/ament_prefix_path.sh'
[0.853s] INFO:colcon.colcon_core.shell:Skip shell extension 'powershell' for command environment: Not usable outside of PowerShell
[0.853s] DEBUG:colcon.colcon_core.shell:Skip shell extension 'dsv' for command environment
[1.074s] INFO:colcon.colcon_core.task.python.build:Building Python package in '/home/subun/eyrc_hb/hb_task_6_ws/src/bot_control_6'
[1.081s] INFO:colcon.colcon_core.shell:Skip shell extension 'powershell' for command environment: Not usable outside of PowerShell
[1.081s] DEBUG:colcon.colcon_core.shell:Skip shell extension 'dsv' for command environment
[1.297s] INFO:colcon.colcon_core.task.python.build:Building Python package in '/home/subun/eyrc_hb/hb_task_6_ws/src/feedback_6'
[1.304s] INFO:colcon.colcon_core.shell:Skip shell extension 'powershell' for command environment: Not usable outside of PowerShell
[1.304s] DEBUG:colcon.colcon_core.shell:Skip shell extension 'dsv' for command environment
[1.618s] DEBUG:colcon.colcon_core.event_handler.log_command:Invoking command in '/home/subun/eyrc_hb/hb_task_6_ws/build/bot_control_6': PYTHONPATH=/home/subun/eyrc_hb/hb_task_6_ws/build/bot_control_6/prefix_override:/home/subun/eyrc_hb/hb_task_6_ws/install/bot_control_6/lib/python3.10/site-packages:${PYTHONPATH} /usr/bin/python3 setup.py develop --editable --build-directory /home/subun/eyrc_hb/hb_task_6_ws/build/bot_control_6/build --no-deps install_data
[1.622s] DEBUG:colcon.colcon_core.event_handler.log_command:Invoking command in '/home/subun/eyrc_hb/hb_task_6_ws/build/feedback_6': PYTHONPATH=/home/subun/eyrc_hb/hb_task_6_ws/build/feedback_6/prefix_override:/home/subun/eyrc_hb/hb_task_6_ws/install/feedback_6/lib/python3.10/site-packages:${PYTHONPATH} /usr/bin/python3 setup.py develop --editable --build-directory /home/subun/eyrc_hb/hb_task_6_ws/build/feedback_6/build --no-deps install_data
[1.907s] Level 1:colcon.colcon_core.shell:create_environment_hook('feedback_6', 'pythonpath_develop')
[1.907s] DEBUG:colcon.colcon_core.event_handler.log_command:Invoked command in '/home/subun/eyrc_hb/hb_task_6_ws/build/feedback_6' returned '0': PYTHONPATH=/home/subun/eyrc_hb/hb_task_6_ws/build/feedback_6/prefix_override:/home/subun/eyrc_hb/hb_task_6_ws/install/feedback_6/lib/python3.10/site-packages:${PYTHONPATH} /usr/bin/python3 setup.py develop --editable --build-directory /home/subun/eyrc_hb/hb_task_6_ws/build/feedback_6/build --no-deps install_data
[1.921s] INFO:colcon.colcon_core.shell:Creating environment hook '/home/subun/eyrc_hb/hb_task_6_ws/build/feedback_6/share/feedback_6/hook/pythonpath_develop.ps1'
[1.921s] INFO:colcon.colcon_core.shell:Creating environment descriptor '/home/subun/eyrc_hb/hb_task_6_ws/build/feedback_6/share/feedback_6/hook/pythonpath_develop.dsv'
[1.921s] INFO:colcon.colcon_core.shell:Creating environment hook '/home/subun/eyrc_hb/hb_task_6_ws/build/feedback_6/share/feedback_6/hook/pythonpath_develop.sh'
[1.933s] Level 1:colcon.colcon_core.environment:checking '/home/subun/eyrc_hb/hb_task_6_ws/install/feedback_6' for CMake module files
[1.933s] Level 1:colcon.colcon_core.environment:checking '/home/subun/eyrc_hb/hb_task_6_ws/install/feedback_6' for CMake config files
[1.934s] Level 1:colcon.colcon_core.environment:checking '/home/subun/eyrc_hb/hb_task_6_ws/install/feedback_6/lib'
[1.934s] Level 1:colcon.colcon_core.environment:checking '/home/subun/eyrc_hb/hb_task_6_ws/install/feedback_6/bin'
[1.934s] Level 1:colcon.colcon_core.environment:checking '/home/subun/eyrc_hb/hb_task_6_ws/install/feedback_6/lib/pkgconfig/feedback_6.pc'
[1.934s] Level 1:colcon.colcon_core.environment:checking '/home/subun/eyrc_hb/hb_task_6_ws/install/feedback_6/lib/python3.10/site-packages'
[1.934s] Level 1:colcon.colcon_core.shell:create_environment_hook('feedback_6', 'pythonpath')
[1.941s] INFO:colcon.colcon_core.shell:Creating environment hook '/home/subun/eyrc_hb/hb_task_6_ws/install/feedback_6/share/feedback_6/hook/pythonpath.ps1'
[1.941s] INFO:colcon.colcon_core.shell:Creating environment descriptor '/home/subun/eyrc_hb/hb_task_6_ws/install/feedback_6/share/feedback_6/hook/pythonpath.dsv'
[1.941s] INFO:colcon.colcon_core.shell:Creating environment hook '/home/subun/eyrc_hb/hb_task_6_ws/install/feedback_6/share/feedback_6/hook/pythonpath.sh'
[1.941s] Level 1:colcon.colcon_core.environment:checking '/home/subun/eyrc_hb/hb_task_6_ws/install/feedback_6/bin'
[1.941s] Level 1:colcon.colcon_core.environment:create_environment_scripts_only(feedback_6)
[1.948s] INFO:colcon.colcon_core.shell:Creating package script '/home/subun/eyrc_hb/hb_task_6_ws/install/feedback_6/share/feedback_6/package.ps1'
[1.949s] INFO:colcon.colcon_core.shell:Creating package descriptor '/home/subun/eyrc_hb/hb_task_6_ws/install/feedback_6/share/feedback_6/package.dsv'
[1.949s] INFO:colcon.colcon_core.shell:Creating package script '/home/subun/eyrc_hb/hb_task_6_ws/install/feedback_6/share/feedback_6/package.sh'
[1.950s] INFO:colcon.colcon_core.shell:Creating package script '/home/subun/eyrc_hb/hb_task_6_ws/install/feedback_6/share/feedback_6/package.bash'
[1.951s] INFO:colcon.colcon_core.shell:Creating package script '/home/subun/eyrc_hb/hb_task_6_ws/install/feedback_6/share/feedback_6/package.zsh'
[1.951s] Level 1:colcon.colcon_core.environment:create_file_with_runtime_dependencies(/home/subun/eyrc_hb/hb_task_6_ws/install/feedback_6/share/colcon-core/packages/feedback_6)
[1.952s] Level 1:colcon.colcon_core.shell:create_environment_hook('bot_control_6', 'pythonpath_develop')
[1.953s] DEBUG:colcon.colcon_core.event_handler.log_command:Invoked command in '/home/subun/eyrc_hb/hb_task_6_ws/build/bot_control_6' returned '0': PYTHONPATH=/home/subun/eyrc_hb/hb_task_6_ws/build/bot_control_6/prefix_override:/home/subun/eyrc_hb/hb_task_6_ws/install/bot_control_6/lib/python3.10/site-packages:${PYTHONPATH} /usr/bin/python3 setup.py develop --editable --build-directory /home/subun/eyrc_hb/hb_task_6_ws/build/bot_control_6/build --no-deps install_data
[1.959s] INFO:colcon.colcon_core.shell:Creating environment hook '/home/subun/eyrc_hb/hb_task_6_ws/build/bot_control_6/share/bot_control_6/hook/pythonpath_develop.ps1'
[1.960s] INFO:colcon.colcon_core.shell:Creating environment descriptor '/home/subun/eyrc_hb/hb_task_6_ws/build/bot_control_6/share/bot_control_6/hook/pythonpath_develop.dsv'
[1.960s] INFO:colcon.colcon_core.shell:Creating environment hook '/home/subun/eyrc_hb/hb_task_6_ws/build/bot_control_6/share/bot_control_6/hook/pythonpath_develop.sh'
[1.967s] Level 1:colcon.colcon_core.environment:checking '/home/subun/eyrc_hb/hb_task_6_ws/install/bot_control_6' for CMake module files
[1.967s] Level 1:colcon.colcon_core.environment:checking '/home/subun/eyrc_hb/hb_task_6_ws/install/bot_control_6' for CMake config files
[1.967s] Level 1:colcon.colcon_core.environment:checking '/home/subun/eyrc_hb/hb_task_6_ws/install/bot_control_6/lib'
[1.967s] Level 1:colcon.colcon_core.environment:checking '/home/subun/eyrc_hb/hb_task_6_ws/install/bot_control_6/bin'
[1.968s] Level 1:colcon.colcon_core.environment:checking '/home/subun/eyrc_hb/hb_task_6_ws/install/bot_control_6/lib/pkgconfig/bot_control_6.pc'
[1.968s] Level 1:colcon.colcon_core.environment:checking '/home/subun/eyrc_hb/hb_task_6_ws/install/bot_control_6/lib/python3.10/site-packages'
[1.968s] Level 1:colcon.colcon_core.shell:create_environment_hook('bot_control_6', 'pythonpath')
[1.975s] INFO:colcon.colcon_core.shell:Creating environment hook '/home/subun/eyrc_hb/hb_task_6_ws/install/bot_control_6/share/bot_control_6/hook/pythonpath.ps1'
[1.975s] INFO:colcon.colcon_core.shell:Creating environment descriptor '/home/subun/eyrc_hb/hb_task_6_ws/install/bot_control_6/share/bot_control_6/hook/pythonpath.dsv'
[1.975s] INFO:colcon.colcon_core.shell:Creating environment hook '/home/subun/eyrc_hb/hb_task_6_ws/install/bot_control_6/share/bot_control_6/hook/pythonpath.sh'
[1.975s] Level 1:colcon.colcon_core.environment:checking '/home/subun/eyrc_hb/hb_task_6_ws/install/bot_control_6/bin'
[1.975s] Level 1:colcon.colcon_core.environment:create_environment_scripts_only(bot_control_6)
[1.982s] INFO:colcon.colcon_core.shell:Creating package script '/home/subun/eyrc_hb/hb_task_6_ws/install/bot_control_6/share/bot_control_6/package.ps1'
[1.983s] INFO:colcon.colcon_core.shell:Creating package descriptor '/home/subun/eyrc_hb/hb_task_6_ws/install/bot_control_6/share/bot_control_6/package.dsv'
[1.983s] INFO:colcon.colcon_core.shell:Creating package script '/home/subun/eyrc_hb/hb_task_6_ws/install/bot_control_6/share/bot_control_6/package.sh'
[1.983s] INFO:colcon.colcon_core.shell:Creating package script '/home/subun/eyrc_hb/hb_task_6_ws/install/bot_control_6/share/bot_control_6/package.bash'
[1.983s] INFO:colcon.colcon_core.shell:Creating package script '/home/subun/eyrc_hb/hb_task_6_ws/install/bot_control_6/share/bot_control_6/package.zsh'
[1.983s] Level 1:colcon.colcon_core.environment:create_file_with_runtime_dependencies(/home/subun/eyrc_hb/hb_task_6_ws/install/bot_control_6/share/colcon-core/packages/bot_control_6)
[1.983s] DEBUG:colcon.colcon_parallel_executor.executor.parallel:closing loop
[1.984s] DEBUG:colcon.colcon_parallel_executor.executor.parallel:loop closed
[1.984s] DEBUG:colcon.colcon_parallel_executor.executor.parallel:run_until_complete finished with '0'
[1.984s] DEBUG:colcon.colcon_core.event_reactor:joining thread
[1.995s] INFO:colcon.colcon_core.plugin_system:Skipping extension 'colcon_notification.desktop_notification.terminal_notifier': Not used on non-Darwin systems
[1.995s] INFO:colcon.colcon_core.plugin_system:Skipping extension 'colcon_notification.desktop_notification.win32': Not used on non-Windows systems
[1.995s] INFO:colcon.colcon_notification.desktop_notification:Sending desktop notification using 'notify2'
[2.011s] DEBUG:colcon.colcon_core.event_reactor:joined thread
[2.019s] INFO:colcon.colcon_core.shell:Creating prefix script '/home/subun/eyrc_hb/hb_task_6_ws/install/local_setup.ps1'
[2.020s] INFO:colcon.colcon_core.shell:Creating prefix util module '/home/subun/eyrc_hb/hb_task_6_ws/install/_local_setup_util_ps1.py'
[2.020s] INFO:colcon.colcon_core.shell:Creating prefix chain script '/home/subun/eyrc_hb/hb_task_6_ws/install/setup.ps1'
[2.029s] INFO:colcon.colcon_core.shell:Creating prefix script '/home/subun/eyrc_hb/hb_task_6_ws/install/local_setup.sh'
[2.030s] INFO:colcon.colcon_core.shell:Creating prefix util module '/home/subun/eyrc_hb/hb_task_6_ws/install/_local_setup_util_sh.py'
[2.030s] INFO:colcon.colcon_core.shell:Creating prefix chain script '/home/subun/eyrc_hb/hb_task_6_ws/install/setup.sh'
[2.038s] INFO:colcon.colcon_core.shell:Creating prefix script '/home/subun/eyrc_hb/hb_task_6_ws/install/local_setup.bash'
[2.038s] INFO:colcon.colcon_core.shell:Creating prefix chain script '/home/subun/eyrc_hb/hb_task_6_ws/install/setup.bash'
[2.046s] INFO:colcon.colcon_core.shell:Creating prefix script '/home/subun/eyrc_hb/hb_task_6_ws/install/local_setup.zsh'
[2.047s] INFO:colcon.colcon_core.shell:Creating prefix chain script '/home/subun/eyrc_hb/hb_task_6_ws/install/setup.zsh'
