-- Install configuration: ""
-- Execute custom install script
-- Up-to-date symlink: /home/subun/eyrc_hb/hb_task_2_ws/install/hb_bot/share/hb_bot//launch/Spawn_bot.launch.py
-- Up-to-date symlink: /home/subun/eyrc_hb/hb_task_2_ws/install/hb_bot/share/hb_bot//launch/multi_bot_spawn.launch.py
-- Up-to-date symlink: /home/subun/eyrc_hb/hb_task_2_ws/install/hb_bot/share/hb_bot//meshes/bot_1.dae
-- Up-to-date symlink: /home/subun/eyrc_hb/hb_task_2_ws/install/hb_bot/share/hb_bot//meshes/bot_1.jpg
-- Up-to-date symlink: /home/subun/eyrc_hb/hb_task_2_ws/install/hb_bot/share/hb_bot//meshes/bot_1.jpg.001.jpg
-- Up-to-date symlink: /home/subun/eyrc_hb/hb_task_2_ws/install/hb_bot/share/hb_bot//meshes/bot_2.dae
-- Up-to-date symlink: /home/subun/eyrc_hb/hb_task_2_ws/install/hb_bot/share/hb_bot//meshes/bot_2.jpg
-- Up-to-date symlink: /home/subun/eyrc_hb/hb_task_2_ws/install/hb_bot/share/hb_bot//meshes/bot_2.jpg.001.jpg
-- Up-to-date symlink: /home/subun/eyrc_hb/hb_task_2_ws/install/hb_bot/share/hb_bot//meshes/bot_3.dae
-- Up-to-date symlink: /home/subun/eyrc_hb/hb_task_2_ws/install/hb_bot/share/hb_bot//meshes/bot_3.jpg
-- Up-to-date symlink: /home/subun/eyrc_hb/hb_task_2_ws/install/hb_bot/share/hb_bot//meshes/bot_3.jpg.001.jpg
-- Up-to-date symlink: /home/subun/eyrc_hb/hb_task_2_ws/install/hb_bot/share/hb_bot//meshes/wheel.stl
-- Up-to-date symlink: /home/subun/eyrc_hb/hb_task_2_ws/install/hb_bot/share/hb_bot//urdf/hb_bot_1.urdf.xacro
-- Up-to-date symlink: /home/subun/eyrc_hb/hb_task_2_ws/install/hb_bot/share/hb_bot//urdf/hb_bot_2.urdf.xacro
-- Up-to-date symlink: /home/subun/eyrc_hb/hb_task_2_ws/install/hb_bot/share/hb_bot//urdf/hb_bot_3.urdf.xacro
-- Up-to-date symlink: /home/subun/eyrc_hb/hb_task_2_ws/install/hb_bot/share/hb_bot//urdf/materials.xacro
-- Up-to-date symlink: /home/subun/eyrc_hb/hb_task_2_ws/install/hb_bot/share/ament_index/resource_index/package_run_dependencies/hb_bot
-- Up-to-date symlink: /home/subun/eyrc_hb/hb_task_2_ws/install/hb_bot/share/ament_index/resource_index/parent_prefix_path/hb_bot
-- Up-to-date symlink: /home/subun/eyrc_hb/hb_task_2_ws/install/hb_bot/share/hb_bot/environment/ament_prefix_path.sh
-- Up-to-date symlink: /home/subun/eyrc_hb/hb_task_2_ws/install/hb_bot/share/hb_bot/environment/ament_prefix_path.dsv
-- Up-to-date symlink: /home/subun/eyrc_hb/hb_task_2_ws/install/hb_bot/share/hb_bot/environment/path.sh
-- Up-to-date symlink: /home/subun/eyrc_hb/hb_task_2_ws/install/hb_bot/share/hb_bot/environment/path.dsv
-- Up-to-date symlink: /home/subun/eyrc_hb/hb_task_2_ws/install/hb_bot/share/hb_bot/local_setup.bash
-- Up-to-date symlink: /home/subun/eyrc_hb/hb_task_2_ws/install/hb_bot/share/hb_bot/local_setup.sh
-- Up-to-date symlink: /home/subun/eyrc_hb/hb_task_2_ws/install/hb_bot/share/hb_bot/local_setup.zsh
-- Up-to-date symlink: /home/subun/eyrc_hb/hb_task_2_ws/install/hb_bot/share/hb_bot/local_setup.dsv
-- Symlinking: /home/subun/eyrc_hb/hb_task_2_ws/install/hb_bot/share/hb_bot/package.dsv
-- Up-to-date symlink: /home/subun/eyrc_hb/hb_task_2_ws/install/hb_bot/share/ament_index/resource_index/packages/hb_bot
-- Up-to-date symlink: /home/subun/eyrc_hb/hb_task_2_ws/install/hb_bot/share/hb_bot/cmake/hb_botConfig.cmake
-- Up-to-date symlink: /home/subun/eyrc_hb/hb_task_2_ws/install/hb_bot/share/hb_bot/cmake/hb_botConfig-version.cmake
-- Up-to-date symlink: /home/subun/eyrc_hb/hb_task_2_ws/install/hb_bot/share/hb_bot/package.xml
