[0.395s] Invoking command in '/home/subun/eyrc_hb/hb_task_5_ws/build/bot_interfaces': CMAKE_PREFIX_PATH=${CMAKE_PREFIX_PATH}:/home/subun/eyrc_hb/hb_task_5_ws/install/feedback5:/home/subun/eyrc_hb/hb_task_4_ws/install/feed:/home/subun/eyrc_hb/hb_task_4_ws/install/bot_control:/home/subun/eyrc_hb/hb_task_2_ws/install/hb_task2b:/home/subun/eyrc_hb/hb_task_2_ws/install/hb_task2a:/home/subun/eyrc_hb/hb_task1b_ws/install/hb_task_1b:/home/subun/eyrc_hb/hb_task1a_ws/install/hb_task_1a:/home/subun/ros_ws/install/robot:/opt/ros/humble /usr/bin/cmake /home/subun/eyrc_hb/hb_task_5_ws/src/bot_interfaces -DAMENT_CMAKE_SYMLINK_INSTALL=1 -DCMAKE_INSTALL_PREFIX=/home/subun/eyrc_hb/hb_task_5_ws/install/bot_interfaces
[0.485s] -- The C compiler identification is GNU 11.4.0
[0.558s] -- The CXX compiler identification is GNU 11.4.0
[0.568s] -- Detecting C compiler ABI info
[0.619s] -- Detecting C compiler ABI info - done
[0.623s] -- Check for working C compiler: /usr/bin/cc - skipped
[0.623s] -- Detecting C compile features
[0.624s] -- Detecting C compile features - done
[0.627s] -- Detecting CXX compiler ABI info
[0.684s] -- Detecting CXX compiler ABI info - done
[0.690s] -- Check for working CXX compiler: /usr/bin/c++ - skipped
[0.690s] -- Detecting CXX compile features
[0.690s] -- Detecting CXX compile features - done
[0.697s] -- Found ament_cmake: 1.3.6 (/opt/ros/humble/share/ament_cmake/cmake)
[0.850s] -- Found Python3: /usr/bin/python3.10 (found version "3.10.12") found components: Interpreter 
[0.908s] -- Override CMake install command with custom implementation using symlinks instead of copying resources
[0.945s] -- Found ament_lint_auto: 0.12.9 (/opt/ros/humble/share/ament_lint_auto/cmake)
[1.015s] -- Added test 'lint_cmake' to check CMake code style
[1.016s] -- Added test 'xmllint' to check XML markup files
[1.018s] -- Configuring done
[1.019s] -- Generating done
[1.020s] -- Build files have been written to: /home/subun/eyrc_hb/hb_task_5_ws/build/bot_interfaces
[1.024s] Invoked command in '/home/subun/eyrc_hb/hb_task_5_ws/build/bot_interfaces' returned '0': CMAKE_PREFIX_PATH=${CMAKE_PREFIX_PATH}:/home/subun/eyrc_hb/hb_task_5_ws/install/feedback5:/home/subun/eyrc_hb/hb_task_4_ws/install/feed:/home/subun/eyrc_hb/hb_task_4_ws/install/bot_control:/home/subun/eyrc_hb/hb_task_2_ws/install/hb_task2b:/home/subun/eyrc_hb/hb_task_2_ws/install/hb_task2a:/home/subun/eyrc_hb/hb_task1b_ws/install/hb_task_1b:/home/subun/eyrc_hb/hb_task1a_ws/install/hb_task_1a:/home/subun/ros_ws/install/robot:/opt/ros/humble /usr/bin/cmake /home/subun/eyrc_hb/hb_task_5_ws/src/bot_interfaces -DAMENT_CMAKE_SYMLINK_INSTALL=1 -DCMAKE_INSTALL_PREFIX=/home/subun/eyrc_hb/hb_task_5_ws/install/bot_interfaces
[1.025s] Invoking command in '/home/subun/eyrc_hb/hb_task_5_ws/build/bot_interfaces': CMAKE_PREFIX_PATH=${CMAKE_PREFIX_PATH}:/home/subun/eyrc_hb/hb_task_5_ws/install/feedback5:/home/subun/eyrc_hb/hb_task_4_ws/install/feed:/home/subun/eyrc_hb/hb_task_4_ws/install/bot_control:/home/subun/eyrc_hb/hb_task_2_ws/install/hb_task2b:/home/subun/eyrc_hb/hb_task_2_ws/install/hb_task2a:/home/subun/eyrc_hb/hb_task1b_ws/install/hb_task_1b:/home/subun/eyrc_hb/hb_task1a_ws/install/hb_task_1a:/home/subun/ros_ws/install/robot:/opt/ros/humble /usr/bin/cmake --build /home/subun/eyrc_hb/hb_task_5_ws/build/bot_interfaces -- -j16 -l16
[1.050s] Invoked command in '/home/subun/eyrc_hb/hb_task_5_ws/build/bot_interfaces' returned '0': CMAKE_PREFIX_PATH=${CMAKE_PREFIX_PATH}:/home/subun/eyrc_hb/hb_task_5_ws/install/feedback5:/home/subun/eyrc_hb/hb_task_4_ws/install/feed:/home/subun/eyrc_hb/hb_task_4_ws/install/bot_control:/home/subun/eyrc_hb/hb_task_2_ws/install/hb_task2b:/home/subun/eyrc_hb/hb_task_2_ws/install/hb_task2a:/home/subun/eyrc_hb/hb_task1b_ws/install/hb_task_1b:/home/subun/eyrc_hb/hb_task1a_ws/install/hb_task_1a:/home/subun/ros_ws/install/robot:/opt/ros/humble /usr/bin/cmake --build /home/subun/eyrc_hb/hb_task_5_ws/build/bot_interfaces -- -j16 -l16
[1.072s] Invoking command in '/home/subun/eyrc_hb/hb_task_5_ws/build/bot_interfaces': CMAKE_PREFIX_PATH=${CMAKE_PREFIX_PATH}:/home/subun/eyrc_hb/hb_task_5_ws/install/feedback5:/home/subun/eyrc_hb/hb_task_4_ws/install/feed:/home/subun/eyrc_hb/hb_task_4_ws/install/bot_control:/home/subun/eyrc_hb/hb_task_2_ws/install/hb_task2b:/home/subun/eyrc_hb/hb_task_2_ws/install/hb_task2a:/home/subun/eyrc_hb/hb_task1b_ws/install/hb_task_1b:/home/subun/eyrc_hb/hb_task1a_ws/install/hb_task_1a:/home/subun/ros_ws/install/robot:/opt/ros/humble /usr/bin/cmake --install /home/subun/eyrc_hb/hb_task_5_ws/build/bot_interfaces
[1.079s] -- Install configuration: ""
[1.079s] -- Execute custom install script
[1.079s] -- Symlinking: /home/subun/eyrc_hb/hb_task_5_ws/install/bot_interfaces/share/ament_index/resource_index/package_run_dependencies/bot_interfaces
[1.085s] -- Symlinking: /home/subun/eyrc_hb/hb_task_5_ws/install/bot_interfaces/share/ament_index/resource_index/parent_prefix_path/bot_interfaces
[1.092s] -- Symlinking: /home/subun/eyrc_hb/hb_task_5_ws/install/bot_interfaces/share/bot_interfaces/environment/ament_prefix_path.sh
[1.098s] -- Symlinking: /home/subun/eyrc_hb/hb_task_5_ws/install/bot_interfaces/share/bot_interfaces/environment/ament_prefix_path.dsv
[1.104s] -- Symlinking: /home/subun/eyrc_hb/hb_task_5_ws/install/bot_interfaces/share/bot_interfaces/environment/path.sh
[1.111s] -- Symlinking: /home/subun/eyrc_hb/hb_task_5_ws/install/bot_interfaces/share/bot_interfaces/environment/path.dsv
[1.118s] -- Symlinking: /home/subun/eyrc_hb/hb_task_5_ws/install/bot_interfaces/share/bot_interfaces/local_setup.bash
[1.125s] -- Symlinking: /home/subun/eyrc_hb/hb_task_5_ws/install/bot_interfaces/share/bot_interfaces/local_setup.sh
[1.131s] -- Symlinking: /home/subun/eyrc_hb/hb_task_5_ws/install/bot_interfaces/share/bot_interfaces/local_setup.zsh
[1.138s] -- Symlinking: /home/subun/eyrc_hb/hb_task_5_ws/install/bot_interfaces/share/bot_interfaces/local_setup.dsv
[1.144s] -- Symlinking: /home/subun/eyrc_hb/hb_task_5_ws/install/bot_interfaces/share/bot_interfaces/package.dsv
[1.151s] -- Symlinking: /home/subun/eyrc_hb/hb_task_5_ws/install/bot_interfaces/share/ament_index/resource_index/packages/bot_interfaces
[1.159s] -- Symlinking: /home/subun/eyrc_hb/hb_task_5_ws/install/bot_interfaces/share/bot_interfaces/cmake/bot_interfacesConfig.cmake
[1.165s] -- Symlinking: /home/subun/eyrc_hb/hb_task_5_ws/install/bot_interfaces/share/bot_interfaces/cmake/bot_interfacesConfig-version.cmake
[1.171s] -- Symlinking: /home/subun/eyrc_hb/hb_task_5_ws/install/bot_interfaces/share/bot_interfaces/package.xml
[1.179s] Invoked command in '/home/subun/eyrc_hb/hb_task_5_ws/build/bot_interfaces' returned '0': CMAKE_PREFIX_PATH=${CMAKE_PREFIX_PATH}:/home/subun/eyrc_hb/hb_task_5_ws/install/feedback5:/home/subun/eyrc_hb/hb_task_4_ws/install/feed:/home/subun/eyrc_hb/hb_task_4_ws/install/bot_control:/home/subun/eyrc_hb/hb_task_2_ws/install/hb_task2b:/home/subun/eyrc_hb/hb_task_2_ws/install/hb_task2a:/home/subun/eyrc_hb/hb_task1b_ws/install/hb_task_1b:/home/subun/eyrc_hb/hb_task1a_ws/install/hb_task_1a:/home/subun/ros_ws/install/robot:/opt/ros/humble /usr/bin/cmake --install /home/subun/eyrc_hb/hb_task_5_ws/build/bot_interfaces
