[0.382s] Invoking command in '/home/subun/eyrc_hb/hb_task1b_ws/build/hb_task_1b': PYTHONPATH=/home/subun/eyrc_hb/hb_task1b_ws/build/hb_task_1b/prefix_override:/home/subun/eyrc_hb/hb_task1b_ws/install/hb_task_1b/lib/python3.10/site-packages:${PYTHONPATH} /usr/bin/python3 setup.py develop --editable --build-directory /home/subun/eyrc_hb/hb_task1b_ws/build/hb_task_1b/build --no-deps install_data
[0.531s] running develop
[0.616s] running egg_info
[0.616s] writing hb_task_1b.egg-info/PKG-INFO
[0.617s] writing dependency_links to hb_task_1b.egg-info/dependency_links.txt
[0.617s] writing entry points to hb_task_1b.egg-info/entry_points.txt
[0.617s] writing requirements to hb_task_1b.egg-info/requires.txt
[0.617s] writing top-level names to hb_task_1b.egg-info/top_level.txt
[0.618s] reading manifest file 'hb_task_1b.egg-info/SOURCES.txt'
[0.619s] writing manifest file 'hb_task_1b.egg-info/SOURCES.txt'
[0.619s] running build_ext
[0.619s] Creating /home/subun/eyrc_hb/hb_task1b_ws/install/hb_task_1b/lib/python3.10/site-packages/hb-task-1b.egg-link (link to .)
[0.620s] 
[0.620s] Installed /home/subun/eyrc_hb/hb_task1b_ws/build/hb_task_1b
[0.620s] running install_data
[0.620s] creating /home/subun/eyrc_hb/hb_task1b_ws/install/hb_task_1b/share/hb_task_1b/launch
[0.620s] copying launch/gazebo.launch.py -> /home/subun/eyrc_hb/hb_task1b_ws/install/hb_task_1b/share/hb_task_1b/launch
[0.620s] creating /home/subun/eyrc_hb/hb_task1b_ws/install/hb_task_1b/share/hb_task_1b/urdf
[0.620s] copying urdf/hb_bot.urdf.xacro -> /home/subun/eyrc_hb/hb_task1b_ws/install/hb_task_1b/share/hb_task_1b/urdf
[0.621s] copying urdf/materials.xacro -> /home/subun/eyrc_hb/hb_task1b_ws/install/hb_task_1b/share/hb_task_1b/urdf
[0.621s] creating /home/subun/eyrc_hb/hb_task1b_ws/install/hb_task_1b/share/hb_task_1b/meshes
[0.643s] Invoked command in '/home/subun/eyrc_hb/hb_task1b_ws/build/hb_task_1b' returned '0': PYTHONPATH=/home/subun/eyrc_hb/hb_task1b_ws/build/hb_task_1b/prefix_override:/home/subun/eyrc_hb/hb_task1b_ws/install/hb_task_1b/lib/python3.10/site-packages:${PYTHONPATH} /usr/bin/python3 setup.py develop --editable --build-directory /home/subun/eyrc_hb/hb_task1b_ws/build/hb_task_1b/build --no-deps install_data
