[0.493s] DEBUG:colcon:Command line arguments: ['/usr/bin/colcon', 'build', '--symlink-install']
[0.493s] DEBUG:colcon:Parsed command line arguments: Namespace(log_base=None, log_level=None, verb_name='build', build_base='build', install_base='install', merge_install=False, symlink_install=True, test_result_base=None, continue_on_error=False, executor='parallel', parallel_workers=16, event_handlers=None, ignore_user_meta=False, metas=['./colcon.meta'], base_paths=['.'], packages_ignore=None, packages_ignore_regex=None, paths=None, packages_up_to=None, packages_up_to_regex=None, packages_above=None, packages_above_and_dependencies=None, packages_above_depth=None, packages_select_by_dep=None, packages_skip_by_dep=None, packages_skip_up_to=None, packages_select_build_failed=False, packages_skip_build_finished=False, packages_select_test_failures=False, packages_skip_test_passed=False, packages_select=None, packages_skip=None, packages_select_regex=None, packages_skip_regex=None, packages_start=None, packages_end=None, allow_overriding=[], cmake_args=None, cmake_target=None, cmake_target_skip_unavailable=False, cmake_clean_cache=False, cmake_clean_first=False, cmake_force_configure=False, ament_cmake_args=None, catkin_cmake_args=None, catkin_skip_building_tests=False, verb_parser=<colcon_defaults.argument_parser.defaults.DefaultArgumentsDecorator object at 0x7f8f3c31b070>, verb_extension=<colcon_core.verb.build.BuildVerb object at 0x7f8f3c31b910>, main=<bound method BuildVerb.main of <colcon_core.verb.build.BuildVerb object at 0x7f8f3c31b910>>)
[0.517s] Level 1:colcon.colcon_core.package_discovery:discover_packages(colcon_meta) check parameters
[0.518s] Level 1:colcon.colcon_core.package_discovery:discover_packages(recursive) check parameters
[0.518s] Level 1:colcon.colcon_core.package_discovery:discover_packages(ignore) check parameters
[0.518s] Level 1:colcon.colcon_core.package_discovery:discover_packages(path) check parameters
[0.518s] Level 1:colcon.colcon_core.package_discovery:discover_packages(colcon_meta) discover
[0.518s] Level 1:colcon.colcon_core.package_discovery:discover_packages(recursive) discover
[0.518s] INFO:colcon.colcon_core.package_discovery:Crawling recursively for packages in '/home/subun/eyrc_hb/hb_task_5_ws'
[0.518s] Level 1:colcon.colcon_core.package_identification:_identify(.) by extensions ['ignore', 'ignore_ament_install']
[0.518s] Level 1:colcon.colcon_core.package_identification:_identify(.) by extension 'ignore'
[0.518s] Level 1:colcon.colcon_core.package_identification:_identify(.) by extension 'ignore_ament_install'
[0.518s] Level 1:colcon.colcon_core.package_identification:_identify(.) by extensions ['colcon_pkg']
[0.518s] Level 1:colcon.colcon_core.package_identification:_identify(.) by extension 'colcon_pkg'
[0.518s] Level 1:colcon.colcon_core.package_identification:_identify(.) by extensions ['colcon_meta']
[0.518s] Level 1:colcon.colcon_core.package_identification:_identify(.) by extension 'colcon_meta'
[0.518s] Level 1:colcon.colcon_core.package_identification:_identify(.) by extensions ['ros']
[0.518s] Level 1:colcon.colcon_core.package_identification:_identify(.) by extension 'ros'
[0.524s] Level 1:colcon.colcon_core.package_identification:_identify(.) by extensions ['cmake', 'python']
[0.524s] Level 1:colcon.colcon_core.package_identification:_identify(.) by extension 'cmake'
[0.524s] Level 1:colcon.colcon_core.package_identification:_identify(.) by extension 'python'
[0.524s] Level 1:colcon.colcon_core.package_identification:_identify(.) by extensions ['python_setup_py']
[0.524s] Level 1:colcon.colcon_core.package_identification:_identify(.) by extension 'python_setup_py'
[0.524s] Level 1:colcon.colcon_core.package_identification:_identify(build) by extensions ['ignore', 'ignore_ament_install']
[0.524s] Level 1:colcon.colcon_core.package_identification:_identify(build) by extension 'ignore'
[0.524s] Level 1:colcon.colcon_core.package_identification:_identify(build) ignored
[0.524s] Level 1:colcon.colcon_core.package_identification:_identify(install) by extensions ['ignore', 'ignore_ament_install']
[0.524s] Level 1:colcon.colcon_core.package_identification:_identify(install) by extension 'ignore'
[0.524s] Level 1:colcon.colcon_core.package_identification:_identify(install) ignored
[0.525s] Level 1:colcon.colcon_core.package_identification:_identify(log) by extensions ['ignore', 'ignore_ament_install']
[0.525s] Level 1:colcon.colcon_core.package_identification:_identify(log) by extension 'ignore'
[0.525s] Level 1:colcon.colcon_core.package_identification:_identify(log) ignored
[0.525s] Level 1:colcon.colcon_core.package_identification:_identify(src) by extensions ['ignore', 'ignore_ament_install']
[0.525s] Level 1:colcon.colcon_core.package_identification:_identify(src) by extension 'ignore'
[0.525s] Level 1:colcon.colcon_core.package_identification:_identify(src) by extension 'ignore_ament_install'
[0.525s] Level 1:colcon.colcon_core.package_identification:_identify(src) by extensions ['colcon_pkg']
[0.525s] Level 1:colcon.colcon_core.package_identification:_identify(src) by extension 'colcon_pkg'
[0.525s] Level 1:colcon.colcon_core.package_identification:_identify(src) by extensions ['colcon_meta']
[0.525s] Level 1:colcon.colcon_core.package_identification:_identify(src) by extension 'colcon_meta'
[0.525s] Level 1:colcon.colcon_core.package_identification:_identify(src) by extensions ['ros']
[0.525s] Level 1:colcon.colcon_core.package_identification:_identify(src) by extension 'ros'
[0.525s] Level 1:colcon.colcon_core.package_identification:_identify(src) by extensions ['cmake', 'python']
[0.525s] Level 1:colcon.colcon_core.package_identification:_identify(src) by extension 'cmake'
[0.525s] Level 1:colcon.colcon_core.package_identification:_identify(src) by extension 'python'
[0.525s] Level 1:colcon.colcon_core.package_identification:_identify(src) by extensions ['python_setup_py']
[0.525s] Level 1:colcon.colcon_core.package_identification:_identify(src) by extension 'python_setup_py'
[0.525s] Level 1:colcon.colcon_core.package_identification:_identify(src/bot_control5) by extensions ['ignore', 'ignore_ament_install']
[0.525s] Level 1:colcon.colcon_core.package_identification:_identify(src/bot_control5) by extension 'ignore'
[0.525s] Level 1:colcon.colcon_core.package_identification:_identify(src/bot_control5) by extension 'ignore_ament_install'
[0.525s] Level 1:colcon.colcon_core.package_identification:_identify(src/bot_control5) by extensions ['colcon_pkg']
[0.525s] Level 1:colcon.colcon_core.package_identification:_identify(src/bot_control5) by extension 'colcon_pkg'
[0.525s] Level 1:colcon.colcon_core.package_identification:_identify(src/bot_control5) by extensions ['colcon_meta']
[0.525s] Level 1:colcon.colcon_core.package_identification:_identify(src/bot_control5) by extension 'colcon_meta'
[0.525s] Level 1:colcon.colcon_core.package_identification:_identify(src/bot_control5) by extensions ['ros']
[0.525s] Level 1:colcon.colcon_core.package_identification:_identify(src/bot_control5) by extension 'ros'
[0.527s] DEBUG:colcon.colcon_core.package_identification:Package 'src/bot_control5' with type 'ros.ament_python' and name 'bot_control5'
[0.527s] Level 1:colcon.colcon_core.package_identification:_identify(src/bot_interfaces) by extensions ['ignore', 'ignore_ament_install']
[0.527s] Level 1:colcon.colcon_core.package_identification:_identify(src/bot_interfaces) by extension 'ignore'
[0.528s] Level 1:colcon.colcon_core.package_identification:_identify(src/bot_interfaces) by extension 'ignore_ament_install'
[0.528s] Level 1:colcon.colcon_core.package_identification:_identify(src/bot_interfaces) by extensions ['colcon_pkg']
[0.528s] Level 1:colcon.colcon_core.package_identification:_identify(src/bot_interfaces) by extension 'colcon_pkg'
[0.528s] Level 1:colcon.colcon_core.package_identification:_identify(src/bot_interfaces) by extensions ['colcon_meta']
[0.528s] Level 1:colcon.colcon_core.package_identification:_identify(src/bot_interfaces) by extension 'colcon_meta'
[0.528s] Level 1:colcon.colcon_core.package_identification:_identify(src/bot_interfaces) by extensions ['ros']
[0.528s] Level 1:colcon.colcon_core.package_identification:_identify(src/bot_interfaces) by extension 'ros'
[0.528s] DEBUG:colcon.colcon_core.package_identification:Package 'src/bot_interfaces' with type 'ros.ament_cmake' and name 'bot_interfaces'
[0.529s] Level 1:colcon.colcon_core.package_identification:_identify(src/feedback5) by extensions ['ignore', 'ignore_ament_install']
[0.529s] Level 1:colcon.colcon_core.package_identification:_identify(src/feedback5) by extension 'ignore'
[0.529s] Level 1:colcon.colcon_core.package_identification:_identify(src/feedback5) by extension 'ignore_ament_install'
[0.529s] Level 1:colcon.colcon_core.package_identification:_identify(src/feedback5) by extensions ['colcon_pkg']
[0.529s] Level 1:colcon.colcon_core.package_identification:_identify(src/feedback5) by extension 'colcon_pkg'
[0.529s] Level 1:colcon.colcon_core.package_identification:_identify(src/feedback5) by extensions ['colcon_meta']
[0.529s] Level 1:colcon.colcon_core.package_identification:_identify(src/feedback5) by extension 'colcon_meta'
[0.529s] Level 1:colcon.colcon_core.package_identification:_identify(src/feedback5) by extensions ['ros']
[0.529s] Level 1:colcon.colcon_core.package_identification:_identify(src/feedback5) by extension 'ros'
[0.529s] DEBUG:colcon.colcon_core.package_identification:Package 'src/feedback5' with type 'ros.ament_python' and name 'feedback5'
[0.529s] Level 1:colcon.colcon_core.package_discovery:discover_packages(recursive) using defaults
[0.529s] Level 1:colcon.colcon_core.package_discovery:discover_packages(ignore) discover
[0.529s] Level 1:colcon.colcon_core.package_discovery:discover_packages(ignore) using defaults
[0.529s] Level 1:colcon.colcon_core.package_discovery:discover_packages(path) discover
[0.529s] Level 1:colcon.colcon_core.package_discovery:discover_packages(path) using defaults
[0.575s] Level 1:colcon.colcon_core.package_discovery:discover_packages(prefix_path) check parameters
[0.575s] Level 1:colcon.colcon_core.package_discovery:discover_packages(prefix_path) discover
[0.593s] DEBUG:colcon.colcon_installed_package_information.package_discovery:Found 3 installed packages in /home/subun/microros_ws/install
[0.600s] DEBUG:colcon.colcon_installed_package_information.package_discovery:Found 1 installed packages in /home/subun/eyrc_hb/hb_task_5_ws/install
[0.613s] DEBUG:colcon.colcon_installed_package_information.package_discovery:Found 2 installed packages in /home/subun/eyrc_hb/hb_task_4_ws/install
[0.620s] DEBUG:colcon.colcon_installed_package_information.package_discovery:Found 5 installed packages in /home/subun/eyrc_hb/hb_task_2_ws/install
[0.627s] DEBUG:colcon.colcon_installed_package_information.package_discovery:Found 3 installed packages in /home/subun/eyrc_hb/hb_task1b_ws/install
[0.634s] DEBUG:colcon.colcon_installed_package_information.package_discovery:Found 2 installed packages in /home/subun/eyrc_hb/hb_task1a_ws/install
[0.641s] DEBUG:colcon.colcon_installed_package_information.package_discovery:Found 1 installed packages in /home/subun/ros_ws/install
[0.648s] DEBUG:colcon.colcon_installed_package_information.package_discovery:Found 287 installed packages in /opt/ros/humble
[0.649s] Level 1:colcon.colcon_core.package_discovery:discover_packages(prefix_path) using defaults
[0.699s] Level 5:colcon.colcon_core.verb:set package 'bot_control5' build argument 'cmake_args' from command line to 'None'
[0.699s] Level 5:colcon.colcon_core.verb:set package 'bot_control5' build argument 'cmake_target' from command line to 'None'
[0.699s] Level 5:colcon.colcon_core.verb:set package 'bot_control5' build argument 'cmake_target_skip_unavailable' from command line to 'False'
[0.699s] Level 5:colcon.colcon_core.verb:set package 'bot_control5' build argument 'cmake_clean_cache' from command line to 'False'
[0.699s] Level 5:colcon.colcon_core.verb:set package 'bot_control5' build argument 'cmake_clean_first' from command line to 'False'
[0.699s] Level 5:colcon.colcon_core.verb:set package 'bot_control5' build argument 'cmake_force_configure' from command line to 'False'
[0.699s] Level 5:colcon.colcon_core.verb:set package 'bot_control5' build argument 'ament_cmake_args' from command line to 'None'
[0.699s] Level 5:colcon.colcon_core.verb:set package 'bot_control5' build argument 'catkin_cmake_args' from command line to 'None'
[0.699s] Level 5:colcon.colcon_core.verb:set package 'bot_control5' build argument 'catkin_skip_building_tests' from command line to 'False'
[0.699s] DEBUG:colcon.colcon_core.verb:Building package 'bot_control5' with the following arguments: {'ament_cmake_args': None, 'build_base': '/home/subun/eyrc_hb/hb_task_5_ws/build/bot_control5', 'catkin_cmake_args': None, 'catkin_skip_building_tests': False, 'cmake_args': None, 'cmake_clean_cache': False, 'cmake_clean_first': False, 'cmake_force_configure': False, 'cmake_target': None, 'cmake_target_skip_unavailable': False, 'install_base': '/home/subun/eyrc_hb/hb_task_5_ws/install/bot_control5', 'merge_install': False, 'path': '/home/subun/eyrc_hb/hb_task_5_ws/src/bot_control5', 'symlink_install': True, 'test_result_base': None}
[0.706s] Level 5:colcon.colcon_core.verb:set package 'bot_interfaces' build argument 'cmake_args' from command line to 'None'
[0.706s] Level 5:colcon.colcon_core.verb:set package 'bot_interfaces' build argument 'cmake_target' from command line to 'None'
[0.706s] Level 5:colcon.colcon_core.verb:set package 'bot_interfaces' build argument 'cmake_target_skip_unavailable' from command line to 'False'
[0.706s] Level 5:colcon.colcon_core.verb:set package 'bot_interfaces' build argument 'cmake_clean_cache' from command line to 'False'
[0.706s] Level 5:colcon.colcon_core.verb:set package 'bot_interfaces' build argument 'cmake_clean_first' from command line to 'False'
[0.706s] Level 5:colcon.colcon_core.verb:set package 'bot_interfaces' build argument 'cmake_force_configure' from command line to 'False'
[0.706s] Level 5:colcon.colcon_core.verb:set package 'bot_interfaces' build argument 'ament_cmake_args' from command line to 'None'
[0.706s] Level 5:colcon.colcon_core.verb:set package 'bot_interfaces' build argument 'catkin_cmake_args' from command line to 'None'
[0.706s] Level 5:colcon.colcon_core.verb:set package 'bot_interfaces' build argument 'catkin_skip_building_tests' from command line to 'False'
[0.706s] DEBUG:colcon.colcon_core.verb:Building package 'bot_interfaces' with the following arguments: {'ament_cmake_args': None, 'build_base': '/home/subun/eyrc_hb/hb_task_5_ws/build/bot_interfaces', 'catkin_cmake_args': None, 'catkin_skip_building_tests': False, 'cmake_args': None, 'cmake_clean_cache': False, 'cmake_clean_first': False, 'cmake_force_configure': False, 'cmake_target': None, 'cmake_target_skip_unavailable': False, 'install_base': '/home/subun/eyrc_hb/hb_task_5_ws/install/bot_interfaces', 'merge_install': False, 'path': '/home/subun/eyrc_hb/hb_task_5_ws/src/bot_interfaces', 'symlink_install': True, 'test_result_base': None}
[0.713s] Level 5:colcon.colcon_core.verb:set package 'feedback5' build argument 'cmake_args' from command line to 'None'
[0.713s] Level 5:colcon.colcon_core.verb:set package 'feedback5' build argument 'cmake_target' from command line to 'None'
[0.713s] Level 5:colcon.colcon_core.verb:set package 'feedback5' build argument 'cmake_target_skip_unavailable' from command line to 'False'
[0.713s] Level 5:colcon.colcon_core.verb:set package 'feedback5' build argument 'cmake_clean_cache' from command line to 'False'
[0.713s] Level 5:colcon.colcon_core.verb:set package 'feedback5' build argument 'cmake_clean_first' from command line to 'False'
[0.713s] Level 5:colcon.colcon_core.verb:set package 'feedback5' build argument 'cmake_force_configure' from command line to 'False'
[0.713s] Level 5:colcon.colcon_core.verb:set package 'feedback5' build argument 'ament_cmake_args' from command line to 'None'
[0.713s] Level 5:colcon.colcon_core.verb:set package 'feedback5' build argument 'catkin_cmake_args' from command line to 'None'
[0.713s] Level 5:colcon.colcon_core.verb:set package 'feedback5' build argument 'catkin_skip_building_tests' from command line to 'False'
[0.713s] DEBUG:colcon.colcon_core.verb:Building package 'feedback5' with the following arguments: {'ament_cmake_args': None, 'build_base': '/home/subun/eyrc_hb/hb_task_5_ws/build/feedback5', 'catkin_cmake_args': None, 'catkin_skip_building_tests': False, 'cmake_args': None, 'cmake_clean_cache': False, 'cmake_clean_first': False, 'cmake_force_configure': False, 'cmake_target': None, 'cmake_target_skip_unavailable': False, 'install_base': '/home/subun/eyrc_hb/hb_task_5_ws/install/feedback5', 'merge_install': False, 'path': '/home/subun/eyrc_hb/hb_task_5_ws/src/feedback5', 'symlink_install': True, 'test_result_base': None}
[0.720s] INFO:colcon.colcon_core.executor:Executing jobs using 'parallel' executor
[0.727s] DEBUG:colcon.colcon_parallel_executor.executor.parallel:run_until_complete
[0.727s] INFO:colcon.colcon_ros.task.ament_python.build:Building ROS package in '/home/subun/eyrc_hb/hb_task_5_ws/src/bot_control5' with build type 'ament_python'
[0.727s] Level 1:colcon.colcon_core.shell:create_environment_hook('bot_control5', 'ament_prefix_path')
[0.737s] INFO:colcon.colcon_core.plugin_system:Skipping extension 'colcon_core.shell.bat': Not used on non-Windows systems
[0.737s] INFO:colcon.colcon_core.shell:Creating environment hook '/home/subun/eyrc_hb/hb_task_5_ws/install/bot_control5/share/bot_control5/hook/ament_prefix_path.ps1'
[0.738s] INFO:colcon.colcon_core.shell:Creating environment descriptor '/home/subun/eyrc_hb/hb_task_5_ws/install/bot_control5/share/bot_control5/hook/ament_prefix_path.dsv'
[0.738s] INFO:colcon.colcon_core.shell:Creating environment hook '/home/subun/eyrc_hb/hb_task_5_ws/install/bot_control5/share/bot_control5/hook/ament_prefix_path.sh'
[0.746s] INFO:colcon.colcon_core.shell:Skip shell extension 'powershell' for command environment: Not usable outside of PowerShell
[0.746s] DEBUG:colcon.colcon_core.shell:Skip shell extension 'dsv' for command environment
[0.810s] INFO:colcon.colcon_ros.task.ament_cmake.build:Building ROS package in '/home/subun/eyrc_hb/hb_task_5_ws/src/bot_interfaces' with build type 'ament_cmake'
[0.810s] INFO:colcon.colcon_cmake.task.cmake.build:Building CMake package in '/home/subun/eyrc_hb/hb_task_5_ws/src/bot_interfaces'
[0.818s] INFO:colcon.colcon_core.shell:Skip shell extension 'powershell' for command environment: Not usable outside of PowerShell
[0.818s] DEBUG:colcon.colcon_core.shell:Skip shell extension 'dsv' for command environment
[0.887s] INFO:colcon.colcon_ros.task.ament_python.build:Building ROS package in '/home/subun/eyrc_hb/hb_task_5_ws/src/feedback5' with build type 'ament_python'
[0.887s] Level 1:colcon.colcon_core.shell:create_environment_hook('feedback5', 'ament_prefix_path')
[0.895s] INFO:colcon.colcon_core.shell:Creating environment hook '/home/subun/eyrc_hb/hb_task_5_ws/install/feedback5/share/feedback5/hook/ament_prefix_path.ps1'
[0.895s] INFO:colcon.colcon_core.shell:Creating environment descriptor '/home/subun/eyrc_hb/hb_task_5_ws/install/feedback5/share/feedback5/hook/ament_prefix_path.dsv'
[0.895s] INFO:colcon.colcon_core.shell:Creating environment hook '/home/subun/eyrc_hb/hb_task_5_ws/install/feedback5/share/feedback5/hook/ament_prefix_path.sh'
[0.902s] INFO:colcon.colcon_core.shell:Skip shell extension 'powershell' for command environment: Not usable outside of PowerShell
[0.902s] DEBUG:colcon.colcon_core.shell:Skip shell extension 'dsv' for command environment
[1.126s] INFO:colcon.colcon_core.task.python.build:Building Python package in '/home/subun/eyrc_hb/hb_task_5_ws/src/bot_control5'
[1.133s] INFO:colcon.colcon_core.shell:Skip shell extension 'powershell' for command environment: Not usable outside of PowerShell
[1.133s] DEBUG:colcon.colcon_core.shell:Skip shell extension 'dsv' for command environment
[1.206s] DEBUG:colcon.colcon_core.event_handler.log_command:Invoking command in '/home/subun/eyrc_hb/hb_task_5_ws/build/bot_interfaces': CMAKE_PREFIX_PATH=${CMAKE_PREFIX_PATH}:/home/subun/eyrc_hb/hb_task_5_ws/install/feedback5:/home/subun/eyrc_hb/hb_task_4_ws/install/feed:/home/subun/eyrc_hb/hb_task_4_ws/install/bot_control:/home/subun/eyrc_hb/hb_task_2_ws/install/hb_task2b:/home/subun/eyrc_hb/hb_task_2_ws/install/hb_task2a:/home/subun/eyrc_hb/hb_task1b_ws/install/hb_task_1b:/home/subun/eyrc_hb/hb_task1a_ws/install/hb_task_1a:/home/subun/ros_ws/install/robot:/opt/ros/humble /usr/bin/cmake /home/subun/eyrc_hb/hb_task_5_ws/src/bot_interfaces -DAMENT_CMAKE_SYMLINK_INSTALL=1 -DCMAKE_INSTALL_PREFIX=/home/subun/eyrc_hb/hb_task_5_ws/install/bot_interfaces
[1.391s] INFO:colcon.colcon_core.task.python.build:Building Python package in '/home/subun/eyrc_hb/hb_task_5_ws/src/feedback5'
[1.400s] INFO:colcon.colcon_core.shell:Skip shell extension 'powershell' for command environment: Not usable outside of PowerShell
[1.400s] DEBUG:colcon.colcon_core.shell:Skip shell extension 'dsv' for command environment
[1.745s] DEBUG:colcon.colcon_core.event_handler.log_command:Invoking command in '/home/subun/eyrc_hb/hb_task_5_ws/build/feedback5': PYTHONPATH=/home/subun/eyrc_hb/hb_task_5_ws/build/feedback5/prefix_override:/home/subun/eyrc_hb/hb_task_5_ws/install/feedback5/lib/python3.10/site-packages:${PYTHONPATH} /usr/bin/python3 setup.py develop --editable --build-directory /home/subun/eyrc_hb/hb_task_5_ws/build/feedback5/build --no-deps install_data
[1.747s] DEBUG:colcon.colcon_core.event_handler.log_command:Invoking command in '/home/subun/eyrc_hb/hb_task_5_ws/build/bot_control5': PYTHONPATH=/home/subun/eyrc_hb/hb_task_5_ws/build/bot_control5/prefix_override:/home/subun/eyrc_hb/hb_task_5_ws/install/bot_control5/lib/python3.10/site-packages:${PYTHONPATH} /usr/bin/python3 setup.py develop --editable --build-directory /home/subun/eyrc_hb/hb_task_5_ws/build/bot_control5/build --no-deps install_data
[1.835s] DEBUG:colcon.colcon_core.event_handler.log_command:Invoked command in '/home/subun/eyrc_hb/hb_task_5_ws/build/bot_interfaces' returned '0': CMAKE_PREFIX_PATH=${CMAKE_PREFIX_PATH}:/home/subun/eyrc_hb/hb_task_5_ws/install/feedback5:/home/subun/eyrc_hb/hb_task_4_ws/install/feed:/home/subun/eyrc_hb/hb_task_4_ws/install/bot_control:/home/subun/eyrc_hb/hb_task_2_ws/install/hb_task2b:/home/subun/eyrc_hb/hb_task_2_ws/install/hb_task2a:/home/subun/eyrc_hb/hb_task1b_ws/install/hb_task_1b:/home/subun/eyrc_hb/hb_task1a_ws/install/hb_task_1a:/home/subun/ros_ws/install/robot:/opt/ros/humble /usr/bin/cmake /home/subun/eyrc_hb/hb_task_5_ws/src/bot_interfaces -DAMENT_CMAKE_SYMLINK_INSTALL=1 -DCMAKE_INSTALL_PREFIX=/home/subun/eyrc_hb/hb_task_5_ws/install/bot_interfaces
[1.835s] DEBUG:colcon.colcon_core.event_handler.log_command:Invoking command in '/home/subun/eyrc_hb/hb_task_5_ws/build/bot_interfaces': CMAKE_PREFIX_PATH=${CMAKE_PREFIX_PATH}:/home/subun/eyrc_hb/hb_task_5_ws/install/feedback5:/home/subun/eyrc_hb/hb_task_4_ws/install/feed:/home/subun/eyrc_hb/hb_task_4_ws/install/bot_control:/home/subun/eyrc_hb/hb_task_2_ws/install/hb_task2b:/home/subun/eyrc_hb/hb_task_2_ws/install/hb_task2a:/home/subun/eyrc_hb/hb_task1b_ws/install/hb_task_1b:/home/subun/eyrc_hb/hb_task1a_ws/install/hb_task_1a:/home/subun/ros_ws/install/robot:/opt/ros/humble /usr/bin/cmake --build /home/subun/eyrc_hb/hb_task_5_ws/build/bot_interfaces -- -j16 -l16
[1.861s] DEBUG:colcon.colcon_core.event_handler.log_command:Invoked command in '/home/subun/eyrc_hb/hb_task_5_ws/build/bot_interfaces' returned '0': CMAKE_PREFIX_PATH=${CMAKE_PREFIX_PATH}:/home/subun/eyrc_hb/hb_task_5_ws/install/feedback5:/home/subun/eyrc_hb/hb_task_4_ws/install/feed:/home/subun/eyrc_hb/hb_task_4_ws/install/bot_control:/home/subun/eyrc_hb/hb_task_2_ws/install/hb_task2b:/home/subun/eyrc_hb/hb_task_2_ws/install/hb_task2a:/home/subun/eyrc_hb/hb_task1b_ws/install/hb_task_1b:/home/subun/eyrc_hb/hb_task1a_ws/install/hb_task_1a:/home/subun/ros_ws/install/robot:/opt/ros/humble /usr/bin/cmake --build /home/subun/eyrc_hb/hb_task_5_ws/build/bot_interfaces -- -j16 -l16
[1.883s] DEBUG:colcon.colcon_core.event_handler.log_command:Invoking command in '/home/subun/eyrc_hb/hb_task_5_ws/build/bot_interfaces': CMAKE_PREFIX_PATH=${CMAKE_PREFIX_PATH}:/home/subun/eyrc_hb/hb_task_5_ws/install/feedback5:/home/subun/eyrc_hb/hb_task_4_ws/install/feed:/home/subun/eyrc_hb/hb_task_4_ws/install/bot_control:/home/subun/eyrc_hb/hb_task_2_ws/install/hb_task2b:/home/subun/eyrc_hb/hb_task_2_ws/install/hb_task2a:/home/subun/eyrc_hb/hb_task1b_ws/install/hb_task_1b:/home/subun/eyrc_hb/hb_task1a_ws/install/hb_task_1a:/home/subun/ros_ws/install/robot:/opt/ros/humble /usr/bin/cmake --install /home/subun/eyrc_hb/hb_task_5_ws/build/bot_interfaces
[1.989s] Level 1:colcon.colcon_core.environment:create_environment_scripts_only(bot_interfaces)
[1.989s] DEBUG:colcon.colcon_core.event_handler.log_command:Invoked command in '/home/subun/eyrc_hb/hb_task_5_ws/build/bot_interfaces' returned '0': CMAKE_PREFIX_PATH=${CMAKE_PREFIX_PATH}:/home/subun/eyrc_hb/hb_task_5_ws/install/feedback5:/home/subun/eyrc_hb/hb_task_4_ws/install/feed:/home/subun/eyrc_hb/hb_task_4_ws/install/bot_control:/home/subun/eyrc_hb/hb_task_2_ws/install/hb_task2b:/home/subun/eyrc_hb/hb_task_2_ws/install/hb_task2a:/home/subun/eyrc_hb/hb_task1b_ws/install/hb_task_1b:/home/subun/eyrc_hb/hb_task1a_ws/install/hb_task_1a:/home/subun/ros_ws/install/robot:/opt/ros/humble /usr/bin/cmake --install /home/subun/eyrc_hb/hb_task_5_ws/build/bot_interfaces
[2.004s] Level 1:colcon.colcon_core.environment:checking '/home/subun/eyrc_hb/hb_task_5_ws/install/bot_interfaces' for CMake module files
[2.004s] Level 1:colcon.colcon_core.environment:checking '/home/subun/eyrc_hb/hb_task_5_ws/install/bot_interfaces' for CMake config files
[2.005s] Level 1:colcon.colcon_core.shell:create_environment_hook('bot_interfaces', 'cmake_prefix_path')
[2.013s] INFO:colcon.colcon_core.shell:Creating environment hook '/home/subun/eyrc_hb/hb_task_5_ws/install/bot_interfaces/share/bot_interfaces/hook/cmake_prefix_path.ps1'
[2.013s] INFO:colcon.colcon_core.shell:Creating environment descriptor '/home/subun/eyrc_hb/hb_task_5_ws/install/bot_interfaces/share/bot_interfaces/hook/cmake_prefix_path.dsv'
[2.013s] INFO:colcon.colcon_core.shell:Creating environment hook '/home/subun/eyrc_hb/hb_task_5_ws/install/bot_interfaces/share/bot_interfaces/hook/cmake_prefix_path.sh'
[2.013s] Level 1:colcon.colcon_core.environment:checking '/home/subun/eyrc_hb/hb_task_5_ws/install/bot_interfaces/bin'
[2.013s] Level 1:colcon.colcon_core.environment:checking '/home/subun/eyrc_hb/hb_task_5_ws/install/bot_interfaces/lib/pkgconfig/bot_interfaces.pc'
[2.014s] Level 1:colcon.colcon_core.environment:checking '/home/subun/eyrc_hb/hb_task_5_ws/install/bot_interfaces/lib/python3.10/site-packages'
[2.014s] Level 1:colcon.colcon_core.environment:checking '/home/subun/eyrc_hb/hb_task_5_ws/install/bot_interfaces/bin'
[2.022s] INFO:colcon.colcon_core.shell:Creating package script '/home/subun/eyrc_hb/hb_task_5_ws/install/bot_interfaces/share/bot_interfaces/package.ps1'
[2.022s] INFO:colcon.colcon_core.shell:Creating package descriptor '/home/subun/eyrc_hb/hb_task_5_ws/install/bot_interfaces/share/bot_interfaces/package.dsv'
[2.023s] INFO:colcon.colcon_core.shell:Creating package script '/home/subun/eyrc_hb/hb_task_5_ws/install/bot_interfaces/share/bot_interfaces/package.sh'
[2.024s] INFO:colcon.colcon_core.shell:Creating package script '/home/subun/eyrc_hb/hb_task_5_ws/install/bot_interfaces/share/bot_interfaces/package.bash'
[2.025s] INFO:colcon.colcon_core.shell:Creating package script '/home/subun/eyrc_hb/hb_task_5_ws/install/bot_interfaces/share/bot_interfaces/package.zsh'
[2.025s] Level 1:colcon.colcon_core.environment:create_file_with_runtime_dependencies(/home/subun/eyrc_hb/hb_task_5_ws/install/bot_interfaces/share/colcon-core/packages/bot_interfaces)
[2.056s] Level 1:colcon.colcon_core.environment:create_environment_scripts_only(bot_interfaces)
[2.065s] Level 1:colcon.colcon_core.environment:checking '/home/subun/eyrc_hb/hb_task_5_ws/install/bot_interfaces' for CMake module files
[2.066s] Level 1:colcon.colcon_core.environment:checking '/home/subun/eyrc_hb/hb_task_5_ws/install/bot_interfaces' for CMake config files
[2.066s] Level 1:colcon.colcon_core.shell:create_environment_hook('bot_interfaces', 'cmake_prefix_path')
[2.074s] INFO:colcon.colcon_core.shell:Creating environment hook '/home/subun/eyrc_hb/hb_task_5_ws/install/bot_interfaces/share/bot_interfaces/hook/cmake_prefix_path.ps1'
[2.075s] INFO:colcon.colcon_core.shell:Creating environment descriptor '/home/subun/eyrc_hb/hb_task_5_ws/install/bot_interfaces/share/bot_interfaces/hook/cmake_prefix_path.dsv'
[2.075s] INFO:colcon.colcon_core.shell:Creating environment hook '/home/subun/eyrc_hb/hb_task_5_ws/install/bot_interfaces/share/bot_interfaces/hook/cmake_prefix_path.sh'
[2.075s] Level 1:colcon.colcon_core.environment:checking '/home/subun/eyrc_hb/hb_task_5_ws/install/bot_interfaces/bin'
[2.075s] Level 1:colcon.colcon_core.environment:checking '/home/subun/eyrc_hb/hb_task_5_ws/install/bot_interfaces/lib/pkgconfig/bot_interfaces.pc'
[2.076s] Level 1:colcon.colcon_core.environment:checking '/home/subun/eyrc_hb/hb_task_5_ws/install/bot_interfaces/lib/python3.10/site-packages'
[2.076s] Level 1:colcon.colcon_core.environment:checking '/home/subun/eyrc_hb/hb_task_5_ws/install/bot_interfaces/bin'
[2.084s] INFO:colcon.colcon_core.shell:Creating package script '/home/subun/eyrc_hb/hb_task_5_ws/install/bot_interfaces/share/bot_interfaces/package.ps1'
[2.084s] INFO:colcon.colcon_core.shell:Creating package descriptor '/home/subun/eyrc_hb/hb_task_5_ws/install/bot_interfaces/share/bot_interfaces/package.dsv'
[2.085s] INFO:colcon.colcon_core.shell:Creating package script '/home/subun/eyrc_hb/hb_task_5_ws/install/bot_interfaces/share/bot_interfaces/package.sh'
[2.085s] INFO:colcon.colcon_core.shell:Creating package script '/home/subun/eyrc_hb/hb_task_5_ws/install/bot_interfaces/share/bot_interfaces/package.bash'
[2.085s] INFO:colcon.colcon_core.shell:Creating package script '/home/subun/eyrc_hb/hb_task_5_ws/install/bot_interfaces/share/bot_interfaces/package.zsh'
[2.085s] Level 1:colcon.colcon_core.environment:create_file_with_runtime_dependencies(/home/subun/eyrc_hb/hb_task_5_ws/install/bot_interfaces/share/colcon-core/packages/bot_interfaces)
[2.086s] Level 1:colcon.colcon_core.shell:create_environment_hook('feedback5', 'pythonpath_develop')
[2.086s] DEBUG:colcon.colcon_core.event_handler.log_command:Invoked command in '/home/subun/eyrc_hb/hb_task_5_ws/build/feedback5' returned '0': PYTHONPATH=/home/subun/eyrc_hb/hb_task_5_ws/build/feedback5/prefix_override:/home/subun/eyrc_hb/hb_task_5_ws/install/feedback5/lib/python3.10/site-packages:${PYTHONPATH} /usr/bin/python3 setup.py develop --editable --build-directory /home/subun/eyrc_hb/hb_task_5_ws/build/feedback5/build --no-deps install_data
[2.095s] INFO:colcon.colcon_core.shell:Creating environment hook '/home/subun/eyrc_hb/hb_task_5_ws/build/feedback5/share/feedback5/hook/pythonpath_develop.ps1'
[2.095s] INFO:colcon.colcon_core.shell:Creating environment descriptor '/home/subun/eyrc_hb/hb_task_5_ws/build/feedback5/share/feedback5/hook/pythonpath_develop.dsv'
[2.095s] INFO:colcon.colcon_core.shell:Creating environment hook '/home/subun/eyrc_hb/hb_task_5_ws/build/feedback5/share/feedback5/hook/pythonpath_develop.sh'
[2.103s] Level 1:colcon.colcon_core.environment:checking '/home/subun/eyrc_hb/hb_task_5_ws/install/feedback5' for CMake module files
[2.103s] Level 1:colcon.colcon_core.environment:checking '/home/subun/eyrc_hb/hb_task_5_ws/install/feedback5' for CMake config files
[2.104s] Level 1:colcon.colcon_core.environment:checking '/home/subun/eyrc_hb/hb_task_5_ws/install/feedback5/lib'
[2.104s] Level 1:colcon.colcon_core.environment:checking '/home/subun/eyrc_hb/hb_task_5_ws/install/feedback5/bin'
[2.104s] Level 1:colcon.colcon_core.environment:checking '/home/subun/eyrc_hb/hb_task_5_ws/install/feedback5/lib/pkgconfig/feedback5.pc'
[2.104s] Level 1:colcon.colcon_core.environment:checking '/home/subun/eyrc_hb/hb_task_5_ws/install/feedback5/lib/python3.10/site-packages'
[2.104s] Level 1:colcon.colcon_core.shell:create_environment_hook('feedback5', 'pythonpath')
[2.111s] INFO:colcon.colcon_core.shell:Creating environment hook '/home/subun/eyrc_hb/hb_task_5_ws/install/feedback5/share/feedback5/hook/pythonpath.ps1'
[2.111s] INFO:colcon.colcon_core.shell:Creating environment descriptor '/home/subun/eyrc_hb/hb_task_5_ws/install/feedback5/share/feedback5/hook/pythonpath.dsv'
[2.112s] INFO:colcon.colcon_core.shell:Creating environment hook '/home/subun/eyrc_hb/hb_task_5_ws/install/feedback5/share/feedback5/hook/pythonpath.sh'
[2.112s] Level 1:colcon.colcon_core.environment:checking '/home/subun/eyrc_hb/hb_task_5_ws/install/feedback5/bin'
[2.112s] Level 1:colcon.colcon_core.environment:create_environment_scripts_only(feedback5)
[2.119s] INFO:colcon.colcon_core.shell:Creating package script '/home/subun/eyrc_hb/hb_task_5_ws/install/feedback5/share/feedback5/package.ps1'
[2.119s] INFO:colcon.colcon_core.shell:Creating package descriptor '/home/subun/eyrc_hb/hb_task_5_ws/install/feedback5/share/feedback5/package.dsv'
[2.119s] INFO:colcon.colcon_core.shell:Creating package script '/home/subun/eyrc_hb/hb_task_5_ws/install/feedback5/share/feedback5/package.sh'
[2.120s] INFO:colcon.colcon_core.shell:Creating package script '/home/subun/eyrc_hb/hb_task_5_ws/install/feedback5/share/feedback5/package.bash'
[2.120s] INFO:colcon.colcon_core.shell:Creating package script '/home/subun/eyrc_hb/hb_task_5_ws/install/feedback5/share/feedback5/package.zsh'
[2.120s] Level 1:colcon.colcon_core.environment:create_file_with_runtime_dependencies(/home/subun/eyrc_hb/hb_task_5_ws/install/feedback5/share/colcon-core/packages/feedback5)
[2.120s] Level 1:colcon.colcon_core.shell:create_environment_hook('bot_control5', 'pythonpath_develop')
[2.121s] DEBUG:colcon.colcon_core.event_handler.log_command:Invoked command in '/home/subun/eyrc_hb/hb_task_5_ws/build/bot_control5' returned '0': PYTHONPATH=/home/subun/eyrc_hb/hb_task_5_ws/build/bot_control5/prefix_override:/home/subun/eyrc_hb/hb_task_5_ws/install/bot_control5/lib/python3.10/site-packages:${PYTHONPATH} /usr/bin/python3 setup.py develop --editable --build-directory /home/subun/eyrc_hb/hb_task_5_ws/build/bot_control5/build --no-deps install_data
[2.129s] INFO:colcon.colcon_core.shell:Creating environment hook '/home/subun/eyrc_hb/hb_task_5_ws/build/bot_control5/share/bot_control5/hook/pythonpath_develop.ps1'
[2.129s] INFO:colcon.colcon_core.shell:Creating environment descriptor '/home/subun/eyrc_hb/hb_task_5_ws/build/bot_control5/share/bot_control5/hook/pythonpath_develop.dsv'
[2.129s] INFO:colcon.colcon_core.shell:Creating environment hook '/home/subun/eyrc_hb/hb_task_5_ws/build/bot_control5/share/bot_control5/hook/pythonpath_develop.sh'
[2.138s] Level 1:colcon.colcon_core.environment:checking '/home/subun/eyrc_hb/hb_task_5_ws/install/bot_control5' for CMake module files
[2.138s] Level 1:colcon.colcon_core.environment:checking '/home/subun/eyrc_hb/hb_task_5_ws/install/bot_control5' for CMake config files
[2.139s] Level 1:colcon.colcon_core.environment:checking '/home/subun/eyrc_hb/hb_task_5_ws/install/bot_control5/lib'
[2.139s] Level 1:colcon.colcon_core.environment:checking '/home/subun/eyrc_hb/hb_task_5_ws/install/bot_control5/bin'
[2.139s] Level 1:colcon.colcon_core.environment:checking '/home/subun/eyrc_hb/hb_task_5_ws/install/bot_control5/lib/pkgconfig/bot_control5.pc'
[2.139s] Level 1:colcon.colcon_core.environment:checking '/home/subun/eyrc_hb/hb_task_5_ws/install/bot_control5/lib/python3.10/site-packages'
[2.139s] Level 1:colcon.colcon_core.shell:create_environment_hook('bot_control5', 'pythonpath')
[2.146s] INFO:colcon.colcon_core.shell:Creating environment hook '/home/subun/eyrc_hb/hb_task_5_ws/install/bot_control5/share/bot_control5/hook/pythonpath.ps1'
[2.146s] INFO:colcon.colcon_core.shell:Creating environment descriptor '/home/subun/eyrc_hb/hb_task_5_ws/install/bot_control5/share/bot_control5/hook/pythonpath.dsv'
[2.146s] INFO:colcon.colcon_core.shell:Creating environment hook '/home/subun/eyrc_hb/hb_task_5_ws/install/bot_control5/share/bot_control5/hook/pythonpath.sh'
[2.147s] Level 1:colcon.colcon_core.environment:checking '/home/subun/eyrc_hb/hb_task_5_ws/install/bot_control5/bin'
[2.147s] Level 1:colcon.colcon_core.environment:create_environment_scripts_only(bot_control5)
[2.155s] INFO:colcon.colcon_core.shell:Creating package script '/home/subun/eyrc_hb/hb_task_5_ws/install/bot_control5/share/bot_control5/package.ps1'
[2.155s] INFO:colcon.colcon_core.shell:Creating package descriptor '/home/subun/eyrc_hb/hb_task_5_ws/install/bot_control5/share/bot_control5/package.dsv'
[2.155s] INFO:colcon.colcon_core.shell:Creating package script '/home/subun/eyrc_hb/hb_task_5_ws/install/bot_control5/share/bot_control5/package.sh'
[2.155s] INFO:colcon.colcon_core.shell:Creating package script '/home/subun/eyrc_hb/hb_task_5_ws/install/bot_control5/share/bot_control5/package.bash'
[2.156s] INFO:colcon.colcon_core.shell:Creating package script '/home/subun/eyrc_hb/hb_task_5_ws/install/bot_control5/share/bot_control5/package.zsh'
[2.156s] Level 1:colcon.colcon_core.environment:create_file_with_runtime_dependencies(/home/subun/eyrc_hb/hb_task_5_ws/install/bot_control5/share/colcon-core/packages/bot_control5)
[2.156s] DEBUG:colcon.colcon_parallel_executor.executor.parallel:closing loop
[2.156s] DEBUG:colcon.colcon_parallel_executor.executor.parallel:loop closed
[2.156s] DEBUG:colcon.colcon_parallel_executor.executor.parallel:run_until_complete finished with '0'
[2.156s] DEBUG:colcon.colcon_core.event_reactor:joining thread
[2.168s] INFO:colcon.colcon_core.plugin_system:Skipping extension 'colcon_notification.desktop_notification.terminal_notifier': Not used on non-Darwin systems
[2.168s] INFO:colcon.colcon_core.plugin_system:Skipping extension 'colcon_notification.desktop_notification.win32': Not used on non-Windows systems
[2.168s] INFO:colcon.colcon_notification.desktop_notification:Sending desktop notification using 'notify2'
[2.188s] DEBUG:colcon.colcon_core.event_reactor:joined thread
[2.200s] INFO:colcon.colcon_core.shell:Creating prefix script '/home/subun/eyrc_hb/hb_task_5_ws/install/local_setup.ps1'
[2.202s] INFO:colcon.colcon_core.shell:Creating prefix util module '/home/subun/eyrc_hb/hb_task_5_ws/install/_local_setup_util_ps1.py'
[2.202s] INFO:colcon.colcon_core.shell:Creating prefix chain script '/home/subun/eyrc_hb/hb_task_5_ws/install/setup.ps1'
[2.211s] INFO:colcon.colcon_core.shell:Creating prefix script '/home/subun/eyrc_hb/hb_task_5_ws/install/local_setup.sh'
[2.212s] INFO:colcon.colcon_core.shell:Creating prefix util module '/home/subun/eyrc_hb/hb_task_5_ws/install/_local_setup_util_sh.py'
[2.212s] INFO:colcon.colcon_core.shell:Creating prefix chain script '/home/subun/eyrc_hb/hb_task_5_ws/install/setup.sh'
[2.221s] INFO:colcon.colcon_core.shell:Creating prefix script '/home/subun/eyrc_hb/hb_task_5_ws/install/local_setup.bash'
[2.221s] INFO:colcon.colcon_core.shell:Creating prefix chain script '/home/subun/eyrc_hb/hb_task_5_ws/install/setup.bash'
[2.229s] INFO:colcon.colcon_core.shell:Creating prefix script '/home/subun/eyrc_hb/hb_task_5_ws/install/local_setup.zsh'
[2.230s] INFO:colcon.colcon_core.shell:Creating prefix chain script '/home/subun/eyrc_hb/hb_task_5_ws/install/setup.zsh'
