[0.555s] DEBUG:colcon:Command line arguments: ['/usr/bin/colcon', 'build', '--symlink-install']
[0.556s] DEBUG:colcon:Parsed command line arguments: Namespace(log_base=None, log_level=None, verb_name='build', build_base='build', install_base='install', merge_install=False, symlink_install=True, test_result_base=None, continue_on_error=False, executor='parallel', parallel_workers=16, event_handlers=None, ignore_user_meta=False, metas=['./colcon.meta'], base_paths=['.'], packages_ignore=None, packages_ignore_regex=None, paths=None, packages_up_to=None, packages_up_to_regex=None, packages_above=None, packages_above_and_dependencies=None, packages_above_depth=None, packages_select_by_dep=None, packages_skip_by_dep=None, packages_skip_up_to=None, packages_select_build_failed=False, packages_skip_build_finished=False, packages_select_test_failures=False, packages_skip_test_passed=False, packages_select=None, packages_skip=None, packages_select_regex=None, packages_skip_regex=None, packages_start=None, packages_end=None, allow_overriding=[], cmake_args=None, cmake_target=None, cmake_target_skip_unavailable=False, cmake_clean_cache=False, cmake_clean_first=False, cmake_force_configure=False, ament_cmake_args=None, catkin_cmake_args=None, catkin_skip_building_tests=False, verb_parser=<colcon_defaults.argument_parser.defaults.DefaultArgumentsDecorator object at 0x7fb5545a71c0>, verb_extension=<colcon_core.verb.build.BuildVerb object at 0x7fb5545a4c40>, main=<bound method BuildVerb.main of <colcon_core.verb.build.BuildVerb object at 0x7fb5545a4c40>>)
[0.582s] Level 1:colcon.colcon_core.package_discovery:discover_packages(colcon_meta) check parameters
[0.582s] Level 1:colcon.colcon_core.package_discovery:discover_packages(recursive) check parameters
[0.582s] Level 1:colcon.colcon_core.package_discovery:discover_packages(ignore) check parameters
[0.582s] Level 1:colcon.colcon_core.package_discovery:discover_packages(path) check parameters
[0.582s] Level 1:colcon.colcon_core.package_discovery:discover_packages(colcon_meta) discover
[0.582s] Level 1:colcon.colcon_core.package_discovery:discover_packages(recursive) discover
[0.582s] INFO:colcon.colcon_core.package_discovery:Crawling recursively for packages in '/home/subun/eyrc_hb/hb_task_4_ws'
[0.582s] Level 1:colcon.colcon_core.package_identification:_identify(.) by extensions ['ignore', 'ignore_ament_install']
[0.582s] Level 1:colcon.colcon_core.package_identification:_identify(.) by extension 'ignore'
[0.582s] Level 1:colcon.colcon_core.package_identification:_identify(.) by extension 'ignore_ament_install'
[0.582s] Level 1:colcon.colcon_core.package_identification:_identify(.) by extensions ['colcon_pkg']
[0.582s] Level 1:colcon.colcon_core.package_identification:_identify(.) by extension 'colcon_pkg'
[0.582s] Level 1:colcon.colcon_core.package_identification:_identify(.) by extensions ['colcon_meta']
[0.582s] Level 1:colcon.colcon_core.package_identification:_identify(.) by extension 'colcon_meta'
[0.582s] Level 1:colcon.colcon_core.package_identification:_identify(.) by extensions ['ros']
[0.582s] Level 1:colcon.colcon_core.package_identification:_identify(.) by extension 'ros'
[0.591s] Level 1:colcon.colcon_core.package_identification:_identify(.) by extensions ['cmake', 'python']
[0.591s] Level 1:colcon.colcon_core.package_identification:_identify(.) by extension 'cmake'
[0.591s] Level 1:colcon.colcon_core.package_identification:_identify(.) by extension 'python'
[0.591s] Level 1:colcon.colcon_core.package_identification:_identify(.) by extensions ['python_setup_py']
[0.591s] Level 1:colcon.colcon_core.package_identification:_identify(.) by extension 'python_setup_py'
[0.591s] Level 1:colcon.colcon_core.package_identification:_identify(build) by extensions ['ignore', 'ignore_ament_install']
[0.591s] Level 1:colcon.colcon_core.package_identification:_identify(build) by extension 'ignore'
[0.591s] Level 1:colcon.colcon_core.package_identification:_identify(build) ignored
[0.591s] Level 1:colcon.colcon_core.package_identification:_identify(install) by extensions ['ignore', 'ignore_ament_install']
[0.591s] Level 1:colcon.colcon_core.package_identification:_identify(install) by extension 'ignore'
[0.591s] Level 1:colcon.colcon_core.package_identification:_identify(install) ignored
[0.591s] Level 1:colcon.colcon_core.package_identification:_identify(log) by extensions ['ignore', 'ignore_ament_install']
[0.591s] Level 1:colcon.colcon_core.package_identification:_identify(log) by extension 'ignore'
[0.591s] Level 1:colcon.colcon_core.package_identification:_identify(log) ignored
[0.592s] Level 1:colcon.colcon_core.package_identification:_identify(src) by extensions ['ignore', 'ignore_ament_install']
[0.592s] Level 1:colcon.colcon_core.package_identification:_identify(src) by extension 'ignore'
[0.592s] Level 1:colcon.colcon_core.package_identification:_identify(src) by extension 'ignore_ament_install'
[0.592s] Level 1:colcon.colcon_core.package_identification:_identify(src) by extensions ['colcon_pkg']
[0.592s] Level 1:colcon.colcon_core.package_identification:_identify(src) by extension 'colcon_pkg'
[0.592s] Level 1:colcon.colcon_core.package_identification:_identify(src) by extensions ['colcon_meta']
[0.592s] Level 1:colcon.colcon_core.package_identification:_identify(src) by extension 'colcon_meta'
[0.592s] Level 1:colcon.colcon_core.package_identification:_identify(src) by extensions ['ros']
[0.592s] Level 1:colcon.colcon_core.package_identification:_identify(src) by extension 'ros'
[0.592s] Level 1:colcon.colcon_core.package_identification:_identify(src) by extensions ['cmake', 'python']
[0.592s] Level 1:colcon.colcon_core.package_identification:_identify(src) by extension 'cmake'
[0.592s] Level 1:colcon.colcon_core.package_identification:_identify(src) by extension 'python'
[0.592s] Level 1:colcon.colcon_core.package_identification:_identify(src) by extensions ['python_setup_py']
[0.592s] Level 1:colcon.colcon_core.package_identification:_identify(src) by extension 'python_setup_py'
[0.592s] Level 1:colcon.colcon_core.package_identification:_identify(src/feed) by extensions ['ignore', 'ignore_ament_install']
[0.592s] Level 1:colcon.colcon_core.package_identification:_identify(src/feed) by extension 'ignore'
[0.592s] Level 1:colcon.colcon_core.package_identification:_identify(src/feed) by extension 'ignore_ament_install'
[0.592s] Level 1:colcon.colcon_core.package_identification:_identify(src/feed) by extensions ['colcon_pkg']
[0.592s] Level 1:colcon.colcon_core.package_identification:_identify(src/feed) by extension 'colcon_pkg'
[0.592s] Level 1:colcon.colcon_core.package_identification:_identify(src/feed) by extensions ['colcon_meta']
[0.592s] Level 1:colcon.colcon_core.package_identification:_identify(src/feed) by extension 'colcon_meta'
[0.592s] Level 1:colcon.colcon_core.package_identification:_identify(src/feed) by extensions ['ros']
[0.592s] Level 1:colcon.colcon_core.package_identification:_identify(src/feed) by extension 'ros'
[0.594s] DEBUG:colcon.colcon_core.package_identification:Package 'src/feed' with type 'ros.ament_python' and name 'feed'
[0.594s] Level 1:colcon.colcon_core.package_discovery:discover_packages(recursive) using defaults
[0.594s] Level 1:colcon.colcon_core.package_discovery:discover_packages(ignore) discover
[0.594s] Level 1:colcon.colcon_core.package_discovery:discover_packages(ignore) using defaults
[0.594s] Level 1:colcon.colcon_core.package_discovery:discover_packages(path) discover
[0.594s] Level 1:colcon.colcon_core.package_discovery:discover_packages(path) using defaults
[0.645s] Level 1:colcon.colcon_core.package_discovery:discover_packages(prefix_path) check parameters
[0.645s] Level 1:colcon.colcon_core.package_discovery:discover_packages(prefix_path) discover
[0.663s] DEBUG:colcon.colcon_installed_package_information.package_discovery:Found 1 installed packages in /home/subun/eyrc_hb/hb_task_4_ws/install
[0.669s] DEBUG:colcon.colcon_installed_package_information.package_discovery:Found 5 installed packages in /home/subun/eyrc_hb/hb_task_2_ws/install
[0.685s] DEBUG:colcon.colcon_installed_package_information.package_discovery:Found 3 installed packages in /home/subun/eyrc_hb/hb_task1b_ws/install
[0.693s] DEBUG:colcon.colcon_installed_package_information.package_discovery:Found 2 installed packages in /home/subun/eyrc_hb/hb_task1a_ws/install
[0.700s] DEBUG:colcon.colcon_installed_package_information.package_discovery:Found 1 installed packages in /home/subun/ros_ws/install
[0.707s] DEBUG:colcon.colcon_installed_package_information.package_discovery:Found 287 installed packages in /opt/ros/humble
[0.708s] Level 1:colcon.colcon_core.package_discovery:discover_packages(prefix_path) using defaults
[0.769s] Level 5:colcon.colcon_core.verb:set package 'feed' build argument 'cmake_args' from command line to 'None'
[0.769s] Level 5:colcon.colcon_core.verb:set package 'feed' build argument 'cmake_target' from command line to 'None'
[0.769s] Level 5:colcon.colcon_core.verb:set package 'feed' build argument 'cmake_target_skip_unavailable' from command line to 'False'
[0.769s] Level 5:colcon.colcon_core.verb:set package 'feed' build argument 'cmake_clean_cache' from command line to 'False'
[0.769s] Level 5:colcon.colcon_core.verb:set package 'feed' build argument 'cmake_clean_first' from command line to 'False'
[0.769s] Level 5:colcon.colcon_core.verb:set package 'feed' build argument 'cmake_force_configure' from command line to 'False'
[0.769s] Level 5:colcon.colcon_core.verb:set package 'feed' build argument 'ament_cmake_args' from command line to 'None'
[0.769s] Level 5:colcon.colcon_core.verb:set package 'feed' build argument 'catkin_cmake_args' from command line to 'None'
[0.769s] Level 5:colcon.colcon_core.verb:set package 'feed' build argument 'catkin_skip_building_tests' from command line to 'False'
[0.769s] DEBUG:colcon.colcon_core.verb:Building package 'feed' with the following arguments: {'ament_cmake_args': None, 'build_base': '/home/subun/eyrc_hb/hb_task_4_ws/build/feed', 'catkin_cmake_args': None, 'catkin_skip_building_tests': False, 'cmake_args': None, 'cmake_clean_cache': False, 'cmake_clean_first': False, 'cmake_force_configure': False, 'cmake_target': None, 'cmake_target_skip_unavailable': False, 'install_base': '/home/subun/eyrc_hb/hb_task_4_ws/install/feed', 'merge_install': False, 'path': '/home/subun/eyrc_hb/hb_task_4_ws/src/feed', 'symlink_install': True, 'test_result_base': None}
[0.777s] INFO:colcon.colcon_core.executor:Executing jobs using 'parallel' executor
[0.786s] DEBUG:colcon.colcon_parallel_executor.executor.parallel:run_until_complete
[0.786s] INFO:colcon.colcon_ros.task.ament_python.build:Building ROS package in '/home/subun/eyrc_hb/hb_task_4_ws/src/feed' with build type 'ament_python'
[0.786s] Level 1:colcon.colcon_core.shell:create_environment_hook('feed', 'ament_prefix_path')
[0.794s] INFO:colcon.colcon_core.plugin_system:Skipping extension 'colcon_core.shell.bat': Not used on non-Windows systems
[0.795s] INFO:colcon.colcon_core.shell:Creating environment hook '/home/subun/eyrc_hb/hb_task_4_ws/install/feed/share/feed/hook/ament_prefix_path.ps1'
[0.795s] INFO:colcon.colcon_core.shell:Creating environment descriptor '/home/subun/eyrc_hb/hb_task_4_ws/install/feed/share/feed/hook/ament_prefix_path.dsv'
[0.795s] INFO:colcon.colcon_core.shell:Creating environment hook '/home/subun/eyrc_hb/hb_task_4_ws/install/feed/share/feed/hook/ament_prefix_path.sh'
[0.802s] INFO:colcon.colcon_core.shell:Skip shell extension 'powershell' for command environment: Not usable outside of PowerShell
[0.802s] DEBUG:colcon.colcon_core.shell:Skip shell extension 'dsv' for command environment
[1.031s] INFO:colcon.colcon_core.task.python.build:Building Python package in '/home/subun/eyrc_hb/hb_task_4_ws/src/feed'
[1.038s] INFO:colcon.colcon_core.shell:Skip shell extension 'powershell' for command environment: Not usable outside of PowerShell
[1.038s] DEBUG:colcon.colcon_core.shell:Skip shell extension 'dsv' for command environment
[1.314s] DEBUG:colcon.colcon_core.event_handler.log_command:Invoking command in '/home/subun/eyrc_hb/hb_task_4_ws/build/feed': PYTHONPATH=/home/subun/eyrc_hb/hb_task_4_ws/build/feed/prefix_override:/home/subun/eyrc_hb/hb_task_4_ws/install/feed/lib/python3.10/site-packages:${PYTHONPATH} /usr/bin/python3 setup.py develop --editable --build-directory /home/subun/eyrc_hb/hb_task_4_ws/build/feed/build --no-deps install_data
[1.601s] Level 1:colcon.colcon_core.shell:create_environment_hook('feed', 'pythonpath_develop')
[1.602s] DEBUG:colcon.colcon_core.event_handler.log_command:Invoked command in '/home/subun/eyrc_hb/hb_task_4_ws/build/feed' returned '0': PYTHONPATH=/home/subun/eyrc_hb/hb_task_4_ws/build/feed/prefix_override:/home/subun/eyrc_hb/hb_task_4_ws/install/feed/lib/python3.10/site-packages:${PYTHONPATH} /usr/bin/python3 setup.py develop --editable --build-directory /home/subun/eyrc_hb/hb_task_4_ws/build/feed/build --no-deps install_data
[1.610s] INFO:colcon.colcon_core.shell:Creating environment hook '/home/subun/eyrc_hb/hb_task_4_ws/build/feed/share/feed/hook/pythonpath_develop.ps1'
[1.610s] INFO:colcon.colcon_core.shell:Creating environment descriptor '/home/subun/eyrc_hb/hb_task_4_ws/build/feed/share/feed/hook/pythonpath_develop.dsv'
[1.611s] INFO:colcon.colcon_core.shell:Creating environment hook '/home/subun/eyrc_hb/hb_task_4_ws/build/feed/share/feed/hook/pythonpath_develop.sh'
[1.620s] Level 1:colcon.colcon_core.environment:checking '/home/subun/eyrc_hb/hb_task_4_ws/install/feed' for CMake module files
[1.620s] Level 1:colcon.colcon_core.environment:checking '/home/subun/eyrc_hb/hb_task_4_ws/install/feed' for CMake config files
[1.620s] Level 1:colcon.colcon_core.environment:checking '/home/subun/eyrc_hb/hb_task_4_ws/install/feed/lib'
[1.620s] Level 1:colcon.colcon_core.environment:checking '/home/subun/eyrc_hb/hb_task_4_ws/install/feed/bin'
[1.620s] Level 1:colcon.colcon_core.environment:checking '/home/subun/eyrc_hb/hb_task_4_ws/install/feed/lib/pkgconfig/feed.pc'
[1.620s] Level 1:colcon.colcon_core.environment:checking '/home/subun/eyrc_hb/hb_task_4_ws/install/feed/lib/python3.10/site-packages'
[1.621s] Level 1:colcon.colcon_core.shell:create_environment_hook('feed', 'pythonpath')
[1.628s] INFO:colcon.colcon_core.shell:Creating environment hook '/home/subun/eyrc_hb/hb_task_4_ws/install/feed/share/feed/hook/pythonpath.ps1'
[1.628s] INFO:colcon.colcon_core.shell:Creating environment descriptor '/home/subun/eyrc_hb/hb_task_4_ws/install/feed/share/feed/hook/pythonpath.dsv'
[1.628s] INFO:colcon.colcon_core.shell:Creating environment hook '/home/subun/eyrc_hb/hb_task_4_ws/install/feed/share/feed/hook/pythonpath.sh'
[1.628s] Level 1:colcon.colcon_core.environment:checking '/home/subun/eyrc_hb/hb_task_4_ws/install/feed/bin'
[1.628s] Level 1:colcon.colcon_core.environment:create_environment_scripts_only(feed)
[1.638s] INFO:colcon.colcon_core.shell:Creating package script '/home/subun/eyrc_hb/hb_task_4_ws/install/feed/share/feed/package.ps1'
[1.638s] INFO:colcon.colcon_core.shell:Creating package descriptor '/home/subun/eyrc_hb/hb_task_4_ws/install/feed/share/feed/package.dsv'
[1.639s] INFO:colcon.colcon_core.shell:Creating package script '/home/subun/eyrc_hb/hb_task_4_ws/install/feed/share/feed/package.sh'
[1.639s] INFO:colcon.colcon_core.shell:Creating package script '/home/subun/eyrc_hb/hb_task_4_ws/install/feed/share/feed/package.bash'
[1.640s] INFO:colcon.colcon_core.shell:Creating package script '/home/subun/eyrc_hb/hb_task_4_ws/install/feed/share/feed/package.zsh'
[1.640s] Level 1:colcon.colcon_core.environment:create_file_with_runtime_dependencies(/home/subun/eyrc_hb/hb_task_4_ws/install/feed/share/colcon-core/packages/feed)
[1.640s] DEBUG:colcon.colcon_parallel_executor.executor.parallel:closing loop
[1.640s] DEBUG:colcon.colcon_parallel_executor.executor.parallel:loop closed
[1.640s] DEBUG:colcon.colcon_parallel_executor.executor.parallel:run_until_complete finished with '0'
[1.640s] DEBUG:colcon.colcon_core.event_reactor:joining thread
[1.653s] INFO:colcon.colcon_core.plugin_system:Skipping extension 'colcon_notification.desktop_notification.terminal_notifier': Not used on non-Darwin systems
[1.653s] INFO:colcon.colcon_core.plugin_system:Skipping extension 'colcon_notification.desktop_notification.win32': Not used on non-Windows systems
[1.653s] INFO:colcon.colcon_notification.desktop_notification:Sending desktop notification using 'notify2'
[1.661s] DEBUG:colcon.colcon_core.event_reactor:joined thread
[1.673s] INFO:colcon.colcon_core.shell:Creating prefix script '/home/subun/eyrc_hb/hb_task_4_ws/install/local_setup.ps1'
[1.674s] INFO:colcon.colcon_core.shell:Creating prefix util module '/home/subun/eyrc_hb/hb_task_4_ws/install/_local_setup_util_ps1.py'
[1.675s] INFO:colcon.colcon_core.shell:Creating prefix chain script '/home/subun/eyrc_hb/hb_task_4_ws/install/setup.ps1'
[1.682s] INFO:colcon.colcon_core.shell:Creating prefix script '/home/subun/eyrc_hb/hb_task_4_ws/install/local_setup.sh'
[1.683s] INFO:colcon.colcon_core.shell:Creating prefix util module '/home/subun/eyrc_hb/hb_task_4_ws/install/_local_setup_util_sh.py'
[1.683s] INFO:colcon.colcon_core.shell:Creating prefix chain script '/home/subun/eyrc_hb/hb_task_4_ws/install/setup.sh'
[1.691s] INFO:colcon.colcon_core.shell:Creating prefix script '/home/subun/eyrc_hb/hb_task_4_ws/install/local_setup.bash'
[1.692s] INFO:colcon.colcon_core.shell:Creating prefix chain script '/home/subun/eyrc_hb/hb_task_4_ws/install/setup.bash'
[1.700s] INFO:colcon.colcon_core.shell:Creating prefix script '/home/subun/eyrc_hb/hb_task_4_ws/install/local_setup.zsh'
[1.700s] INFO:colcon.colcon_core.shell:Creating prefix chain script '/home/subun/eyrc_hb/hb_task_4_ws/install/setup.zsh'
