[0.854s] Invoking command in '/home/subun/eyrc_hb/hb_task_2_ws/build/hb_task2b': PYTHONPATH=/home/subun/eyrc_hb/hb_task_2_ws/build/hb_task2b/prefix_override:/home/subun/eyrc_hb/hb_task_2_ws/install/hb_task2b/lib/python3.10/site-packages:${PYTHONPATH} /usr/bin/python3 setup.py develop --editable --build-directory /home/subun/eyrc_hb/hb_task_2_ws/build/hb_task2b/build --no-deps install_data
[1.035s] running develop
[1.129s] running egg_info
[1.129s] writing hb_task2b.egg-info/PKG-INFO
[1.130s] writing dependency_links to hb_task2b.egg-info/dependency_links.txt
[1.130s] writing entry points to hb_task2b.egg-info/entry_points.txt
[1.130s] writing requirements to hb_task2b.egg-info/requires.txt
[1.130s] writing top-level names to hb_task2b.egg-info/top_level.txt
[1.131s] reading manifest file 'hb_task2b.egg-info/SOURCES.txt'
[1.131s] writing manifest file 'hb_task2b.egg-info/SOURCES.txt'
[1.132s] running build_ext
[1.132s] Creating /home/subun/eyrc_hb/hb_task_2_ws/install/hb_task2b/lib/python3.10/site-packages/hb-task2b.egg-link (link to .)
[1.133s] Installing controller_bot1 script to /home/subun/eyrc_hb/hb_task_2_ws/install/hb_task2b/lib/hb_task2b
[1.133s] Installing controller_bot2 script to /home/subun/eyrc_hb/hb_task_2_ws/install/hb_task2b/lib/hb_task2b
[1.133s] Installing controller_bot3 script to /home/subun/eyrc_hb/hb_task_2_ws/install/hb_task2b/lib/hb_task2b
[1.133s] Installing feedback2b script to /home/subun/eyrc_hb/hb_task_2_ws/install/hb_task2b/lib/hb_task2b
[1.133s] Installing nextgoalpub script to /home/subun/eyrc_hb/hb_task_2_ws/install/hb_task2b/lib/hb_task2b
[1.134s] 
[1.134s] Installed /home/subun/eyrc_hb/hb_task_2_ws/build/hb_task2b
[1.134s] running install_data
[1.197s] Invoked command in '/home/subun/eyrc_hb/hb_task_2_ws/build/hb_task2b' returned '0': PYTHONPATH=/home/subun/eyrc_hb/hb_task_2_ws/build/hb_task2b/prefix_override:/home/subun/eyrc_hb/hb_task_2_ws/install/hb_task2b/lib/python3.10/site-packages:${PYTHONPATH} /usr/bin/python3 setup.py develop --editable --build-directory /home/subun/eyrc_hb/hb_task_2_ws/build/hb_task2b/build --no-deps install_data
