[0.459s] DEBUG:colcon:Command line arguments: ['/usr/bin/colcon', 'build', '--symlink-install']
[0.459s] DEBUG:colcon:Parsed command line arguments: Namespace(log_base=None, log_level=None, verb_name='build', build_base='build', install_base='install', merge_install=False, symlink_install=True, test_result_base=None, continue_on_error=False, executor='parallel', parallel_workers=16, event_handlers=None, ignore_user_meta=False, metas=['./colcon.meta'], base_paths=['.'], packages_ignore=None, packages_ignore_regex=None, paths=None, packages_up_to=None, packages_up_to_regex=None, packages_above=None, packages_above_and_dependencies=None, packages_above_depth=None, packages_select_by_dep=None, packages_skip_by_dep=None, packages_skip_up_to=None, packages_select_build_failed=False, packages_skip_build_finished=False, packages_select_test_failures=False, packages_skip_test_passed=False, packages_select=None, packages_skip=None, packages_select_regex=None, packages_skip_regex=None, packages_start=None, packages_end=None, allow_overriding=[], cmake_args=None, cmake_target=None, cmake_target_skip_unavailable=False, cmake_clean_cache=False, cmake_clean_first=False, cmake_force_configure=False, ament_cmake_args=None, catkin_cmake_args=None, catkin_skip_building_tests=False, verb_parser=<colcon_defaults.argument_parser.defaults.DefaultArgumentsDecorator object at 0x7f63204e5c60>, verb_extension=<colcon_core.verb.build.BuildVerb object at 0x7f63204548e0>, main=<bound method BuildVerb.main of <colcon_core.verb.build.BuildVerb object at 0x7f63204548e0>>)
[0.481s] Level 1:colcon.colcon_core.package_discovery:discover_packages(colcon_meta) check parameters
[0.482s] Level 1:colcon.colcon_core.package_discovery:discover_packages(recursive) check parameters
[0.482s] Level 1:colcon.colcon_core.package_discovery:discover_packages(ignore) check parameters
[0.482s] Level 1:colcon.colcon_core.package_discovery:discover_packages(path) check parameters
[0.482s] Level 1:colcon.colcon_core.package_discovery:discover_packages(colcon_meta) discover
[0.482s] Level 1:colcon.colcon_core.package_discovery:discover_packages(recursive) discover
[0.482s] INFO:colcon.colcon_core.package_discovery:Crawling recursively for packages in '/home/subun/eyrc_hb/hb_task1b_ws'
[0.482s] Level 1:colcon.colcon_core.package_identification:_identify(.) by extensions ['ignore', 'ignore_ament_install']
[0.482s] Level 1:colcon.colcon_core.package_identification:_identify(.) by extension 'ignore'
[0.482s] Level 1:colcon.colcon_core.package_identification:_identify(.) by extension 'ignore_ament_install'
[0.482s] Level 1:colcon.colcon_core.package_identification:_identify(.) by extensions ['colcon_pkg']
[0.482s] Level 1:colcon.colcon_core.package_identification:_identify(.) by extension 'colcon_pkg'
[0.482s] Level 1:colcon.colcon_core.package_identification:_identify(.) by extensions ['colcon_meta']
[0.482s] Level 1:colcon.colcon_core.package_identification:_identify(.) by extension 'colcon_meta'
[0.482s] Level 1:colcon.colcon_core.package_identification:_identify(.) by extensions ['ros']
[0.482s] Level 1:colcon.colcon_core.package_identification:_identify(.) by extension 'ros'
[0.488s] Level 1:colcon.colcon_core.package_identification:_identify(.) by extensions ['cmake', 'python']
[0.488s] Level 1:colcon.colcon_core.package_identification:_identify(.) by extension 'cmake'
[0.488s] Level 1:colcon.colcon_core.package_identification:_identify(.) by extension 'python'
[0.488s] Level 1:colcon.colcon_core.package_identification:_identify(.) by extensions ['python_setup_py']
[0.488s] Level 1:colcon.colcon_core.package_identification:_identify(.) by extension 'python_setup_py'
[0.488s] Level 1:colcon.colcon_core.package_identification:_identify(build) by extensions ['ignore', 'ignore_ament_install']
[0.488s] Level 1:colcon.colcon_core.package_identification:_identify(build) by extension 'ignore'
[0.488s] Level 1:colcon.colcon_core.package_identification:_identify(build) ignored
[0.488s] Level 1:colcon.colcon_core.package_identification:_identify(install) by extensions ['ignore', 'ignore_ament_install']
[0.489s] Level 1:colcon.colcon_core.package_identification:_identify(install) by extension 'ignore'
[0.489s] Level 1:colcon.colcon_core.package_identification:_identify(install) ignored
[0.489s] Level 1:colcon.colcon_core.package_identification:_identify(log) by extensions ['ignore', 'ignore_ament_install']
[0.489s] Level 1:colcon.colcon_core.package_identification:_identify(log) by extension 'ignore'
[0.489s] Level 1:colcon.colcon_core.package_identification:_identify(log) ignored
[0.489s] Level 1:colcon.colcon_core.package_identification:_identify(src) by extensions ['ignore', 'ignore_ament_install']
[0.489s] Level 1:colcon.colcon_core.package_identification:_identify(src) by extension 'ignore'
[0.489s] Level 1:colcon.colcon_core.package_identification:_identify(src) by extension 'ignore_ament_install'
[0.489s] Level 1:colcon.colcon_core.package_identification:_identify(src) by extensions ['colcon_pkg']
[0.489s] Level 1:colcon.colcon_core.package_identification:_identify(src) by extension 'colcon_pkg'
[0.489s] Level 1:colcon.colcon_core.package_identification:_identify(src) by extensions ['colcon_meta']
[0.489s] Level 1:colcon.colcon_core.package_identification:_identify(src) by extension 'colcon_meta'
[0.489s] Level 1:colcon.colcon_core.package_identification:_identify(src) by extensions ['ros']
[0.489s] Level 1:colcon.colcon_core.package_identification:_identify(src) by extension 'ros'
[0.489s] Level 1:colcon.colcon_core.package_identification:_identify(src) by extensions ['cmake', 'python']
[0.489s] Level 1:colcon.colcon_core.package_identification:_identify(src) by extension 'cmake'
[0.489s] Level 1:colcon.colcon_core.package_identification:_identify(src) by extension 'python'
[0.489s] Level 1:colcon.colcon_core.package_identification:_identify(src) by extensions ['python_setup_py']
[0.489s] Level 1:colcon.colcon_core.package_identification:_identify(src) by extension 'python_setup_py'
[0.489s] Level 1:colcon.colcon_core.package_identification:_identify(src/hb_task_1b) by extensions ['ignore', 'ignore_ament_install']
[0.489s] Level 1:colcon.colcon_core.package_identification:_identify(src/hb_task_1b) by extension 'ignore'
[0.489s] Level 1:colcon.colcon_core.package_identification:_identify(src/hb_task_1b) by extension 'ignore_ament_install'
[0.489s] Level 1:colcon.colcon_core.package_identification:_identify(src/hb_task_1b) by extensions ['colcon_pkg']
[0.489s] Level 1:colcon.colcon_core.package_identification:_identify(src/hb_task_1b) by extension 'colcon_pkg'
[0.489s] Level 1:colcon.colcon_core.package_identification:_identify(src/hb_task_1b) by extensions ['colcon_meta']
[0.489s] Level 1:colcon.colcon_core.package_identification:_identify(src/hb_task_1b) by extension 'colcon_meta'
[0.489s] Level 1:colcon.colcon_core.package_identification:_identify(src/hb_task_1b) by extensions ['ros']
[0.489s] Level 1:colcon.colcon_core.package_identification:_identify(src/hb_task_1b) by extension 'ros'
[0.491s] DEBUG:colcon.colcon_core.package_identification:Package 'src/hb_task_1b' with type 'ros.ament_python' and name 'hb_task_1b'
[0.491s] Level 1:colcon.colcon_core.package_identification:_identify(src/my_robot_interfaces) by extensions ['ignore', 'ignore_ament_install']
[0.491s] Level 1:colcon.colcon_core.package_identification:_identify(src/my_robot_interfaces) by extension 'ignore'
[0.491s] Level 1:colcon.colcon_core.package_identification:_identify(src/my_robot_interfaces) by extension 'ignore_ament_install'
[0.491s] Level 1:colcon.colcon_core.package_identification:_identify(src/my_robot_interfaces) by extensions ['colcon_pkg']
[0.491s] Level 1:colcon.colcon_core.package_identification:_identify(src/my_robot_interfaces) by extension 'colcon_pkg'
[0.491s] Level 1:colcon.colcon_core.package_identification:_identify(src/my_robot_interfaces) by extensions ['colcon_meta']
[0.491s] Level 1:colcon.colcon_core.package_identification:_identify(src/my_robot_interfaces) by extension 'colcon_meta'
[0.491s] Level 1:colcon.colcon_core.package_identification:_identify(src/my_robot_interfaces) by extensions ['ros']
[0.491s] Level 1:colcon.colcon_core.package_identification:_identify(src/my_robot_interfaces) by extension 'ros'
[0.491s] DEBUG:colcon.colcon_core.package_identification:Package 'src/my_robot_interfaces' with type 'ros.ament_cmake' and name 'my_robot_interfaces'
[0.491s] Level 1:colcon.colcon_core.package_discovery:discover_packages(recursive) using defaults
[0.491s] Level 1:colcon.colcon_core.package_discovery:discover_packages(ignore) discover
[0.491s] Level 1:colcon.colcon_core.package_discovery:discover_packages(ignore) using defaults
[0.491s] Level 1:colcon.colcon_core.package_discovery:discover_packages(path) discover
[0.491s] Level 1:colcon.colcon_core.package_discovery:discover_packages(path) using defaults
[0.534s] Level 1:colcon.colcon_core.package_discovery:discover_packages(prefix_path) check parameters
[0.534s] Level 1:colcon.colcon_core.package_discovery:discover_packages(prefix_path) discover
[0.547s] DEBUG:colcon.colcon_installed_package_information.package_discovery:Found 2 installed packages in /home/subun/eyrc_hb/hb_task1b_ws/install
[0.553s] DEBUG:colcon.colcon_installed_package_information.package_discovery:Found 2 installed packages in /home/subun/eyrc_hb/hb_task1a_ws/install
[0.560s] DEBUG:colcon.colcon_installed_package_information.package_discovery:Found 1 installed packages in /home/subun/ros_ws/install
[0.573s] DEBUG:colcon.colcon_installed_package_information.package_discovery:Found 281 installed packages in /opt/ros/humble
[0.574s] Level 1:colcon.colcon_core.package_discovery:discover_packages(prefix_path) using defaults
[0.618s] Level 5:colcon.colcon_core.verb:set package 'my_robot_interfaces' build argument 'cmake_args' from command line to 'None'
[0.618s] Level 5:colcon.colcon_core.verb:set package 'my_robot_interfaces' build argument 'cmake_target' from command line to 'None'
[0.618s] Level 5:colcon.colcon_core.verb:set package 'my_robot_interfaces' build argument 'cmake_target_skip_unavailable' from command line to 'False'
[0.618s] Level 5:colcon.colcon_core.verb:set package 'my_robot_interfaces' build argument 'cmake_clean_cache' from command line to 'False'
[0.619s] Level 5:colcon.colcon_core.verb:set package 'my_robot_interfaces' build argument 'cmake_clean_first' from command line to 'False'
[0.619s] Level 5:colcon.colcon_core.verb:set package 'my_robot_interfaces' build argument 'cmake_force_configure' from command line to 'False'
[0.619s] Level 5:colcon.colcon_core.verb:set package 'my_robot_interfaces' build argument 'ament_cmake_args' from command line to 'None'
[0.619s] Level 5:colcon.colcon_core.verb:set package 'my_robot_interfaces' build argument 'catkin_cmake_args' from command line to 'None'
[0.619s] Level 5:colcon.colcon_core.verb:set package 'my_robot_interfaces' build argument 'catkin_skip_building_tests' from command line to 'False'
[0.619s] DEBUG:colcon.colcon_core.verb:Building package 'my_robot_interfaces' with the following arguments: {'ament_cmake_args': None, 'build_base': '/home/subun/eyrc_hb/hb_task1b_ws/build/my_robot_interfaces', 'catkin_cmake_args': None, 'catkin_skip_building_tests': False, 'cmake_args': None, 'cmake_clean_cache': False, 'cmake_clean_first': False, 'cmake_force_configure': False, 'cmake_target': None, 'cmake_target_skip_unavailable': False, 'install_base': '/home/subun/eyrc_hb/hb_task1b_ws/install/my_robot_interfaces', 'merge_install': False, 'path': '/home/subun/eyrc_hb/hb_task1b_ws/src/my_robot_interfaces', 'symlink_install': True, 'test_result_base': None}
[0.625s] Level 5:colcon.colcon_core.verb:set package 'hb_task_1b' build argument 'cmake_args' from command line to 'None'
[0.625s] Level 5:colcon.colcon_core.verb:set package 'hb_task_1b' build argument 'cmake_target' from command line to 'None'
[0.625s] Level 5:colcon.colcon_core.verb:set package 'hb_task_1b' build argument 'cmake_target_skip_unavailable' from command line to 'False'
[0.625s] Level 5:colcon.colcon_core.verb:set package 'hb_task_1b' build argument 'cmake_clean_cache' from command line to 'False'
[0.625s] Level 5:colcon.colcon_core.verb:set package 'hb_task_1b' build argument 'cmake_clean_first' from command line to 'False'
[0.625s] Level 5:colcon.colcon_core.verb:set package 'hb_task_1b' build argument 'cmake_force_configure' from command line to 'False'
[0.625s] Level 5:colcon.colcon_core.verb:set package 'hb_task_1b' build argument 'ament_cmake_args' from command line to 'None'
[0.625s] Level 5:colcon.colcon_core.verb:set package 'hb_task_1b' build argument 'catkin_cmake_args' from command line to 'None'
[0.625s] Level 5:colcon.colcon_core.verb:set package 'hb_task_1b' build argument 'catkin_skip_building_tests' from command line to 'False'
[0.625s] DEBUG:colcon.colcon_core.verb:Building package 'hb_task_1b' with the following arguments: {'ament_cmake_args': None, 'build_base': '/home/subun/eyrc_hb/hb_task1b_ws/build/hb_task_1b', 'catkin_cmake_args': None, 'catkin_skip_building_tests': False, 'cmake_args': None, 'cmake_clean_cache': False, 'cmake_clean_first': False, 'cmake_force_configure': False, 'cmake_target': None, 'cmake_target_skip_unavailable': False, 'install_base': '/home/subun/eyrc_hb/hb_task1b_ws/install/hb_task_1b', 'merge_install': False, 'path': '/home/subun/eyrc_hb/hb_task1b_ws/src/hb_task_1b', 'symlink_install': True, 'test_result_base': None}
[0.631s] INFO:colcon.colcon_core.executor:Executing jobs using 'parallel' executor
[0.638s] DEBUG:colcon.colcon_parallel_executor.executor.parallel:run_until_complete
[0.638s] INFO:colcon.colcon_ros.task.ament_cmake.build:Building ROS package in '/home/subun/eyrc_hb/hb_task1b_ws/src/my_robot_interfaces' with build type 'ament_cmake'
[0.638s] INFO:colcon.colcon_cmake.task.cmake.build:Building CMake package in '/home/subun/eyrc_hb/hb_task1b_ws/src/my_robot_interfaces'
[0.646s] INFO:colcon.colcon_core.plugin_system:Skipping extension 'colcon_core.shell.bat': Not used on non-Windows systems
[0.646s] INFO:colcon.colcon_core.shell:Skip shell extension 'powershell' for command environment: Not usable outside of PowerShell
[0.646s] DEBUG:colcon.colcon_core.shell:Skip shell extension 'dsv' for command environment
[0.683s] DEBUG:colcon.colcon_core.event_handler.log_command:Invoking command in '/home/subun/eyrc_hb/hb_task1b_ws/build/my_robot_interfaces': CMAKE_PREFIX_PATH=${CMAKE_PREFIX_PATH}:/home/subun/eyrc_hb/hb_task1b_ws/install/hb_task_1b:/home/subun/eyrc_hb/hb_task1a_ws/install/hb_task_1a:/home/subun/ros_ws/install/robot:/opt/ros/humble /usr/bin/cmake /home/subun/eyrc_hb/hb_task1b_ws/src/my_robot_interfaces -DAMENT_CMAKE_SYMLINK_INSTALL=1 -DCMAKE_INSTALL_PREFIX=/home/subun/eyrc_hb/hb_task1b_ws/install/my_robot_interfaces
[1.318s] DEBUG:colcon.colcon_core.event_handler.log_command:Invoked command in '/home/subun/eyrc_hb/hb_task1b_ws/build/my_robot_interfaces' returned '0': CMAKE_PREFIX_PATH=${CMAKE_PREFIX_PATH}:/home/subun/eyrc_hb/hb_task1b_ws/install/hb_task_1b:/home/subun/eyrc_hb/hb_task1a_ws/install/hb_task_1a:/home/subun/ros_ws/install/robot:/opt/ros/humble /usr/bin/cmake /home/subun/eyrc_hb/hb_task1b_ws/src/my_robot_interfaces -DAMENT_CMAKE_SYMLINK_INSTALL=1 -DCMAKE_INSTALL_PREFIX=/home/subun/eyrc_hb/hb_task1b_ws/install/my_robot_interfaces
[1.319s] DEBUG:colcon.colcon_core.event_handler.log_command:Invoking command in '/home/subun/eyrc_hb/hb_task1b_ws/build/my_robot_interfaces': CMAKE_PREFIX_PATH=${CMAKE_PREFIX_PATH}:/home/subun/eyrc_hb/hb_task1b_ws/install/hb_task_1b:/home/subun/eyrc_hb/hb_task1a_ws/install/hb_task_1a:/home/subun/ros_ws/install/robot:/opt/ros/humble /usr/bin/cmake --build /home/subun/eyrc_hb/hb_task1b_ws/build/my_robot_interfaces -- -j16 -l16
[1.997s] DEBUG:colcon.colcon_core.event_handler.log_command:Invoked command in '/home/subun/eyrc_hb/hb_task1b_ws/build/my_robot_interfaces' returned '0': CMAKE_PREFIX_PATH=${CMAKE_PREFIX_PATH}:/home/subun/eyrc_hb/hb_task1b_ws/install/hb_task_1b:/home/subun/eyrc_hb/hb_task1a_ws/install/hb_task_1a:/home/subun/ros_ws/install/robot:/opt/ros/humble /usr/bin/cmake --build /home/subun/eyrc_hb/hb_task1b_ws/build/my_robot_interfaces -- -j16 -l16
[2.035s] DEBUG:colcon.colcon_core.event_handler.log_command:Invoking command in '/home/subun/eyrc_hb/hb_task1b_ws/build/my_robot_interfaces': CMAKE_PREFIX_PATH=${CMAKE_PREFIX_PATH}:/home/subun/eyrc_hb/hb_task1b_ws/install/hb_task_1b:/home/subun/eyrc_hb/hb_task1a_ws/install/hb_task_1a:/home/subun/ros_ws/install/robot:/opt/ros/humble /usr/bin/cmake --install /home/subun/eyrc_hb/hb_task1b_ws/build/my_robot_interfaces
[2.087s] Level 1:colcon.colcon_core.environment:create_environment_scripts_only(my_robot_interfaces)
[2.087s] DEBUG:colcon.colcon_core.event_handler.log_command:Invoked command in '/home/subun/eyrc_hb/hb_task1b_ws/build/my_robot_interfaces' returned '0': CMAKE_PREFIX_PATH=${CMAKE_PREFIX_PATH}:/home/subun/eyrc_hb/hb_task1b_ws/install/hb_task_1b:/home/subun/eyrc_hb/hb_task1a_ws/install/hb_task_1a:/home/subun/ros_ws/install/robot:/opt/ros/humble /usr/bin/cmake --install /home/subun/eyrc_hb/hb_task1b_ws/build/my_robot_interfaces
[2.096s] Level 1:colcon.colcon_core.environment:checking '/home/subun/eyrc_hb/hb_task1b_ws/install/my_robot_interfaces' for CMake module files
[2.097s] Level 1:colcon.colcon_core.environment:checking '/home/subun/eyrc_hb/hb_task1b_ws/install/my_robot_interfaces' for CMake config files
[2.097s] Level 1:colcon.colcon_core.shell:create_environment_hook('my_robot_interfaces', 'cmake_prefix_path')
[2.103s] INFO:colcon.colcon_core.shell:Creating environment hook '/home/subun/eyrc_hb/hb_task1b_ws/install/my_robot_interfaces/share/my_robot_interfaces/hook/cmake_prefix_path.ps1'
[2.104s] INFO:colcon.colcon_core.shell:Creating environment descriptor '/home/subun/eyrc_hb/hb_task1b_ws/install/my_robot_interfaces/share/my_robot_interfaces/hook/cmake_prefix_path.dsv'
[2.104s] INFO:colcon.colcon_core.shell:Creating environment hook '/home/subun/eyrc_hb/hb_task1b_ws/install/my_robot_interfaces/share/my_robot_interfaces/hook/cmake_prefix_path.sh'
[2.105s] Level 1:colcon.colcon_core.environment:checking '/home/subun/eyrc_hb/hb_task1b_ws/install/my_robot_interfaces/lib'
[2.105s] Level 1:colcon.colcon_core.shell:create_environment_hook('my_robot_interfaces', 'ld_library_path_lib')
[2.111s] INFO:colcon.colcon_core.shell:Creating environment hook '/home/subun/eyrc_hb/hb_task1b_ws/install/my_robot_interfaces/share/my_robot_interfaces/hook/ld_library_path_lib.ps1'
[2.111s] INFO:colcon.colcon_core.shell:Creating environment descriptor '/home/subun/eyrc_hb/hb_task1b_ws/install/my_robot_interfaces/share/my_robot_interfaces/hook/ld_library_path_lib.dsv'
[2.111s] INFO:colcon.colcon_core.shell:Creating environment hook '/home/subun/eyrc_hb/hb_task1b_ws/install/my_robot_interfaces/share/my_robot_interfaces/hook/ld_library_path_lib.sh'
[2.111s] Level 1:colcon.colcon_core.environment:checking '/home/subun/eyrc_hb/hb_task1b_ws/install/my_robot_interfaces/bin'
[2.112s] Level 1:colcon.colcon_core.environment:checking '/home/subun/eyrc_hb/hb_task1b_ws/install/my_robot_interfaces/lib/pkgconfig/my_robot_interfaces.pc'
[2.112s] Level 1:colcon.colcon_core.environment:checking '/home/subun/eyrc_hb/hb_task1b_ws/install/my_robot_interfaces/lib/python3.10/site-packages'
[2.112s] Level 1:colcon.colcon_core.environment:checking '/home/subun/eyrc_hb/hb_task1b_ws/install/my_robot_interfaces/bin'
[2.118s] INFO:colcon.colcon_core.shell:Creating package script '/home/subun/eyrc_hb/hb_task1b_ws/install/my_robot_interfaces/share/my_robot_interfaces/package.ps1'
[2.119s] INFO:colcon.colcon_core.shell:Creating package descriptor '/home/subun/eyrc_hb/hb_task1b_ws/install/my_robot_interfaces/share/my_robot_interfaces/package.dsv'
[2.119s] INFO:colcon.colcon_core.shell:Creating package script '/home/subun/eyrc_hb/hb_task1b_ws/install/my_robot_interfaces/share/my_robot_interfaces/package.sh'
[2.119s] INFO:colcon.colcon_core.shell:Creating package script '/home/subun/eyrc_hb/hb_task1b_ws/install/my_robot_interfaces/share/my_robot_interfaces/package.bash'
[2.120s] INFO:colcon.colcon_core.shell:Creating package script '/home/subun/eyrc_hb/hb_task1b_ws/install/my_robot_interfaces/share/my_robot_interfaces/package.zsh'
[2.120s] Level 1:colcon.colcon_core.environment:create_file_with_runtime_dependencies(/home/subun/eyrc_hb/hb_task1b_ws/install/my_robot_interfaces/share/colcon-core/packages/my_robot_interfaces)
[2.163s] Level 1:colcon.colcon_core.environment:create_environment_scripts_only(my_robot_interfaces)
[2.169s] Level 1:colcon.colcon_core.environment:checking '/home/subun/eyrc_hb/hb_task1b_ws/install/my_robot_interfaces' for CMake module files
[2.170s] Level 1:colcon.colcon_core.environment:checking '/home/subun/eyrc_hb/hb_task1b_ws/install/my_robot_interfaces' for CMake config files
[2.170s] Level 1:colcon.colcon_core.shell:create_environment_hook('my_robot_interfaces', 'cmake_prefix_path')
[2.177s] INFO:colcon.colcon_core.shell:Creating environment hook '/home/subun/eyrc_hb/hb_task1b_ws/install/my_robot_interfaces/share/my_robot_interfaces/hook/cmake_prefix_path.ps1'
[2.177s] INFO:colcon.colcon_core.shell:Creating environment descriptor '/home/subun/eyrc_hb/hb_task1b_ws/install/my_robot_interfaces/share/my_robot_interfaces/hook/cmake_prefix_path.dsv'
[2.177s] INFO:colcon.colcon_core.shell:Creating environment hook '/home/subun/eyrc_hb/hb_task1b_ws/install/my_robot_interfaces/share/my_robot_interfaces/hook/cmake_prefix_path.sh'
[2.178s] Level 1:colcon.colcon_core.environment:checking '/home/subun/eyrc_hb/hb_task1b_ws/install/my_robot_interfaces/lib'
[2.178s] Level 1:colcon.colcon_core.shell:create_environment_hook('my_robot_interfaces', 'ld_library_path_lib')
[2.185s] INFO:colcon.colcon_core.shell:Creating environment hook '/home/subun/eyrc_hb/hb_task1b_ws/install/my_robot_interfaces/share/my_robot_interfaces/hook/ld_library_path_lib.ps1'
[2.185s] INFO:colcon.colcon_core.shell:Creating environment descriptor '/home/subun/eyrc_hb/hb_task1b_ws/install/my_robot_interfaces/share/my_robot_interfaces/hook/ld_library_path_lib.dsv'
[2.185s] INFO:colcon.colcon_core.shell:Creating environment hook '/home/subun/eyrc_hb/hb_task1b_ws/install/my_robot_interfaces/share/my_robot_interfaces/hook/ld_library_path_lib.sh'
[2.185s] Level 1:colcon.colcon_core.environment:checking '/home/subun/eyrc_hb/hb_task1b_ws/install/my_robot_interfaces/bin'
[2.185s] Level 1:colcon.colcon_core.environment:checking '/home/subun/eyrc_hb/hb_task1b_ws/install/my_robot_interfaces/lib/pkgconfig/my_robot_interfaces.pc'
[2.185s] Level 1:colcon.colcon_core.environment:checking '/home/subun/eyrc_hb/hb_task1b_ws/install/my_robot_interfaces/lib/python3.10/site-packages'
[2.185s] Level 1:colcon.colcon_core.environment:checking '/home/subun/eyrc_hb/hb_task1b_ws/install/my_robot_interfaces/bin'
[2.192s] INFO:colcon.colcon_core.shell:Creating package script '/home/subun/eyrc_hb/hb_task1b_ws/install/my_robot_interfaces/share/my_robot_interfaces/package.ps1'
[2.192s] INFO:colcon.colcon_core.shell:Creating package descriptor '/home/subun/eyrc_hb/hb_task1b_ws/install/my_robot_interfaces/share/my_robot_interfaces/package.dsv'
[2.192s] INFO:colcon.colcon_core.shell:Creating package script '/home/subun/eyrc_hb/hb_task1b_ws/install/my_robot_interfaces/share/my_robot_interfaces/package.sh'
[2.193s] INFO:colcon.colcon_core.shell:Creating package script '/home/subun/eyrc_hb/hb_task1b_ws/install/my_robot_interfaces/share/my_robot_interfaces/package.bash'
[2.193s] INFO:colcon.colcon_core.shell:Creating package script '/home/subun/eyrc_hb/hb_task1b_ws/install/my_robot_interfaces/share/my_robot_interfaces/package.zsh'
[2.193s] Level 1:colcon.colcon_core.environment:create_file_with_runtime_dependencies(/home/subun/eyrc_hb/hb_task1b_ws/install/my_robot_interfaces/share/colcon-core/packages/my_robot_interfaces)
[2.193s] INFO:colcon.colcon_ros.task.ament_python.build:Building ROS package in '/home/subun/eyrc_hb/hb_task1b_ws/src/hb_task_1b' with build type 'ament_python'
[2.193s] Level 1:colcon.colcon_core.shell:create_environment_hook('hb_task_1b', 'ament_prefix_path')
[2.200s] INFO:colcon.colcon_core.shell:Creating environment hook '/home/subun/eyrc_hb/hb_task1b_ws/install/hb_task_1b/share/hb_task_1b/hook/ament_prefix_path.ps1'
[2.200s] INFO:colcon.colcon_core.shell:Creating environment descriptor '/home/subun/eyrc_hb/hb_task1b_ws/install/hb_task_1b/share/hb_task_1b/hook/ament_prefix_path.dsv'
[2.201s] INFO:colcon.colcon_core.shell:Creating environment hook '/home/subun/eyrc_hb/hb_task1b_ws/install/hb_task_1b/share/hb_task_1b/hook/ament_prefix_path.sh'
[2.207s] INFO:colcon.colcon_core.shell:Skip shell extension 'powershell' for command environment: Not usable outside of PowerShell
[2.207s] DEBUG:colcon.colcon_core.shell:Skip shell extension 'dsv' for command environment
[2.392s] INFO:colcon.colcon_core.task.python.build:Building Python package in '/home/subun/eyrc_hb/hb_task1b_ws/src/hb_task_1b'
[2.399s] INFO:colcon.colcon_core.shell:Skip shell extension 'powershell' for command environment: Not usable outside of PowerShell
[2.399s] DEBUG:colcon.colcon_core.shell:Skip shell extension 'dsv' for command environment
[2.642s] DEBUG:colcon.colcon_core.event_handler.log_command:Invoking command in '/home/subun/eyrc_hb/hb_task1b_ws/build/hb_task_1b': PYTHONPATH=/home/subun/eyrc_hb/hb_task1b_ws/build/hb_task_1b/prefix_override:/home/subun/eyrc_hb/hb_task1b_ws/install/hb_task_1b/lib/python3.10/site-packages:${PYTHONPATH} /usr/bin/python3 setup.py develop --editable --build-directory /home/subun/eyrc_hb/hb_task1b_ws/build/hb_task_1b/build --no-deps install_data
[2.887s] Level 1:colcon.colcon_core.shell:create_environment_hook('hb_task_1b', 'pythonpath_develop')
[2.888s] DEBUG:colcon.colcon_core.event_handler.log_command:Invoked command in '/home/subun/eyrc_hb/hb_task1b_ws/build/hb_task_1b' returned '0': PYTHONPATH=/home/subun/eyrc_hb/hb_task1b_ws/build/hb_task_1b/prefix_override:/home/subun/eyrc_hb/hb_task1b_ws/install/hb_task_1b/lib/python3.10/site-packages:${PYTHONPATH} /usr/bin/python3 setup.py develop --editable --build-directory /home/subun/eyrc_hb/hb_task1b_ws/build/hb_task_1b/build --no-deps install_data
[2.895s] INFO:colcon.colcon_core.shell:Creating environment hook '/home/subun/eyrc_hb/hb_task1b_ws/build/hb_task_1b/share/hb_task_1b/hook/pythonpath_develop.ps1'
[2.895s] INFO:colcon.colcon_core.shell:Creating environment descriptor '/home/subun/eyrc_hb/hb_task1b_ws/build/hb_task_1b/share/hb_task_1b/hook/pythonpath_develop.dsv'
[2.895s] INFO:colcon.colcon_core.shell:Creating environment hook '/home/subun/eyrc_hb/hb_task1b_ws/build/hb_task_1b/share/hb_task_1b/hook/pythonpath_develop.sh'
[2.902s] Level 1:colcon.colcon_core.environment:checking '/home/subun/eyrc_hb/hb_task1b_ws/install/hb_task_1b' for CMake module files
[2.902s] Level 1:colcon.colcon_core.environment:checking '/home/subun/eyrc_hb/hb_task1b_ws/install/hb_task_1b' for CMake config files
[2.903s] Level 1:colcon.colcon_core.environment:checking '/home/subun/eyrc_hb/hb_task1b_ws/install/hb_task_1b/lib'
[2.903s] Level 1:colcon.colcon_core.environment:checking '/home/subun/eyrc_hb/hb_task1b_ws/install/hb_task_1b/bin'
[2.903s] Level 1:colcon.colcon_core.environment:checking '/home/subun/eyrc_hb/hb_task1b_ws/install/hb_task_1b/lib/pkgconfig/hb_task_1b.pc'
[2.903s] Level 1:colcon.colcon_core.environment:checking '/home/subun/eyrc_hb/hb_task1b_ws/install/hb_task_1b/lib/python3.10/site-packages'
[2.903s] Level 1:colcon.colcon_core.shell:create_environment_hook('hb_task_1b', 'pythonpath')
[2.909s] INFO:colcon.colcon_core.shell:Creating environment hook '/home/subun/eyrc_hb/hb_task1b_ws/install/hb_task_1b/share/hb_task_1b/hook/pythonpath.ps1'
[2.909s] INFO:colcon.colcon_core.shell:Creating environment descriptor '/home/subun/eyrc_hb/hb_task1b_ws/install/hb_task_1b/share/hb_task_1b/hook/pythonpath.dsv'
[2.909s] INFO:colcon.colcon_core.shell:Creating environment hook '/home/subun/eyrc_hb/hb_task1b_ws/install/hb_task_1b/share/hb_task_1b/hook/pythonpath.sh'
[2.910s] Level 1:colcon.colcon_core.environment:checking '/home/subun/eyrc_hb/hb_task1b_ws/install/hb_task_1b/bin'
[2.910s] Level 1:colcon.colcon_core.environment:create_environment_scripts_only(hb_task_1b)
[2.916s] INFO:colcon.colcon_core.shell:Creating package script '/home/subun/eyrc_hb/hb_task1b_ws/install/hb_task_1b/share/hb_task_1b/package.ps1'
[2.916s] INFO:colcon.colcon_core.shell:Creating package descriptor '/home/subun/eyrc_hb/hb_task1b_ws/install/hb_task_1b/share/hb_task_1b/package.dsv'
[2.917s] INFO:colcon.colcon_core.shell:Creating package script '/home/subun/eyrc_hb/hb_task1b_ws/install/hb_task_1b/share/hb_task_1b/package.sh'
[2.917s] INFO:colcon.colcon_core.shell:Creating package script '/home/subun/eyrc_hb/hb_task1b_ws/install/hb_task_1b/share/hb_task_1b/package.bash'
[2.917s] INFO:colcon.colcon_core.shell:Creating package script '/home/subun/eyrc_hb/hb_task1b_ws/install/hb_task_1b/share/hb_task_1b/package.zsh'
[2.917s] Level 1:colcon.colcon_core.environment:create_file_with_runtime_dependencies(/home/subun/eyrc_hb/hb_task1b_ws/install/hb_task_1b/share/colcon-core/packages/hb_task_1b)
[2.917s] DEBUG:colcon.colcon_parallel_executor.executor.parallel:closing loop
[2.917s] DEBUG:colcon.colcon_parallel_executor.executor.parallel:loop closed
[2.917s] DEBUG:colcon.colcon_parallel_executor.executor.parallel:run_until_complete finished with '0'
[2.917s] DEBUG:colcon.colcon_core.event_reactor:joining thread
[2.935s] INFO:colcon.colcon_core.plugin_system:Skipping extension 'colcon_notification.desktop_notification.terminal_notifier': Not used on non-Darwin systems
[2.935s] INFO:colcon.colcon_core.plugin_system:Skipping extension 'colcon_notification.desktop_notification.win32': Not used on non-Windows systems
[2.935s] INFO:colcon.colcon_notification.desktop_notification:Sending desktop notification using 'notify2'
[2.944s] DEBUG:colcon.colcon_core.event_reactor:joined thread
[2.951s] INFO:colcon.colcon_core.shell:Creating prefix script '/home/subun/eyrc_hb/hb_task1b_ws/install/local_setup.ps1'
[2.951s] INFO:colcon.colcon_core.shell:Creating prefix util module '/home/subun/eyrc_hb/hb_task1b_ws/install/_local_setup_util_ps1.py'
[2.952s] INFO:colcon.colcon_core.shell:Creating prefix chain script '/home/subun/eyrc_hb/hb_task1b_ws/install/setup.ps1'
[2.959s] INFO:colcon.colcon_core.shell:Creating prefix script '/home/subun/eyrc_hb/hb_task1b_ws/install/local_setup.sh'
[2.959s] INFO:colcon.colcon_core.shell:Creating prefix util module '/home/subun/eyrc_hb/hb_task1b_ws/install/_local_setup_util_sh.py'
[2.959s] INFO:colcon.colcon_core.shell:Creating prefix chain script '/home/subun/eyrc_hb/hb_task1b_ws/install/setup.sh'
[2.967s] INFO:colcon.colcon_core.shell:Creating prefix script '/home/subun/eyrc_hb/hb_task1b_ws/install/local_setup.bash'
[2.967s] INFO:colcon.colcon_core.shell:Creating prefix chain script '/home/subun/eyrc_hb/hb_task1b_ws/install/setup.bash'
[2.974s] INFO:colcon.colcon_core.shell:Creating prefix script '/home/subun/eyrc_hb/hb_task1b_ws/install/local_setup.zsh'
[2.974s] INFO:colcon.colcon_core.shell:Creating prefix chain script '/home/subun/eyrc_hb/hb_task1b_ws/install/setup.zsh'
