/home/ritesh/eyrc23_hb_1796/hb_task_2_ws/install/hb_task2b/lib/python3.10/site-packages/hb_task2b/bot_2_controller.py
/home/ritesh/eyrc23_hb_1796/hb_task_2_ws/install/hb_task2b/lib/python3.10/site-packages/hb_task2b/bot_3_controller.py
/home/ritesh/eyrc23_hb_1796/hb_task_2_ws/install/hb_task2b/lib/python3.10/site-packages/hb_task2b/nextGoalPub.py
/home/ritesh/eyrc23_hb_1796/hb_task_2_ws/install/hb_task2b/lib/python3.10/site-packages/hb_task2b/bot_1_controller.py
/home/ritesh/eyrc23_hb_1796/hb_task_2_ws/install/hb_task2b/lib/python3.10/site-packages/hb_task2b/__init__.py
/home/ritesh/eyrc23_hb_1796/hb_task_2_ws/install/hb_task2b/lib/python3.10/site-packages/hb_task2b/feedback2b.py
/home/ritesh/eyrc23_hb_1796/hb_task_2_ws/install/hb_task2b/lib/python3.10/site-packages/hb_task2b/__pycache__/bot_2_controller.cpython-310.pyc
/home/ritesh/eyrc23_hb_1796/hb_task_2_ws/install/hb_task2b/lib/python3.10/site-packages/hb_task2b/__pycache__/bot_3_controller.cpython-310.pyc
/home/ritesh/eyrc23_hb_1796/hb_task_2_ws/install/hb_task2b/lib/python3.10/site-packages/hb_task2b/__pycache__/nextGoalPub.cpython-310.pyc
/home/ritesh/eyrc23_hb_1796/hb_task_2_ws/install/hb_task2b/lib/python3.10/site-packages/hb_task2b/__pycache__/bot_1_controller.cpython-310.pyc
/home/ritesh/eyrc23_hb_1796/hb_task_2_ws/install/hb_task2b/lib/python3.10/site-packages/hb_task2b/__pycache__/__init__.cpython-310.pyc
/home/ritesh/eyrc23_hb_1796/hb_task_2_ws/install/hb_task2b/lib/python3.10/site-packages/hb_task2b/__pycache__/feedback2b.cpython-310.pyc
/home/ritesh/eyrc23_hb_1796/hb_task_2_ws/install/hb_task2b/share/ament_index/resource_index/packages/hb_task2b
/home/ritesh/eyrc23_hb_1796/hb_task_2_ws/install/hb_task2b/share/hb_task2b/package.xml
/home/ritesh/eyrc23_hb_1796/hb_task_2_ws/install/hb_task2b/share/hb_task2b/launch/task2b.launch.py
/home/ritesh/eyrc23_hb_1796/hb_task_2_ws/install/hb_task2b/share/hb_task2b/launch/submission.launch.py
/home/ritesh/eyrc23_hb_1796/hb_task_2_ws/install/hb_task2b/share/hb_task2b/launch/controller.launch.py
/home/ritesh/eyrc23_hb_1796/hb_task_2_ws/install/hb_task2b/share/hb_task2b/scripts
/home/ritesh/eyrc23_hb_1796/hb_task_2_ws/install/hb_task2b/lib/python3.10/site-packages/hb_task2b-0.0.0-py3.10.egg-info/zip-safe
/home/ritesh/eyrc23_hb_1796/hb_task_2_ws/install/hb_task2b/lib/python3.10/site-packages/hb_task2b-0.0.0-py3.10.egg-info/PKG-INFO
/home/ritesh/eyrc23_hb_1796/hb_task_2_ws/install/hb_task2b/lib/python3.10/site-packages/hb_task2b-0.0.0-py3.10.egg-info/SOURCES.txt
/home/ritesh/eyrc23_hb_1796/hb_task_2_ws/install/hb_task2b/lib/python3.10/site-packages/hb_task2b-0.0.0-py3.10.egg-info/entry_points.txt
/home/ritesh/eyrc23_hb_1796/hb_task_2_ws/install/hb_task2b/lib/python3.10/site-packages/hb_task2b-0.0.0-py3.10.egg-info/dependency_links.txt
/home/ritesh/eyrc23_hb_1796/hb_task_2_ws/install/hb_task2b/lib/python3.10/site-packages/hb_task2b-0.0.0-py3.10.egg-info/top_level.txt
/home/ritesh/eyrc23_hb_1796/hb_task_2_ws/install/hb_task2b/lib/python3.10/site-packages/hb_task2b-0.0.0-py3.10.egg-info/requires.txt
/home/ritesh/eyrc23_hb_1796/hb_task_2_ws/install/hb_task2b/lib/hb_task2b/controller_bot1
/home/ritesh/eyrc23_hb_1796/hb_task_2_ws/install/hb_task2b/lib/hb_task2b/controller_bot2
/home/ritesh/eyrc23_hb_1796/hb_task_2_ws/install/hb_task2b/lib/hb_task2b/controller_bot3
/home/ritesh/eyrc23_hb_1796/hb_task_2_ws/install/hb_task2b/lib/hb_task2b/feedback2b
/home/ritesh/eyrc23_hb_1796/hb_task_2_ws/install/hb_task2b/lib/hb_task2b/nextgoalpub
