[0.350s] Invoking command in '/home/subun/eyrc_hb/hb_task1a_ws/build/hb_task_1a': PYTHONPATH=/home/subun/eyrc_hb/hb_task1a_ws/build/hb_task_1a/prefix_override:/home/subun/eyrc_hb/hb_task1a_ws/install/hb_task_1a/lib/python3.10/site-packages:${PYTHONPATH} /usr/bin/python3 setup.py develop --uninstall --editable --build-directory /home/subun/eyrc_hb/hb_task1a_ws/build/hb_task_1a/build
[0.482s] running develop
[0.483s] /usr/lib/python3/dist-packages/setuptools/command/easy_install.py:158: EasyInstallDeprecationWarning: easy_install command is deprecated. Use build and pip and other standards-based tools.
[0.483s]   warnings.warn(
[0.484s] /usr/lib/python3/dist-packages/setuptools/command/install.py:34: SetuptoolsDeprecationWarning: setup.py install is deprecated. Use build and pip and other standards-based tools.
[0.484s]   warnings.warn(
[0.557s] Removing /home/subun/eyrc_hb/hb_task1a_ws/install/hb_task_1a/lib/python3.10/site-packages/hb-task-1a.egg-link (link to .)
[0.575s] Invoked command in '/home/subun/eyrc_hb/hb_task1a_ws/build/hb_task_1a' returned '0': PYTHONPATH=/home/subun/eyrc_hb/hb_task1a_ws/build/hb_task_1a/prefix_override:/home/subun/eyrc_hb/hb_task1a_ws/install/hb_task_1a/lib/python3.10/site-packages:${PYTHONPATH} /usr/bin/python3 setup.py develop --uninstall --editable --build-directory /home/subun/eyrc_hb/hb_task1a_ws/build/hb_task_1a/build
[0.575s] Invoking command in '/home/subun/eyrc_hb/hb_task1a_ws/src/hb_task_1a': PYTHONPATH=/home/subun/eyrc_hb/hb_task1a_ws/build/hb_task_1a/prefix_override:/home/subun/eyrc_hb/hb_task1a_ws/install/hb_task_1a/lib/python3.10/site-packages:${PYTHONPATH} /usr/bin/python3 setup.py egg_info --egg-base ../../build/hb_task_1a build --build-base /home/subun/eyrc_hb/hb_task1a_ws/build/hb_task_1a/build install --record /home/subun/eyrc_hb/hb_task1a_ws/build/hb_task_1a/install.log --single-version-externally-managed
[0.692s] running egg_info
[0.692s] writing ../../build/hb_task_1a/hb_task_1a.egg-info/PKG-INFO
[0.692s] writing dependency_links to ../../build/hb_task_1a/hb_task_1a.egg-info/dependency_links.txt
[0.692s] writing entry points to ../../build/hb_task_1a/hb_task_1a.egg-info/entry_points.txt
[0.692s] writing requirements to ../../build/hb_task_1a/hb_task_1a.egg-info/requires.txt
[0.692s] writing top-level names to ../../build/hb_task_1a/hb_task_1a.egg-info/top_level.txt
[0.694s] reading manifest file '../../build/hb_task_1a/hb_task_1a.egg-info/SOURCES.txt'
[0.695s] writing manifest file '../../build/hb_task_1a/hb_task_1a.egg-info/SOURCES.txt'
[0.695s] running build
[0.695s] running build_py
[0.695s] copying hb_task_1a/task_1a_1796.py -> /home/subun/eyrc_hb/hb_task1a_ws/build/hb_task_1a/build/lib/hb_task_1a
[0.695s] running install
[0.695s] /usr/lib/python3/dist-packages/setuptools/command/install.py:34: SetuptoolsDeprecationWarning: setup.py install is deprecated. Use build and pip and other standards-based tools.
[0.695s]   warnings.warn(
[0.696s] running install_lib
[0.696s] creating /home/subun/eyrc_hb/hb_task1a_ws/install/hb_task_1a/lib/python3.10/site-packages/hb_task_1a
[0.696s] copying /home/subun/eyrc_hb/hb_task1a_ws/build/hb_task_1a/build/lib/hb_task_1a/task_1a_1796.py -> /home/subun/eyrc_hb/hb_task1a_ws/install/hb_task_1a/lib/python3.10/site-packages/hb_task_1a
[0.696s] copying /home/subun/eyrc_hb/hb_task1a_ws/build/hb_task_1a/build/lib/hb_task_1a/__init__.py -> /home/subun/eyrc_hb/hb_task1a_ws/install/hb_task_1a/lib/python3.10/site-packages/hb_task_1a
[0.696s] byte-compiling /home/subun/eyrc_hb/hb_task1a_ws/install/hb_task_1a/lib/python3.10/site-packages/hb_task_1a/task_1a_1796.py to task_1a_1796.cpython-310.pyc
[0.697s] byte-compiling /home/subun/eyrc_hb/hb_task1a_ws/install/hb_task_1a/lib/python3.10/site-packages/hb_task_1a/__init__.py to __init__.cpython-310.pyc
[0.697s] running install_data
[0.698s] running install_egg_info
[0.698s] Copying ../../build/hb_task_1a/hb_task_1a.egg-info to /home/subun/eyrc_hb/hb_task1a_ws/install/hb_task_1a/lib/python3.10/site-packages/hb_task_1a-0.0.0-py3.10.egg-info
[0.699s] running install_scripts
[0.711s] Installing snowman script to /home/subun/eyrc_hb/hb_task1a_ws/install/hb_task_1a/lib/hb_task_1a
[0.711s] writing list of installed files to '/home/subun/eyrc_hb/hb_task1a_ws/build/hb_task_1a/install.log'
[0.726s] Invoked command in '/home/subun/eyrc_hb/hb_task1a_ws/src/hb_task_1a' returned '0': PYTHONPATH=/home/subun/eyrc_hb/hb_task1a_ws/build/hb_task_1a/prefix_override:/home/subun/eyrc_hb/hb_task1a_ws/install/hb_task_1a/lib/python3.10/site-packages:${PYTHONPATH} /usr/bin/python3 setup.py egg_info --egg-base ../../build/hb_task_1a build --build-base /home/subun/eyrc_hb/hb_task1a_ws/build/hb_task_1a/build install --record /home/subun/eyrc_hb/hb_task1a_ws/build/hb_task_1a/install.log --single-version-externally-managed
