running develop
running egg_info
creating bot_control.egg-info
writing bot_control.egg-info/PKG-INFO
writing dependency_links to bot_control.egg-info/dependency_links.txt
writing entry points to bot_control.egg-info/entry_points.txt
writing requirements to bot_control.egg-info/requires.txt
writing top-level names to bot_control.egg-info/top_level.txt
writing manifest file 'bot_control.egg-info/SOURCES.txt'
reading manifest file 'bot_control.egg-info/SOURCES.txt'
writing manifest file 'bot_control.egg-info/SOURCES.txt'
running build_ext
Creating /home/subun/eyrc_hb/hb_task_4_ws/install/bot_control/lib/python3.10/site-packages/bot-control.egg-link (link to .)

Installed /home/subun/eyrc_hb/hb_task_4_ws/build/bot_control
running install_data
creating /home/subun/eyrc_hb/hb_task_4_ws/install/bot_control/share/ament_index
creating /home/subun/eyrc_hb/hb_task_4_ws/install/bot_control/share/ament_index/resource_index
creating /home/subun/eyrc_hb/hb_task_4_ws/install/bot_control/share/ament_index/resource_index/packages
copying resource/bot_control -> /home/subun/eyrc_hb/hb_task_4_ws/install/bot_control/share/ament_index/resource_index/packages
copying package.xml -> /home/subun/eyrc_hb/hb_task_4_ws/install/bot_control/share/bot_control
