[0.841s] Invoking command in '/home/subun/eyrc_hb/hb_task_4_ws/build/bot_control': PYTHONPATH=/home/subun/eyrc_hb/hb_task_4_ws/build/bot_control/prefix_override:/home/subun/eyrc_hb/hb_task_4_ws/install/bot_control/lib/python3.10/site-packages:${PYTHONPATH} /usr/bin/python3 setup.py develop --editable --build-directory /home/subun/eyrc_hb/hb_task_4_ws/build/bot_control/build --no-deps install_data
[1.009s] running develop
[1.103s] running egg_info
[1.103s] creating bot_control.egg-info
[1.103s] writing bot_control.egg-info/PKG-INFO
[1.103s] writing dependency_links to bot_control.egg-info/dependency_links.txt
[1.103s] writing entry points to bot_control.egg-info/entry_points.txt
[1.103s] writing requirements to bot_control.egg-info/requires.txt
[1.103s] writing top-level names to bot_control.egg-info/top_level.txt
[1.103s] writing manifest file 'bot_control.egg-info/SOURCES.txt'
[1.104s] reading manifest file 'bot_control.egg-info/SOURCES.txt'
[1.105s] writing manifest file 'bot_control.egg-info/SOURCES.txt'
[1.106s] running build_ext
[1.106s] Creating /home/subun/eyrc_hb/hb_task_4_ws/install/bot_control/lib/python3.10/site-packages/bot-control.egg-link (link to .)
[1.106s] 
[1.107s] Installed /home/subun/eyrc_hb/hb_task_4_ws/build/bot_control
[1.107s] running install_data
[1.107s] creating /home/subun/eyrc_hb/hb_task_4_ws/install/bot_control/share/ament_index
[1.107s] creating /home/subun/eyrc_hb/hb_task_4_ws/install/bot_control/share/ament_index/resource_index
[1.107s] creating /home/subun/eyrc_hb/hb_task_4_ws/install/bot_control/share/ament_index/resource_index/packages
[1.107s] copying resource/bot_control -> /home/subun/eyrc_hb/hb_task_4_ws/install/bot_control/share/ament_index/resource_index/packages
[1.107s] copying package.xml -> /home/subun/eyrc_hb/hb_task_4_ws/install/bot_control/share/bot_control
[1.132s] Invoked command in '/home/subun/eyrc_hb/hb_task_4_ws/build/bot_control' returned '0': PYTHONPATH=/home/subun/eyrc_hb/hb_task_4_ws/build/bot_control/prefix_override:/home/subun/eyrc_hb/hb_task_4_ws/install/bot_control/lib/python3.10/site-packages:${PYTHONPATH} /usr/bin/python3 setup.py develop --editable --build-directory /home/subun/eyrc_hb/hb_task_4_ws/build/bot_control/build --no-deps install_data
