[0.049s] Invoking command in '/home/subun/eyrc_hb/hb_task1b_ws/build/my_robot_interfaces': /usr/bin/cmake /home/subun/eyrc_hb/hb_task1b_ws/src/my_robot_interfaces -DCMAKE_INSTALL_PREFIX=/home/subun/eyrc_hb/hb_task1b_ws/install/my_robot_interfaces
[0.090s] -- Found ament_cmake: 1.3.5 (/opt/ros/humble/share/ament_cmake/cmake)
[0.203s] -- Override CMake install command with custom implementation using symlinks instead of copying resources
[0.216s] -- Found rosidl_default_generators: 1.2.0 (/opt/ros/humble/share/rosidl_default_generators/cmake)
[0.218s] -- Using all available rosidl_typesupport_c: rosidl_typesupport_fastrtps_c;rosidl_typesupport_introspection_c
[0.221s] -- Found rosidl_adapter: 3.1.5 (/opt/ros/humble/share/rosidl_adapter/cmake)
[0.247s] -- Using all available rosidl_typesupport_cpp: rosidl_typesupport_fastrtps_cpp;rosidl_typesupport_introspection_cpp
[0.383s] Error parsing '/home/subun/eyrc_hb/hb_task1b_ws/src/my_robot_interfaces/package.xml':
[0.411s] Traceback (most recent call last):
[0.411s]   File "/opt/ros/humble/share/ament_cmake_core/cmake/core/package_xml_2_cmake.py", line 150, in <module>
[0.411s]     main()
[0.411s]   File "/opt/ros/humble/share/ament_cmake_core/cmake/core/package_xml_2_cmake.py", line 53, in main
[0.411s]     raise e
[0.411s]   File "/opt/ros/humble/share/ament_cmake_core/cmake/core/package_xml_2_cmake.py", line 49, in main
[0.411s]     package = parse_package_string(
[0.411s]   File "/usr/lib/python3/dist-packages/catkin_pkg/package.py", line 788, in parse_package_string
[0.412s]     pkg.validate(warnings=warnings)
[0.412s]   File "/usr/lib/python3/dist-packages/catkin_pkg/package.py", line 330, in validate
[0.412s]     raise InvalidPackage('\n'.join(errors), self.filename)
[0.412s] catkin_pkg.package.InvalidPackage: Error(s) in package '/home/subun/eyrc_hb/hb_task1b_ws/src/my_robot_interfaces/package.xml':
[0.412s] Package name "my_robot_interfaces1.0" does not follow naming conventions
[0.422s] [31mCMake Error at /opt/ros/humble/share/ament_cmake_core/cmake/core/ament_package_xml.cmake:95 (message):
[0.422s]   execute_process(/usr/bin/python3.10
[0.422s]   /opt/ros/humble/share/ament_cmake_core/cmake/core/package_xml_2_cmake.py
[0.422s]   /home/subun/eyrc_hb/hb_task1b_ws/src/my_robot_interfaces/package.xml
[0.422s]   /home/subun/eyrc_hb/hb_task1b_ws/build/my_robot_interfaces/ament_cmake_core/package.cmake)
[0.422s]   returned error code 1
[0.422s] Call Stack (most recent call first):
[0.422s]   /opt/ros/humble/share/ament_cmake_core/cmake/core/ament_package_xml.cmake:49 (_ament_package_xml)
[0.422s]   /opt/ros/humble/share/rosidl_cmake/cmake/rosidl_generate_interfaces.cmake:226 (ament_package_xml)
[0.422s]   CMakeLists.txt:16 (rosidl_generate_interfaces)
[0.422s] 
[0.422s] [0m
[0.422s] -- Configuring incomplete, errors occurred!
[0.422s] See also "/home/subun/eyrc_hb/hb_task1b_ws/build/my_robot_interfaces/CMakeFiles/CMakeOutput.log".
[0.427s] Invoked command in '/home/subun/eyrc_hb/hb_task1b_ws/build/my_robot_interfaces' returned '1': /usr/bin/cmake /home/subun/eyrc_hb/hb_task1b_ws/src/my_robot_interfaces -DCMAKE_INSTALL_PREFIX=/home/subun/eyrc_hb/hb_task1b_ws/install/my_robot_interfaces
