running develop
running egg_info
creating bot_control5.egg-info
writing bot_control5.egg-info/PKG-INFO
writing dependency_links to bot_control5.egg-info/dependency_links.txt
writing entry points to bot_control5.egg-info/entry_points.txt
writing requirements to bot_control5.egg-info/requires.txt
writing top-level names to bot_control5.egg-info/top_level.txt
writing manifest file 'bot_control5.egg-info/SOURCES.txt'
reading manifest file 'bot_control5.egg-info/SOURCES.txt'
writing manifest file 'bot_control5.egg-info/SOURCES.txt'
running build_ext
Creating /home/subun/eyrc_hb/hb_task_5_ws/install/bot_control5/lib/python3.10/site-packages/bot-control5.egg-link (link to .)
Installing control_node script to /home/subun/eyrc_hb/hb_task_5_ws/install/bot_control5/lib/bot_control5

Installed /home/subun/eyrc_hb/hb_task_5_ws/build/bot_control5
running install_data
creating /home/subun/eyrc_hb/hb_task_5_ws/install/bot_control5/share/ament_index
creating /home/subun/eyrc_hb/hb_task_5_ws/install/bot_control5/share/ament_index/resource_index
creating /home/subun/eyrc_hb/hb_task_5_ws/install/bot_control5/share/ament_index/resource_index/packages
copying resource/bot_control5 -> /home/subun/eyrc_hb/hb_task_5_ws/install/bot_control5/share/ament_index/resource_index/packages
copying package.xml -> /home/subun/eyrc_hb/hb_task_5_ws/install/bot_control5/share/bot_control5
