[1.019s] Invoking command in '/home/subun/eyrc_hb/hb_task_5_ws/build/bot_control5': PYTHONPATH=/home/subun/eyrc_hb/hb_task_5_ws/build/bot_control5/prefix_override:/home/subun/eyrc_hb/hb_task_5_ws/install/bot_control5/lib/python3.10/site-packages:${PYTHONPATH} /usr/bin/python3 setup.py develop --editable --build-directory /home/subun/eyrc_hb/hb_task_5_ws/build/bot_control5/build --no-deps install_data
[1.211s] running develop
[1.317s] running egg_info
[1.317s] creating bot_control5.egg-info
[1.317s] writing bot_control5.egg-info/PKG-INFO
[1.318s] writing dependency_links to bot_control5.egg-info/dependency_links.txt
[1.319s] writing entry points to bot_control5.egg-info/entry_points.txt
[1.319s] writing requirements to bot_control5.egg-info/requires.txt
[1.320s] writing top-level names to bot_control5.egg-info/top_level.txt
[1.321s] writing manifest file 'bot_control5.egg-info/SOURCES.txt'
[1.321s] reading manifest file 'bot_control5.egg-info/SOURCES.txt'
[1.321s] writing manifest file 'bot_control5.egg-info/SOURCES.txt'
[1.322s] running build_ext
[1.323s] Creating /home/subun/eyrc_hb/hb_task_5_ws/install/bot_control5/lib/python3.10/site-packages/bot-control5.egg-link (link to .)
[1.325s] Installing control_node script to /home/subun/eyrc_hb/hb_task_5_ws/install/bot_control5/lib/bot_control5
[1.325s] 
[1.326s] Installed /home/subun/eyrc_hb/hb_task_5_ws/build/bot_control5
[1.326s] running install_data
[1.326s] creating /home/subun/eyrc_hb/hb_task_5_ws/install/bot_control5/share/ament_index
[1.326s] creating /home/subun/eyrc_hb/hb_task_5_ws/install/bot_control5/share/ament_index/resource_index
[1.327s] creating /home/subun/eyrc_hb/hb_task_5_ws/install/bot_control5/share/ament_index/resource_index/packages
[1.327s] copying resource/bot_control5 -> /home/subun/eyrc_hb/hb_task_5_ws/install/bot_control5/share/ament_index/resource_index/packages
[1.327s] copying package.xml -> /home/subun/eyrc_hb/hb_task_5_ws/install/bot_control5/share/bot_control5
[1.393s] Invoked command in '/home/subun/eyrc_hb/hb_task_5_ws/build/bot_control5' returned '0': PYTHONPATH=/home/subun/eyrc_hb/hb_task_5_ws/build/bot_control5/prefix_override:/home/subun/eyrc_hb/hb_task_5_ws/install/bot_control5/lib/python3.10/site-packages:${PYTHONPATH} /usr/bin/python3 setup.py develop --editable --build-directory /home/subun/eyrc_hb/hb_task_5_ws/build/bot_control5/build --no-deps install_data
