[4.947s] DEBUG:colcon:Command line arguments: ['/usr/bin/colcon', 'list', '-p', '--base-paths', '/home/subun/eyrc_hb/hb_task_4_ws']
[4.947s] DEBUG:colcon:Parsed command line arguments: Namespace(log_base=None, log_level=None, verb_name='list', build_base='build', ignore_user_meta=False, metas=['./colcon.meta'], base_paths=['/home/subun/eyrc_hb/hb_task_4_ws'], packages_ignore=None, packages_ignore_regex=None, paths=None, packages_up_to=None, packages_up_to_regex=None, packages_above=None, packages_above_and_dependencies=None, packages_above_depth=None, packages_select_by_dep=None, packages_skip_by_dep=None, packages_skip_up_to=None, packages_select_build_failed=False, packages_skip_build_finished=False, packages_select_test_failures=False, packages_skip_test_passed=False, packages_select=None, packages_skip=None, packages_select_regex=None, packages_skip_regex=None, packages_start=None, packages_end=None, allow_overriding=[], topological_order=False, names_only=False, paths_only=True, topological_graph=False, topological_graph_dot=False, topological_graph_density=False, topological_graph_legend=False, topological_graph_dot_cluster=False, topological_graph_dot_include_skipped=False, verb_parser=<colcon_defaults.argument_parser.defaults.DefaultArgumentsDecorator object at 0x7f497a91fd60>, verb_extension=<colcon_package_information.verb.list.ListVerb object at 0x7f497aa87a30>, main=<bound method ListVerb.main of <colcon_package_information.verb.list.ListVerb object at 0x7f497aa87a30>>)
[5.218s] Level 1:colcon.colcon_core.package_discovery:discover_packages(colcon_meta) check parameters
[5.219s] Level 1:colcon.colcon_core.package_discovery:discover_packages(recursive) check parameters
[5.219s] Level 1:colcon.colcon_core.package_discovery:discover_packages(ignore) check parameters
[5.219s] Level 1:colcon.colcon_core.package_discovery:discover_packages(path) check parameters
[5.219s] Level 1:colcon.colcon_core.package_discovery:discover_packages(recursive) discover
[5.220s] INFO:colcon.colcon_core.package_discovery:Crawling recursively for packages in '/home/subun/eyrc_hb/hb_task_4_ws'
[5.220s] Level 1:colcon.colcon_core.package_identification:_identify(/home/subun/eyrc_hb/hb_task_4_ws) by extensions ['ignore', 'ignore_ament_install']
[5.221s] Level 1:colcon.colcon_core.package_identification:_identify(/home/subun/eyrc_hb/hb_task_4_ws) by extension 'ignore'
[5.221s] Level 1:colcon.colcon_core.package_identification:_identify(/home/subun/eyrc_hb/hb_task_4_ws) by extension 'ignore_ament_install'
[5.222s] Level 1:colcon.colcon_core.package_identification:_identify(/home/subun/eyrc_hb/hb_task_4_ws) by extensions ['colcon_pkg']
[5.222s] Level 1:colcon.colcon_core.package_identification:_identify(/home/subun/eyrc_hb/hb_task_4_ws) by extension 'colcon_pkg'
[5.222s] Level 1:colcon.colcon_core.package_identification:_identify(/home/subun/eyrc_hb/hb_task_4_ws) by extensions ['colcon_meta']
[5.222s] Level 1:colcon.colcon_core.package_identification:_identify(/home/subun/eyrc_hb/hb_task_4_ws) by extension 'colcon_meta'
[5.222s] Level 1:colcon.colcon_core.package_identification:_identify(/home/subun/eyrc_hb/hb_task_4_ws) by extensions ['ros']
[5.223s] Level 1:colcon.colcon_core.package_identification:_identify(/home/subun/eyrc_hb/hb_task_4_ws) by extension 'ros'
[5.288s] Level 1:colcon.colcon_core.package_identification:_identify(/home/subun/eyrc_hb/hb_task_4_ws) by extensions ['cmake', 'python']
[5.289s] Level 1:colcon.colcon_core.package_identification:_identify(/home/subun/eyrc_hb/hb_task_4_ws) by extension 'cmake'
[5.289s] Level 1:colcon.colcon_core.package_identification:_identify(/home/subun/eyrc_hb/hb_task_4_ws) by extension 'python'
[5.289s] Level 1:colcon.colcon_core.package_identification:_identify(/home/subun/eyrc_hb/hb_task_4_ws) by extensions ['python_setup_py']
[5.290s] Level 1:colcon.colcon_core.package_identification:_identify(/home/subun/eyrc_hb/hb_task_4_ws) by extension 'python_setup_py'
[5.290s] Level 1:colcon.colcon_core.package_identification:_identify(/home/subun/eyrc_hb/hb_task_4_ws/build) by extensions ['ignore', 'ignore_ament_install']
[5.291s] Level 1:colcon.colcon_core.package_identification:_identify(/home/subun/eyrc_hb/hb_task_4_ws/build) by extension 'ignore'
[5.291s] Level 1:colcon.colcon_core.package_identification:_identify(/home/subun/eyrc_hb/hb_task_4_ws/build) ignored
[5.292s] Level 1:colcon.colcon_core.package_identification:_identify(/home/subun/eyrc_hb/hb_task_4_ws/install) by extensions ['ignore', 'ignore_ament_install']
[5.293s] Level 1:colcon.colcon_core.package_identification:_identify(/home/subun/eyrc_hb/hb_task_4_ws/install) by extension 'ignore'
[5.293s] Level 1:colcon.colcon_core.package_identification:_identify(/home/subun/eyrc_hb/hb_task_4_ws/install) ignored
[5.293s] Level 1:colcon.colcon_core.package_identification:_identify(/home/subun/eyrc_hb/hb_task_4_ws/log) by extensions ['ignore', 'ignore_ament_install']
[5.294s] Level 1:colcon.colcon_core.package_identification:_identify(/home/subun/eyrc_hb/hb_task_4_ws/log) by extension 'ignore'
[5.294s] Level 1:colcon.colcon_core.package_identification:_identify(/home/subun/eyrc_hb/hb_task_4_ws/log) ignored
[5.295s] Level 1:colcon.colcon_core.package_identification:_identify(/home/subun/eyrc_hb/hb_task_4_ws/src) by extensions ['ignore', 'ignore_ament_install']
[5.295s] Level 1:colcon.colcon_core.package_identification:_identify(/home/subun/eyrc_hb/hb_task_4_ws/src) by extension 'ignore'
[5.295s] Level 1:colcon.colcon_core.package_identification:_identify(/home/subun/eyrc_hb/hb_task_4_ws/src) by extension 'ignore_ament_install'
[5.296s] Level 1:colcon.colcon_core.package_identification:_identify(/home/subun/eyrc_hb/hb_task_4_ws/src) by extensions ['colcon_pkg']
[5.296s] Level 1:colcon.colcon_core.package_identification:_identify(/home/subun/eyrc_hb/hb_task_4_ws/src) by extension 'colcon_pkg'
[5.296s] Level 1:colcon.colcon_core.package_identification:_identify(/home/subun/eyrc_hb/hb_task_4_ws/src) by extensions ['colcon_meta']
[5.296s] Level 1:colcon.colcon_core.package_identification:_identify(/home/subun/eyrc_hb/hb_task_4_ws/src) by extension 'colcon_meta'
[5.297s] Level 1:colcon.colcon_core.package_identification:_identify(/home/subun/eyrc_hb/hb_task_4_ws/src) by extensions ['ros']
[5.297s] Level 1:colcon.colcon_core.package_identification:_identify(/home/subun/eyrc_hb/hb_task_4_ws/src) by extension 'ros'
[5.297s] Level 1:colcon.colcon_core.package_identification:_identify(/home/subun/eyrc_hb/hb_task_4_ws/src) by extensions ['cmake', 'python']
[5.297s] Level 1:colcon.colcon_core.package_identification:_identify(/home/subun/eyrc_hb/hb_task_4_ws/src) by extension 'cmake'
[5.297s] Level 1:colcon.colcon_core.package_identification:_identify(/home/subun/eyrc_hb/hb_task_4_ws/src) by extension 'python'
[5.298s] Level 1:colcon.colcon_core.package_identification:_identify(/home/subun/eyrc_hb/hb_task_4_ws/src) by extensions ['python_setup_py']
[5.298s] Level 1:colcon.colcon_core.package_identification:_identify(/home/subun/eyrc_hb/hb_task_4_ws/src) by extension 'python_setup_py'
[5.298s] Level 1:colcon.colcon_core.package_identification:_identify(/home/subun/eyrc_hb/hb_task_4_ws/src/feed) by extensions ['ignore', 'ignore_ament_install']
[5.299s] Level 1:colcon.colcon_core.package_identification:_identify(/home/subun/eyrc_hb/hb_task_4_ws/src/feed) by extension 'ignore'
[5.299s] Level 1:colcon.colcon_core.package_identification:_identify(/home/subun/eyrc_hb/hb_task_4_ws/src/feed) by extension 'ignore_ament_install'
[5.299s] Level 1:colcon.colcon_core.package_identification:_identify(/home/subun/eyrc_hb/hb_task_4_ws/src/feed) by extensions ['colcon_pkg']
[5.300s] Level 1:colcon.colcon_core.package_identification:_identify(/home/subun/eyrc_hb/hb_task_4_ws/src/feed) by extension 'colcon_pkg'
[5.300s] Level 1:colcon.colcon_core.package_identification:_identify(/home/subun/eyrc_hb/hb_task_4_ws/src/feed) by extensions ['colcon_meta']
[5.300s] Level 1:colcon.colcon_core.package_identification:_identify(/home/subun/eyrc_hb/hb_task_4_ws/src/feed) by extension 'colcon_meta'
[5.300s] Level 1:colcon.colcon_core.package_identification:_identify(/home/subun/eyrc_hb/hb_task_4_ws/src/feed) by extensions ['ros']
[5.300s] Level 1:colcon.colcon_core.package_identification:_identify(/home/subun/eyrc_hb/hb_task_4_ws/src/feed) by extension 'ros'
[5.315s] DEBUG:colcon.colcon_core.package_identification:Package '/home/subun/eyrc_hb/hb_task_4_ws/src/feed' with type 'ros.ament_python' and name 'feed'
[5.316s] Level 1:colcon.colcon_core.package_discovery:discover_packages(recursive) using defaults
