[0.797s] Invoking command in '/home/subun/eyrc_hb/hb_task_2_ws/build/hb_task2b': PYTHONPATH=/home/subun/eyrc_hb/hb_task_2_ws/build/hb_task2b/prefix_override:/home/subun/eyrc_hb/hb_task_2_ws/install/hb_task2b/lib/python3.10/site-packages:${PYTHONPATH} /usr/bin/python3 setup.py develop --editable --build-directory /home/subun/eyrc_hb/hb_task_2_ws/build/hb_task2b/build --no-deps install_data
[0.981s] running develop
[1.078s] running egg_info
[1.078s] creating hb_task2b.egg-info
[1.078s] writing hb_task2b.egg-info/PKG-INFO
[1.079s] writing dependency_links to hb_task2b.egg-info/dependency_links.txt
[1.079s] writing entry points to hb_task2b.egg-info/entry_points.txt
[1.079s] writing requirements to hb_task2b.egg-info/requires.txt
[1.079s] writing top-level names to hb_task2b.egg-info/top_level.txt
[1.079s] writing manifest file 'hb_task2b.egg-info/SOURCES.txt'
[1.080s] reading manifest file 'hb_task2b.egg-info/SOURCES.txt'
[1.080s] writing manifest file 'hb_task2b.egg-info/SOURCES.txt'
[1.081s] running build_ext
[1.081s] Creating /home/subun/eyrc_hb/hb_task_2_ws/install/hb_task2b/lib/python3.10/site-packages/hb-task2b.egg-link (link to .)
[1.082s] Installing controller_bot1 script to /home/subun/eyrc_hb/hb_task_2_ws/install/hb_task2b/lib/hb_task2b
[1.082s] Installing controller_bot2 script to /home/subun/eyrc_hb/hb_task_2_ws/install/hb_task2b/lib/hb_task2b
[1.082s] Installing controller_bot3 script to /home/subun/eyrc_hb/hb_task_2_ws/install/hb_task2b/lib/hb_task2b
[1.082s] Installing feedback2b script to /home/subun/eyrc_hb/hb_task_2_ws/install/hb_task2b/lib/hb_task2b
[1.082s] Installing nextgoalpub script to /home/subun/eyrc_hb/hb_task_2_ws/install/hb_task2b/lib/hb_task2b
[1.083s] 
[1.083s] Installed /home/subun/eyrc_hb/hb_task_2_ws/build/hb_task2b
[1.083s] running install_data
[1.083s] creating /home/subun/eyrc_hb/hb_task_2_ws/install/hb_task2b/share/ament_index
[1.083s] creating /home/subun/eyrc_hb/hb_task_2_ws/install/hb_task2b/share/ament_index/resource_index
[1.083s] creating /home/subun/eyrc_hb/hb_task_2_ws/install/hb_task2b/share/ament_index/resource_index/packages
[1.083s] copying resource/hb_task2b -> /home/subun/eyrc_hb/hb_task_2_ws/install/hb_task2b/share/ament_index/resource_index/packages
[1.084s] copying package.xml -> /home/subun/eyrc_hb/hb_task_2_ws/install/hb_task2b/share/hb_task2b
[1.084s] creating /home/subun/eyrc_hb/hb_task_2_ws/install/hb_task2b/share/hb_task2b/launch
[1.084s] copying launch/submission.launch.py -> /home/subun/eyrc_hb/hb_task_2_ws/install/hb_task2b/share/hb_task2b/launch
[1.084s] copying launch/task2b.launch.py -> /home/subun/eyrc_hb/hb_task_2_ws/install/hb_task2b/share/hb_task2b/launch
[1.084s] copying launch/controller.launch.py -> /home/subun/eyrc_hb/hb_task_2_ws/install/hb_task2b/share/hb_task2b/launch
[1.085s] creating /home/subun/eyrc_hb/hb_task_2_ws/install/hb_task2b/share/hb_task2b/scripts
[1.170s] Invoked command in '/home/subun/eyrc_hb/hb_task_2_ws/build/hb_task2b' returned '0': PYTHONPATH=/home/subun/eyrc_hb/hb_task_2_ws/build/hb_task2b/prefix_override:/home/subun/eyrc_hb/hb_task_2_ws/install/hb_task2b/lib/python3.10/site-packages:${PYTHONPATH} /usr/bin/python3 setup.py develop --editable --build-directory /home/subun/eyrc_hb/hb_task_2_ws/build/hb_task2b/build --no-deps install_data
