[0.315s] Invoking command in '/home/subun/eyrc_hb/hb_task1a_ws/src/hb_task_1a': PYTHONPATH=/home/subun/eyrc_hb/hb_task1a_ws/build/hb_task_1a/prefix_override:/home/subun/eyrc_hb/hb_task1a_ws/install/hb_task_1a/lib/python3.10/site-packages:${PYTHONPATH} /usr/bin/python3 setup.py egg_info --egg-base ../../build/hb_task_1a build --build-base /home/subun/eyrc_hb/hb_task1a_ws/build/hb_task_1a/build install --record /home/subun/eyrc_hb/hb_task1a_ws/build/hb_task_1a/install.log --single-version-externally-managed
[0.436s] running egg_info
[0.436s] creating ../../build/hb_task_1a/hb_task_1a.egg-info
[0.436s] writing ../../build/hb_task_1a/hb_task_1a.egg-info/PKG-INFO
[0.437s] writing dependency_links to ../../build/hb_task_1a/hb_task_1a.egg-info/dependency_links.txt
[0.437s] writing entry points to ../../build/hb_task_1a/hb_task_1a.egg-info/entry_points.txt
[0.437s] writing requirements to ../../build/hb_task_1a/hb_task_1a.egg-info/requires.txt
[0.437s] writing top-level names to ../../build/hb_task_1a/hb_task_1a.egg-info/top_level.txt
[0.437s] writing manifest file '../../build/hb_task_1a/hb_task_1a.egg-info/SOURCES.txt'
[0.438s] reading manifest file '../../build/hb_task_1a/hb_task_1a.egg-info/SOURCES.txt'
[0.438s] writing manifest file '../../build/hb_task_1a/hb_task_1a.egg-info/SOURCES.txt'
[0.438s] running build
[0.438s] running build_py
[0.438s] creating /home/subun/eyrc_hb/hb_task1a_ws/build/hb_task_1a/build
[0.438s] creating /home/subun/eyrc_hb/hb_task1a_ws/build/hb_task_1a/build/lib
[0.438s] creating /home/subun/eyrc_hb/hb_task1a_ws/build/hb_task_1a/build/lib/hb_task_1a
[0.438s] copying hb_task_1a/task_1a_1796.py -> /home/subun/eyrc_hb/hb_task1a_ws/build/hb_task_1a/build/lib/hb_task_1a
[0.438s] copying hb_task_1a/__init__.py -> /home/subun/eyrc_hb/hb_task1a_ws/build/hb_task_1a/build/lib/hb_task_1a
[0.438s] running install
[0.438s] /usr/lib/python3/dist-packages/setuptools/command/install.py:34: SetuptoolsDeprecationWarning: setup.py install is deprecated. Use build and pip and other standards-based tools.
[0.438s]   warnings.warn(
[0.439s] running install_lib
[0.439s] creating /home/subun/eyrc_hb/hb_task1a_ws/install/hb_task_1a/lib/python3.10/site-packages/hb_task_1a
[0.439s] copying /home/subun/eyrc_hb/hb_task1a_ws/build/hb_task_1a/build/lib/hb_task_1a/task_1a_1796.py -> /home/subun/eyrc_hb/hb_task1a_ws/install/hb_task_1a/lib/python3.10/site-packages/hb_task_1a
[0.439s] copying /home/subun/eyrc_hb/hb_task1a_ws/build/hb_task_1a/build/lib/hb_task_1a/__init__.py -> /home/subun/eyrc_hb/hb_task1a_ws/install/hb_task_1a/lib/python3.10/site-packages/hb_task_1a
[0.439s] byte-compiling /home/subun/eyrc_hb/hb_task1a_ws/install/hb_task_1a/lib/python3.10/site-packages/hb_task_1a/task_1a_1796.py to task_1a_1796.cpython-310.pyc
[0.440s] byte-compiling /home/subun/eyrc_hb/hb_task1a_ws/install/hb_task_1a/lib/python3.10/site-packages/hb_task_1a/__init__.py to __init__.cpython-310.pyc
[0.440s] running install_data
[0.440s] creating /home/subun/eyrc_hb/hb_task1a_ws/install/hb_task_1a/share/ament_index
[0.440s] creating /home/subun/eyrc_hb/hb_task1a_ws/install/hb_task_1a/share/ament_index/resource_index
[0.440s] creating /home/subun/eyrc_hb/hb_task1a_ws/install/hb_task_1a/share/ament_index/resource_index/packages
[0.440s] copying resource/hb_task_1a -> /home/subun/eyrc_hb/hb_task1a_ws/install/hb_task_1a/share/ament_index/resource_index/packages
[0.440s] copying package.xml -> /home/subun/eyrc_hb/hb_task1a_ws/install/hb_task_1a/share/hb_task_1a
[0.440s] running install_egg_info
[0.441s] Copying ../../build/hb_task_1a/hb_task_1a.egg-info to /home/subun/eyrc_hb/hb_task1a_ws/install/hb_task_1a/lib/python3.10/site-packages/hb_task_1a-0.0.0-py3.10.egg-info
[0.441s] running install_scripts
[0.454s] Installing snowman script to /home/subun/eyrc_hb/hb_task1a_ws/install/hb_task_1a/lib/hb_task_1a
[0.455s] writing list of installed files to '/home/subun/eyrc_hb/hb_task1a_ws/build/hb_task_1a/install.log'
[0.470s] Invoked command in '/home/subun/eyrc_hb/hb_task1a_ws/src/hb_task_1a' returned '0': PYTHONPATH=/home/subun/eyrc_hb/hb_task1a_ws/build/hb_task_1a/prefix_override:/home/subun/eyrc_hb/hb_task1a_ws/install/hb_task_1a/lib/python3.10/site-packages:${PYTHONPATH} /usr/bin/python3 setup.py egg_info --egg-base ../../build/hb_task_1a build --build-base /home/subun/eyrc_hb/hb_task1a_ws/build/hb_task_1a/build install --record /home/subun/eyrc_hb/hb_task1a_ws/build/hb_task_1a/install.log --single-version-externally-managed
