[0.315s] Invoking command in '/home/subun/eyrc_hb/hb_task1a_ws/src/hb_task_1a': PYTHONPATH=/home/subun/eyrc_hb/hb_task1a_ws/build/hb_task_1a/prefix_override:/home/subun/eyrc_hb/hb_task1a_ws/install/hb_task_1a/lib/python3.10/site-packages:${PYTHONPATH} /usr/bin/python3 setup.py egg_info --egg-base ../../build/hb_task_1a build --build-base /home/subun/eyrc_hb/hb_task1a_ws/build/hb_task_1a/build install --record /home/subun/eyrc_hb/hb_task1a_ws/build/hb_task_1a/install.log --single-version-externally-managed
[0.434s] running egg_info
[0.435s] writing ../../build/hb_task_1a/hb_task_1a.egg-info/PKG-INFO
[0.435s] writing dependency_links to ../../build/hb_task_1a/hb_task_1a.egg-info/dependency_links.txt
[0.435s] writing entry points to ../../build/hb_task_1a/hb_task_1a.egg-info/entry_points.txt
[0.435s] writing requirements to ../../build/hb_task_1a/hb_task_1a.egg-info/requires.txt
[0.435s] writing top-level names to ../../build/hb_task_1a/hb_task_1a.egg-info/top_level.txt
[0.436s] reading manifest file '../../build/hb_task_1a/hb_task_1a.egg-info/SOURCES.txt'
[0.436s] writing manifest file '../../build/hb_task_1a/hb_task_1a.egg-info/SOURCES.txt'
[0.437s] running build
[0.437s] running build_py
[0.437s] running install
[0.437s] running install_lib
[0.437s] /usr/lib/python3/dist-packages/setuptools/command/install.py:34: SetuptoolsDeprecationWarning: setup.py install is deprecated. Use build and pip and other standards-based tools.
[0.437s]   warnings.warn(
[0.438s] running install_data
[0.438s] running install_egg_info
[0.439s] removing '/home/subun/eyrc_hb/hb_task1a_ws/install/hb_task_1a/lib/python3.10/site-packages/hb_task_1a-0.0.0-py3.10.egg-info' (and everything under it)
[0.439s] Copying ../../build/hb_task_1a/hb_task_1a.egg-info to /home/subun/eyrc_hb/hb_task1a_ws/install/hb_task_1a/lib/python3.10/site-packages/hb_task_1a-0.0.0-py3.10.egg-info
[0.439s] running install_scripts
[0.453s] Installing snowman script to /home/subun/eyrc_hb/hb_task1a_ws/install/hb_task_1a/lib/hb_task_1a
[0.453s] writing list of installed files to '/home/subun/eyrc_hb/hb_task1a_ws/build/hb_task_1a/install.log'
[0.468s] Invoked command in '/home/subun/eyrc_hb/hb_task1a_ws/src/hb_task_1a' returned '0': PYTHONPATH=/home/subun/eyrc_hb/hb_task1a_ws/build/hb_task_1a/prefix_override:/home/subun/eyrc_hb/hb_task1a_ws/install/hb_task_1a/lib/python3.10/site-packages:${PYTHONPATH} /usr/bin/python3 setup.py egg_info --egg-base ../../build/hb_task_1a build --build-base /home/subun/eyrc_hb/hb_task1a_ws/build/hb_task_1a/build install --record /home/subun/eyrc_hb/hb_task1a_ws/build/hb_task_1a/install.log --single-version-externally-managed
