[0.827s] Invoking command in '/home/subun/eyrc_hb/hb_task_5_ws/build/bot_control5': PYTHONPATH=/home/subun/eyrc_hb/hb_task_5_ws/build/bot_control5/prefix_override:/home/subun/eyrc_hb/hb_task_5_ws/install/bot_control5/lib/python3.10/site-packages:${PYTHONPATH} /usr/bin/python3 setup.py develop --editable --build-directory /home/subun/eyrc_hb/hb_task_5_ws/build/bot_control5/build --no-deps install_data
[0.995s] running develop
[1.088s] running egg_info
[1.088s] writing bot_control5.egg-info/PKG-INFO
[1.088s] writing dependency_links to bot_control5.egg-info/dependency_links.txt
[1.088s] writing entry points to bot_control5.egg-info/entry_points.txt
[1.088s] writing requirements to bot_control5.egg-info/requires.txt
[1.088s] writing top-level names to bot_control5.egg-info/top_level.txt
[1.089s] reading manifest file 'bot_control5.egg-info/SOURCES.txt'
[1.090s] writing manifest file 'bot_control5.egg-info/SOURCES.txt'
[1.090s] running build_ext
[1.091s] Creating /home/subun/eyrc_hb/hb_task_5_ws/install/bot_control5/lib/python3.10/site-packages/bot-control5.egg-link (link to .)
[1.091s] Installing control_node script to /home/subun/eyrc_hb/hb_task_5_ws/install/bot_control5/lib/bot_control5
[1.091s] Installing mini_theme script to /home/subun/eyrc_hb/hb_task_5_ws/install/bot_control5/lib/bot_control5
[1.091s] Installing stopflag script to /home/subun/eyrc_hb/hb_task_5_ws/install/bot_control5/lib/bot_control5
[1.091s] 
[1.092s] Installed /home/subun/eyrc_hb/hb_task_5_ws/build/bot_control5
[1.092s] running install_data
[1.092s] creating /home/subun/eyrc_hb/hb_task_5_ws/install/bot_control5/share/bot_control5/launch
[1.092s] copying launch/minitheme.launch.py -> /home/subun/eyrc_hb/hb_task_5_ws/install/bot_control5/share/bot_control5/launch
[1.118s] Invoked command in '/home/subun/eyrc_hb/hb_task_5_ws/build/bot_control5' returned '0': PYTHONPATH=/home/subun/eyrc_hb/hb_task_5_ws/build/bot_control5/prefix_override:/home/subun/eyrc_hb/hb_task_5_ws/install/bot_control5/lib/python3.10/site-packages:${PYTHONPATH} /usr/bin/python3 setup.py develop --editable --build-directory /home/subun/eyrc_hb/hb_task_5_ws/build/bot_control5/build --no-deps install_data
