[0.229s] Invoking command in '/home/subun/eyrc_hb/hb_task1b_ws/build/my_robot_interfaces.': /usr/bin/cmake /home/subun/eyrc_hb/hb_task1b_ws/src/my_robot_interfaces. -DCMAKE_INSTALL_PREFIX=/home/subun/eyrc_hb/hb_task1b_ws/install/my_robot_interfaces.
[0.273s] -- The C compiler identification is GNU 11.4.0
[0.313s] -- The CXX compiler identification is GNU 11.4.0
[0.319s] -- Detecting C compiler ABI info
[0.363s] -- Detecting C compiler ABI info - done
[0.367s] -- Check for working C compiler: /usr/bin/cc - skipped
[0.367s] -- Detecting C compile features
[0.368s] -- Detecting C compile features - done
[0.370s] -- Detecting CXX compiler ABI info
[0.422s] -- Detecting CXX compiler ABI info - done
[0.426s] -- Check for working CXX compiler: /usr/bin/c++ - skipped
[0.426s] -- Detecting CXX compile features
[0.427s] -- Detecting CXX compile features - done
[0.429s] -- Found ament_cmake: 1.3.5 (/opt/ros/humble/share/ament_cmake/cmake)
[0.542s] -- Found Python3: /usr/bin/python3.10 (found version "3.10.12") found components: Interpreter 
[0.595s] -- Found rosidl_default_generators: 1.2.0 (/opt/ros/humble/share/rosidl_default_generators/cmake)
[0.597s] -- Using all available rosidl_typesupport_c: rosidl_typesupport_fastrtps_c;rosidl_typesupport_introspection_c
[0.602s] -- Found rosidl_adapter: 3.1.5 (/opt/ros/humble/share/rosidl_adapter/cmake)
[0.625s] -- Using all available rosidl_typesupport_cpp: rosidl_typesupport_fastrtps_cpp;rosidl_typesupport_introspection_cpp
[0.757s] [31mCMake Error at /opt/ros/humble/share/rosidl_adapter/cmake/rosidl_adapt_interfaces.cmake:59 (message):
[0.757s]   execute_process(/usr/bin/python3.10 -m rosidl_adapter --package-name
[0.757s]   my_robot_interfaces.  --arguments-file
[0.757s]   /home/subun/eyrc_hb/hb_task1b_ws/build/my_robot_interfaces./rosidl_adapter__arguments__my_robot_interfaces..json
[0.757s]   --output-dir
[0.757s]   /home/subun/eyrc_hb/hb_task1b_ws/build/my_robot_interfaces./rosidl_adapter/my_robot_interfaces.
[0.757s]   --output-file
[0.757s]   /home/subun/eyrc_hb/hb_task1b_ws/build/my_robot_interfaces./rosidl_adapter/my_robot_interfaces..idls)
[0.757s]   returned error code 1:
[0.757s] 
[0.757s]   Traceback (most recent call last):
[0.757s] 
[0.757s]     File "/usr/lib/python3.10/runpy.py", line 196, in _run_module_as_main
[0.757s]       return _run_code(code, main_globals, None,
[0.757s]     File "/usr/lib/python3.10/runpy.py", line 86, in _run_code
[0.757s]       exec(code, run_globals)
[0.757s]     File "/opt/ros/humble/local/lib/python3.10/dist-packages/rosidl_adapter/__main__.py", line 19, in <module>
[0.757s]       sys.exit(main())
[0.757s]     File "/opt/ros/humble/local/lib/python3.10/dist-packages/rosidl_adapter/main.py", line 53, in main
[0.757s]       abs_idl_file = convert_to_idl(
[0.757s]     File "/opt/ros/humble/local/lib/python3.10/dist-packages/rosidl_adapter/__init__.py", line 24, in convert_to_idl
[0.757s]       return convert_srv_to_idl(
[0.757s]     File "/opt/ros/humble/local/lib/python3.10/dist-packages/rosidl_adapter/srv/__init__.py", line 28, in convert_srv_to_idl
[0.757s]       srv = parse_service_string(package_name, input_file.stem, content)
[0.757s]     File "/opt/ros/humble/local/lib/python3.10/dist-packages/rosidl_adapter/parser.py", line 859, in parse_service_string
[0.757s]       request_message = parse_message_string(
[0.757s]     File "/opt/ros/humble/local/lib/python3.10/dist-packages/rosidl_adapter/parser.py", line 544, in parse_message_string
[0.757s]       msg = MessageSpecification(pkg_name, msg_name, fields, constants)
[0.757s]     File "/opt/ros/humble/local/lib/python3.10/dist-packages/rosidl_adapter/parser.py", line 388, in __init__
[0.757s]       self.base_type = BaseType(
[0.757s]     File "/opt/ros/humble/local/lib/python3.10/dist-packages/rosidl_adapter/parser.py", line 201, in __init__
[0.757s]       raise InvalidResourceName(
[0.757s] 
[0.758s]   rosidl_adapter.parser.InvalidResourceName: 'my_robot_interfaces.' is an
[0.758s]   invalid package name.  It should have the pattern
[0.758s]   '^(?!.*__)(?!.*_$)[a-z][a-z0-9_]*$'
[0.758s] 
[0.758s] Call Stack (most recent call first):
[0.758s]   /opt/ros/humble/share/rosidl_cmake/cmake/rosidl_generate_interfaces.cmake:130 (rosidl_adapt_interfaces)
[0.758s]   CMakeLists.txt:16 (rosidl_generate_interfaces)
[0.758s] 
[0.758s] [0m
[0.758s] -- Configuring incomplete, errors occurred!
[0.758s] See also "/home/subun/eyrc_hb/hb_task1b_ws/build/my_robot_interfaces./CMakeFiles/CMakeOutput.log".
[0.762s] Invoked command in '/home/subun/eyrc_hb/hb_task1b_ws/build/my_robot_interfaces.' returned '1': /usr/bin/cmake /home/subun/eyrc_hb/hb_task1b_ws/src/my_robot_interfaces. -DCMAKE_INSTALL_PREFIX=/home/subun/eyrc_hb/hb_task1b_ws/install/my_robot_interfaces.
