[0.376s] Invoking command in '/home/subun/eyrc_hb/hb_task1b_ws/build/hb_task_1b': PYTHONPATH=/home/subun/eyrc_hb/hb_task1b_ws/build/hb_task_1b/prefix_override:/home/subun/eyrc_hb/hb_task1b_ws/install/hb_task_1b/lib/python3.10/site-packages:${PYTHONPATH} /usr/bin/python3 setup.py develop --editable --build-directory /home/subun/eyrc_hb/hb_task1b_ws/build/hb_task_1b/build --no-deps install_data
[0.518s] running develop
[0.593s] running egg_info
[0.593s] creating hb_task_1b.egg-info
[0.593s] writing hb_task_1b.egg-info/PKG-INFO
[0.593s] writing dependency_links to hb_task_1b.egg-info/dependency_links.txt
[0.593s] writing entry points to hb_task_1b.egg-info/entry_points.txt
[0.593s] writing requirements to hb_task_1b.egg-info/requires.txt
[0.593s] writing top-level names to hb_task_1b.egg-info/top_level.txt
[0.593s] writing manifest file 'hb_task_1b.egg-info/SOURCES.txt'
[0.594s] reading manifest file 'hb_task_1b.egg-info/SOURCES.txt'
[0.594s] writing manifest file 'hb_task_1b.egg-info/SOURCES.txt'
[0.595s] running build_ext
[0.595s] Creating /home/subun/eyrc_hb/hb_task1b_ws/install/hb_task_1b/lib/python3.10/site-packages/hb-task-1b.egg-link (link to .)
[0.596s] 
[0.596s] Installed /home/subun/eyrc_hb/hb_task1b_ws/build/hb_task_1b
[0.596s] running install_data
[0.596s] creating /home/subun/eyrc_hb/hb_task1b_ws/install/hb_task_1b/share/ament_index
[0.596s] creating /home/subun/eyrc_hb/hb_task1b_ws/install/hb_task_1b/share/ament_index/resource_index
[0.596s] creating /home/subun/eyrc_hb/hb_task1b_ws/install/hb_task_1b/share/ament_index/resource_index/packages
[0.596s] copying resource/hb_task_1b -> /home/subun/eyrc_hb/hb_task1b_ws/install/hb_task_1b/share/ament_index/resource_index/packages
[0.596s] copying package.xml -> /home/subun/eyrc_hb/hb_task1b_ws/install/hb_task_1b/share/hb_task_1b
[0.615s] Invoked command in '/home/subun/eyrc_hb/hb_task1b_ws/build/hb_task_1b' returned '0': PYTHONPATH=/home/subun/eyrc_hb/hb_task1b_ws/build/hb_task_1b/prefix_override:/home/subun/eyrc_hb/hb_task1b_ws/install/hb_task_1b/lib/python3.10/site-packages:${PYTHONPATH} /usr/bin/python3 setup.py develop --editable --build-directory /home/subun/eyrc_hb/hb_task1b_ws/build/hb_task_1b/build --no-deps install_data
