[0.188s] DEBUG:colcon:Command line arguments: ['/usr/bin/colcon', 'build']
[0.188s] DEBUG:colcon:Parsed command line arguments: Namespace(log_base=None, log_level=None, verb_name='build', build_base='build', install_base='install', merge_install=False, symlink_install=False, test_result_base=None, continue_on_error=False, executor='parallel', parallel_workers=12, event_handlers=None, ignore_user_meta=False, metas=['./colcon.meta'], base_paths=['.'], packages_ignore=None, packages_ignore_regex=None, paths=None, packages_up_to=None, packages_up_to_regex=None, packages_above=None, packages_above_and_dependencies=None, packages_above_depth=None, packages_select_by_dep=None, packages_skip_by_dep=None, packages_skip_up_to=None, packages_select_build_failed=False, packages_skip_build_finished=False, packages_select_test_failures=False, packages_skip_test_passed=False, packages_select=None, packages_skip=None, packages_select_regex=None, packages_skip_regex=None, packages_start=None, packages_end=None, allow_overriding=[], cmake_args=None, cmake_target=None, cmake_target_skip_unavailable=False, cmake_clean_cache=False, cmake_clean_first=False, cmake_force_configure=False, ament_cmake_args=None, catkin_cmake_args=None, catkin_skip_building_tests=False, verb_parser=<colcon_defaults.argument_parser.defaults.DefaultArgumentsDecorator object at 0x7feec1bca050>, verb_extension=<colcon_core.verb.build.BuildVerb object at 0x7feec1bc9ae0>, main=<bound method BuildVerb.main of <colcon_core.verb.build.BuildVerb object at 0x7feec1bc9ae0>>)
[0.201s] Level 1:colcon.colcon_core.package_discovery:discover_packages(colcon_meta) check parameters
[0.201s] Level 1:colcon.colcon_core.package_discovery:discover_packages(recursive) check parameters
[0.201s] Level 1:colcon.colcon_core.package_discovery:discover_packages(ignore) check parameters
[0.201s] Level 1:colcon.colcon_core.package_discovery:discover_packages(path) check parameters
[0.201s] Level 1:colcon.colcon_core.package_discovery:discover_packages(colcon_meta) discover
[0.201s] Level 1:colcon.colcon_core.package_discovery:discover_packages(recursive) discover
[0.201s] INFO:colcon.colcon_core.package_discovery:Crawling recursively for packages in '/home/ritesh/eyrc23_hb_1796/hb_task1b_ws'
[0.201s] Level 1:colcon.colcon_core.package_identification:_identify(.) by extensions ['ignore', 'ignore_ament_install']
[0.201s] Level 1:colcon.colcon_core.package_identification:_identify(.) by extension 'ignore'
[0.202s] Level 1:colcon.colcon_core.package_identification:_identify(.) by extension 'ignore_ament_install'
[0.202s] Level 1:colcon.colcon_core.package_identification:_identify(.) by extensions ['colcon_pkg']
[0.202s] Level 1:colcon.colcon_core.package_identification:_identify(.) by extension 'colcon_pkg'
[0.202s] Level 1:colcon.colcon_core.package_identification:_identify(.) by extensions ['colcon_meta']
[0.202s] Level 1:colcon.colcon_core.package_identification:_identify(.) by extension 'colcon_meta'
[0.202s] Level 1:colcon.colcon_core.package_identification:_identify(.) by extensions ['ros']
[0.202s] Level 1:colcon.colcon_core.package_identification:_identify(.) by extension 'ros'
[0.208s] Level 1:colcon.colcon_core.package_identification:_identify(.) by extensions ['cmake', 'python']
[0.208s] Level 1:colcon.colcon_core.package_identification:_identify(.) by extension 'cmake'
[0.208s] Level 1:colcon.colcon_core.package_identification:_identify(.) by extension 'python'
[0.208s] Level 1:colcon.colcon_core.package_identification:_identify(.) by extensions ['python_setup_py']
[0.208s] Level 1:colcon.colcon_core.package_identification:_identify(.) by extension 'python_setup_py'
[0.208s] Level 1:colcon.colcon_core.package_identification:_identify(build) by extensions ['ignore', 'ignore_ament_install']
[0.208s] Level 1:colcon.colcon_core.package_identification:_identify(build) by extension 'ignore'
[0.208s] Level 1:colcon.colcon_core.package_identification:_identify(build) ignored
[0.208s] Level 1:colcon.colcon_core.package_identification:_identify(install) by extensions ['ignore', 'ignore_ament_install']
[0.208s] Level 1:colcon.colcon_core.package_identification:_identify(install) by extension 'ignore'
[0.208s] Level 1:colcon.colcon_core.package_identification:_identify(install) ignored
[0.208s] Level 1:colcon.colcon_core.package_identification:_identify(log) by extensions ['ignore', 'ignore_ament_install']
[0.208s] Level 1:colcon.colcon_core.package_identification:_identify(log) by extension 'ignore'
[0.208s] Level 1:colcon.colcon_core.package_identification:_identify(log) ignored
[0.208s] Level 1:colcon.colcon_core.package_identification:_identify(src) by extensions ['ignore', 'ignore_ament_install']
[0.208s] Level 1:colcon.colcon_core.package_identification:_identify(src) by extension 'ignore'
[0.208s] Level 1:colcon.colcon_core.package_identification:_identify(src) by extension 'ignore_ament_install'
[0.208s] Level 1:colcon.colcon_core.package_identification:_identify(src) by extensions ['colcon_pkg']
[0.208s] Level 1:colcon.colcon_core.package_identification:_identify(src) by extension 'colcon_pkg'
[0.208s] Level 1:colcon.colcon_core.package_identification:_identify(src) by extensions ['colcon_meta']
[0.208s] Level 1:colcon.colcon_core.package_identification:_identify(src) by extension 'colcon_meta'
[0.208s] Level 1:colcon.colcon_core.package_identification:_identify(src) by extensions ['ros']
[0.208s] Level 1:colcon.colcon_core.package_identification:_identify(src) by extension 'ros'
[0.209s] Level 1:colcon.colcon_core.package_identification:_identify(src) by extensions ['cmake', 'python']
[0.209s] Level 1:colcon.colcon_core.package_identification:_identify(src) by extension 'cmake'
[0.209s] Level 1:colcon.colcon_core.package_identification:_identify(src) by extension 'python'
[0.209s] Level 1:colcon.colcon_core.package_identification:_identify(src) by extensions ['python_setup_py']
[0.209s] Level 1:colcon.colcon_core.package_identification:_identify(src) by extension 'python_setup_py'
[0.209s] Level 1:colcon.colcon_core.package_identification:_identify(src/hb_task_1b) by extensions ['ignore', 'ignore_ament_install']
[0.209s] Level 1:colcon.colcon_core.package_identification:_identify(src/hb_task_1b) by extension 'ignore'
[0.209s] Level 1:colcon.colcon_core.package_identification:_identify(src/hb_task_1b) by extension 'ignore_ament_install'
[0.209s] Level 1:colcon.colcon_core.package_identification:_identify(src/hb_task_1b) by extensions ['colcon_pkg']
[0.209s] Level 1:colcon.colcon_core.package_identification:_identify(src/hb_task_1b) by extension 'colcon_pkg'
[0.209s] Level 1:colcon.colcon_core.package_identification:_identify(src/hb_task_1b) by extensions ['colcon_meta']
[0.209s] Level 1:colcon.colcon_core.package_identification:_identify(src/hb_task_1b) by extension 'colcon_meta'
[0.209s] Level 1:colcon.colcon_core.package_identification:_identify(src/hb_task_1b) by extensions ['ros']
[0.209s] Level 1:colcon.colcon_core.package_identification:_identify(src/hb_task_1b) by extension 'ros'
[0.210s] DEBUG:colcon.colcon_core.package_identification:Package 'src/hb_task_1b' with type 'ros.ament_python' and name 'hb_task_1b'
[0.210s] Level 1:colcon.colcon_core.package_identification:_identify(src/my_robot_interfaces_e) by extensions ['ignore', 'ignore_ament_install']
[0.210s] Level 1:colcon.colcon_core.package_identification:_identify(src/my_robot_interfaces_e) by extension 'ignore'
[0.210s] Level 1:colcon.colcon_core.package_identification:_identify(src/my_robot_interfaces_e) by extension 'ignore_ament_install'
[0.211s] Level 1:colcon.colcon_core.package_identification:_identify(src/my_robot_interfaces_e) by extensions ['colcon_pkg']
[0.211s] Level 1:colcon.colcon_core.package_identification:_identify(src/my_robot_interfaces_e) by extension 'colcon_pkg'
[0.211s] Level 1:colcon.colcon_core.package_identification:_identify(src/my_robot_interfaces_e) by extensions ['colcon_meta']
[0.211s] Level 1:colcon.colcon_core.package_identification:_identify(src/my_robot_interfaces_e) by extension 'colcon_meta'
[0.211s] Level 1:colcon.colcon_core.package_identification:_identify(src/my_robot_interfaces_e) by extensions ['ros']
[0.211s] Level 1:colcon.colcon_core.package_identification:_identify(src/my_robot_interfaces_e) by extension 'ros'
[0.211s] DEBUG:colcon.colcon_core.package_identification:Package 'src/my_robot_interfaces_e' with type 'ros.ament_cmake' and name 'my_robot_interfaces_e'
[0.211s] Level 1:colcon.colcon_core.package_discovery:discover_packages(recursive) using defaults
[0.211s] Level 1:colcon.colcon_core.package_discovery:discover_packages(ignore) discover
[0.211s] Level 1:colcon.colcon_core.package_discovery:discover_packages(ignore) using defaults
[0.211s] Level 1:colcon.colcon_core.package_discovery:discover_packages(path) discover
[0.211s] Level 1:colcon.colcon_core.package_discovery:discover_packages(path) using defaults
[0.226s] Level 1:colcon.colcon_core.package_discovery:discover_packages(prefix_path) check parameters
[0.226s] Level 1:colcon.colcon_core.package_discovery:discover_packages(prefix_path) discover
[0.228s] DEBUG:colcon.colcon_installed_package_information.package_discovery:Found 1 installed packages in /home/ritesh/eyrc23_hb_1796/hb_task1a_ws/install
[0.229s] DEBUG:colcon.colcon_installed_package_information.package_discovery:Found 281 installed packages in /opt/ros/humble
[0.231s] Level 1:colcon.colcon_core.package_discovery:discover_packages(prefix_path) using defaults
[0.285s] Level 5:colcon.colcon_core.verb:set package 'hb_task_1b' build argument 'cmake_args' from command line to 'None'
[0.286s] Level 5:colcon.colcon_core.verb:set package 'hb_task_1b' build argument 'cmake_target' from command line to 'None'
[0.286s] Level 5:colcon.colcon_core.verb:set package 'hb_task_1b' build argument 'cmake_target_skip_unavailable' from command line to 'False'
[0.286s] Level 5:colcon.colcon_core.verb:set package 'hb_task_1b' build argument 'cmake_clean_cache' from command line to 'False'
[0.286s] Level 5:colcon.colcon_core.verb:set package 'hb_task_1b' build argument 'cmake_clean_first' from command line to 'False'
[0.286s] Level 5:colcon.colcon_core.verb:set package 'hb_task_1b' build argument 'cmake_force_configure' from command line to 'False'
[0.286s] Level 5:colcon.colcon_core.verb:set package 'hb_task_1b' build argument 'ament_cmake_args' from command line to 'None'
[0.286s] Level 5:colcon.colcon_core.verb:set package 'hb_task_1b' build argument 'catkin_cmake_args' from command line to 'None'
[0.286s] Level 5:colcon.colcon_core.verb:set package 'hb_task_1b' build argument 'catkin_skip_building_tests' from command line to 'False'
[0.286s] DEBUG:colcon.colcon_core.verb:Building package 'hb_task_1b' with the following arguments: {'ament_cmake_args': None, 'build_base': '/home/ritesh/eyrc23_hb_1796/hb_task1b_ws/build/hb_task_1b', 'catkin_cmake_args': None, 'catkin_skip_building_tests': False, 'cmake_args': None, 'cmake_clean_cache': False, 'cmake_clean_first': False, 'cmake_force_configure': False, 'cmake_target': None, 'cmake_target_skip_unavailable': False, 'install_base': '/home/ritesh/eyrc23_hb_1796/hb_task1b_ws/install/hb_task_1b', 'merge_install': False, 'path': '/home/ritesh/eyrc23_hb_1796/hb_task1b_ws/src/hb_task_1b', 'symlink_install': False, 'test_result_base': None}
[0.287s] Level 5:colcon.colcon_core.verb:set package 'my_robot_interfaces_e' build argument 'cmake_args' from command line to 'None'
[0.287s] Level 5:colcon.colcon_core.verb:set package 'my_robot_interfaces_e' build argument 'cmake_target' from command line to 'None'
[0.287s] Level 5:colcon.colcon_core.verb:set package 'my_robot_interfaces_e' build argument 'cmake_target_skip_unavailable' from command line to 'False'
[0.287s] Level 5:colcon.colcon_core.verb:set package 'my_robot_interfaces_e' build argument 'cmake_clean_cache' from command line to 'False'
[0.287s] Level 5:colcon.colcon_core.verb:set package 'my_robot_interfaces_e' build argument 'cmake_clean_first' from command line to 'False'
[0.287s] Level 5:colcon.colcon_core.verb:set package 'my_robot_interfaces_e' build argument 'cmake_force_configure' from command line to 'False'
[0.287s] Level 5:colcon.colcon_core.verb:set package 'my_robot_interfaces_e' build argument 'ament_cmake_args' from command line to 'None'
[0.287s] Level 5:colcon.colcon_core.verb:set package 'my_robot_interfaces_e' build argument 'catkin_cmake_args' from command line to 'None'
[0.287s] Level 5:colcon.colcon_core.verb:set package 'my_robot_interfaces_e' build argument 'catkin_skip_building_tests' from command line to 'False'
[0.287s] DEBUG:colcon.colcon_core.verb:Building package 'my_robot_interfaces_e' with the following arguments: {'ament_cmake_args': None, 'build_base': '/home/ritesh/eyrc23_hb_1796/hb_task1b_ws/build/my_robot_interfaces_e', 'catkin_cmake_args': None, 'catkin_skip_building_tests': False, 'cmake_args': None, 'cmake_clean_cache': False, 'cmake_clean_first': False, 'cmake_force_configure': False, 'cmake_target': None, 'cmake_target_skip_unavailable': False, 'install_base': '/home/ritesh/eyrc23_hb_1796/hb_task1b_ws/install/my_robot_interfaces_e', 'merge_install': False, 'path': '/home/ritesh/eyrc23_hb_1796/hb_task1b_ws/src/my_robot_interfaces_e', 'symlink_install': False, 'test_result_base': None}
[0.288s] INFO:colcon.colcon_core.executor:Executing jobs using 'parallel' executor
[0.291s] DEBUG:colcon.colcon_parallel_executor.executor.parallel:run_until_complete
[0.291s] INFO:colcon.colcon_ros.task.ament_python.build:Building ROS package in '/home/ritesh/eyrc23_hb_1796/hb_task1b_ws/src/hb_task_1b' with build type 'ament_python'
[0.291s] Level 1:colcon.colcon_core.shell:create_environment_hook('hb_task_1b', 'ament_prefix_path')
[0.295s] INFO:colcon.colcon_core.plugin_system:Skipping extension 'colcon_core.shell.bat': Not used on non-Windows systems
[0.295s] INFO:colcon.colcon_core.shell:Creating environment hook '/home/ritesh/eyrc23_hb_1796/hb_task1b_ws/install/hb_task_1b/share/hb_task_1b/hook/ament_prefix_path.ps1'
[0.295s] INFO:colcon.colcon_core.shell:Creating environment descriptor '/home/ritesh/eyrc23_hb_1796/hb_task1b_ws/install/hb_task_1b/share/hb_task_1b/hook/ament_prefix_path.dsv'
[0.295s] INFO:colcon.colcon_core.shell:Creating environment hook '/home/ritesh/eyrc23_hb_1796/hb_task1b_ws/install/hb_task_1b/share/hb_task_1b/hook/ament_prefix_path.sh'
[0.296s] INFO:colcon.colcon_core.shell:Skip shell extension 'powershell' for command environment: Not usable outside of PowerShell
[0.296s] DEBUG:colcon.colcon_core.shell:Skip shell extension 'dsv' for command environment
[0.299s] INFO:colcon.colcon_ros.task.ament_cmake.build:Building ROS package in '/home/ritesh/eyrc23_hb_1796/hb_task1b_ws/src/my_robot_interfaces_e' with build type 'ament_cmake'
[0.299s] INFO:colcon.colcon_cmake.task.cmake.build:Building CMake package in '/home/ritesh/eyrc23_hb_1796/hb_task1b_ws/src/my_robot_interfaces_e'
[0.300s] INFO:colcon.colcon_core.shell:Skip shell extension 'powershell' for command environment: Not usable outside of PowerShell
[0.300s] DEBUG:colcon.colcon_core.shell:Skip shell extension 'dsv' for command environment
[0.455s] INFO:colcon.colcon_core.task.python.build:Building Python package in '/home/ritesh/eyrc23_hb_1796/hb_task1b_ws/src/hb_task_1b'
[0.456s] INFO:colcon.colcon_core.shell:Skip shell extension 'powershell' for command environment: Not usable outside of PowerShell
[0.456s] DEBUG:colcon.colcon_core.shell:Skip shell extension 'dsv' for command environment
[0.465s] DEBUG:colcon.colcon_core.event_handler.log_command:Invoking command in '/home/ritesh/eyrc23_hb_1796/hb_task1b_ws/build/my_robot_interfaces_e': CMAKE_PREFIX_PATH=/home/ritesh/eyrc23_hb_1796/hb_task1a_ws/install/hb_task_1a:/opt/ros/humble /usr/bin/cmake /home/ritesh/eyrc23_hb_1796/hb_task1b_ws/src/my_robot_interfaces_e -DCMAKE_INSTALL_PREFIX=/home/ritesh/eyrc23_hb_1796/hb_task1b_ws/install/my_robot_interfaces_e
[0.682s] DEBUG:colcon.colcon_core.event_handler.log_command:Invoking command in '/home/ritesh/eyrc23_hb_1796/hb_task1b_ws/src/hb_task_1b': PYTHONPATH=/home/ritesh/eyrc23_hb_1796/hb_task1b_ws/build/hb_task_1b/prefix_override:/home/ritesh/eyrc23_hb_1796/hb_task1b_ws/install/hb_task_1b/lib/python3.10/site-packages:${PYTHONPATH} /usr/bin/python3 setup.py egg_info --egg-base ../../build/hb_task_1b build --build-base /home/ritesh/eyrc23_hb_1796/hb_task1b_ws/build/hb_task_1b/build install --record /home/ritesh/eyrc23_hb_1796/hb_task1b_ws/build/hb_task_1b/install.log --single-version-externally-managed
[0.899s] DEBUG:colcon.colcon_core.event_handler.log_command:Invoked command in '/home/ritesh/eyrc23_hb_1796/hb_task1b_ws/src/hb_task_1b' returned '0': PYTHONPATH=/home/ritesh/eyrc23_hb_1796/hb_task1b_ws/build/hb_task_1b/prefix_override:/home/ritesh/eyrc23_hb_1796/hb_task1b_ws/install/hb_task_1b/lib/python3.10/site-packages:${PYTHONPATH} /usr/bin/python3 setup.py egg_info --egg-base ../../build/hb_task_1b build --build-base /home/ritesh/eyrc23_hb_1796/hb_task1b_ws/build/hb_task_1b/build install --record /home/ritesh/eyrc23_hb_1796/hb_task1b_ws/build/hb_task_1b/install.log --single-version-externally-managed
[0.902s] Level 1:colcon.colcon_core.environment:checking '/home/ritesh/eyrc23_hb_1796/hb_task1b_ws/install/hb_task_1b' for CMake module files
[0.902s] Level 1:colcon.colcon_core.environment:checking '/home/ritesh/eyrc23_hb_1796/hb_task1b_ws/install/hb_task_1b' for CMake config files
[0.902s] Level 1:colcon.colcon_core.environment:checking '/home/ritesh/eyrc23_hb_1796/hb_task1b_ws/install/hb_task_1b/lib'
[0.903s] Level 1:colcon.colcon_core.environment:checking '/home/ritesh/eyrc23_hb_1796/hb_task1b_ws/install/hb_task_1b/bin'
[0.903s] Level 1:colcon.colcon_core.environment:checking '/home/ritesh/eyrc23_hb_1796/hb_task1b_ws/install/hb_task_1b/lib/pkgconfig/hb_task_1b.pc'
[0.903s] Level 1:colcon.colcon_core.environment:checking '/home/ritesh/eyrc23_hb_1796/hb_task1b_ws/install/hb_task_1b/lib/python3.10/site-packages'
[0.903s] Level 1:colcon.colcon_core.shell:create_environment_hook('hb_task_1b', 'pythonpath')
[0.904s] INFO:colcon.colcon_core.shell:Creating environment hook '/home/ritesh/eyrc23_hb_1796/hb_task1b_ws/install/hb_task_1b/share/hb_task_1b/hook/pythonpath.ps1'
[0.904s] INFO:colcon.colcon_core.shell:Creating environment descriptor '/home/ritesh/eyrc23_hb_1796/hb_task1b_ws/install/hb_task_1b/share/hb_task_1b/hook/pythonpath.dsv'
[0.904s] INFO:colcon.colcon_core.shell:Creating environment hook '/home/ritesh/eyrc23_hb_1796/hb_task1b_ws/install/hb_task_1b/share/hb_task_1b/hook/pythonpath.sh'
[0.905s] Level 1:colcon.colcon_core.environment:checking '/home/ritesh/eyrc23_hb_1796/hb_task1b_ws/install/hb_task_1b/bin'
[0.905s] Level 1:colcon.colcon_core.environment:create_environment_scripts_only(hb_task_1b)
[0.905s] INFO:colcon.colcon_core.shell:Creating package script '/home/ritesh/eyrc23_hb_1796/hb_task1b_ws/install/hb_task_1b/share/hb_task_1b/package.ps1'
[0.906s] INFO:colcon.colcon_core.shell:Creating package descriptor '/home/ritesh/eyrc23_hb_1796/hb_task1b_ws/install/hb_task_1b/share/hb_task_1b/package.dsv'
[0.906s] INFO:colcon.colcon_core.shell:Creating package script '/home/ritesh/eyrc23_hb_1796/hb_task1b_ws/install/hb_task_1b/share/hb_task_1b/package.sh'
[0.907s] INFO:colcon.colcon_core.shell:Creating package script '/home/ritesh/eyrc23_hb_1796/hb_task1b_ws/install/hb_task_1b/share/hb_task_1b/package.bash'
[0.907s] INFO:colcon.colcon_core.shell:Creating package script '/home/ritesh/eyrc23_hb_1796/hb_task1b_ws/install/hb_task_1b/share/hb_task_1b/package.zsh'
[0.908s] Level 1:colcon.colcon_core.environment:create_file_with_runtime_dependencies(/home/ritesh/eyrc23_hb_1796/hb_task1b_ws/install/hb_task_1b/share/colcon-core/packages/hb_task_1b)
[1.533s] DEBUG:colcon.colcon_core.event_handler.log_command:Invoked command in '/home/ritesh/eyrc23_hb_1796/hb_task1b_ws/build/my_robot_interfaces_e' returned '0': CMAKE_PREFIX_PATH=/home/ritesh/eyrc23_hb_1796/hb_task1a_ws/install/hb_task_1a:/opt/ros/humble /usr/bin/cmake /home/ritesh/eyrc23_hb_1796/hb_task1b_ws/src/my_robot_interfaces_e -DCMAKE_INSTALL_PREFIX=/home/ritesh/eyrc23_hb_1796/hb_task1b_ws/install/my_robot_interfaces_e
[1.535s] DEBUG:colcon.colcon_core.event_handler.log_command:Invoking command in '/home/ritesh/eyrc23_hb_1796/hb_task1b_ws/build/my_robot_interfaces_e': CMAKE_PREFIX_PATH=/home/ritesh/eyrc23_hb_1796/hb_task1a_ws/install/hb_task_1a:/opt/ros/humble /usr/bin/cmake --build /home/ritesh/eyrc23_hb_1796/hb_task1b_ws/build/my_robot_interfaces_e -- -j12 -l12
[3.199s] DEBUG:colcon.colcon_core.event_handler.log_command:Invoked command in '/home/ritesh/eyrc23_hb_1796/hb_task1b_ws/build/my_robot_interfaces_e' returned '0': CMAKE_PREFIX_PATH=/home/ritesh/eyrc23_hb_1796/hb_task1a_ws/install/hb_task_1a:/opt/ros/humble /usr/bin/cmake --build /home/ritesh/eyrc23_hb_1796/hb_task1b_ws/build/my_robot_interfaces_e -- -j12 -l12
[3.239s] DEBUG:colcon.colcon_core.event_handler.log_command:Invoking command in '/home/ritesh/eyrc23_hb_1796/hb_task1b_ws/build/my_robot_interfaces_e': CMAKE_PREFIX_PATH=/home/ritesh/eyrc23_hb_1796/hb_task1a_ws/install/hb_task_1a:/opt/ros/humble /usr/bin/cmake --install /home/ritesh/eyrc23_hb_1796/hb_task1b_ws/build/my_robot_interfaces_e
[3.286s] Level 1:colcon.colcon_core.environment:create_environment_scripts_only(my_robot_interfaces_e)
[3.288s] Level 1:colcon.colcon_core.environment:checking '/home/ritesh/eyrc23_hb_1796/hb_task1b_ws/install/my_robot_interfaces_e' for CMake module files
[3.289s] DEBUG:colcon.colcon_core.event_handler.log_command:Invoked command in '/home/ritesh/eyrc23_hb_1796/hb_task1b_ws/build/my_robot_interfaces_e' returned '0': CMAKE_PREFIX_PATH=/home/ritesh/eyrc23_hb_1796/hb_task1a_ws/install/hb_task_1a:/opt/ros/humble /usr/bin/cmake --install /home/ritesh/eyrc23_hb_1796/hb_task1b_ws/build/my_robot_interfaces_e
[3.289s] Level 1:colcon.colcon_core.environment:checking '/home/ritesh/eyrc23_hb_1796/hb_task1b_ws/install/my_robot_interfaces_e' for CMake config files
[3.290s] Level 1:colcon.colcon_core.shell:create_environment_hook('my_robot_interfaces_e', 'cmake_prefix_path')
[3.291s] INFO:colcon.colcon_core.shell:Creating environment hook '/home/ritesh/eyrc23_hb_1796/hb_task1b_ws/install/my_robot_interfaces_e/share/my_robot_interfaces_e/hook/cmake_prefix_path.ps1'
[3.292s] INFO:colcon.colcon_core.shell:Creating environment descriptor '/home/ritesh/eyrc23_hb_1796/hb_task1b_ws/install/my_robot_interfaces_e/share/my_robot_interfaces_e/hook/cmake_prefix_path.dsv'
[3.292s] INFO:colcon.colcon_core.shell:Creating environment hook '/home/ritesh/eyrc23_hb_1796/hb_task1b_ws/install/my_robot_interfaces_e/share/my_robot_interfaces_e/hook/cmake_prefix_path.sh'
[3.292s] Level 1:colcon.colcon_core.environment:checking '/home/ritesh/eyrc23_hb_1796/hb_task1b_ws/install/my_robot_interfaces_e/lib'
[3.293s] Level 1:colcon.colcon_core.shell:create_environment_hook('my_robot_interfaces_e', 'ld_library_path_lib')
[3.294s] INFO:colcon.colcon_core.shell:Creating environment hook '/home/ritesh/eyrc23_hb_1796/hb_task1b_ws/install/my_robot_interfaces_e/share/my_robot_interfaces_e/hook/ld_library_path_lib.ps1'
[3.294s] INFO:colcon.colcon_core.shell:Creating environment descriptor '/home/ritesh/eyrc23_hb_1796/hb_task1b_ws/install/my_robot_interfaces_e/share/my_robot_interfaces_e/hook/ld_library_path_lib.dsv'
[3.294s] INFO:colcon.colcon_core.shell:Creating environment hook '/home/ritesh/eyrc23_hb_1796/hb_task1b_ws/install/my_robot_interfaces_e/share/my_robot_interfaces_e/hook/ld_library_path_lib.sh'
[3.295s] Level 1:colcon.colcon_core.environment:checking '/home/ritesh/eyrc23_hb_1796/hb_task1b_ws/install/my_robot_interfaces_e/bin'
[3.295s] Level 1:colcon.colcon_core.environment:checking '/home/ritesh/eyrc23_hb_1796/hb_task1b_ws/install/my_robot_interfaces_e/lib/pkgconfig/my_robot_interfaces_e.pc'
[3.295s] Level 1:colcon.colcon_core.environment:checking '/home/ritesh/eyrc23_hb_1796/hb_task1b_ws/install/my_robot_interfaces_e/lib/python3.10/site-packages'
[3.295s] Level 1:colcon.colcon_core.environment:checking '/home/ritesh/eyrc23_hb_1796/hb_task1b_ws/install/my_robot_interfaces_e/bin'
[3.296s] INFO:colcon.colcon_core.shell:Creating package script '/home/ritesh/eyrc23_hb_1796/hb_task1b_ws/install/my_robot_interfaces_e/share/my_robot_interfaces_e/package.ps1'
[3.297s] INFO:colcon.colcon_core.shell:Creating package descriptor '/home/ritesh/eyrc23_hb_1796/hb_task1b_ws/install/my_robot_interfaces_e/share/my_robot_interfaces_e/package.dsv'
[3.297s] INFO:colcon.colcon_core.shell:Creating package script '/home/ritesh/eyrc23_hb_1796/hb_task1b_ws/install/my_robot_interfaces_e/share/my_robot_interfaces_e/package.sh'
[3.298s] INFO:colcon.colcon_core.shell:Creating package script '/home/ritesh/eyrc23_hb_1796/hb_task1b_ws/install/my_robot_interfaces_e/share/my_robot_interfaces_e/package.bash'
[3.298s] INFO:colcon.colcon_core.shell:Creating package script '/home/ritesh/eyrc23_hb_1796/hb_task1b_ws/install/my_robot_interfaces_e/share/my_robot_interfaces_e/package.zsh'
[3.298s] Level 1:colcon.colcon_core.environment:create_file_with_runtime_dependencies(/home/ritesh/eyrc23_hb_1796/hb_task1b_ws/install/my_robot_interfaces_e/share/colcon-core/packages/my_robot_interfaces_e)
[3.333s] Level 1:colcon.colcon_core.environment:create_environment_scripts_only(my_robot_interfaces_e)
[3.334s] Level 1:colcon.colcon_core.environment:checking '/home/ritesh/eyrc23_hb_1796/hb_task1b_ws/install/my_robot_interfaces_e' for CMake module files
[3.334s] Level 1:colcon.colcon_core.environment:checking '/home/ritesh/eyrc23_hb_1796/hb_task1b_ws/install/my_robot_interfaces_e' for CMake config files
[3.334s] Level 1:colcon.colcon_core.shell:create_environment_hook('my_robot_interfaces_e', 'cmake_prefix_path')
[3.335s] INFO:colcon.colcon_core.shell:Creating environment hook '/home/ritesh/eyrc23_hb_1796/hb_task1b_ws/install/my_robot_interfaces_e/share/my_robot_interfaces_e/hook/cmake_prefix_path.ps1'
[3.335s] INFO:colcon.colcon_core.shell:Creating environment descriptor '/home/ritesh/eyrc23_hb_1796/hb_task1b_ws/install/my_robot_interfaces_e/share/my_robot_interfaces_e/hook/cmake_prefix_path.dsv'
[3.335s] INFO:colcon.colcon_core.shell:Creating environment hook '/home/ritesh/eyrc23_hb_1796/hb_task1b_ws/install/my_robot_interfaces_e/share/my_robot_interfaces_e/hook/cmake_prefix_path.sh'
[3.336s] Level 1:colcon.colcon_core.environment:checking '/home/ritesh/eyrc23_hb_1796/hb_task1b_ws/install/my_robot_interfaces_e/lib'
[3.336s] Level 1:colcon.colcon_core.shell:create_environment_hook('my_robot_interfaces_e', 'ld_library_path_lib')
[3.337s] INFO:colcon.colcon_core.shell:Creating environment hook '/home/ritesh/eyrc23_hb_1796/hb_task1b_ws/install/my_robot_interfaces_e/share/my_robot_interfaces_e/hook/ld_library_path_lib.ps1'
[3.337s] INFO:colcon.colcon_core.shell:Creating environment descriptor '/home/ritesh/eyrc23_hb_1796/hb_task1b_ws/install/my_robot_interfaces_e/share/my_robot_interfaces_e/hook/ld_library_path_lib.dsv'
[3.337s] INFO:colcon.colcon_core.shell:Creating environment hook '/home/ritesh/eyrc23_hb_1796/hb_task1b_ws/install/my_robot_interfaces_e/share/my_robot_interfaces_e/hook/ld_library_path_lib.sh'
[3.337s] Level 1:colcon.colcon_core.environment:checking '/home/ritesh/eyrc23_hb_1796/hb_task1b_ws/install/my_robot_interfaces_e/bin'
[3.337s] Level 1:colcon.colcon_core.environment:checking '/home/ritesh/eyrc23_hb_1796/hb_task1b_ws/install/my_robot_interfaces_e/lib/pkgconfig/my_robot_interfaces_e.pc'
[3.337s] Level 1:colcon.colcon_core.environment:checking '/home/ritesh/eyrc23_hb_1796/hb_task1b_ws/install/my_robot_interfaces_e/lib/python3.10/site-packages'
[3.337s] Level 1:colcon.colcon_core.environment:checking '/home/ritesh/eyrc23_hb_1796/hb_task1b_ws/install/my_robot_interfaces_e/bin'
[3.338s] INFO:colcon.colcon_core.shell:Creating package script '/home/ritesh/eyrc23_hb_1796/hb_task1b_ws/install/my_robot_interfaces_e/share/my_robot_interfaces_e/package.ps1'
[3.338s] INFO:colcon.colcon_core.shell:Creating package descriptor '/home/ritesh/eyrc23_hb_1796/hb_task1b_ws/install/my_robot_interfaces_e/share/my_robot_interfaces_e/package.dsv'
[3.339s] INFO:colcon.colcon_core.shell:Creating package script '/home/ritesh/eyrc23_hb_1796/hb_task1b_ws/install/my_robot_interfaces_e/share/my_robot_interfaces_e/package.sh'
[3.339s] INFO:colcon.colcon_core.shell:Creating package script '/home/ritesh/eyrc23_hb_1796/hb_task1b_ws/install/my_robot_interfaces_e/share/my_robot_interfaces_e/package.bash'
[3.339s] INFO:colcon.colcon_core.shell:Creating package script '/home/ritesh/eyrc23_hb_1796/hb_task1b_ws/install/my_robot_interfaces_e/share/my_robot_interfaces_e/package.zsh'
[3.339s] Level 1:colcon.colcon_core.environment:create_file_with_runtime_dependencies(/home/ritesh/eyrc23_hb_1796/hb_task1b_ws/install/my_robot_interfaces_e/share/colcon-core/packages/my_robot_interfaces_e)
[3.339s] DEBUG:colcon.colcon_parallel_executor.executor.parallel:closing loop
[3.339s] DEBUG:colcon.colcon_parallel_executor.executor.parallel:loop closed
[3.339s] DEBUG:colcon.colcon_parallel_executor.executor.parallel:run_until_complete finished with '0'
[3.339s] DEBUG:colcon.colcon_core.event_reactor:joining thread
[3.343s] INFO:colcon.colcon_core.plugin_system:Skipping extension 'colcon_notification.desktop_notification.terminal_notifier': Not used on non-Darwin systems
[3.343s] INFO:colcon.colcon_core.plugin_system:Skipping extension 'colcon_notification.desktop_notification.win32': Not used on non-Windows systems
[3.343s] INFO:colcon.colcon_notification.desktop_notification:Sending desktop notification using 'notify2'
[3.354s] DEBUG:colcon.colcon_core.event_reactor:joined thread
[3.355s] INFO:colcon.colcon_core.shell:Creating prefix script '/home/ritesh/eyrc23_hb_1796/hb_task1b_ws/install/local_setup.ps1'
[3.357s] INFO:colcon.colcon_core.shell:Creating prefix util module '/home/ritesh/eyrc23_hb_1796/hb_task1b_ws/install/_local_setup_util_ps1.py'
[3.357s] INFO:colcon.colcon_core.shell:Creating prefix chain script '/home/ritesh/eyrc23_hb_1796/hb_task1b_ws/install/setup.ps1'
[3.358s] INFO:colcon.colcon_core.shell:Creating prefix script '/home/ritesh/eyrc23_hb_1796/hb_task1b_ws/install/local_setup.sh'
[3.358s] INFO:colcon.colcon_core.shell:Creating prefix util module '/home/ritesh/eyrc23_hb_1796/hb_task1b_ws/install/_local_setup_util_sh.py'
[3.358s] INFO:colcon.colcon_core.shell:Creating prefix chain script '/home/ritesh/eyrc23_hb_1796/hb_task1b_ws/install/setup.sh'
[3.359s] INFO:colcon.colcon_core.shell:Creating prefix script '/home/ritesh/eyrc23_hb_1796/hb_task1b_ws/install/local_setup.bash'
[3.359s] INFO:colcon.colcon_core.shell:Creating prefix chain script '/home/ritesh/eyrc23_hb_1796/hb_task1b_ws/install/setup.bash'
[3.360s] INFO:colcon.colcon_core.shell:Creating prefix script '/home/ritesh/eyrc23_hb_1796/hb_task1b_ws/install/local_setup.zsh'
[3.360s] INFO:colcon.colcon_core.shell:Creating prefix chain script '/home/ritesh/eyrc23_hb_1796/hb_task1b_ws/install/setup.zsh'
