[0.025s] Invoking command in '/home/ritesh/eyrc23_hb_1796/hb_task_2_ws/build/hb_bot': CMAKE_PREFIX_PATH=${CMAKE_PREFIX_PATH}:/home/ritesh/eyrc23_hb_1796/hb_task1b_ws/install/hb_task_1b:/home/ritesh/eyrc23_hb_1796/hb_task1a_ws/install/hb_task_1a:/opt/ros/humble /usr/bin/cmake /home/ritesh/eyrc23_hb_1796/hb_task_2_ws/src/eYRC-2023_Hologlyph_Bots/hb_bot -DCMAKE_INSTALL_PREFIX=/home/ritesh/eyrc23_hb_1796/hb_task_2_ws/install/hb_bot
[0.398s] -- The C compiler identification is GNU 11.4.0
[0.398s] -- The CXX compiler identification is GNU 11.4.0
[0.398s] -- Detecting C compiler ABI info
[0.398s] -- Detecting C compiler ABI info - done
[0.398s] -- Check for working C compiler: /usr/bin/cc - skipped
[0.398s] -- Detecting C compile features
[0.399s] -- Detecting C compile features - done
[0.399s] -- Detecting CXX compiler ABI info
[0.399s] -- Detecting CXX compiler ABI info - done
[0.399s] -- Check for working CXX compiler: /usr/bin/c++ - skipped
[0.399s] -- Detecting CXX compile features
[0.399s] -- Detecting CXX compile features - done
[0.399s] -- Found ament_cmake: 1.3.5 (/opt/ros/humble/share/ament_cmake/cmake)
[0.399s] -- Found Python3: /usr/bin/python3.10 (found version "3.10.12") found components: Interpreter 
[0.434s] -- Found rclcpp: 16.0.5 (/opt/ros/humble/share/rclcpp/cmake)
[0.493s] -- Found rosidl_generator_c: 3.1.5 (/opt/ros/humble/share/rosidl_generator_c/cmake)
[0.499s] -- Found rosidl_adapter: 3.1.5 (/opt/ros/humble/share/rosidl_adapter/cmake)
[0.510s] -- Found rosidl_generator_cpp: 3.1.5 (/opt/ros/humble/share/rosidl_generator_cpp/cmake)
[0.528s] -- Using all available rosidl_typesupport_c: rosidl_typesupport_fastrtps_c;rosidl_typesupport_introspection_c
[0.555s] -- Using all available rosidl_typesupport_cpp: rosidl_typesupport_fastrtps_cpp;rosidl_typesupport_introspection_cpp
[0.661s] -- Found rmw_implementation_cmake: 6.1.1 (/opt/ros/humble/share/rmw_implementation_cmake/cmake)
[0.666s] -- Found rmw_fastrtps_cpp: 6.2.3 (/opt/ros/humble/share/rmw_fastrtps_cpp/cmake)
[0.801s] -- Found OpenSSL: /usr/lib/x86_64-linux-gnu/libcrypto.so (found version "3.0.2")  
[0.837s] -- Found FastRTPS: /opt/ros/humble/include  
[0.900s] -- Using RMW implementation 'rmw_fastrtps_cpp' as default
[0.916s] -- Looking for pthread.h
[1.004s] -- Looking for pthread.h - found
[1.004s] -- Performing Test CMAKE_HAVE_LIBC_PTHREAD
[1.074s] -- Performing Test CMAKE_HAVE_LIBC_PTHREAD - Success
[1.075s] -- Found Threads: TRUE  
[1.274s] -- Found rclpy: 3.3.9 (/opt/ros/humble/share/rclpy/cmake)
[1.276s] -- Found urdf: 2.6.0 (/opt/ros/humble/share/urdf/cmake)
[1.322s] -- Found xacro: 2.0.8 (/opt/ros/humble/share/xacro/cmake)
[1.324s] -- Found ament_lint_auto: 0.12.7 (/opt/ros/humble/share/ament_lint_auto/cmake)
[1.420s] -- Added test 'flake8' to check Python code syntax and style conventions
[1.421s] -- Added test 'lint_cmake' to check CMake code style
[1.422s] -- Added test 'pep257' to check Python code against some of the docstring style conventions in PEP 257
[1.424s] -- Added test 'xmllint' to check XML markup files
[1.425s] -- Configuring done
[1.430s] -- Generating done
[1.432s] -- Build files have been written to: /home/ritesh/eyrc23_hb_1796/hb_task_2_ws/build/hb_bot
[1.444s] Invoked command in '/home/ritesh/eyrc23_hb_1796/hb_task_2_ws/build/hb_bot' returned '0': CMAKE_PREFIX_PATH=${CMAKE_PREFIX_PATH}:/home/ritesh/eyrc23_hb_1796/hb_task1b_ws/install/hb_task_1b:/home/ritesh/eyrc23_hb_1796/hb_task1a_ws/install/hb_task_1a:/opt/ros/humble /usr/bin/cmake /home/ritesh/eyrc23_hb_1796/hb_task_2_ws/src/eYRC-2023_Hologlyph_Bots/hb_bot -DCMAKE_INSTALL_PREFIX=/home/ritesh/eyrc23_hb_1796/hb_task_2_ws/install/hb_bot
[1.446s] Invoking command in '/home/ritesh/eyrc23_hb_1796/hb_task_2_ws/build/hb_bot': CMAKE_PREFIX_PATH=${CMAKE_PREFIX_PATH}:/home/ritesh/eyrc23_hb_1796/hb_task1b_ws/install/hb_task_1b:/home/ritesh/eyrc23_hb_1796/hb_task1a_ws/install/hb_task_1a:/opt/ros/humble /usr/bin/cmake --build /home/ritesh/eyrc23_hb_1796/hb_task_2_ws/build/hb_bot -- -j12 -l12
[1.479s] Invoked command in '/home/ritesh/eyrc23_hb_1796/hb_task_2_ws/build/hb_bot' returned '0': CMAKE_PREFIX_PATH=${CMAKE_PREFIX_PATH}:/home/ritesh/eyrc23_hb_1796/hb_task1b_ws/install/hb_task_1b:/home/ritesh/eyrc23_hb_1796/hb_task1a_ws/install/hb_task_1a:/opt/ros/humble /usr/bin/cmake --build /home/ritesh/eyrc23_hb_1796/hb_task_2_ws/build/hb_bot -- -j12 -l12
[1.505s] Invoking command in '/home/ritesh/eyrc23_hb_1796/hb_task_2_ws/build/hb_bot': CMAKE_PREFIX_PATH=${CMAKE_PREFIX_PATH}:/home/ritesh/eyrc23_hb_1796/hb_task1b_ws/install/hb_task_1b:/home/ritesh/eyrc23_hb_1796/hb_task1a_ws/install/hb_task_1a:/opt/ros/humble /usr/bin/cmake --install /home/ritesh/eyrc23_hb_1796/hb_task_2_ws/build/hb_bot
[1.512s] -- Install configuration: ""
[1.512s] -- Installing: /home/ritesh/eyrc23_hb_1796/hb_task_2_ws/install/hb_bot/share/hb_bot//launch
[1.512s] -- Installing: /home/ritesh/eyrc23_hb_1796/hb_task_2_ws/install/hb_bot/share/hb_bot//launch/Spawn_bot.launch.py
[1.512s] -- Installing: /home/ritesh/eyrc23_hb_1796/hb_task_2_ws/install/hb_bot/share/hb_bot//launch/multi_bot_spawn.launch.py
[1.512s] -- Installing: /home/ritesh/eyrc23_hb_1796/hb_task_2_ws/install/hb_bot/share/hb_bot//meshes
[1.512s] -- Installing: /home/ritesh/eyrc23_hb_1796/hb_task_2_ws/install/hb_bot/share/hb_bot//meshes/bot_2.dae
[1.515s] -- Installing: /home/ritesh/eyrc23_hb_1796/hb_task_2_ws/install/hb_bot/share/hb_bot//meshes/bot_2.jpg
[1.515s] -- Installing: /home/ritesh/eyrc23_hb_1796/hb_task_2_ws/install/hb_bot/share/hb_bot//meshes/bot_3.jpg.001.jpg
[1.515s] -- Installing: /home/ritesh/eyrc23_hb_1796/hb_task_2_ws/install/hb_bot/share/hb_bot//meshes/wheel.stl
[1.522s] -- Installing: /home/ritesh/eyrc23_hb_1796/hb_task_2_ws/install/hb_bot/share/hb_bot//meshes/bot_1.jpg
[1.522s] -- Installing: /home/ritesh/eyrc23_hb_1796/hb_task_2_ws/install/hb_bot/share/hb_bot//meshes/bot_2.jpg.001.jpg
[1.522s] -- Installing: /home/ritesh/eyrc23_hb_1796/hb_task_2_ws/install/hb_bot/share/hb_bot//meshes/bot_3.dae
[1.524s] -- Installing: /home/ritesh/eyrc23_hb_1796/hb_task_2_ws/install/hb_bot/share/hb_bot//meshes/bot_3.jpg
[1.524s] -- Installing: /home/ritesh/eyrc23_hb_1796/hb_task_2_ws/install/hb_bot/share/hb_bot//meshes/bot_1.dae
[1.527s] -- Installing: /home/ritesh/eyrc23_hb_1796/hb_task_2_ws/install/hb_bot/share/hb_bot//meshes/bot_1.jpg.001.jpg
[1.527s] -- Installing: /home/ritesh/eyrc23_hb_1796/hb_task_2_ws/install/hb_bot/share/hb_bot//urdf
[1.527s] -- Installing: /home/ritesh/eyrc23_hb_1796/hb_task_2_ws/install/hb_bot/share/hb_bot//urdf/materials.xacro
[1.527s] -- Installing: /home/ritesh/eyrc23_hb_1796/hb_task_2_ws/install/hb_bot/share/hb_bot//urdf/hb_bot_2.urdf.xacro
[1.528s] -- Installing: /home/ritesh/eyrc23_hb_1796/hb_task_2_ws/install/hb_bot/share/hb_bot//urdf/hb_bot_3.urdf.xacro
[1.528s] -- Installing: /home/ritesh/eyrc23_hb_1796/hb_task_2_ws/install/hb_bot/share/hb_bot//urdf/hb_bot_1.urdf.xacro
[1.528s] -- Installing: /home/ritesh/eyrc23_hb_1796/hb_task_2_ws/install/hb_bot/share/ament_index/resource_index/package_run_dependencies/hb_bot
[1.528s] -- Installing: /home/ritesh/eyrc23_hb_1796/hb_task_2_ws/install/hb_bot/share/ament_index/resource_index/parent_prefix_path/hb_bot
[1.528s] -- Installing: /home/ritesh/eyrc23_hb_1796/hb_task_2_ws/install/hb_bot/share/hb_bot/environment/ament_prefix_path.sh
[1.528s] -- Installing: /home/ritesh/eyrc23_hb_1796/hb_task_2_ws/install/hb_bot/share/hb_bot/environment/ament_prefix_path.dsv
[1.528s] -- Installing: /home/ritesh/eyrc23_hb_1796/hb_task_2_ws/install/hb_bot/share/hb_bot/environment/path.sh
[1.528s] -- Installing: /home/ritesh/eyrc23_hb_1796/hb_task_2_ws/install/hb_bot/share/hb_bot/environment/path.dsv
[1.528s] -- Installing: /home/ritesh/eyrc23_hb_1796/hb_task_2_ws/install/hb_bot/share/hb_bot/local_setup.bash
[1.529s] -- Installing: /home/ritesh/eyrc23_hb_1796/hb_task_2_ws/install/hb_bot/share/hb_bot/local_setup.sh
[1.529s] -- Installing: /home/ritesh/eyrc23_hb_1796/hb_task_2_ws/install/hb_bot/share/hb_bot/local_setup.zsh
[1.529s] -- Installing: /home/ritesh/eyrc23_hb_1796/hb_task_2_ws/install/hb_bot/share/hb_bot/local_setup.dsv
[1.529s] -- Installing: /home/ritesh/eyrc23_hb_1796/hb_task_2_ws/install/hb_bot/share/hb_bot/package.dsv
[1.529s] -- Installing: /home/ritesh/eyrc23_hb_1796/hb_task_2_ws/install/hb_bot/share/ament_index/resource_index/packages/hb_bot
[1.529s] -- Installing: /home/ritesh/eyrc23_hb_1796/hb_task_2_ws/install/hb_bot/share/hb_bot/cmake/hb_botConfig.cmake
[1.529s] -- Installing: /home/ritesh/eyrc23_hb_1796/hb_task_2_ws/install/hb_bot/share/hb_bot/cmake/hb_botConfig-version.cmake
[1.529s] -- Installing: /home/ritesh/eyrc23_hb_1796/hb_task_2_ws/install/hb_bot/share/hb_bot/package.xml
[1.531s] Invoked command in '/home/ritesh/eyrc23_hb_1796/hb_task_2_ws/build/hb_bot' returned '0': CMAKE_PREFIX_PATH=${CMAKE_PREFIX_PATH}:/home/ritesh/eyrc23_hb_1796/hb_task1b_ws/install/hb_task_1b:/home/ritesh/eyrc23_hb_1796/hb_task1a_ws/install/hb_task_1a:/opt/ros/humble /usr/bin/cmake --install /home/ritesh/eyrc23_hb_1796/hb_task_2_ws/build/hb_bot
