running develop
running egg_info
creating feedback5.egg-info
writing feedback5.egg-info/PKG-INFO
writing dependency_links to feedback5.egg-info/dependency_links.txt
writing entry points to feedback5.egg-info/entry_points.txt
writing requirements to feedback5.egg-info/requires.txt
writing top-level names to feedback5.egg-info/top_level.txt
writing manifest file 'feedback5.egg-info/SOURCES.txt'
reading manifest file 'feedback5.egg-info/SOURCES.txt'
writing manifest file 'feedback5.egg-info/SOURCES.txt'
running build_ext
Creating /home/subun/eyrc_hb/hb_task_5_ws/install/feedback5/lib/python3.10/site-packages/feedback5.egg-link (link to .)
Installing feedback_node script to /home/subun/eyrc_hb/hb_task_5_ws/install/feedback5/lib/feedback5

Installed /home/subun/eyrc_hb/hb_task_5_ws/build/feedback5
running install_data
creating /home/subun/eyrc_hb/hb_task_5_ws/install/feedback5/share/ament_index
creating /home/subun/eyrc_hb/hb_task_5_ws/install/feedback5/share/ament_index/resource_index
creating /home/subun/eyrc_hb/hb_task_5_ws/install/feedback5/share/ament_index/resource_index/packages
copying resource/feedback5 -> /home/subun/eyrc_hb/hb_task_5_ws/install/feedback5/share/ament_index/resource_index/packages
copying package.xml -> /home/subun/eyrc_hb/hb_task_5_ws/install/feedback5/share/feedback5
