[0.848s] Invoking command in '/home/subun/eyrc_hb/hb_task_2_ws/build/hb_task2a': PYTHONPATH=/home/subun/eyrc_hb/hb_task_2_ws/build/hb_task2a/prefix_override:/home/subun/eyrc_hb/hb_task_2_ws/install/hb_task2a/lib/python3.10/site-packages:${PYTHONPATH} /usr/bin/python3 setup.py develop --editable --build-directory /home/subun/eyrc_hb/hb_task_2_ws/build/hb_task2a/build --no-deps install_data
[1.030s] running develop
[1.127s] running egg_info
[1.127s] creating hb_task2a.egg-info
[1.127s] writing hb_task2a.egg-info/PKG-INFO
[1.128s] writing dependency_links to hb_task2a.egg-info/dependency_links.txt
[1.128s] writing entry points to hb_task2a.egg-info/entry_points.txt
[1.128s] writing requirements to hb_task2a.egg-info/requires.txt
[1.128s] writing top-level names to hb_task2a.egg-info/top_level.txt
[1.128s] writing manifest file 'hb_task2a.egg-info/SOURCES.txt'
[1.129s] reading manifest file 'hb_task2a.egg-info/SOURCES.txt'
[1.129s] writing manifest file 'hb_task2a.egg-info/SOURCES.txt'
[1.130s] running build_ext
[1.130s] Creating /home/subun/eyrc_hb/hb_task_2_ws/install/hb_task2a/lib/python3.10/site-packages/hb-task2a.egg-link (link to .)
[1.131s] Installing control script to /home/subun/eyrc_hb/hb_task_2_ws/install/hb_task2a/lib/hb_task2a
[1.131s] Installing feedback script to /home/subun/eyrc_hb/hb_task_2_ws/install/hb_task2a/lib/hb_task2a
[1.131s] Installing service_node script to /home/subun/eyrc_hb/hb_task_2_ws/install/hb_task2a/lib/hb_task2a
[1.132s] 
[1.132s] Installed /home/subun/eyrc_hb/hb_task_2_ws/build/hb_task2a
[1.132s] running install_data
[1.132s] creating /home/subun/eyrc_hb/hb_task_2_ws/install/hb_task2a/share/ament_index
[1.132s] creating /home/subun/eyrc_hb/hb_task_2_ws/install/hb_task2a/share/ament_index/resource_index
[1.132s] creating /home/subun/eyrc_hb/hb_task_2_ws/install/hb_task2a/share/ament_index/resource_index/packages
[1.132s] copying resource/hb_task2a -> /home/subun/eyrc_hb/hb_task_2_ws/install/hb_task2a/share/ament_index/resource_index/packages
[1.133s] copying package.xml -> /home/subun/eyrc_hb/hb_task_2_ws/install/hb_task2a/share/hb_task2a
[1.133s] creating /home/subun/eyrc_hb/hb_task_2_ws/install/hb_task2a/share/hb_task2a/launch
[1.133s] copying launch/hb_task2a_control.launch.py -> /home/subun/eyrc_hb/hb_task_2_ws/install/hb_task2a/share/hb_task2a/launch
[1.133s] copying launch/task2a.launch.py -> /home/subun/eyrc_hb/hb_task_2_ws/install/hb_task2a/share/hb_task2a/launch
[1.133s] creating /home/subun/eyrc_hb/hb_task_2_ws/install/hb_task2a/share/hb_task2a/scripts
[1.133s] copying scripts/service_node.py -> /home/subun/eyrc_hb/hb_task_2_ws/install/hb_task2a/share/hb_task2a/scripts
[1.133s] copying scripts/controller.py -> /home/subun/eyrc_hb/hb_task_2_ws/install/hb_task2a/share/hb_task2a/scripts
[1.133s] copying scripts/feedback.py -> /home/subun/eyrc_hb/hb_task_2_ws/install/hb_task2a/share/hb_task2a/scripts
[1.163s] Invoked command in '/home/subun/eyrc_hb/hb_task_2_ws/build/hb_task2a' returned '0': PYTHONPATH=/home/subun/eyrc_hb/hb_task_2_ws/build/hb_task2a/prefix_override:/home/subun/eyrc_hb/hb_task_2_ws/install/hb_task2a/lib/python3.10/site-packages:${PYTHONPATH} /usr/bin/python3 setup.py develop --editable --build-directory /home/subun/eyrc_hb/hb_task_2_ws/build/hb_task2a/build --no-deps install_data
