[0.171s] DEBUG:colcon:Command line arguments: ['/usr/bin/colcon', 'build']
[0.171s] DEBUG:colcon:Parsed command line arguments: Namespace(log_base=None, log_level=None, verb_name='build', build_base='build', install_base='install', merge_install=False, symlink_install=False, test_result_base=None, continue_on_error=False, executor='parallel', parallel_workers=12, event_handlers=None, ignore_user_meta=False, metas=['./colcon.meta'], base_paths=['.'], packages_ignore=None, packages_ignore_regex=None, paths=None, packages_up_to=None, packages_up_to_regex=None, packages_above=None, packages_above_and_dependencies=None, packages_above_depth=None, packages_select_by_dep=None, packages_skip_by_dep=None, packages_skip_up_to=None, packages_select_build_failed=False, packages_skip_build_finished=False, packages_select_test_failures=False, packages_skip_test_passed=False, packages_select=None, packages_skip=None, packages_select_regex=None, packages_skip_regex=None, packages_start=None, packages_end=None, allow_overriding=[], cmake_args=None, cmake_target=None, cmake_target_skip_unavailable=False, cmake_clean_cache=False, cmake_clean_first=False, cmake_force_configure=False, ament_cmake_args=None, catkin_cmake_args=None, catkin_skip_building_tests=False, verb_parser=<colcon_defaults.argument_parser.defaults.DefaultArgumentsDecorator object at 0x7ff95e6b1c00>, verb_extension=<colcon_core.verb.build.BuildVerb object at 0x7ff95e6b1690>, main=<bound method BuildVerb.main of <colcon_core.verb.build.BuildVerb object at 0x7ff95e6b1690>>)
[0.184s] Level 1:colcon.colcon_core.package_discovery:discover_packages(colcon_meta) check parameters
[0.184s] Level 1:colcon.colcon_core.package_discovery:discover_packages(recursive) check parameters
[0.184s] Level 1:colcon.colcon_core.package_discovery:discover_packages(ignore) check parameters
[0.184s] Level 1:colcon.colcon_core.package_discovery:discover_packages(path) check parameters
[0.184s] Level 1:colcon.colcon_core.package_discovery:discover_packages(colcon_meta) discover
[0.184s] Level 1:colcon.colcon_core.package_discovery:discover_packages(recursive) discover
[0.184s] INFO:colcon.colcon_core.package_discovery:Crawling recursively for packages in '/home/ritesh/eyrc23_hb_1796/hb_task_2_ws'
[0.184s] Level 1:colcon.colcon_core.package_identification:_identify(.) by extensions ['ignore', 'ignore_ament_install']
[0.184s] Level 1:colcon.colcon_core.package_identification:_identify(.) by extension 'ignore'
[0.184s] Level 1:colcon.colcon_core.package_identification:_identify(.) by extension 'ignore_ament_install'
[0.184s] Level 1:colcon.colcon_core.package_identification:_identify(.) by extensions ['colcon_pkg']
[0.184s] Level 1:colcon.colcon_core.package_identification:_identify(.) by extension 'colcon_pkg'
[0.184s] Level 1:colcon.colcon_core.package_identification:_identify(.) by extensions ['colcon_meta']
[0.184s] Level 1:colcon.colcon_core.package_identification:_identify(.) by extension 'colcon_meta'
[0.184s] Level 1:colcon.colcon_core.package_identification:_identify(.) by extensions ['ros']
[0.184s] Level 1:colcon.colcon_core.package_identification:_identify(.) by extension 'ros'
[0.191s] Level 1:colcon.colcon_core.package_identification:_identify(.) by extensions ['cmake', 'python']
[0.191s] Level 1:colcon.colcon_core.package_identification:_identify(.) by extension 'cmake'
[0.191s] Level 1:colcon.colcon_core.package_identification:_identify(.) by extension 'python'
[0.191s] Level 1:colcon.colcon_core.package_identification:_identify(.) by extensions ['python_setup_py']
[0.191s] Level 1:colcon.colcon_core.package_identification:_identify(.) by extension 'python_setup_py'
[0.191s] Level 1:colcon.colcon_core.package_identification:_identify(build) by extensions ['ignore', 'ignore_ament_install']
[0.191s] Level 1:colcon.colcon_core.package_identification:_identify(build) by extension 'ignore'
[0.191s] Level 1:colcon.colcon_core.package_identification:_identify(build) ignored
[0.191s] Level 1:colcon.colcon_core.package_identification:_identify(install) by extensions ['ignore', 'ignore_ament_install']
[0.191s] Level 1:colcon.colcon_core.package_identification:_identify(install) by extension 'ignore'
[0.191s] Level 1:colcon.colcon_core.package_identification:_identify(install) ignored
[0.191s] Level 1:colcon.colcon_core.package_identification:_identify(log) by extensions ['ignore', 'ignore_ament_install']
[0.191s] Level 1:colcon.colcon_core.package_identification:_identify(log) by extension 'ignore'
[0.191s] Level 1:colcon.colcon_core.package_identification:_identify(log) ignored
[0.191s] Level 1:colcon.colcon_core.package_identification:_identify(src) by extensions ['ignore', 'ignore_ament_install']
[0.191s] Level 1:colcon.colcon_core.package_identification:_identify(src) by extension 'ignore'
[0.191s] Level 1:colcon.colcon_core.package_identification:_identify(src) by extension 'ignore_ament_install'
[0.191s] Level 1:colcon.colcon_core.package_identification:_identify(src) by extensions ['colcon_pkg']
[0.191s] Level 1:colcon.colcon_core.package_identification:_identify(src) by extension 'colcon_pkg'
[0.191s] Level 1:colcon.colcon_core.package_identification:_identify(src) by extensions ['colcon_meta']
[0.191s] Level 1:colcon.colcon_core.package_identification:_identify(src) by extension 'colcon_meta'
[0.191s] Level 1:colcon.colcon_core.package_identification:_identify(src) by extensions ['ros']
[0.191s] Level 1:colcon.colcon_core.package_identification:_identify(src) by extension 'ros'
[0.191s] Level 1:colcon.colcon_core.package_identification:_identify(src) by extensions ['cmake', 'python']
[0.191s] Level 1:colcon.colcon_core.package_identification:_identify(src) by extension 'cmake'
[0.191s] Level 1:colcon.colcon_core.package_identification:_identify(src) by extension 'python'
[0.191s] Level 1:colcon.colcon_core.package_identification:_identify(src) by extensions ['python_setup_py']
[0.191s] Level 1:colcon.colcon_core.package_identification:_identify(src) by extension 'python_setup_py'
[0.191s] Level 1:colcon.colcon_core.package_identification:_identify(src/eYRC-2023_Hologlyph_Bots) by extensions ['ignore', 'ignore_ament_install']
[0.191s] Level 1:colcon.colcon_core.package_identification:_identify(src/eYRC-2023_Hologlyph_Bots) by extension 'ignore'
[0.191s] Level 1:colcon.colcon_core.package_identification:_identify(src/eYRC-2023_Hologlyph_Bots) by extension 'ignore_ament_install'
[0.191s] Level 1:colcon.colcon_core.package_identification:_identify(src/eYRC-2023_Hologlyph_Bots) by extensions ['colcon_pkg']
[0.191s] Level 1:colcon.colcon_core.package_identification:_identify(src/eYRC-2023_Hologlyph_Bots) by extension 'colcon_pkg'
[0.192s] Level 1:colcon.colcon_core.package_identification:_identify(src/eYRC-2023_Hologlyph_Bots) by extensions ['colcon_meta']
[0.192s] Level 1:colcon.colcon_core.package_identification:_identify(src/eYRC-2023_Hologlyph_Bots) by extension 'colcon_meta'
[0.192s] Level 1:colcon.colcon_core.package_identification:_identify(src/eYRC-2023_Hologlyph_Bots) by extensions ['ros']
[0.192s] Level 1:colcon.colcon_core.package_identification:_identify(src/eYRC-2023_Hologlyph_Bots) by extension 'ros'
[0.192s] Level 1:colcon.colcon_core.package_identification:_identify(src/eYRC-2023_Hologlyph_Bots) by extensions ['cmake', 'python']
[0.192s] Level 1:colcon.colcon_core.package_identification:_identify(src/eYRC-2023_Hologlyph_Bots) by extension 'cmake'
[0.192s] Level 1:colcon.colcon_core.package_identification:_identify(src/eYRC-2023_Hologlyph_Bots) by extension 'python'
[0.192s] Level 1:colcon.colcon_core.package_identification:_identify(src/eYRC-2023_Hologlyph_Bots) by extensions ['python_setup_py']
[0.192s] Level 1:colcon.colcon_core.package_identification:_identify(src/eYRC-2023_Hologlyph_Bots) by extension 'python_setup_py'
[0.192s] Level 1:colcon.colcon_core.package_identification:_identify(src/eYRC-2023_Hologlyph_Bots/hb_bot) by extensions ['ignore', 'ignore_ament_install']
[0.192s] Level 1:colcon.colcon_core.package_identification:_identify(src/eYRC-2023_Hologlyph_Bots/hb_bot) by extension 'ignore'
[0.192s] Level 1:colcon.colcon_core.package_identification:_identify(src/eYRC-2023_Hologlyph_Bots/hb_bot) by extension 'ignore_ament_install'
[0.192s] Level 1:colcon.colcon_core.package_identification:_identify(src/eYRC-2023_Hologlyph_Bots/hb_bot) by extensions ['colcon_pkg']
[0.192s] Level 1:colcon.colcon_core.package_identification:_identify(src/eYRC-2023_Hologlyph_Bots/hb_bot) by extension 'colcon_pkg'
[0.192s] Level 1:colcon.colcon_core.package_identification:_identify(src/eYRC-2023_Hologlyph_Bots/hb_bot) by extensions ['colcon_meta']
[0.192s] Level 1:colcon.colcon_core.package_identification:_identify(src/eYRC-2023_Hologlyph_Bots/hb_bot) by extension 'colcon_meta'
[0.192s] Level 1:colcon.colcon_core.package_identification:_identify(src/eYRC-2023_Hologlyph_Bots/hb_bot) by extensions ['ros']
[0.192s] Level 1:colcon.colcon_core.package_identification:_identify(src/eYRC-2023_Hologlyph_Bots/hb_bot) by extension 'ros'
[0.193s] DEBUG:colcon.colcon_core.package_identification:Package 'src/eYRC-2023_Hologlyph_Bots/hb_bot' with type 'ros.ament_cmake' and name 'hb_bot'
[0.193s] Level 1:colcon.colcon_core.package_identification:_identify(src/eYRC-2023_Hologlyph_Bots/hb_task2a) by extensions ['ignore', 'ignore_ament_install']
[0.193s] Level 1:colcon.colcon_core.package_identification:_identify(src/eYRC-2023_Hologlyph_Bots/hb_task2a) by extension 'ignore'
[0.193s] Level 1:colcon.colcon_core.package_identification:_identify(src/eYRC-2023_Hologlyph_Bots/hb_task2a) by extension 'ignore_ament_install'
[0.193s] Level 1:colcon.colcon_core.package_identification:_identify(src/eYRC-2023_Hologlyph_Bots/hb_task2a) by extensions ['colcon_pkg']
[0.193s] Level 1:colcon.colcon_core.package_identification:_identify(src/eYRC-2023_Hologlyph_Bots/hb_task2a) by extension 'colcon_pkg'
[0.194s] Level 1:colcon.colcon_core.package_identification:_identify(src/eYRC-2023_Hologlyph_Bots/hb_task2a) by extensions ['colcon_meta']
[0.194s] Level 1:colcon.colcon_core.package_identification:_identify(src/eYRC-2023_Hologlyph_Bots/hb_task2a) by extension 'colcon_meta'
[0.194s] Level 1:colcon.colcon_core.package_identification:_identify(src/eYRC-2023_Hologlyph_Bots/hb_task2a) by extensions ['ros']
[0.194s] Level 1:colcon.colcon_core.package_identification:_identify(src/eYRC-2023_Hologlyph_Bots/hb_task2a) by extension 'ros'
[0.194s] DEBUG:colcon.colcon_core.package_identification:Package 'src/eYRC-2023_Hologlyph_Bots/hb_task2a' with type 'ros.ament_python' and name 'hb_task2a'
[0.194s] Level 1:colcon.colcon_core.package_identification:_identify(src/eYRC-2023_Hologlyph_Bots/hb_task2b) by extensions ['ignore', 'ignore_ament_install']
[0.194s] Level 1:colcon.colcon_core.package_identification:_identify(src/eYRC-2023_Hologlyph_Bots/hb_task2b) by extension 'ignore'
[0.194s] Level 1:colcon.colcon_core.package_identification:_identify(src/eYRC-2023_Hologlyph_Bots/hb_task2b) by extension 'ignore_ament_install'
[0.194s] Level 1:colcon.colcon_core.package_identification:_identify(src/eYRC-2023_Hologlyph_Bots/hb_task2b) by extensions ['colcon_pkg']
[0.194s] Level 1:colcon.colcon_core.package_identification:_identify(src/eYRC-2023_Hologlyph_Bots/hb_task2b) by extension 'colcon_pkg'
[0.194s] Level 1:colcon.colcon_core.package_identification:_identify(src/eYRC-2023_Hologlyph_Bots/hb_task2b) by extensions ['colcon_meta']
[0.194s] Level 1:colcon.colcon_core.package_identification:_identify(src/eYRC-2023_Hologlyph_Bots/hb_task2b) by extension 'colcon_meta'
[0.194s] Level 1:colcon.colcon_core.package_identification:_identify(src/eYRC-2023_Hologlyph_Bots/hb_task2b) by extensions ['ros']
[0.194s] Level 1:colcon.colcon_core.package_identification:_identify(src/eYRC-2023_Hologlyph_Bots/hb_task2b) by extension 'ros'
[0.195s] DEBUG:colcon.colcon_core.package_identification:Package 'src/eYRC-2023_Hologlyph_Bots/hb_task2b' with type 'ros.ament_python' and name 'hb_task2b'
[0.195s] Level 1:colcon.colcon_core.package_identification:_identify(src/eYRC-2023_Hologlyph_Bots/hb_world) by extensions ['ignore', 'ignore_ament_install']
[0.195s] Level 1:colcon.colcon_core.package_identification:_identify(src/eYRC-2023_Hologlyph_Bots/hb_world) by extension 'ignore'
[0.195s] Level 1:colcon.colcon_core.package_identification:_identify(src/eYRC-2023_Hologlyph_Bots/hb_world) by extension 'ignore_ament_install'
[0.195s] Level 1:colcon.colcon_core.package_identification:_identify(src/eYRC-2023_Hologlyph_Bots/hb_world) by extensions ['colcon_pkg']
[0.195s] Level 1:colcon.colcon_core.package_identification:_identify(src/eYRC-2023_Hologlyph_Bots/hb_world) by extension 'colcon_pkg'
[0.195s] Level 1:colcon.colcon_core.package_identification:_identify(src/eYRC-2023_Hologlyph_Bots/hb_world) by extensions ['colcon_meta']
[0.195s] Level 1:colcon.colcon_core.package_identification:_identify(src/eYRC-2023_Hologlyph_Bots/hb_world) by extension 'colcon_meta'
[0.195s] Level 1:colcon.colcon_core.package_identification:_identify(src/eYRC-2023_Hologlyph_Bots/hb_world) by extensions ['ros']
[0.195s] Level 1:colcon.colcon_core.package_identification:_identify(src/eYRC-2023_Hologlyph_Bots/hb_world) by extension 'ros'
[0.196s] DEBUG:colcon.colcon_core.package_identification:Package 'src/eYRC-2023_Hologlyph_Bots/hb_world' with type 'ros.ament_cmake' and name 'hb_world'
[0.196s] Level 1:colcon.colcon_core.package_identification:_identify(src/eYRC-2023_Hologlyph_Bots/my_robot_interfaces) by extensions ['ignore', 'ignore_ament_install']
[0.196s] Level 1:colcon.colcon_core.package_identification:_identify(src/eYRC-2023_Hologlyph_Bots/my_robot_interfaces) by extension 'ignore'
[0.196s] Level 1:colcon.colcon_core.package_identification:_identify(src/eYRC-2023_Hologlyph_Bots/my_robot_interfaces) by extension 'ignore_ament_install'
[0.196s] Level 1:colcon.colcon_core.package_identification:_identify(src/eYRC-2023_Hologlyph_Bots/my_robot_interfaces) by extensions ['colcon_pkg']
[0.196s] Level 1:colcon.colcon_core.package_identification:_identify(src/eYRC-2023_Hologlyph_Bots/my_robot_interfaces) by extension 'colcon_pkg'
[0.196s] Level 1:colcon.colcon_core.package_identification:_identify(src/eYRC-2023_Hologlyph_Bots/my_robot_interfaces) by extensions ['colcon_meta']
[0.196s] Level 1:colcon.colcon_core.package_identification:_identify(src/eYRC-2023_Hologlyph_Bots/my_robot_interfaces) by extension 'colcon_meta'
[0.196s] Level 1:colcon.colcon_core.package_identification:_identify(src/eYRC-2023_Hologlyph_Bots/my_robot_interfaces) by extensions ['ros']
[0.196s] Level 1:colcon.colcon_core.package_identification:_identify(src/eYRC-2023_Hologlyph_Bots/my_robot_interfaces) by extension 'ros'
[0.196s] DEBUG:colcon.colcon_core.package_identification:Package 'src/eYRC-2023_Hologlyph_Bots/my_robot_interfaces' with type 'ros.ament_cmake' and name 'my_robot_interfaces'
[0.196s] Level 1:colcon.colcon_core.package_discovery:discover_packages(recursive) using defaults
[0.196s] Level 1:colcon.colcon_core.package_discovery:discover_packages(ignore) discover
[0.196s] Level 1:colcon.colcon_core.package_discovery:discover_packages(ignore) using defaults
[0.196s] Level 1:colcon.colcon_core.package_discovery:discover_packages(path) discover
[0.196s] Level 1:colcon.colcon_core.package_discovery:discover_packages(path) using defaults
[0.209s] Level 1:colcon.colcon_core.package_discovery:discover_packages(prefix_path) check parameters
[0.209s] Level 1:colcon.colcon_core.package_discovery:discover_packages(prefix_path) discover
[0.210s] DEBUG:colcon.colcon_installed_package_information.package_discovery:Found 2 installed packages in /home/ritesh/eyrc23_hb_1796/hb_task1b_ws/install
[0.211s] DEBUG:colcon.colcon_installed_package_information.package_discovery:Found 1 installed packages in /home/ritesh/eyrc23_hb_1796/hb_task1a_ws/install
[0.212s] DEBUG:colcon.colcon_installed_package_information.package_discovery:Found 281 installed packages in /opt/ros/humble
[0.212s] Level 1:colcon.colcon_core.package_discovery:discover_packages(prefix_path) using defaults
[0.243s] Level 5:colcon.colcon_core.verb:set package 'hb_bot' build argument 'cmake_args' from command line to 'None'
[0.243s] Level 5:colcon.colcon_core.verb:set package 'hb_bot' build argument 'cmake_target' from command line to 'None'
[0.243s] Level 5:colcon.colcon_core.verb:set package 'hb_bot' build argument 'cmake_target_skip_unavailable' from command line to 'False'
[0.243s] Level 5:colcon.colcon_core.verb:set package 'hb_bot' build argument 'cmake_clean_cache' from command line to 'False'
[0.243s] Level 5:colcon.colcon_core.verb:set package 'hb_bot' build argument 'cmake_clean_first' from command line to 'False'
[0.243s] Level 5:colcon.colcon_core.verb:set package 'hb_bot' build argument 'cmake_force_configure' from command line to 'False'
[0.243s] Level 5:colcon.colcon_core.verb:set package 'hb_bot' build argument 'ament_cmake_args' from command line to 'None'
[0.243s] Level 5:colcon.colcon_core.verb:set package 'hb_bot' build argument 'catkin_cmake_args' from command line to 'None'
[0.243s] Level 5:colcon.colcon_core.verb:set package 'hb_bot' build argument 'catkin_skip_building_tests' from command line to 'False'
[0.243s] DEBUG:colcon.colcon_core.verb:Building package 'hb_bot' with the following arguments: {'ament_cmake_args': None, 'build_base': '/home/ritesh/eyrc23_hb_1796/hb_task_2_ws/build/hb_bot', 'catkin_cmake_args': None, 'catkin_skip_building_tests': False, 'cmake_args': None, 'cmake_clean_cache': False, 'cmake_clean_first': False, 'cmake_force_configure': False, 'cmake_target': None, 'cmake_target_skip_unavailable': False, 'install_base': '/home/ritesh/eyrc23_hb_1796/hb_task_2_ws/install/hb_bot', 'merge_install': False, 'path': '/home/ritesh/eyrc23_hb_1796/hb_task_2_ws/src/eYRC-2023_Hologlyph_Bots/hb_bot', 'symlink_install': False, 'test_result_base': None}
[0.244s] Level 5:colcon.colcon_core.verb:set package 'hb_task2a' build argument 'cmake_args' from command line to 'None'
[0.244s] Level 5:colcon.colcon_core.verb:set package 'hb_task2a' build argument 'cmake_target' from command line to 'None'
[0.244s] Level 5:colcon.colcon_core.verb:set package 'hb_task2a' build argument 'cmake_target_skip_unavailable' from command line to 'False'
[0.244s] Level 5:colcon.colcon_core.verb:set package 'hb_task2a' build argument 'cmake_clean_cache' from command line to 'False'
[0.244s] Level 5:colcon.colcon_core.verb:set package 'hb_task2a' build argument 'cmake_clean_first' from command line to 'False'
[0.244s] Level 5:colcon.colcon_core.verb:set package 'hb_task2a' build argument 'cmake_force_configure' from command line to 'False'
[0.244s] Level 5:colcon.colcon_core.verb:set package 'hb_task2a' build argument 'ament_cmake_args' from command line to 'None'
[0.244s] Level 5:colcon.colcon_core.verb:set package 'hb_task2a' build argument 'catkin_cmake_args' from command line to 'None'
[0.244s] Level 5:colcon.colcon_core.verb:set package 'hb_task2a' build argument 'catkin_skip_building_tests' from command line to 'False'
[0.244s] DEBUG:colcon.colcon_core.verb:Building package 'hb_task2a' with the following arguments: {'ament_cmake_args': None, 'build_base': '/home/ritesh/eyrc23_hb_1796/hb_task_2_ws/build/hb_task2a', 'catkin_cmake_args': None, 'catkin_skip_building_tests': False, 'cmake_args': None, 'cmake_clean_cache': False, 'cmake_clean_first': False, 'cmake_force_configure': False, 'cmake_target': None, 'cmake_target_skip_unavailable': False, 'install_base': '/home/ritesh/eyrc23_hb_1796/hb_task_2_ws/install/hb_task2a', 'merge_install': False, 'path': '/home/ritesh/eyrc23_hb_1796/hb_task_2_ws/src/eYRC-2023_Hologlyph_Bots/hb_task2a', 'symlink_install': False, 'test_result_base': None}
[0.244s] Level 5:colcon.colcon_core.verb:set package 'hb_task2b' build argument 'cmake_args' from command line to 'None'
[0.244s] Level 5:colcon.colcon_core.verb:set package 'hb_task2b' build argument 'cmake_target' from command line to 'None'
[0.244s] Level 5:colcon.colcon_core.verb:set package 'hb_task2b' build argument 'cmake_target_skip_unavailable' from command line to 'False'
[0.244s] Level 5:colcon.colcon_core.verb:set package 'hb_task2b' build argument 'cmake_clean_cache' from command line to 'False'
[0.244s] Level 5:colcon.colcon_core.verb:set package 'hb_task2b' build argument 'cmake_clean_first' from command line to 'False'
[0.244s] Level 5:colcon.colcon_core.verb:set package 'hb_task2b' build argument 'cmake_force_configure' from command line to 'False'
[0.244s] Level 5:colcon.colcon_core.verb:set package 'hb_task2b' build argument 'ament_cmake_args' from command line to 'None'
[0.244s] Level 5:colcon.colcon_core.verb:set package 'hb_task2b' build argument 'catkin_cmake_args' from command line to 'None'
[0.244s] Level 5:colcon.colcon_core.verb:set package 'hb_task2b' build argument 'catkin_skip_building_tests' from command line to 'False'
[0.244s] DEBUG:colcon.colcon_core.verb:Building package 'hb_task2b' with the following arguments: {'ament_cmake_args': None, 'build_base': '/home/ritesh/eyrc23_hb_1796/hb_task_2_ws/build/hb_task2b', 'catkin_cmake_args': None, 'catkin_skip_building_tests': False, 'cmake_args': None, 'cmake_clean_cache': False, 'cmake_clean_first': False, 'cmake_force_configure': False, 'cmake_target': None, 'cmake_target_skip_unavailable': False, 'install_base': '/home/ritesh/eyrc23_hb_1796/hb_task_2_ws/install/hb_task2b', 'merge_install': False, 'path': '/home/ritesh/eyrc23_hb_1796/hb_task_2_ws/src/eYRC-2023_Hologlyph_Bots/hb_task2b', 'symlink_install': False, 'test_result_base': None}
[0.245s] Level 5:colcon.colcon_core.verb:set package 'hb_world' build argument 'cmake_args' from command line to 'None'
[0.245s] Level 5:colcon.colcon_core.verb:set package 'hb_world' build argument 'cmake_target' from command line to 'None'
[0.245s] Level 5:colcon.colcon_core.verb:set package 'hb_world' build argument 'cmake_target_skip_unavailable' from command line to 'False'
[0.245s] Level 5:colcon.colcon_core.verb:set package 'hb_world' build argument 'cmake_clean_cache' from command line to 'False'
[0.245s] Level 5:colcon.colcon_core.verb:set package 'hb_world' build argument 'cmake_clean_first' from command line to 'False'
[0.245s] Level 5:colcon.colcon_core.verb:set package 'hb_world' build argument 'cmake_force_configure' from command line to 'False'
[0.245s] Level 5:colcon.colcon_core.verb:set package 'hb_world' build argument 'ament_cmake_args' from command line to 'None'
[0.245s] Level 5:colcon.colcon_core.verb:set package 'hb_world' build argument 'catkin_cmake_args' from command line to 'None'
[0.245s] Level 5:colcon.colcon_core.verb:set package 'hb_world' build argument 'catkin_skip_building_tests' from command line to 'False'
[0.245s] DEBUG:colcon.colcon_core.verb:Building package 'hb_world' with the following arguments: {'ament_cmake_args': None, 'build_base': '/home/ritesh/eyrc23_hb_1796/hb_task_2_ws/build/hb_world', 'catkin_cmake_args': None, 'catkin_skip_building_tests': False, 'cmake_args': None, 'cmake_clean_cache': False, 'cmake_clean_first': False, 'cmake_force_configure': False, 'cmake_target': None, 'cmake_target_skip_unavailable': False, 'install_base': '/home/ritesh/eyrc23_hb_1796/hb_task_2_ws/install/hb_world', 'merge_install': False, 'path': '/home/ritesh/eyrc23_hb_1796/hb_task_2_ws/src/eYRC-2023_Hologlyph_Bots/hb_world', 'symlink_install': False, 'test_result_base': None}
[0.245s] Level 5:colcon.colcon_core.verb:set package 'my_robot_interfaces' build argument 'cmake_args' from command line to 'None'
[0.245s] Level 5:colcon.colcon_core.verb:set package 'my_robot_interfaces' build argument 'cmake_target' from command line to 'None'
[0.245s] Level 5:colcon.colcon_core.verb:set package 'my_robot_interfaces' build argument 'cmake_target_skip_unavailable' from command line to 'False'
[0.245s] Level 5:colcon.colcon_core.verb:set package 'my_robot_interfaces' build argument 'cmake_clean_cache' from command line to 'False'
[0.245s] Level 5:colcon.colcon_core.verb:set package 'my_robot_interfaces' build argument 'cmake_clean_first' from command line to 'False'
[0.245s] Level 5:colcon.colcon_core.verb:set package 'my_robot_interfaces' build argument 'cmake_force_configure' from command line to 'False'
[0.245s] Level 5:colcon.colcon_core.verb:set package 'my_robot_interfaces' build argument 'ament_cmake_args' from command line to 'None'
[0.245s] Level 5:colcon.colcon_core.verb:set package 'my_robot_interfaces' build argument 'catkin_cmake_args' from command line to 'None'
[0.245s] Level 5:colcon.colcon_core.verb:set package 'my_robot_interfaces' build argument 'catkin_skip_building_tests' from command line to 'False'
[0.245s] DEBUG:colcon.colcon_core.verb:Building package 'my_robot_interfaces' with the following arguments: {'ament_cmake_args': None, 'build_base': '/home/ritesh/eyrc23_hb_1796/hb_task_2_ws/build/my_robot_interfaces', 'catkin_cmake_args': None, 'catkin_skip_building_tests': False, 'cmake_args': None, 'cmake_clean_cache': False, 'cmake_clean_first': False, 'cmake_force_configure': False, 'cmake_target': None, 'cmake_target_skip_unavailable': False, 'install_base': '/home/ritesh/eyrc23_hb_1796/hb_task_2_ws/install/my_robot_interfaces', 'merge_install': False, 'path': '/home/ritesh/eyrc23_hb_1796/hb_task_2_ws/src/eYRC-2023_Hologlyph_Bots/my_robot_interfaces', 'symlink_install': False, 'test_result_base': None}
[0.246s] INFO:colcon.colcon_core.executor:Executing jobs using 'parallel' executor
[0.248s] DEBUG:colcon.colcon_parallel_executor.executor.parallel:run_until_complete
[0.248s] INFO:colcon.colcon_ros.task.ament_cmake.build:Building ROS package in '/home/ritesh/eyrc23_hb_1796/hb_task_2_ws/src/eYRC-2023_Hologlyph_Bots/hb_bot' with build type 'ament_cmake'
[0.248s] INFO:colcon.colcon_cmake.task.cmake.build:Building CMake package in '/home/ritesh/eyrc23_hb_1796/hb_task_2_ws/src/eYRC-2023_Hologlyph_Bots/hb_bot'
[0.250s] INFO:colcon.colcon_core.plugin_system:Skipping extension 'colcon_core.shell.bat': Not used on non-Windows systems
[0.250s] INFO:colcon.colcon_core.shell:Skip shell extension 'powershell' for command environment: Not usable outside of PowerShell
[0.250s] DEBUG:colcon.colcon_core.shell:Skip shell extension 'dsv' for command environment
[0.253s] INFO:colcon.colcon_ros.task.ament_python.build:Building ROS package in '/home/ritesh/eyrc23_hb_1796/hb_task_2_ws/src/eYRC-2023_Hologlyph_Bots/hb_task2a' with build type 'ament_python'
[0.253s] Level 1:colcon.colcon_core.shell:create_environment_hook('hb_task2a', 'ament_prefix_path')
[0.254s] INFO:colcon.colcon_core.shell:Creating environment hook '/home/ritesh/eyrc23_hb_1796/hb_task_2_ws/install/hb_task2a/share/hb_task2a/hook/ament_prefix_path.ps1'
[0.255s] INFO:colcon.colcon_core.shell:Creating environment descriptor '/home/ritesh/eyrc23_hb_1796/hb_task_2_ws/install/hb_task2a/share/hb_task2a/hook/ament_prefix_path.dsv'
[0.255s] INFO:colcon.colcon_core.shell:Creating environment hook '/home/ritesh/eyrc23_hb_1796/hb_task_2_ws/install/hb_task2a/share/hb_task2a/hook/ament_prefix_path.sh'
[0.256s] INFO:colcon.colcon_core.shell:Skip shell extension 'powershell' for command environment: Not usable outside of PowerShell
[0.256s] DEBUG:colcon.colcon_core.shell:Skip shell extension 'dsv' for command environment
[0.258s] INFO:colcon.colcon_ros.task.ament_python.build:Building ROS package in '/home/ritesh/eyrc23_hb_1796/hb_task_2_ws/src/eYRC-2023_Hologlyph_Bots/hb_task2b' with build type 'ament_python'
[0.258s] Level 1:colcon.colcon_core.shell:create_environment_hook('hb_task2b', 'ament_prefix_path')
[0.259s] INFO:colcon.colcon_core.shell:Creating environment hook '/home/ritesh/eyrc23_hb_1796/hb_task_2_ws/install/hb_task2b/share/hb_task2b/hook/ament_prefix_path.ps1'
[0.259s] INFO:colcon.colcon_core.shell:Creating environment descriptor '/home/ritesh/eyrc23_hb_1796/hb_task_2_ws/install/hb_task2b/share/hb_task2b/hook/ament_prefix_path.dsv'
[0.259s] INFO:colcon.colcon_core.shell:Creating environment hook '/home/ritesh/eyrc23_hb_1796/hb_task_2_ws/install/hb_task2b/share/hb_task2b/hook/ament_prefix_path.sh'
[0.260s] INFO:colcon.colcon_core.shell:Skip shell extension 'powershell' for command environment: Not usable outside of PowerShell
[0.260s] DEBUG:colcon.colcon_core.shell:Skip shell extension 'dsv' for command environment
[0.263s] INFO:colcon.colcon_ros.task.ament_cmake.build:Building ROS package in '/home/ritesh/eyrc23_hb_1796/hb_task_2_ws/src/eYRC-2023_Hologlyph_Bots/hb_world' with build type 'ament_cmake'
[0.263s] INFO:colcon.colcon_cmake.task.cmake.build:Building CMake package in '/home/ritesh/eyrc23_hb_1796/hb_task_2_ws/src/eYRC-2023_Hologlyph_Bots/hb_world'
[0.264s] INFO:colcon.colcon_core.shell:Skip shell extension 'powershell' for command environment: Not usable outside of PowerShell
[0.264s] DEBUG:colcon.colcon_core.shell:Skip shell extension 'dsv' for command environment
[0.266s] INFO:colcon.colcon_ros.task.ament_cmake.build:Building ROS package in '/home/ritesh/eyrc23_hb_1796/hb_task_2_ws/src/eYRC-2023_Hologlyph_Bots/my_robot_interfaces' with build type 'ament_cmake'
[0.266s] INFO:colcon.colcon_cmake.task.cmake.build:Building CMake package in '/home/ritesh/eyrc23_hb_1796/hb_task_2_ws/src/eYRC-2023_Hologlyph_Bots/my_robot_interfaces'
[0.267s] INFO:colcon.colcon_core.shell:Skip shell extension 'powershell' for command environment: Not usable outside of PowerShell
[0.267s] DEBUG:colcon.colcon_core.shell:Skip shell extension 'dsv' for command environment
[0.273s] DEBUG:colcon.colcon_core.event_handler.log_command:Invoking command in '/home/ritesh/eyrc23_hb_1796/hb_task_2_ws/build/hb_bot': CMAKE_PREFIX_PATH=${CMAKE_PREFIX_PATH}:/home/ritesh/eyrc23_hb_1796/hb_task1b_ws/install/hb_task_1b:/home/ritesh/eyrc23_hb_1796/hb_task1a_ws/install/hb_task_1a:/opt/ros/humble /usr/bin/cmake /home/ritesh/eyrc23_hb_1796/hb_task_2_ws/src/eYRC-2023_Hologlyph_Bots/hb_bot -DCMAKE_INSTALL_PREFIX=/home/ritesh/eyrc23_hb_1796/hb_task_2_ws/install/hb_bot
[0.449s] INFO:colcon.colcon_core.task.python.build:Building Python package in '/home/ritesh/eyrc23_hb_1796/hb_task_2_ws/src/eYRC-2023_Hologlyph_Bots/hb_task2a'
[0.450s] INFO:colcon.colcon_core.shell:Skip shell extension 'powershell' for command environment: Not usable outside of PowerShell
[0.450s] DEBUG:colcon.colcon_core.shell:Skip shell extension 'dsv' for command environment
[0.635s] INFO:colcon.colcon_core.task.python.build:Building Python package in '/home/ritesh/eyrc23_hb_1796/hb_task_2_ws/src/eYRC-2023_Hologlyph_Bots/hb_task2b'
[0.636s] INFO:colcon.colcon_core.shell:Skip shell extension 'powershell' for command environment: Not usable outside of PowerShell
[0.636s] DEBUG:colcon.colcon_core.shell:Skip shell extension 'dsv' for command environment
[0.645s] DEBUG:colcon.colcon_core.event_handler.log_command:Invoking command in '/home/ritesh/eyrc23_hb_1796/hb_task_2_ws/build/hb_world': CMAKE_PREFIX_PATH=${CMAKE_PREFIX_PATH}:/home/ritesh/eyrc23_hb_1796/hb_task1b_ws/install/hb_task_1b:/home/ritesh/eyrc23_hb_1796/hb_task1a_ws/install/hb_task_1a:/opt/ros/humble /usr/bin/cmake /home/ritesh/eyrc23_hb_1796/hb_task_2_ws/src/eYRC-2023_Hologlyph_Bots/hb_world -DCMAKE_INSTALL_PREFIX=/home/ritesh/eyrc23_hb_1796/hb_task_2_ws/install/hb_world
[0.651s] DEBUG:colcon.colcon_core.event_handler.log_command:Invoking command in '/home/ritesh/eyrc23_hb_1796/hb_task_2_ws/build/my_robot_interfaces': CMAKE_PREFIX_PATH=${CMAKE_PREFIX_PATH}:/home/ritesh/eyrc23_hb_1796/hb_task1b_ws/install/hb_task_1b:/home/ritesh/eyrc23_hb_1796/hb_task1a_ws/install/hb_task_1a:/opt/ros/humble /usr/bin/cmake /home/ritesh/eyrc23_hb_1796/hb_task_2_ws/src/eYRC-2023_Hologlyph_Bots/my_robot_interfaces -DCMAKE_INSTALL_PREFIX=/home/ritesh/eyrc23_hb_1796/hb_task_2_ws/install/my_robot_interfaces
[0.975s] DEBUG:colcon.colcon_core.event_handler.log_command:Invoking command in '/home/ritesh/eyrc23_hb_1796/hb_task_2_ws/src/eYRC-2023_Hologlyph_Bots/hb_task2b': PYTHONPATH=/home/ritesh/eyrc23_hb_1796/hb_task_2_ws/build/hb_task2b/prefix_override:/home/ritesh/eyrc23_hb_1796/hb_task_2_ws/install/hb_task2b/lib/python3.10/site-packages:${PYTHONPATH} /usr/bin/python3 setup.py egg_info --egg-base ../../../build/hb_task2b build --build-base /home/ritesh/eyrc23_hb_1796/hb_task_2_ws/build/hb_task2b/build install --record /home/ritesh/eyrc23_hb_1796/hb_task_2_ws/build/hb_task2b/install.log --single-version-externally-managed
[1.094s] DEBUG:colcon.colcon_core.event_handler.log_command:Invoking command in '/home/ritesh/eyrc23_hb_1796/hb_task_2_ws/src/eYRC-2023_Hologlyph_Bots/hb_task2a': PYTHONPATH=/home/ritesh/eyrc23_hb_1796/hb_task_2_ws/build/hb_task2a/prefix_override:/home/ritesh/eyrc23_hb_1796/hb_task_2_ws/install/hb_task2a/lib/python3.10/site-packages:${PYTHONPATH} /usr/bin/python3 setup.py egg_info --egg-base ../../../build/hb_task2a build --build-base /home/ritesh/eyrc23_hb_1796/hb_task_2_ws/build/hb_task2a/build install --record /home/ritesh/eyrc23_hb_1796/hb_task_2_ws/build/hb_task2a/install.log --single-version-externally-managed
[1.266s] DEBUG:colcon.colcon_core.event_handler.log_command:Invoked command in '/home/ritesh/eyrc23_hb_1796/hb_task_2_ws/src/eYRC-2023_Hologlyph_Bots/hb_task2b' returned '0': PYTHONPATH=/home/ritesh/eyrc23_hb_1796/hb_task_2_ws/build/hb_task2b/prefix_override:/home/ritesh/eyrc23_hb_1796/hb_task_2_ws/install/hb_task2b/lib/python3.10/site-packages:${PYTHONPATH} /usr/bin/python3 setup.py egg_info --egg-base ../../../build/hb_task2b build --build-base /home/ritesh/eyrc23_hb_1796/hb_task_2_ws/build/hb_task2b/build install --record /home/ritesh/eyrc23_hb_1796/hb_task_2_ws/build/hb_task2b/install.log --single-version-externally-managed
[1.272s] Level 1:colcon.colcon_core.environment:checking '/home/ritesh/eyrc23_hb_1796/hb_task_2_ws/install/hb_task2b' for CMake module files
[1.273s] Level 1:colcon.colcon_core.environment:checking '/home/ritesh/eyrc23_hb_1796/hb_task_2_ws/install/hb_task2b' for CMake config files
[1.273s] Level 1:colcon.colcon_core.environment:checking '/home/ritesh/eyrc23_hb_1796/hb_task_2_ws/install/hb_task2b/lib'
[1.274s] Level 1:colcon.colcon_core.environment:checking '/home/ritesh/eyrc23_hb_1796/hb_task_2_ws/install/hb_task2b/bin'
[1.274s] Level 1:colcon.colcon_core.environment:checking '/home/ritesh/eyrc23_hb_1796/hb_task_2_ws/install/hb_task2b/lib/pkgconfig/hb_task2b.pc'
[1.275s] Level 1:colcon.colcon_core.environment:checking '/home/ritesh/eyrc23_hb_1796/hb_task_2_ws/install/hb_task2b/lib/python3.10/site-packages'
[1.275s] Level 1:colcon.colcon_core.shell:create_environment_hook('hb_task2b', 'pythonpath')
[1.276s] INFO:colcon.colcon_core.shell:Creating environment hook '/home/ritesh/eyrc23_hb_1796/hb_task_2_ws/install/hb_task2b/share/hb_task2b/hook/pythonpath.ps1'
[1.277s] INFO:colcon.colcon_core.shell:Creating environment descriptor '/home/ritesh/eyrc23_hb_1796/hb_task_2_ws/install/hb_task2b/share/hb_task2b/hook/pythonpath.dsv'
[1.277s] INFO:colcon.colcon_core.shell:Creating environment hook '/home/ritesh/eyrc23_hb_1796/hb_task_2_ws/install/hb_task2b/share/hb_task2b/hook/pythonpath.sh'
[1.278s] Level 1:colcon.colcon_core.environment:checking '/home/ritesh/eyrc23_hb_1796/hb_task_2_ws/install/hb_task2b/bin'
[1.278s] Level 1:colcon.colcon_core.environment:create_environment_scripts_only(hb_task2b)
[1.280s] INFO:colcon.colcon_core.shell:Creating package script '/home/ritesh/eyrc23_hb_1796/hb_task_2_ws/install/hb_task2b/share/hb_task2b/package.ps1'
[1.281s] INFO:colcon.colcon_core.shell:Creating package descriptor '/home/ritesh/eyrc23_hb_1796/hb_task_2_ws/install/hb_task2b/share/hb_task2b/package.dsv'
[1.282s] INFO:colcon.colcon_core.shell:Creating package script '/home/ritesh/eyrc23_hb_1796/hb_task_2_ws/install/hb_task2b/share/hb_task2b/package.sh'
[1.283s] INFO:colcon.colcon_core.shell:Creating package script '/home/ritesh/eyrc23_hb_1796/hb_task_2_ws/install/hb_task2b/share/hb_task2b/package.bash'
[1.284s] INFO:colcon.colcon_core.shell:Creating package script '/home/ritesh/eyrc23_hb_1796/hb_task_2_ws/install/hb_task2b/share/hb_task2b/package.zsh'
[1.285s] Level 1:colcon.colcon_core.environment:create_file_with_runtime_dependencies(/home/ritesh/eyrc23_hb_1796/hb_task_2_ws/install/hb_task2b/share/colcon-core/packages/hb_task2b)
[1.446s] Level 1:colcon.colcon_core.environment:checking '/home/ritesh/eyrc23_hb_1796/hb_task_2_ws/install/hb_task2a' for CMake module files
[1.447s] DEBUG:colcon.colcon_core.event_handler.log_command:Invoked command in '/home/ritesh/eyrc23_hb_1796/hb_task_2_ws/src/eYRC-2023_Hologlyph_Bots/hb_task2a' returned '0': PYTHONPATH=/home/ritesh/eyrc23_hb_1796/hb_task_2_ws/build/hb_task2a/prefix_override:/home/ritesh/eyrc23_hb_1796/hb_task_2_ws/install/hb_task2a/lib/python3.10/site-packages:${PYTHONPATH} /usr/bin/python3 setup.py egg_info --egg-base ../../../build/hb_task2a build --build-base /home/ritesh/eyrc23_hb_1796/hb_task_2_ws/build/hb_task2a/build install --record /home/ritesh/eyrc23_hb_1796/hb_task_2_ws/build/hb_task2a/install.log --single-version-externally-managed
[1.447s] Level 1:colcon.colcon_core.environment:checking '/home/ritesh/eyrc23_hb_1796/hb_task_2_ws/install/hb_task2a' for CMake config files
[1.448s] Level 1:colcon.colcon_core.environment:checking '/home/ritesh/eyrc23_hb_1796/hb_task_2_ws/install/hb_task2a/lib'
[1.448s] Level 1:colcon.colcon_core.environment:checking '/home/ritesh/eyrc23_hb_1796/hb_task_2_ws/install/hb_task2a/bin'
[1.448s] Level 1:colcon.colcon_core.environment:checking '/home/ritesh/eyrc23_hb_1796/hb_task_2_ws/install/hb_task2a/lib/pkgconfig/hb_task2a.pc'
[1.449s] Level 1:colcon.colcon_core.environment:checking '/home/ritesh/eyrc23_hb_1796/hb_task_2_ws/install/hb_task2a/lib/python3.10/site-packages'
[1.449s] Level 1:colcon.colcon_core.shell:create_environment_hook('hb_task2a', 'pythonpath')
[1.451s] INFO:colcon.colcon_core.shell:Creating environment hook '/home/ritesh/eyrc23_hb_1796/hb_task_2_ws/install/hb_task2a/share/hb_task2a/hook/pythonpath.ps1'
[1.451s] INFO:colcon.colcon_core.shell:Creating environment descriptor '/home/ritesh/eyrc23_hb_1796/hb_task_2_ws/install/hb_task2a/share/hb_task2a/hook/pythonpath.dsv'
[1.451s] INFO:colcon.colcon_core.shell:Creating environment hook '/home/ritesh/eyrc23_hb_1796/hb_task_2_ws/install/hb_task2a/share/hb_task2a/hook/pythonpath.sh'
[1.452s] Level 1:colcon.colcon_core.environment:checking '/home/ritesh/eyrc23_hb_1796/hb_task_2_ws/install/hb_task2a/bin'
[1.452s] Level 1:colcon.colcon_core.environment:create_environment_scripts_only(hb_task2a)
[1.454s] INFO:colcon.colcon_core.shell:Creating package script '/home/ritesh/eyrc23_hb_1796/hb_task_2_ws/install/hb_task2a/share/hb_task2a/package.ps1'
[1.455s] INFO:colcon.colcon_core.shell:Creating package descriptor '/home/ritesh/eyrc23_hb_1796/hb_task_2_ws/install/hb_task2a/share/hb_task2a/package.dsv'
[1.455s] INFO:colcon.colcon_core.shell:Creating package script '/home/ritesh/eyrc23_hb_1796/hb_task_2_ws/install/hb_task2a/share/hb_task2a/package.sh'
[1.456s] INFO:colcon.colcon_core.shell:Creating package script '/home/ritesh/eyrc23_hb_1796/hb_task_2_ws/install/hb_task2a/share/hb_task2a/package.bash'
[1.456s] INFO:colcon.colcon_core.shell:Creating package script '/home/ritesh/eyrc23_hb_1796/hb_task_2_ws/install/hb_task2a/share/hb_task2a/package.zsh'
[1.456s] Level 1:colcon.colcon_core.environment:create_file_with_runtime_dependencies(/home/ritesh/eyrc23_hb_1796/hb_task_2_ws/install/hb_task2a/share/colcon-core/packages/hb_task2a)
[1.692s] DEBUG:colcon.colcon_core.event_handler.log_command:Invoked command in '/home/ritesh/eyrc23_hb_1796/hb_task_2_ws/build/hb_bot' returned '0': CMAKE_PREFIX_PATH=${CMAKE_PREFIX_PATH}:/home/ritesh/eyrc23_hb_1796/hb_task1b_ws/install/hb_task_1b:/home/ritesh/eyrc23_hb_1796/hb_task1a_ws/install/hb_task_1a:/opt/ros/humble /usr/bin/cmake /home/ritesh/eyrc23_hb_1796/hb_task_2_ws/src/eYRC-2023_Hologlyph_Bots/hb_bot -DCMAKE_INSTALL_PREFIX=/home/ritesh/eyrc23_hb_1796/hb_task_2_ws/install/hb_bot
[1.695s] DEBUG:colcon.colcon_core.event_handler.log_command:Invoking command in '/home/ritesh/eyrc23_hb_1796/hb_task_2_ws/build/hb_bot': CMAKE_PREFIX_PATH=${CMAKE_PREFIX_PATH}:/home/ritesh/eyrc23_hb_1796/hb_task1b_ws/install/hb_task_1b:/home/ritesh/eyrc23_hb_1796/hb_task1a_ws/install/hb_task_1a:/opt/ros/humble /usr/bin/cmake --build /home/ritesh/eyrc23_hb_1796/hb_task_2_ws/build/hb_bot -- -j12 -l12
[1.727s] DEBUG:colcon.colcon_core.event_handler.log_command:Invoked command in '/home/ritesh/eyrc23_hb_1796/hb_task_2_ws/build/hb_bot' returned '0': CMAKE_PREFIX_PATH=${CMAKE_PREFIX_PATH}:/home/ritesh/eyrc23_hb_1796/hb_task1b_ws/install/hb_task_1b:/home/ritesh/eyrc23_hb_1796/hb_task1a_ws/install/hb_task_1a:/opt/ros/humble /usr/bin/cmake --build /home/ritesh/eyrc23_hb_1796/hb_task_2_ws/build/hb_bot -- -j12 -l12
[1.753s] DEBUG:colcon.colcon_core.event_handler.log_command:Invoking command in '/home/ritesh/eyrc23_hb_1796/hb_task_2_ws/build/hb_bot': CMAKE_PREFIX_PATH=${CMAKE_PREFIX_PATH}:/home/ritesh/eyrc23_hb_1796/hb_task1b_ws/install/hb_task_1b:/home/ritesh/eyrc23_hb_1796/hb_task1a_ws/install/hb_task_1a:/opt/ros/humble /usr/bin/cmake --install /home/ritesh/eyrc23_hb_1796/hb_task_2_ws/build/hb_bot
[1.779s] Level 1:colcon.colcon_core.environment:create_environment_scripts_only(hb_bot)
[1.780s] DEBUG:colcon.colcon_core.event_handler.log_command:Invoked command in '/home/ritesh/eyrc23_hb_1796/hb_task_2_ws/build/hb_bot' returned '0': CMAKE_PREFIX_PATH=${CMAKE_PREFIX_PATH}:/home/ritesh/eyrc23_hb_1796/hb_task1b_ws/install/hb_task_1b:/home/ritesh/eyrc23_hb_1796/hb_task1a_ws/install/hb_task_1a:/opt/ros/humble /usr/bin/cmake --install /home/ritesh/eyrc23_hb_1796/hb_task_2_ws/build/hb_bot
[1.782s] Level 1:colcon.colcon_core.environment:checking '/home/ritesh/eyrc23_hb_1796/hb_task_2_ws/install/hb_bot' for CMake module files
[1.784s] Level 1:colcon.colcon_core.environment:checking '/home/ritesh/eyrc23_hb_1796/hb_task_2_ws/install/hb_bot' for CMake config files
[1.784s] Level 1:colcon.colcon_core.shell:create_environment_hook('hb_bot', 'cmake_prefix_path')
[1.785s] INFO:colcon.colcon_core.shell:Creating environment hook '/home/ritesh/eyrc23_hb_1796/hb_task_2_ws/install/hb_bot/share/hb_bot/hook/cmake_prefix_path.ps1'
[1.786s] INFO:colcon.colcon_core.shell:Creating environment descriptor '/home/ritesh/eyrc23_hb_1796/hb_task_2_ws/install/hb_bot/share/hb_bot/hook/cmake_prefix_path.dsv'
[1.786s] INFO:colcon.colcon_core.shell:Creating environment hook '/home/ritesh/eyrc23_hb_1796/hb_task_2_ws/install/hb_bot/share/hb_bot/hook/cmake_prefix_path.sh'
[1.787s] Level 1:colcon.colcon_core.environment:checking '/home/ritesh/eyrc23_hb_1796/hb_task_2_ws/install/hb_bot/bin'
[1.787s] Level 1:colcon.colcon_core.environment:checking '/home/ritesh/eyrc23_hb_1796/hb_task_2_ws/install/hb_bot/lib/pkgconfig/hb_bot.pc'
[1.787s] Level 1:colcon.colcon_core.environment:checking '/home/ritesh/eyrc23_hb_1796/hb_task_2_ws/install/hb_bot/lib/python3.10/site-packages'
[1.788s] Level 1:colcon.colcon_core.environment:checking '/home/ritesh/eyrc23_hb_1796/hb_task_2_ws/install/hb_bot/bin'
[1.789s] INFO:colcon.colcon_core.shell:Creating package script '/home/ritesh/eyrc23_hb_1796/hb_task_2_ws/install/hb_bot/share/hb_bot/package.ps1'
[1.790s] INFO:colcon.colcon_core.shell:Creating package descriptor '/home/ritesh/eyrc23_hb_1796/hb_task_2_ws/install/hb_bot/share/hb_bot/package.dsv'
[1.791s] INFO:colcon.colcon_core.shell:Creating package script '/home/ritesh/eyrc23_hb_1796/hb_task_2_ws/install/hb_bot/share/hb_bot/package.sh'
[1.791s] INFO:colcon.colcon_core.shell:Creating package script '/home/ritesh/eyrc23_hb_1796/hb_task_2_ws/install/hb_bot/share/hb_bot/package.bash'
[1.792s] INFO:colcon.colcon_core.shell:Creating package script '/home/ritesh/eyrc23_hb_1796/hb_task_2_ws/install/hb_bot/share/hb_bot/package.zsh'
[1.792s] Level 1:colcon.colcon_core.environment:create_file_with_runtime_dependencies(/home/ritesh/eyrc23_hb_1796/hb_task_2_ws/install/hb_bot/share/colcon-core/packages/hb_bot)
[1.817s] Level 1:colcon.colcon_core.environment:create_environment_scripts_only(hb_bot)
[1.819s] Level 1:colcon.colcon_core.environment:checking '/home/ritesh/eyrc23_hb_1796/hb_task_2_ws/install/hb_bot' for CMake module files
[1.820s] Level 1:colcon.colcon_core.environment:checking '/home/ritesh/eyrc23_hb_1796/hb_task_2_ws/install/hb_bot' for CMake config files
[1.820s] Level 1:colcon.colcon_core.shell:create_environment_hook('hb_bot', 'cmake_prefix_path')
[1.822s] INFO:colcon.colcon_core.shell:Creating environment hook '/home/ritesh/eyrc23_hb_1796/hb_task_2_ws/install/hb_bot/share/hb_bot/hook/cmake_prefix_path.ps1'
[1.822s] INFO:colcon.colcon_core.shell:Creating environment descriptor '/home/ritesh/eyrc23_hb_1796/hb_task_2_ws/install/hb_bot/share/hb_bot/hook/cmake_prefix_path.dsv'
[1.823s] INFO:colcon.colcon_core.shell:Creating environment hook '/home/ritesh/eyrc23_hb_1796/hb_task_2_ws/install/hb_bot/share/hb_bot/hook/cmake_prefix_path.sh'
[1.823s] Level 1:colcon.colcon_core.environment:checking '/home/ritesh/eyrc23_hb_1796/hb_task_2_ws/install/hb_bot/bin'
[1.823s] Level 1:colcon.colcon_core.environment:checking '/home/ritesh/eyrc23_hb_1796/hb_task_2_ws/install/hb_bot/lib/pkgconfig/hb_bot.pc'
[1.823s] Level 1:colcon.colcon_core.environment:checking '/home/ritesh/eyrc23_hb_1796/hb_task_2_ws/install/hb_bot/lib/python3.10/site-packages'
[1.824s] Level 1:colcon.colcon_core.environment:checking '/home/ritesh/eyrc23_hb_1796/hb_task_2_ws/install/hb_bot/bin'
[1.825s] INFO:colcon.colcon_core.shell:Creating package script '/home/ritesh/eyrc23_hb_1796/hb_task_2_ws/install/hb_bot/share/hb_bot/package.ps1'
[1.826s] INFO:colcon.colcon_core.shell:Creating package descriptor '/home/ritesh/eyrc23_hb_1796/hb_task_2_ws/install/hb_bot/share/hb_bot/package.dsv'
[1.826s] INFO:colcon.colcon_core.shell:Creating package script '/home/ritesh/eyrc23_hb_1796/hb_task_2_ws/install/hb_bot/share/hb_bot/package.sh'
[1.827s] INFO:colcon.colcon_core.shell:Creating package script '/home/ritesh/eyrc23_hb_1796/hb_task_2_ws/install/hb_bot/share/hb_bot/package.bash'
[1.827s] INFO:colcon.colcon_core.shell:Creating package script '/home/ritesh/eyrc23_hb_1796/hb_task_2_ws/install/hb_bot/share/hb_bot/package.zsh'
[1.828s] Level 1:colcon.colcon_core.environment:create_file_with_runtime_dependencies(/home/ritesh/eyrc23_hb_1796/hb_task_2_ws/install/hb_bot/share/colcon-core/packages/hb_bot)
[2.014s] DEBUG:colcon.colcon_core.event_handler.log_command:Invoked command in '/home/ritesh/eyrc23_hb_1796/hb_task_2_ws/build/hb_world' returned '0': CMAKE_PREFIX_PATH=${CMAKE_PREFIX_PATH}:/home/ritesh/eyrc23_hb_1796/hb_task1b_ws/install/hb_task_1b:/home/ritesh/eyrc23_hb_1796/hb_task1a_ws/install/hb_task_1a:/opt/ros/humble /usr/bin/cmake /home/ritesh/eyrc23_hb_1796/hb_task_2_ws/src/eYRC-2023_Hologlyph_Bots/hb_world -DCMAKE_INSTALL_PREFIX=/home/ritesh/eyrc23_hb_1796/hb_task_2_ws/install/hb_world
[2.015s] DEBUG:colcon.colcon_core.event_handler.log_command:Invoking command in '/home/ritesh/eyrc23_hb_1796/hb_task_2_ws/build/hb_world': CMAKE_PREFIX_PATH=${CMAKE_PREFIX_PATH}:/home/ritesh/eyrc23_hb_1796/hb_task1b_ws/install/hb_task_1b:/home/ritesh/eyrc23_hb_1796/hb_task1a_ws/install/hb_task_1a:/opt/ros/humble /usr/bin/cmake --build /home/ritesh/eyrc23_hb_1796/hb_task_2_ws/build/hb_world -- -j12 -l12
[2.030s] DEBUG:colcon.colcon_core.event_handler.log_command:Invoked command in '/home/ritesh/eyrc23_hb_1796/hb_task_2_ws/build/my_robot_interfaces' returned '0': CMAKE_PREFIX_PATH=${CMAKE_PREFIX_PATH}:/home/ritesh/eyrc23_hb_1796/hb_task1b_ws/install/hb_task_1b:/home/ritesh/eyrc23_hb_1796/hb_task1a_ws/install/hb_task_1a:/opt/ros/humble /usr/bin/cmake /home/ritesh/eyrc23_hb_1796/hb_task_2_ws/src/eYRC-2023_Hologlyph_Bots/my_robot_interfaces -DCMAKE_INSTALL_PREFIX=/home/ritesh/eyrc23_hb_1796/hb_task_2_ws/install/my_robot_interfaces
[2.031s] DEBUG:colcon.colcon_core.event_handler.log_command:Invoking command in '/home/ritesh/eyrc23_hb_1796/hb_task_2_ws/build/my_robot_interfaces': CMAKE_PREFIX_PATH=${CMAKE_PREFIX_PATH}:/home/ritesh/eyrc23_hb_1796/hb_task1b_ws/install/hb_task_1b:/home/ritesh/eyrc23_hb_1796/hb_task1a_ws/install/hb_task_1a:/opt/ros/humble /usr/bin/cmake --build /home/ritesh/eyrc23_hb_1796/hb_task_2_ws/build/my_robot_interfaces -- -j12 -l12
[2.045s] DEBUG:colcon.colcon_core.event_handler.log_command:Invoked command in '/home/ritesh/eyrc23_hb_1796/hb_task_2_ws/build/hb_world' returned '0': CMAKE_PREFIX_PATH=${CMAKE_PREFIX_PATH}:/home/ritesh/eyrc23_hb_1796/hb_task1b_ws/install/hb_task_1b:/home/ritesh/eyrc23_hb_1796/hb_task1a_ws/install/hb_task_1a:/opt/ros/humble /usr/bin/cmake --build /home/ritesh/eyrc23_hb_1796/hb_task_2_ws/build/hb_world -- -j12 -l12
[2.059s] DEBUG:colcon.colcon_core.event_handler.log_command:Invoking command in '/home/ritesh/eyrc23_hb_1796/hb_task_2_ws/build/hb_world': CMAKE_PREFIX_PATH=${CMAKE_PREFIX_PATH}:/home/ritesh/eyrc23_hb_1796/hb_task1b_ws/install/hb_task_1b:/home/ritesh/eyrc23_hb_1796/hb_task1a_ws/install/hb_task_1a:/opt/ros/humble /usr/bin/cmake --install /home/ritesh/eyrc23_hb_1796/hb_task_2_ws/build/hb_world
[2.069s] Level 1:colcon.colcon_core.environment:create_environment_scripts_only(hb_world)
[2.070s] DEBUG:colcon.colcon_core.event_handler.log_command:Invoked command in '/home/ritesh/eyrc23_hb_1796/hb_task_2_ws/build/hb_world' returned '0': CMAKE_PREFIX_PATH=${CMAKE_PREFIX_PATH}:/home/ritesh/eyrc23_hb_1796/hb_task1b_ws/install/hb_task_1b:/home/ritesh/eyrc23_hb_1796/hb_task1a_ws/install/hb_task_1a:/opt/ros/humble /usr/bin/cmake --install /home/ritesh/eyrc23_hb_1796/hb_task_2_ws/build/hb_world
[2.072s] Level 1:colcon.colcon_core.environment:checking '/home/ritesh/eyrc23_hb_1796/hb_task_2_ws/install/hb_world' for CMake module files
[2.073s] Level 1:colcon.colcon_core.environment:checking '/home/ritesh/eyrc23_hb_1796/hb_task_2_ws/install/hb_world' for CMake config files
[2.073s] Level 1:colcon.colcon_core.shell:create_environment_hook('hb_world', 'cmake_prefix_path')
[2.075s] INFO:colcon.colcon_core.shell:Creating environment hook '/home/ritesh/eyrc23_hb_1796/hb_task_2_ws/install/hb_world/share/hb_world/hook/cmake_prefix_path.ps1'
[2.075s] INFO:colcon.colcon_core.shell:Creating environment descriptor '/home/ritesh/eyrc23_hb_1796/hb_task_2_ws/install/hb_world/share/hb_world/hook/cmake_prefix_path.dsv'
[2.076s] INFO:colcon.colcon_core.shell:Creating environment hook '/home/ritesh/eyrc23_hb_1796/hb_task_2_ws/install/hb_world/share/hb_world/hook/cmake_prefix_path.sh'
[2.076s] Level 1:colcon.colcon_core.environment:checking '/home/ritesh/eyrc23_hb_1796/hb_task_2_ws/install/hb_world/bin'
[2.076s] Level 1:colcon.colcon_core.environment:checking '/home/ritesh/eyrc23_hb_1796/hb_task_2_ws/install/hb_world/lib/pkgconfig/hb_world.pc'
[2.077s] Level 1:colcon.colcon_core.environment:checking '/home/ritesh/eyrc23_hb_1796/hb_task_2_ws/install/hb_world/lib/python3.10/site-packages'
[2.077s] Level 1:colcon.colcon_core.environment:checking '/home/ritesh/eyrc23_hb_1796/hb_task_2_ws/install/hb_world/bin'
[2.079s] INFO:colcon.colcon_core.shell:Creating package script '/home/ritesh/eyrc23_hb_1796/hb_task_2_ws/install/hb_world/share/hb_world/package.ps1'
[2.079s] INFO:colcon.colcon_core.shell:Creating package descriptor '/home/ritesh/eyrc23_hb_1796/hb_task_2_ws/install/hb_world/share/hb_world/package.dsv'
[2.080s] INFO:colcon.colcon_core.shell:Creating package script '/home/ritesh/eyrc23_hb_1796/hb_task_2_ws/install/hb_world/share/hb_world/package.sh'
[2.081s] INFO:colcon.colcon_core.shell:Creating package script '/home/ritesh/eyrc23_hb_1796/hb_task_2_ws/install/hb_world/share/hb_world/package.bash'
[2.081s] INFO:colcon.colcon_core.shell:Creating package script '/home/ritesh/eyrc23_hb_1796/hb_task_2_ws/install/hb_world/share/hb_world/package.zsh'
[2.081s] Level 1:colcon.colcon_core.environment:create_file_with_runtime_dependencies(/home/ritesh/eyrc23_hb_1796/hb_task_2_ws/install/hb_world/share/colcon-core/packages/hb_world)
[2.106s] Level 1:colcon.colcon_core.environment:create_environment_scripts_only(hb_world)
[2.108s] Level 1:colcon.colcon_core.environment:checking '/home/ritesh/eyrc23_hb_1796/hb_task_2_ws/install/hb_world' for CMake module files
[2.109s] Level 1:colcon.colcon_core.environment:checking '/home/ritesh/eyrc23_hb_1796/hb_task_2_ws/install/hb_world' for CMake config files
[2.109s] Level 1:colcon.colcon_core.shell:create_environment_hook('hb_world', 'cmake_prefix_path')
[2.111s] INFO:colcon.colcon_core.shell:Creating environment hook '/home/ritesh/eyrc23_hb_1796/hb_task_2_ws/install/hb_world/share/hb_world/hook/cmake_prefix_path.ps1'
[2.112s] INFO:colcon.colcon_core.shell:Creating environment descriptor '/home/ritesh/eyrc23_hb_1796/hb_task_2_ws/install/hb_world/share/hb_world/hook/cmake_prefix_path.dsv'
[2.112s] INFO:colcon.colcon_core.shell:Creating environment hook '/home/ritesh/eyrc23_hb_1796/hb_task_2_ws/install/hb_world/share/hb_world/hook/cmake_prefix_path.sh'
[2.113s] Level 1:colcon.colcon_core.environment:checking '/home/ritesh/eyrc23_hb_1796/hb_task_2_ws/install/hb_world/bin'
[2.113s] Level 1:colcon.colcon_core.environment:checking '/home/ritesh/eyrc23_hb_1796/hb_task_2_ws/install/hb_world/lib/pkgconfig/hb_world.pc'
[2.113s] Level 1:colcon.colcon_core.environment:checking '/home/ritesh/eyrc23_hb_1796/hb_task_2_ws/install/hb_world/lib/python3.10/site-packages'
[2.113s] Level 1:colcon.colcon_core.environment:checking '/home/ritesh/eyrc23_hb_1796/hb_task_2_ws/install/hb_world/bin'
[2.115s] INFO:colcon.colcon_core.shell:Creating package script '/home/ritesh/eyrc23_hb_1796/hb_task_2_ws/install/hb_world/share/hb_world/package.ps1'
[2.116s] INFO:colcon.colcon_core.shell:Creating package descriptor '/home/ritesh/eyrc23_hb_1796/hb_task_2_ws/install/hb_world/share/hb_world/package.dsv'
[2.116s] INFO:colcon.colcon_core.shell:Creating package script '/home/ritesh/eyrc23_hb_1796/hb_task_2_ws/install/hb_world/share/hb_world/package.sh'
[2.117s] INFO:colcon.colcon_core.shell:Creating package script '/home/ritesh/eyrc23_hb_1796/hb_task_2_ws/install/hb_world/share/hb_world/package.bash'
[2.117s] INFO:colcon.colcon_core.shell:Creating package script '/home/ritesh/eyrc23_hb_1796/hb_task_2_ws/install/hb_world/share/hb_world/package.zsh'
[2.117s] Level 1:colcon.colcon_core.environment:create_file_with_runtime_dependencies(/home/ritesh/eyrc23_hb_1796/hb_task_2_ws/install/hb_world/share/colcon-core/packages/hb_world)
[4.368s] DEBUG:colcon.colcon_core.event_handler.log_command:Invoked command in '/home/ritesh/eyrc23_hb_1796/hb_task_2_ws/build/my_robot_interfaces' returned '0': CMAKE_PREFIX_PATH=${CMAKE_PREFIX_PATH}:/home/ritesh/eyrc23_hb_1796/hb_task1b_ws/install/hb_task_1b:/home/ritesh/eyrc23_hb_1796/hb_task1a_ws/install/hb_task_1a:/opt/ros/humble /usr/bin/cmake --build /home/ritesh/eyrc23_hb_1796/hb_task_2_ws/build/my_robot_interfaces -- -j12 -l12
[4.424s] DEBUG:colcon.colcon_core.event_handler.log_command:Invoking command in '/home/ritesh/eyrc23_hb_1796/hb_task_2_ws/build/my_robot_interfaces': CMAKE_PREFIX_PATH=${CMAKE_PREFIX_PATH}:/home/ritesh/eyrc23_hb_1796/hb_task1b_ws/install/hb_task_1b:/home/ritesh/eyrc23_hb_1796/hb_task1a_ws/install/hb_task_1a:/opt/ros/humble /usr/bin/cmake --install /home/ritesh/eyrc23_hb_1796/hb_task_2_ws/build/my_robot_interfaces
[4.466s] Level 1:colcon.colcon_core.environment:create_environment_scripts_only(my_robot_interfaces)
[4.468s] Level 1:colcon.colcon_core.environment:checking '/home/ritesh/eyrc23_hb_1796/hb_task_2_ws/install/my_robot_interfaces' for CMake module files
[4.468s] DEBUG:colcon.colcon_core.event_handler.log_command:Invoked command in '/home/ritesh/eyrc23_hb_1796/hb_task_2_ws/build/my_robot_interfaces' returned '0': CMAKE_PREFIX_PATH=${CMAKE_PREFIX_PATH}:/home/ritesh/eyrc23_hb_1796/hb_task1b_ws/install/hb_task_1b:/home/ritesh/eyrc23_hb_1796/hb_task1a_ws/install/hb_task_1a:/opt/ros/humble /usr/bin/cmake --install /home/ritesh/eyrc23_hb_1796/hb_task_2_ws/build/my_robot_interfaces
[4.468s] Level 1:colcon.colcon_core.environment:checking '/home/ritesh/eyrc23_hb_1796/hb_task_2_ws/install/my_robot_interfaces' for CMake config files
[4.469s] Level 1:colcon.colcon_core.shell:create_environment_hook('my_robot_interfaces', 'cmake_prefix_path')
[4.470s] INFO:colcon.colcon_core.shell:Creating environment hook '/home/ritesh/eyrc23_hb_1796/hb_task_2_ws/install/my_robot_interfaces/share/my_robot_interfaces/hook/cmake_prefix_path.ps1'
[4.470s] INFO:colcon.colcon_core.shell:Creating environment descriptor '/home/ritesh/eyrc23_hb_1796/hb_task_2_ws/install/my_robot_interfaces/share/my_robot_interfaces/hook/cmake_prefix_path.dsv'
[4.470s] INFO:colcon.colcon_core.shell:Creating environment hook '/home/ritesh/eyrc23_hb_1796/hb_task_2_ws/install/my_robot_interfaces/share/my_robot_interfaces/hook/cmake_prefix_path.sh'
[4.470s] Level 1:colcon.colcon_core.environment:checking '/home/ritesh/eyrc23_hb_1796/hb_task_2_ws/install/my_robot_interfaces/lib'
[4.470s] Level 1:colcon.colcon_core.shell:create_environment_hook('my_robot_interfaces', 'ld_library_path_lib')
[4.471s] INFO:colcon.colcon_core.shell:Creating environment hook '/home/ritesh/eyrc23_hb_1796/hb_task_2_ws/install/my_robot_interfaces/share/my_robot_interfaces/hook/ld_library_path_lib.ps1'
[4.471s] INFO:colcon.colcon_core.shell:Creating environment descriptor '/home/ritesh/eyrc23_hb_1796/hb_task_2_ws/install/my_robot_interfaces/share/my_robot_interfaces/hook/ld_library_path_lib.dsv'
[4.471s] INFO:colcon.colcon_core.shell:Creating environment hook '/home/ritesh/eyrc23_hb_1796/hb_task_2_ws/install/my_robot_interfaces/share/my_robot_interfaces/hook/ld_library_path_lib.sh'
[4.472s] Level 1:colcon.colcon_core.environment:checking '/home/ritesh/eyrc23_hb_1796/hb_task_2_ws/install/my_robot_interfaces/bin'
[4.472s] Level 1:colcon.colcon_core.environment:checking '/home/ritesh/eyrc23_hb_1796/hb_task_2_ws/install/my_robot_interfaces/lib/pkgconfig/my_robot_interfaces.pc'
[4.472s] Level 1:colcon.colcon_core.environment:checking '/home/ritesh/eyrc23_hb_1796/hb_task_2_ws/install/my_robot_interfaces/lib/python3.10/site-packages'
[4.472s] Level 1:colcon.colcon_core.environment:checking '/home/ritesh/eyrc23_hb_1796/hb_task_2_ws/install/my_robot_interfaces/bin'
[4.473s] INFO:colcon.colcon_core.shell:Creating package script '/home/ritesh/eyrc23_hb_1796/hb_task_2_ws/install/my_robot_interfaces/share/my_robot_interfaces/package.ps1'
[4.473s] INFO:colcon.colcon_core.shell:Creating package descriptor '/home/ritesh/eyrc23_hb_1796/hb_task_2_ws/install/my_robot_interfaces/share/my_robot_interfaces/package.dsv'
[4.473s] INFO:colcon.colcon_core.shell:Creating package script '/home/ritesh/eyrc23_hb_1796/hb_task_2_ws/install/my_robot_interfaces/share/my_robot_interfaces/package.sh'
[4.473s] INFO:colcon.colcon_core.shell:Creating package script '/home/ritesh/eyrc23_hb_1796/hb_task_2_ws/install/my_robot_interfaces/share/my_robot_interfaces/package.bash'
[4.473s] INFO:colcon.colcon_core.shell:Creating package script '/home/ritesh/eyrc23_hb_1796/hb_task_2_ws/install/my_robot_interfaces/share/my_robot_interfaces/package.zsh'
[4.473s] Level 1:colcon.colcon_core.environment:create_file_with_runtime_dependencies(/home/ritesh/eyrc23_hb_1796/hb_task_2_ws/install/my_robot_interfaces/share/colcon-core/packages/my_robot_interfaces)
[4.531s] Level 1:colcon.colcon_core.environment:create_environment_scripts_only(my_robot_interfaces)
[4.532s] Level 1:colcon.colcon_core.environment:checking '/home/ritesh/eyrc23_hb_1796/hb_task_2_ws/install/my_robot_interfaces' for CMake module files
[4.532s] Level 1:colcon.colcon_core.environment:checking '/home/ritesh/eyrc23_hb_1796/hb_task_2_ws/install/my_robot_interfaces' for CMake config files
[4.532s] Level 1:colcon.colcon_core.shell:create_environment_hook('my_robot_interfaces', 'cmake_prefix_path')
[4.533s] INFO:colcon.colcon_core.shell:Creating environment hook '/home/ritesh/eyrc23_hb_1796/hb_task_2_ws/install/my_robot_interfaces/share/my_robot_interfaces/hook/cmake_prefix_path.ps1'
[4.533s] INFO:colcon.colcon_core.shell:Creating environment descriptor '/home/ritesh/eyrc23_hb_1796/hb_task_2_ws/install/my_robot_interfaces/share/my_robot_interfaces/hook/cmake_prefix_path.dsv'
[4.533s] INFO:colcon.colcon_core.shell:Creating environment hook '/home/ritesh/eyrc23_hb_1796/hb_task_2_ws/install/my_robot_interfaces/share/my_robot_interfaces/hook/cmake_prefix_path.sh'
[4.534s] Level 1:colcon.colcon_core.environment:checking '/home/ritesh/eyrc23_hb_1796/hb_task_2_ws/install/my_robot_interfaces/lib'
[4.534s] Level 1:colcon.colcon_core.shell:create_environment_hook('my_robot_interfaces', 'ld_library_path_lib')
[4.535s] INFO:colcon.colcon_core.shell:Creating environment hook '/home/ritesh/eyrc23_hb_1796/hb_task_2_ws/install/my_robot_interfaces/share/my_robot_interfaces/hook/ld_library_path_lib.ps1'
[4.535s] INFO:colcon.colcon_core.shell:Creating environment descriptor '/home/ritesh/eyrc23_hb_1796/hb_task_2_ws/install/my_robot_interfaces/share/my_robot_interfaces/hook/ld_library_path_lib.dsv'
[4.535s] INFO:colcon.colcon_core.shell:Creating environment hook '/home/ritesh/eyrc23_hb_1796/hb_task_2_ws/install/my_robot_interfaces/share/my_robot_interfaces/hook/ld_library_path_lib.sh'
[4.535s] Level 1:colcon.colcon_core.environment:checking '/home/ritesh/eyrc23_hb_1796/hb_task_2_ws/install/my_robot_interfaces/bin'
[4.535s] Level 1:colcon.colcon_core.environment:checking '/home/ritesh/eyrc23_hb_1796/hb_task_2_ws/install/my_robot_interfaces/lib/pkgconfig/my_robot_interfaces.pc'
[4.535s] Level 1:colcon.colcon_core.environment:checking '/home/ritesh/eyrc23_hb_1796/hb_task_2_ws/install/my_robot_interfaces/lib/python3.10/site-packages'
[4.535s] Level 1:colcon.colcon_core.environment:checking '/home/ritesh/eyrc23_hb_1796/hb_task_2_ws/install/my_robot_interfaces/bin'
[4.536s] INFO:colcon.colcon_core.shell:Creating package script '/home/ritesh/eyrc23_hb_1796/hb_task_2_ws/install/my_robot_interfaces/share/my_robot_interfaces/package.ps1'
[4.536s] INFO:colcon.colcon_core.shell:Creating package descriptor '/home/ritesh/eyrc23_hb_1796/hb_task_2_ws/install/my_robot_interfaces/share/my_robot_interfaces/package.dsv'
[4.537s] INFO:colcon.colcon_core.shell:Creating package script '/home/ritesh/eyrc23_hb_1796/hb_task_2_ws/install/my_robot_interfaces/share/my_robot_interfaces/package.sh'
[4.537s] INFO:colcon.colcon_core.shell:Creating package script '/home/ritesh/eyrc23_hb_1796/hb_task_2_ws/install/my_robot_interfaces/share/my_robot_interfaces/package.bash'
[4.537s] INFO:colcon.colcon_core.shell:Creating package script '/home/ritesh/eyrc23_hb_1796/hb_task_2_ws/install/my_robot_interfaces/share/my_robot_interfaces/package.zsh'
[4.537s] Level 1:colcon.colcon_core.environment:create_file_with_runtime_dependencies(/home/ritesh/eyrc23_hb_1796/hb_task_2_ws/install/my_robot_interfaces/share/colcon-core/packages/my_robot_interfaces)
[4.537s] DEBUG:colcon.colcon_parallel_executor.executor.parallel:closing loop
[4.537s] DEBUG:colcon.colcon_parallel_executor.executor.parallel:loop closed
[4.538s] DEBUG:colcon.colcon_parallel_executor.executor.parallel:run_until_complete finished with '0'
[4.538s] DEBUG:colcon.colcon_core.event_reactor:joining thread
[4.541s] INFO:colcon.colcon_core.plugin_system:Skipping extension 'colcon_notification.desktop_notification.terminal_notifier': Not used on non-Darwin systems
[4.541s] INFO:colcon.colcon_core.plugin_system:Skipping extension 'colcon_notification.desktop_notification.win32': Not used on non-Windows systems
[4.541s] INFO:colcon.colcon_notification.desktop_notification:Sending desktop notification using 'notify2'
[4.550s] DEBUG:colcon.colcon_core.event_reactor:joined thread
[4.551s] INFO:colcon.colcon_core.shell:Creating prefix script '/home/ritesh/eyrc23_hb_1796/hb_task_2_ws/install/local_setup.ps1'
[4.552s] INFO:colcon.colcon_core.shell:Creating prefix util module '/home/ritesh/eyrc23_hb_1796/hb_task_2_ws/install/_local_setup_util_ps1.py'
[4.554s] INFO:colcon.colcon_core.shell:Creating prefix chain script '/home/ritesh/eyrc23_hb_1796/hb_task_2_ws/install/setup.ps1'
[4.555s] INFO:colcon.colcon_core.shell:Creating prefix script '/home/ritesh/eyrc23_hb_1796/hb_task_2_ws/install/local_setup.sh'
[4.556s] INFO:colcon.colcon_core.shell:Creating prefix util module '/home/ritesh/eyrc23_hb_1796/hb_task_2_ws/install/_local_setup_util_sh.py'
[4.556s] INFO:colcon.colcon_core.shell:Creating prefix chain script '/home/ritesh/eyrc23_hb_1796/hb_task_2_ws/install/setup.sh'
[4.557s] INFO:colcon.colcon_core.shell:Creating prefix script '/home/ritesh/eyrc23_hb_1796/hb_task_2_ws/install/local_setup.bash'
[4.557s] INFO:colcon.colcon_core.shell:Creating prefix chain script '/home/ritesh/eyrc23_hb_1796/hb_task_2_ws/install/setup.bash'
[4.558s] INFO:colcon.colcon_core.shell:Creating prefix script '/home/ritesh/eyrc23_hb_1796/hb_task_2_ws/install/local_setup.zsh'
[4.558s] INFO:colcon.colcon_core.shell:Creating prefix chain script '/home/ritesh/eyrc23_hb_1796/hb_task_2_ws/install/setup.zsh'
