running develop
running egg_info
creating feedback_6.egg-info
writing feedback_6.egg-info/PKG-INFO
writing dependency_links to feedback_6.egg-info/dependency_links.txt
writing entry points to feedback_6.egg-info/entry_points.txt
writing requirements to feedback_6.egg-info/requires.txt
writing top-level names to feedback_6.egg-info/top_level.txt
writing manifest file 'feedback_6.egg-info/SOURCES.txt'
reading manifest file 'feedback_6.egg-info/SOURCES.txt'
writing manifest file 'feedback_6.egg-info/SOURCES.txt'
running build_ext
Creating /home/subun/eyrc_hb/hb_task_6_ws/install/feedback_6/lib/python3.10/site-packages/feedback-6.egg-link (link to .)

Installed /home/subun/eyrc_hb/hb_task_6_ws/build/feedback_6
running install_data
creating /home/subun/eyrc_hb/hb_task_6_ws/install/feedback_6/share/ament_index
creating /home/subun/eyrc_hb/hb_task_6_ws/install/feedback_6/share/ament_index/resource_index
creating /home/subun/eyrc_hb/hb_task_6_ws/install/feedback_6/share/ament_index/resource_index/packages
copying resource/feedback_6 -> /home/subun/eyrc_hb/hb_task_6_ws/install/feedback_6/share/ament_index/resource_index/packages
copying package.xml -> /home/subun/eyrc_hb/hb_task_6_ws/install/feedback_6/share/feedback_6
