[0.784s] Invoking command in '/home/subun/eyrc_hb/hb_task_6_ws/build/feedback_6': PYTHONPATH=/home/subun/eyrc_hb/hb_task_6_ws/build/feedback_6/prefix_override:/home/subun/eyrc_hb/hb_task_6_ws/install/feedback_6/lib/python3.10/site-packages:${PYTHONPATH} /usr/bin/python3 setup.py develop --editable --build-directory /home/subun/eyrc_hb/hb_task_6_ws/build/feedback_6/build --no-deps install_data
[0.944s] running develop
[1.038s] running egg_info
[1.038s] creating feedback_6.egg-info
[1.038s] writing feedback_6.egg-info/PKG-INFO
[1.039s] writing dependency_links to feedback_6.egg-info/dependency_links.txt
[1.039s] writing entry points to feedback_6.egg-info/entry_points.txt
[1.039s] writing requirements to feedback_6.egg-info/requires.txt
[1.039s] writing top-level names to feedback_6.egg-info/top_level.txt
[1.040s] writing manifest file 'feedback_6.egg-info/SOURCES.txt'
[1.040s] reading manifest file 'feedback_6.egg-info/SOURCES.txt'
[1.040s] writing manifest file 'feedback_6.egg-info/SOURCES.txt'
[1.042s] running build_ext
[1.042s] Creating /home/subun/eyrc_hb/hb_task_6_ws/install/feedback_6/lib/python3.10/site-packages/feedback-6.egg-link (link to .)
[1.042s] 
[1.042s] Installed /home/subun/eyrc_hb/hb_task_6_ws/build/feedback_6
[1.042s] running install_data
[1.042s] creating /home/subun/eyrc_hb/hb_task_6_ws/install/feedback_6/share/ament_index
[1.042s] creating /home/subun/eyrc_hb/hb_task_6_ws/install/feedback_6/share/ament_index/resource_index
[1.042s] creating /home/subun/eyrc_hb/hb_task_6_ws/install/feedback_6/share/ament_index/resource_index/packages
[1.043s] copying resource/feedback_6 -> /home/subun/eyrc_hb/hb_task_6_ws/install/feedback_6/share/ament_index/resource_index/packages
[1.043s] copying package.xml -> /home/subun/eyrc_hb/hb_task_6_ws/install/feedback_6/share/feedback_6
[1.069s] Invoked command in '/home/subun/eyrc_hb/hb_task_6_ws/build/feedback_6' returned '0': PYTHONPATH=/home/subun/eyrc_hb/hb_task_6_ws/build/feedback_6/prefix_override:/home/subun/eyrc_hb/hb_task_6_ws/install/feedback_6/lib/python3.10/site-packages:${PYTHONPATH} /usr/bin/python3 setup.py develop --editable --build-directory /home/subun/eyrc_hb/hb_task_6_ws/build/feedback_6/build --no-deps install_data
