/home/ritesh/eyrc23_hb_1796/hb_task_5_ws/install/feedback5/lib/python3.10/site-packages/feedback5/feedback_node.py
/home/ritesh/eyrc23_hb_1796/hb_task_5_ws/install/feedback5/lib/python3.10/site-packages/feedback5/viz_pose.py
/home/ritesh/eyrc23_hb_1796/hb_task_5_ws/install/feedback5/lib/python3.10/site-packages/feedback5/__init__.py
/home/ritesh/eyrc23_hb_1796/hb_task_5_ws/install/feedback5/lib/python3.10/site-packages/feedback5/image_proc.py
/home/ritesh/eyrc23_hb_1796/hb_task_5_ws/install/feedback5/lib/python3.10/site-packages/feedback5/__pycache__/feedback_node.cpython-310.pyc
/home/ritesh/eyrc23_hb_1796/hb_task_5_ws/install/feedback5/lib/python3.10/site-packages/feedback5/__pycache__/viz_pose.cpython-310.pyc
/home/ritesh/eyrc23_hb_1796/hb_task_5_ws/install/feedback5/lib/python3.10/site-packages/feedback5/__pycache__/__init__.cpython-310.pyc
/home/ritesh/eyrc23_hb_1796/hb_task_5_ws/install/feedback5/lib/python3.10/site-packages/feedback5/__pycache__/image_proc.cpython-310.pyc
/home/ritesh/eyrc23_hb_1796/hb_task_5_ws/install/feedback5/share/ament_index/resource_index/packages/feedback5
/home/ritesh/eyrc23_hb_1796/hb_task_5_ws/install/feedback5/share/feedback5/launch/viz_pose.launch.py
/home/ritesh/eyrc23_hb_1796/hb_task_5_ws/install/feedback5/share/feedback5/package.xml
/home/ritesh/eyrc23_hb_1796/hb_task_5_ws/install/feedback5/lib/python3.10/site-packages/feedback5-0.0.0-py3.10.egg-info/zip-safe
/home/ritesh/eyrc23_hb_1796/hb_task_5_ws/install/feedback5/lib/python3.10/site-packages/feedback5-0.0.0-py3.10.egg-info/PKG-INFO
/home/ritesh/eyrc23_hb_1796/hb_task_5_ws/install/feedback5/lib/python3.10/site-packages/feedback5-0.0.0-py3.10.egg-info/SOURCES.txt
/home/ritesh/eyrc23_hb_1796/hb_task_5_ws/install/feedback5/lib/python3.10/site-packages/feedback5-0.0.0-py3.10.egg-info/entry_points.txt
/home/ritesh/eyrc23_hb_1796/hb_task_5_ws/install/feedback5/lib/python3.10/site-packages/feedback5-0.0.0-py3.10.egg-info/dependency_links.txt
/home/ritesh/eyrc23_hb_1796/hb_task_5_ws/install/feedback5/lib/python3.10/site-packages/feedback5-0.0.0-py3.10.egg-info/top_level.txt
/home/ritesh/eyrc23_hb_1796/hb_task_5_ws/install/feedback5/lib/python3.10/site-packages/feedback5-0.0.0-py3.10.egg-info/requires.txt
/home/ritesh/eyrc23_hb_1796/hb_task_5_ws/install/feedback5/lib/feedback5/feedback_node
/home/ritesh/eyrc23_hb_1796/hb_task_5_ws/install/feedback5/lib/feedback5/image_proc
/home/ritesh/eyrc23_hb_1796/hb_task_5_ws/install/feedback5/lib/feedback5/viz_pose
