running develop
running egg_info
creating feed.egg-info
writing feed.egg-info/PKG-INFO
writing dependency_links to feed.egg-info/dependency_links.txt
writing entry points to feed.egg-info/entry_points.txt
writing requirements to feed.egg-info/requires.txt
writing top-level names to feed.egg-info/top_level.txt
writing manifest file 'feed.egg-info/SOURCES.txt'
reading manifest file 'feed.egg-info/SOURCES.txt'
writing manifest file 'feed.egg-info/SOURCES.txt'
running build_ext
Creating /home/subun/eyrc_hb/hb_task_4_ws/install/feed/lib/python3.10/site-packages/feed.egg-link (link to .)

Installed /home/subun/eyrc_hb/hb_task_4_ws/build/feed
running install_data
creating /home/subun/eyrc_hb/hb_task_4_ws/install/feed/share/ament_index
creating /home/subun/eyrc_hb/hb_task_4_ws/install/feed/share/ament_index/resource_index
creating /home/subun/eyrc_hb/hb_task_4_ws/install/feed/share/ament_index/resource_index/packages
copying resource/feed -> /home/subun/eyrc_hb/hb_task_4_ws/install/feed/share/ament_index/resource_index/packages
copying package.xml -> /home/subun/eyrc_hb/hb_task_4_ws/install/feed/share/feed
