[0.490s] Invoking command in '/home/subun/eyrc_hb/hb_task_4_ws/build/feed': PYTHONPATH=/home/subun/eyrc_hb/hb_task_4_ws/build/feed/prefix_override:/home/subun/eyrc_hb/hb_task_4_ws/install/feed/lib/python3.10/site-packages:${PYTHONPATH} /usr/bin/python3 setup.py develop --editable --build-directory /home/subun/eyrc_hb/hb_task_4_ws/build/feed/build --no-deps install_data
[0.641s] running develop
[0.723s] running egg_info
[0.723s] creating feed.egg-info
[0.723s] writing feed.egg-info/PKG-INFO
[0.723s] writing dependency_links to feed.egg-info/dependency_links.txt
[0.723s] writing entry points to feed.egg-info/entry_points.txt
[0.723s] writing requirements to feed.egg-info/requires.txt
[0.723s] writing top-level names to feed.egg-info/top_level.txt
[0.723s] writing manifest file 'feed.egg-info/SOURCES.txt'
[0.724s] reading manifest file 'feed.egg-info/SOURCES.txt'
[0.725s] writing manifest file 'feed.egg-info/SOURCES.txt'
[0.726s] running build_ext
[0.726s] Creating /home/subun/eyrc_hb/hb_task_4_ws/install/feed/lib/python3.10/site-packages/feed.egg-link (link to .)
[0.726s] 
[0.726s] Installed /home/subun/eyrc_hb/hb_task_4_ws/build/feed
[0.726s] running install_data
[0.726s] creating /home/subun/eyrc_hb/hb_task_4_ws/install/feed/share/ament_index
[0.726s] creating /home/subun/eyrc_hb/hb_task_4_ws/install/feed/share/ament_index/resource_index
[0.726s] creating /home/subun/eyrc_hb/hb_task_4_ws/install/feed/share/ament_index/resource_index/packages
[0.726s] copying resource/feed -> /home/subun/eyrc_hb/hb_task_4_ws/install/feed/share/ament_index/resource_index/packages
[0.726s] copying package.xml -> /home/subun/eyrc_hb/hb_task_4_ws/install/feed/share/feed
[0.747s] Invoked command in '/home/subun/eyrc_hb/hb_task_4_ws/build/feed' returned '0': PYTHONPATH=/home/subun/eyrc_hb/hb_task_4_ws/build/feed/prefix_override:/home/subun/eyrc_hb/hb_task_4_ws/install/feed/lib/python3.10/site-packages:${PYTHONPATH} /usr/bin/python3 setup.py develop --editable --build-directory /home/subun/eyrc_hb/hb_task_4_ws/build/feed/build --no-deps install_data
