[0.383s] Invoking command in '/home/ritesh/eyrc23_hb_1796/hb_task_2_ws/build/my_robot_interfaces': CMAKE_PREFIX_PATH=${CMAKE_PREFIX_PATH}:/home/ritesh/eyrc23_hb_1796/hb_task1b_ws/install/hb_task_1b:/home/ritesh/eyrc23_hb_1796/hb_task1a_ws/install/hb_task_1a:/opt/ros/humble /usr/bin/cmake /home/ritesh/eyrc23_hb_1796/hb_task_2_ws/src/eYRC-2023_Hologlyph_Bots/my_robot_interfaces -DCMAKE_INSTALL_PREFIX=/home/ritesh/eyrc23_hb_1796/hb_task_2_ws/install/my_robot_interfaces
[0.444s] -- The C compiler identification is GNU 11.4.0
[0.509s] -- The CXX compiler identification is GNU 11.4.0
[0.517s] -- Detecting C compiler ABI info
[0.586s] -- Detecting C compiler ABI info - done
[0.597s] -- Check for working C compiler: /usr/bin/cc - skipped
[0.597s] -- Detecting C compile features
[0.597s] -- Detecting C compile features - done
[0.601s] -- Detecting CXX compiler ABI info
[0.684s] -- Detecting CXX compiler ABI info - done
[0.696s] -- Check for working CXX compiler: /usr/bin/c++ - skipped
[0.696s] -- Detecting CXX compile features
[0.697s] -- Detecting CXX compile features - done
[0.700s] -- Found ament_cmake: 1.3.5 (/opt/ros/humble/share/ament_cmake/cmake)
[0.881s] -- Found Python3: /usr/bin/python3.10 (found version "3.10.12") found components: Interpreter 
[0.973s] -- Found rosidl_default_generators: 1.2.0 (/opt/ros/humble/share/rosidl_default_generators/cmake)
[0.976s] -- Using all available rosidl_typesupport_c: rosidl_typesupport_fastrtps_c;rosidl_typesupport_introspection_c
[0.983s] -- Found rosidl_adapter: 3.1.5 (/opt/ros/humble/share/rosidl_adapter/cmake)
[1.027s] -- Using all available rosidl_typesupport_cpp: rosidl_typesupport_fastrtps_cpp;rosidl_typesupport_introspection_cpp
[1.291s] -- Found ament_cmake_ros: 0.10.0 (/opt/ros/humble/share/ament_cmake_ros/cmake)
[1.453s] -- Using all available rosidl_typesupport_c: rosidl_typesupport_fastrtps_c;rosidl_typesupport_introspection_c
[1.656s] -- Using all available rosidl_typesupport_cpp: rosidl_typesupport_fastrtps_cpp;rosidl_typesupport_introspection_cpp
[1.673s] -- Found PythonInterp: /usr/bin/python3 (found suitable version "3.10.12", minimum required is "3.6") 
[1.674s] -- Found python_cmake_module: 0.10.0 (/opt/ros/humble/share/python_cmake_module/cmake)
[1.693s] -- Found PythonLibs: /usr/lib/x86_64-linux-gnu/libpython3.10.so (found suitable version "3.10.12", minimum required is "3.5") 
[1.693s] -- Using PYTHON_EXECUTABLE: /usr/bin/python3
[1.693s] -- Using PYTHON_INCLUDE_DIRS: /usr/include/python3.10
[1.693s] -- Using PYTHON_LIBRARIES: /usr/lib/x86_64-linux-gnu/libpython3.10.so
[1.709s] -- Found PythonExtra: .so  
[1.737s] -- Configuring done
[1.757s] -- Generating done
[1.759s] -- Build files have been written to: /home/ritesh/eyrc23_hb_1796/hb_task_2_ws/build/my_robot_interfaces
[1.763s] Invoked command in '/home/ritesh/eyrc23_hb_1796/hb_task_2_ws/build/my_robot_interfaces' returned '0': CMAKE_PREFIX_PATH=${CMAKE_PREFIX_PATH}:/home/ritesh/eyrc23_hb_1796/hb_task1b_ws/install/hb_task_1b:/home/ritesh/eyrc23_hb_1796/hb_task1a_ws/install/hb_task_1a:/opt/ros/humble /usr/bin/cmake /home/ritesh/eyrc23_hb_1796/hb_task_2_ws/src/eYRC-2023_Hologlyph_Bots/my_robot_interfaces -DCMAKE_INSTALL_PREFIX=/home/ritesh/eyrc23_hb_1796/hb_task_2_ws/install/my_robot_interfaces
[1.764s] Invoking command in '/home/ritesh/eyrc23_hb_1796/hb_task_2_ws/build/my_robot_interfaces': CMAKE_PREFIX_PATH=${CMAKE_PREFIX_PATH}:/home/ritesh/eyrc23_hb_1796/hb_task1b_ws/install/hb_task_1b:/home/ritesh/eyrc23_hb_1796/hb_task1a_ws/install/hb_task_1a:/opt/ros/humble /usr/bin/cmake --build /home/ritesh/eyrc23_hb_1796/hb_task_2_ws/build/my_robot_interfaces -- -j12 -l12
[1.795s] [  2%] [34m[1mGenerating C code for ROS interfaces[0m
[1.801s] [  4%] [34m[1mGenerating C++ code for ROS interfaces[0m
[1.813s] [  4%] Built target ament_cmake_python_copy_my_robot_interfaces
[2.012s] running egg_info
[2.013s] creating my_robot_interfaces.egg-info
[2.013s] writing my_robot_interfaces.egg-info/PKG-INFO
[2.013s] writing dependency_links to my_robot_interfaces.egg-info/dependency_links.txt
[2.013s] writing top-level names to my_robot_interfaces.egg-info/top_level.txt
[2.013s] writing manifest file 'my_robot_interfaces.egg-info/SOURCES.txt'
[2.015s] reading manifest file 'my_robot_interfaces.egg-info/SOURCES.txt'
[2.015s] writing manifest file 'my_robot_interfaces.egg-info/SOURCES.txt'
[2.036s] [  4%] Built target ament_cmake_python_build_my_robot_interfaces_egg
[2.084s] [  4%] Built target my_robot_interfaces__cpp
[2.091s] [  6%] [34m[1mGenerating C++ type support dispatch for ROS interfaces[0m
[2.094s] [ 10%] [34m[1mGenerating C++ type support for eProsima Fast-RTPS[0m
[2.094s] [ 10%] [34m[1mGenerating C++ introspection for ROS interfaces[0m
[2.203s] [ 12%] [32mBuilding C object CMakeFiles/my_robot_interfaces__rosidl_generator_c.dir/rosidl_generator_c/my_robot_interfaces/srv/detail/next_goal__functions.c.o[0m
[2.205s] [ 14%] [32mBuilding C object CMakeFiles/my_robot_interfaces__rosidl_generator_c.dir/rosidl_generator_c/my_robot_interfaces/msg/detail/goal__functions.c.o[0m
[2.205s] [ 17%] [32mBuilding C object CMakeFiles/my_robot_interfaces__rosidl_generator_c.dir/rosidl_generator_c/my_robot_interfaces/msg/detail/shape__functions.c.o[0m
[2.269s] [ 19%] [32m[1mLinking C shared library libmy_robot_interfaces__rosidl_generator_c.so[0m
[2.302s] [ 19%] Built target my_robot_interfaces__rosidl_generator_c
[2.311s] [ 21%] [34m[1mGenerating C type support for eProsima Fast-RTPS[0m
[2.313s] [ 25%] [34m[1mGenerating C introspection for ROS interfaces[0m
[2.313s] [ 25%] [34m[1mGenerating C type support dispatch for ROS interfaces[0m
[2.357s] [ 27%] [32mBuilding CXX object CMakeFiles/my_robot_interfaces__rosidl_typesupport_cpp.dir/rosidl_typesupport_cpp/my_robot_interfaces/srv/next_goal__type_support.cpp.o[0m
[2.360s] [ 31%] [32mBuilding CXX object CMakeFiles/my_robot_interfaces__rosidl_typesupport_cpp.dir/rosidl_typesupport_cpp/my_robot_interfaces/msg/goal__type_support.cpp.o[0m
[2.360s] [ 31%] [32mBuilding CXX object CMakeFiles/my_robot_interfaces__rosidl_typesupport_cpp.dir/rosidl_typesupport_cpp/my_robot_interfaces/msg/shape__type_support.cpp.o[0m
[2.563s] [ 36%] [32mBuilding CXX object CMakeFiles/my_robot_interfaces__rosidl_typesupport_introspection_cpp.dir/rosidl_typesupport_introspection_cpp/my_robot_interfaces/srv/detail/next_goal__type_support.cpp.o[0m
[2.563s] [ 36%] [32mBuilding CXX object CMakeFiles/my_robot_interfaces__rosidl_typesupport_introspection_cpp.dir/rosidl_typesupport_introspection_cpp/my_robot_interfaces/msg/detail/goal__type_support.cpp.o[0m
[2.563s] [ 38%] [32mBuilding CXX object CMakeFiles/my_robot_interfaces__rosidl_typesupport_introspection_cpp.dir/rosidl_typesupport_introspection_cpp/my_robot_interfaces/msg/detail/shape__type_support.cpp.o[0m
[2.609s] [ 40%] [32mBuilding CXX object CMakeFiles/my_robot_interfaces__rosidl_typesupport_fastrtps_cpp.dir/rosidl_typesupport_fastrtps_cpp/my_robot_interfaces/srv/detail/dds_fastrtps/next_goal__type_support.cpp.o[0m
[2.610s] [ 42%] [32mBuilding CXX object CMakeFiles/my_robot_interfaces__rosidl_typesupport_fastrtps_cpp.dir/rosidl_typesupport_fastrtps_cpp/my_robot_interfaces/msg/detail/dds_fastrtps/shape__type_support.cpp.o[0m
[2.622s] [ 44%] [32mBuilding CXX object CMakeFiles/my_robot_interfaces__rosidl_typesupport_fastrtps_cpp.dir/rosidl_typesupport_fastrtps_cpp/my_robot_interfaces/msg/detail/dds_fastrtps/goal__type_support.cpp.o[0m
[2.805s] [ 46%] [32mBuilding CXX object CMakeFiles/my_robot_interfaces__rosidl_typesupport_c.dir/rosidl_typesupport_c/my_robot_interfaces/msg/goal__type_support.cpp.o[0m
[2.805s] [ 48%] [32mBuilding CXX object CMakeFiles/my_robot_interfaces__rosidl_typesupport_c.dir/rosidl_typesupport_c/my_robot_interfaces/srv/next_goal__type_support.cpp.o[0m
[2.820s] [ 51%] [32mBuilding CXX object CMakeFiles/my_robot_interfaces__rosidl_typesupport_fastrtps_c.dir/rosidl_typesupport_fastrtps_c/my_robot_interfaces/srv/detail/next_goal__type_support_c.cpp.o[0m
[2.831s] [ 53%] [32mBuilding CXX object CMakeFiles/my_robot_interfaces__rosidl_typesupport_fastrtps_c.dir/rosidl_typesupport_fastrtps_c/my_robot_interfaces/msg/detail/goal__type_support_c.cpp.o[0m
[2.833s] [ 55%] [32m[1mLinking CXX shared library libmy_robot_interfaces__rosidl_typesupport_cpp.so[0m
[2.868s] [ 57%] [32mBuilding CXX object CMakeFiles/my_robot_interfaces__rosidl_typesupport_fastrtps_c.dir/rosidl_typesupport_fastrtps_c/my_robot_interfaces/msg/detail/shape__type_support_c.cpp.o[0m
[2.884s] [ 59%] [32mBuilding CXX object CMakeFiles/my_robot_interfaces__rosidl_typesupport_c.dir/rosidl_typesupport_c/my_robot_interfaces/msg/shape__type_support.cpp.o[0m
[2.912s] [ 59%] Built target my_robot_interfaces__rosidl_typesupport_cpp
[2.932s] [ 61%] [32mBuilding C object CMakeFiles/my_robot_interfaces__rosidl_typesupport_introspection_c.dir/rosidl_typesupport_introspection_c/my_robot_interfaces/srv/detail/next_goal__type_support.c.o[0m
[2.934s] [ 63%] [32mBuilding C object CMakeFiles/my_robot_interfaces__rosidl_typesupport_introspection_c.dir/rosidl_typesupport_introspection_c/my_robot_interfaces/msg/detail/goal__type_support.c.o[0m
[2.941s] [ 65%] [32m[1mLinking CXX shared library libmy_robot_interfaces__rosidl_typesupport_c.so[0m
[3.001s] [ 68%] [32mBuilding C object CMakeFiles/my_robot_interfaces__rosidl_typesupport_introspection_c.dir/rosidl_typesupport_introspection_c/my_robot_interfaces/msg/detail/shape__type_support.c.o[0m
[3.031s] [ 68%] Built target my_robot_interfaces__rosidl_typesupport_c
[3.054s] [ 70%] [32m[1mLinking C shared library libmy_robot_interfaces__rosidl_typesupport_introspection_c.so[0m
[3.107s] [ 70%] Built target my_robot_interfaces__rosidl_typesupport_introspection_c
[3.319s] [ 72%] [32m[1mLinking CXX shared library libmy_robot_interfaces__rosidl_typesupport_introspection_cpp.so[0m
[3.393s] [ 72%] Built target my_robot_interfaces__rosidl_typesupport_introspection_cpp
[3.397s] [ 74%] [32m[1mLinking CXX shared library libmy_robot_interfaces__rosidl_typesupport_fastrtps_cpp.so[0m
[3.402s] [ 76%] [32m[1mLinking CXX shared library libmy_robot_interfaces__rosidl_typesupport_fastrtps_c.so[0m
[3.460s] [ 76%] Built target my_robot_interfaces__rosidl_typesupport_fastrtps_cpp
[3.464s] [ 76%] Built target my_robot_interfaces__rosidl_typesupport_fastrtps_c
[3.478s] [ 76%] Built target my_robot_interfaces
[3.491s] [ 78%] [34m[1mGenerating Python code for ROS interfaces[0m
[3.814s] [ 78%] Built target my_robot_interfaces__py
[3.827s] [ 82%] [32mBuilding C object CMakeFiles/my_robot_interfaces__rosidl_generator_py.dir/rosidl_generator_py/my_robot_interfaces/msg/_goal_s.c.o[0m
[3.827s] [ 82%] [32mBuilding C object CMakeFiles/my_robot_interfaces__rosidl_generator_py.dir/rosidl_generator_py/my_robot_interfaces/srv/_next_goal_s.c.o[0m
[3.829s] [ 85%] [32mBuilding C object CMakeFiles/my_robot_interfaces__rosidl_generator_py.dir/rosidl_generator_py/my_robot_interfaces/msg/_shape_s.c.o[0m
[3.921s] [ 87%] [32m[1mLinking C shared library rosidl_generator_py/my_robot_interfaces/libmy_robot_interfaces__rosidl_generator_py.so[0m
[3.948s] [ 87%] Built target my_robot_interfaces__rosidl_generator_py
[3.962s] [ 91%] [32mBuilding C object CMakeFiles/my_robot_interfaces__rosidl_typesupport_introspection_c__pyext.dir/rosidl_generator_py/my_robot_interfaces/_my_robot_interfaces_s.ep.rosidl_typesupport_introspection_c.c.o[0m
[3.962s] [ 91%] [32mBuilding C object CMakeFiles/my_robot_interfaces__rosidl_typesupport_fastrtps_c__pyext.dir/rosidl_generator_py/my_robot_interfaces/_my_robot_interfaces_s.ep.rosidl_typesupport_fastrtps_c.c.o[0m
[3.967s] [ 93%] [32mBuilding C object CMakeFiles/my_robot_interfaces__rosidl_typesupport_c__pyext.dir/rosidl_generator_py/my_robot_interfaces/_my_robot_interfaces_s.ep.rosidl_typesupport_c.c.o[0m
[4.033s] [ 95%] [32m[1mLinking C shared library rosidl_generator_py/my_robot_interfaces/my_robot_interfaces_s__rosidl_typesupport_introspection_c.cpython-310-x86_64-linux-gnu.so[0m
[4.034s] [ 97%] [32m[1mLinking C shared library rosidl_generator_py/my_robot_interfaces/my_robot_interfaces_s__rosidl_typesupport_fastrtps_c.cpython-310-x86_64-linux-gnu.so[0m
[4.058s] [ 97%] Built target my_robot_interfaces__rosidl_typesupport_introspection_c__pyext
[4.059s] [ 97%] Built target my_robot_interfaces__rosidl_typesupport_fastrtps_c__pyext
[4.070s] [100%] [32m[1mLinking C shared library rosidl_generator_py/my_robot_interfaces/my_robot_interfaces_s__rosidl_typesupport_c.cpython-310-x86_64-linux-gnu.so[0m
[4.092s] [100%] Built target my_robot_interfaces__rosidl_typesupport_c__pyext
[4.100s] Invoked command in '/home/ritesh/eyrc23_hb_1796/hb_task_2_ws/build/my_robot_interfaces' returned '0': CMAKE_PREFIX_PATH=${CMAKE_PREFIX_PATH}:/home/ritesh/eyrc23_hb_1796/hb_task1b_ws/install/hb_task_1b:/home/ritesh/eyrc23_hb_1796/hb_task1a_ws/install/hb_task_1a:/opt/ros/humble /usr/bin/cmake --build /home/ritesh/eyrc23_hb_1796/hb_task_2_ws/build/my_robot_interfaces -- -j12 -l12
[4.156s] Invoking command in '/home/ritesh/eyrc23_hb_1796/hb_task_2_ws/build/my_robot_interfaces': CMAKE_PREFIX_PATH=${CMAKE_PREFIX_PATH}:/home/ritesh/eyrc23_hb_1796/hb_task1b_ws/install/hb_task_1b:/home/ritesh/eyrc23_hb_1796/hb_task1a_ws/install/hb_task_1a:/opt/ros/humble /usr/bin/cmake --install /home/ritesh/eyrc23_hb_1796/hb_task_2_ws/build/my_robot_interfaces
[4.161s] -- Install configuration: ""
[4.161s] -- Installing: /home/ritesh/eyrc23_hb_1796/hb_task_2_ws/install/my_robot_interfaces/share/ament_index/resource_index/rosidl_interfaces/my_robot_interfaces
[4.161s] -- Installing: /home/ritesh/eyrc23_hb_1796/hb_task_2_ws/install/my_robot_interfaces/include/my_robot_interfaces/my_robot_interfaces
[4.162s] -- Installing: /home/ritesh/eyrc23_hb_1796/hb_task_2_ws/install/my_robot_interfaces/include/my_robot_interfaces/my_robot_interfaces/srv
[4.162s] -- Installing: /home/ritesh/eyrc23_hb_1796/hb_task_2_ws/install/my_robot_interfaces/include/my_robot_interfaces/my_robot_interfaces/srv/next_goal.h
[4.162s] -- Installing: /home/ritesh/eyrc23_hb_1796/hb_task_2_ws/install/my_robot_interfaces/include/my_robot_interfaces/my_robot_interfaces/srv/detail
[4.162s] -- Installing: /home/ritesh/eyrc23_hb_1796/hb_task_2_ws/install/my_robot_interfaces/include/my_robot_interfaces/my_robot_interfaces/srv/detail/next_goal__functions.h
[4.162s] -- Installing: /home/ritesh/eyrc23_hb_1796/hb_task_2_ws/install/my_robot_interfaces/include/my_robot_interfaces/my_robot_interfaces/srv/detail/next_goal__type_support.h
[4.162s] -- Installing: /home/ritesh/eyrc23_hb_1796/hb_task_2_ws/install/my_robot_interfaces/include/my_robot_interfaces/my_robot_interfaces/srv/detail/next_goal__struct.h
[4.162s] -- Installing: /home/ritesh/eyrc23_hb_1796/hb_task_2_ws/install/my_robot_interfaces/include/my_robot_interfaces/my_robot_interfaces/srv/detail/next_goal__functions.c
[4.162s] -- Installing: /home/ritesh/eyrc23_hb_1796/hb_task_2_ws/install/my_robot_interfaces/include/my_robot_interfaces/my_robot_interfaces/msg
[4.162s] -- Installing: /home/ritesh/eyrc23_hb_1796/hb_task_2_ws/install/my_robot_interfaces/include/my_robot_interfaces/my_robot_interfaces/msg/shape.h
[4.162s] -- Installing: /home/ritesh/eyrc23_hb_1796/hb_task_2_ws/install/my_robot_interfaces/include/my_robot_interfaces/my_robot_interfaces/msg/goal.h
[4.163s] -- Installing: /home/ritesh/eyrc23_hb_1796/hb_task_2_ws/install/my_robot_interfaces/include/my_robot_interfaces/my_robot_interfaces/msg/rosidl_generator_c__visibility_control.h
[4.163s] -- Installing: /home/ritesh/eyrc23_hb_1796/hb_task_2_ws/install/my_robot_interfaces/include/my_robot_interfaces/my_robot_interfaces/msg/detail
[4.163s] -- Installing: /home/ritesh/eyrc23_hb_1796/hb_task_2_ws/install/my_robot_interfaces/include/my_robot_interfaces/my_robot_interfaces/msg/detail/shape__functions.h
[4.163s] -- Installing: /home/ritesh/eyrc23_hb_1796/hb_task_2_ws/install/my_robot_interfaces/include/my_robot_interfaces/my_robot_interfaces/msg/detail/goal__functions.c
[4.163s] -- Installing: /home/ritesh/eyrc23_hb_1796/hb_task_2_ws/install/my_robot_interfaces/include/my_robot_interfaces/my_robot_interfaces/msg/detail/shape__functions.c
[4.163s] -- Installing: /home/ritesh/eyrc23_hb_1796/hb_task_2_ws/install/my_robot_interfaces/include/my_robot_interfaces/my_robot_interfaces/msg/detail/goal__type_support.h
[4.163s] -- Installing: /home/ritesh/eyrc23_hb_1796/hb_task_2_ws/install/my_robot_interfaces/include/my_robot_interfaces/my_robot_interfaces/msg/detail/shape__struct.h
[4.163s] -- Installing: /home/ritesh/eyrc23_hb_1796/hb_task_2_ws/install/my_robot_interfaces/include/my_robot_interfaces/my_robot_interfaces/msg/detail/goal__struct.h
[4.163s] -- Installing: /home/ritesh/eyrc23_hb_1796/hb_task_2_ws/install/my_robot_interfaces/include/my_robot_interfaces/my_robot_interfaces/msg/detail/goal__functions.h
[4.163s] -- Installing: /home/ritesh/eyrc23_hb_1796/hb_task_2_ws/install/my_robot_interfaces/include/my_robot_interfaces/my_robot_interfaces/msg/detail/shape__type_support.h
[4.163s] -- Installing: /home/ritesh/eyrc23_hb_1796/hb_task_2_ws/install/my_robot_interfaces/share/my_robot_interfaces/environment/library_path.sh
[4.163s] -- Installing: /home/ritesh/eyrc23_hb_1796/hb_task_2_ws/install/my_robot_interfaces/share/my_robot_interfaces/environment/library_path.dsv
[4.163s] -- Installing: /home/ritesh/eyrc23_hb_1796/hb_task_2_ws/install/my_robot_interfaces/lib/libmy_robot_interfaces__rosidl_generator_c.so
[4.163s] -- Set runtime path of "/home/ritesh/eyrc23_hb_1796/hb_task_2_ws/install/my_robot_interfaces/lib/libmy_robot_interfaces__rosidl_generator_c.so" to ""
[4.163s] -- Up-to-date: /home/ritesh/eyrc23_hb_1796/hb_task_2_ws/install/my_robot_interfaces/include/my_robot_interfaces/my_robot_interfaces
[4.164s] -- Up-to-date: /home/ritesh/eyrc23_hb_1796/hb_task_2_ws/install/my_robot_interfaces/include/my_robot_interfaces/my_robot_interfaces/srv
[4.164s] -- Up-to-date: /home/ritesh/eyrc23_hb_1796/hb_task_2_ws/install/my_robot_interfaces/include/my_robot_interfaces/my_robot_interfaces/srv/detail
[4.164s] -- Installing: /home/ritesh/eyrc23_hb_1796/hb_task_2_ws/install/my_robot_interfaces/include/my_robot_interfaces/my_robot_interfaces/srv/detail/next_goal__rosidl_typesupport_fastrtps_c.h
[4.164s] -- Up-to-date: /home/ritesh/eyrc23_hb_1796/hb_task_2_ws/install/my_robot_interfaces/include/my_robot_interfaces/my_robot_interfaces/msg
[4.164s] -- Installing: /home/ritesh/eyrc23_hb_1796/hb_task_2_ws/install/my_robot_interfaces/include/my_robot_interfaces/my_robot_interfaces/msg/rosidl_typesupport_fastrtps_c__visibility_control.h
[4.164s] -- Up-to-date: /home/ritesh/eyrc23_hb_1796/hb_task_2_ws/install/my_robot_interfaces/include/my_robot_interfaces/my_robot_interfaces/msg/detail
[4.164s] -- Installing: /home/ritesh/eyrc23_hb_1796/hb_task_2_ws/install/my_robot_interfaces/include/my_robot_interfaces/my_robot_interfaces/msg/detail/goal__rosidl_typesupport_fastrtps_c.h
[4.164s] -- Installing: /home/ritesh/eyrc23_hb_1796/hb_task_2_ws/install/my_robot_interfaces/include/my_robot_interfaces/my_robot_interfaces/msg/detail/shape__rosidl_typesupport_fastrtps_c.h
[4.164s] -- Installing: /home/ritesh/eyrc23_hb_1796/hb_task_2_ws/install/my_robot_interfaces/lib/libmy_robot_interfaces__rosidl_typesupport_fastrtps_c.so
[4.164s] -- Set runtime path of "/home/ritesh/eyrc23_hb_1796/hb_task_2_ws/install/my_robot_interfaces/lib/libmy_robot_interfaces__rosidl_typesupport_fastrtps_c.so" to ""
[4.164s] -- Up-to-date: /home/ritesh/eyrc23_hb_1796/hb_task_2_ws/install/my_robot_interfaces/include/my_robot_interfaces/my_robot_interfaces
[4.164s] -- Up-to-date: /home/ritesh/eyrc23_hb_1796/hb_task_2_ws/install/my_robot_interfaces/include/my_robot_interfaces/my_robot_interfaces/srv
[4.164s] -- Up-to-date: /home/ritesh/eyrc23_hb_1796/hb_task_2_ws/install/my_robot_interfaces/include/my_robot_interfaces/my_robot_interfaces/srv/detail
[4.164s] -- Installing: /home/ritesh/eyrc23_hb_1796/hb_task_2_ws/install/my_robot_interfaces/include/my_robot_interfaces/my_robot_interfaces/srv/detail/next_goal__type_support.c
[4.164s] -- Installing: /home/ritesh/eyrc23_hb_1796/hb_task_2_ws/install/my_robot_interfaces/include/my_robot_interfaces/my_robot_interfaces/srv/detail/next_goal__rosidl_typesupport_introspection_c.h
[4.164s] -- Up-to-date: /home/ritesh/eyrc23_hb_1796/hb_task_2_ws/install/my_robot_interfaces/include/my_robot_interfaces/my_robot_interfaces/msg
[4.164s] -- Installing: /home/ritesh/eyrc23_hb_1796/hb_task_2_ws/install/my_robot_interfaces/include/my_robot_interfaces/my_robot_interfaces/msg/rosidl_typesupport_introspection_c__visibility_control.h
[4.164s] -- Up-to-date: /home/ritesh/eyrc23_hb_1796/hb_task_2_ws/install/my_robot_interfaces/include/my_robot_interfaces/my_robot_interfaces/msg/detail
[4.165s] -- Installing: /home/ritesh/eyrc23_hb_1796/hb_task_2_ws/install/my_robot_interfaces/include/my_robot_interfaces/my_robot_interfaces/msg/detail/shape__rosidl_typesupport_introspection_c.h
[4.165s] -- Installing: /home/ritesh/eyrc23_hb_1796/hb_task_2_ws/install/my_robot_interfaces/include/my_robot_interfaces/my_robot_interfaces/msg/detail/goal__type_support.c
[4.165s] -- Installing: /home/ritesh/eyrc23_hb_1796/hb_task_2_ws/install/my_robot_interfaces/include/my_robot_interfaces/my_robot_interfaces/msg/detail/shape__type_support.c
[4.165s] -- Installing: /home/ritesh/eyrc23_hb_1796/hb_task_2_ws/install/my_robot_interfaces/include/my_robot_interfaces/my_robot_interfaces/msg/detail/goal__rosidl_typesupport_introspection_c.h
[4.165s] -- Installing: /home/ritesh/eyrc23_hb_1796/hb_task_2_ws/install/my_robot_interfaces/lib/libmy_robot_interfaces__rosidl_typesupport_introspection_c.so
[4.165s] -- Set runtime path of "/home/ritesh/eyrc23_hb_1796/hb_task_2_ws/install/my_robot_interfaces/lib/libmy_robot_interfaces__rosidl_typesupport_introspection_c.so" to ""
[4.165s] -- Installing: /home/ritesh/eyrc23_hb_1796/hb_task_2_ws/install/my_robot_interfaces/lib/libmy_robot_interfaces__rosidl_typesupport_c.so
[4.165s] -- Set runtime path of "/home/ritesh/eyrc23_hb_1796/hb_task_2_ws/install/my_robot_interfaces/lib/libmy_robot_interfaces__rosidl_typesupport_c.so" to ""
[4.165s] -- Up-to-date: /home/ritesh/eyrc23_hb_1796/hb_task_2_ws/install/my_robot_interfaces/include/my_robot_interfaces/my_robot_interfaces
[4.165s] -- Up-to-date: /home/ritesh/eyrc23_hb_1796/hb_task_2_ws/install/my_robot_interfaces/include/my_robot_interfaces/my_robot_interfaces/srv
[4.165s] -- Installing: /home/ritesh/eyrc23_hb_1796/hb_task_2_ws/install/my_robot_interfaces/include/my_robot_interfaces/my_robot_interfaces/srv/next_goal.hpp
[4.165s] -- Up-to-date: /home/ritesh/eyrc23_hb_1796/hb_task_2_ws/install/my_robot_interfaces/include/my_robot_interfaces/my_robot_interfaces/srv/detail
[4.165s] -- Installing: /home/ritesh/eyrc23_hb_1796/hb_task_2_ws/install/my_robot_interfaces/include/my_robot_interfaces/my_robot_interfaces/srv/detail/next_goal__traits.hpp
[4.165s] -- Installing: /home/ritesh/eyrc23_hb_1796/hb_task_2_ws/install/my_robot_interfaces/include/my_robot_interfaces/my_robot_interfaces/srv/detail/next_goal__struct.hpp
[4.165s] -- Installing: /home/ritesh/eyrc23_hb_1796/hb_task_2_ws/install/my_robot_interfaces/include/my_robot_interfaces/my_robot_interfaces/srv/detail/next_goal__builder.hpp
[4.165s] -- Up-to-date: /home/ritesh/eyrc23_hb_1796/hb_task_2_ws/install/my_robot_interfaces/include/my_robot_interfaces/my_robot_interfaces/msg
[4.165s] -- Installing: /home/ritesh/eyrc23_hb_1796/hb_task_2_ws/install/my_robot_interfaces/include/my_robot_interfaces/my_robot_interfaces/msg/goal.hpp
[4.165s] -- Installing: /home/ritesh/eyrc23_hb_1796/hb_task_2_ws/install/my_robot_interfaces/include/my_robot_interfaces/my_robot_interfaces/msg/shape.hpp
[4.165s] -- Up-to-date: /home/ritesh/eyrc23_hb_1796/hb_task_2_ws/install/my_robot_interfaces/include/my_robot_interfaces/my_robot_interfaces/msg/detail
[4.165s] -- Installing: /home/ritesh/eyrc23_hb_1796/hb_task_2_ws/install/my_robot_interfaces/include/my_robot_interfaces/my_robot_interfaces/msg/detail/shape__builder.hpp
[4.165s] -- Installing: /home/ritesh/eyrc23_hb_1796/hb_task_2_ws/install/my_robot_interfaces/include/my_robot_interfaces/my_robot_interfaces/msg/detail/shape__struct.hpp
[4.165s] -- Installing: /home/ritesh/eyrc23_hb_1796/hb_task_2_ws/install/my_robot_interfaces/include/my_robot_interfaces/my_robot_interfaces/msg/detail/shape__traits.hpp
[4.165s] -- Installing: /home/ritesh/eyrc23_hb_1796/hb_task_2_ws/install/my_robot_interfaces/include/my_robot_interfaces/my_robot_interfaces/msg/detail/goal__traits.hpp
[4.165s] -- Installing: /home/ritesh/eyrc23_hb_1796/hb_task_2_ws/install/my_robot_interfaces/include/my_robot_interfaces/my_robot_interfaces/msg/detail/goal__builder.hpp
[4.165s] -- Installing: /home/ritesh/eyrc23_hb_1796/hb_task_2_ws/install/my_robot_interfaces/include/my_robot_interfaces/my_robot_interfaces/msg/detail/goal__struct.hpp
[4.165s] -- Up-to-date: /home/ritesh/eyrc23_hb_1796/hb_task_2_ws/install/my_robot_interfaces/include/my_robot_interfaces/my_robot_interfaces
[4.166s] -- Up-to-date: /home/ritesh/eyrc23_hb_1796/hb_task_2_ws/install/my_robot_interfaces/include/my_robot_interfaces/my_robot_interfaces/srv
[4.166s] -- Up-to-date: /home/ritesh/eyrc23_hb_1796/hb_task_2_ws/install/my_robot_interfaces/include/my_robot_interfaces/my_robot_interfaces/srv/detail
[4.166s] -- Installing: /home/ritesh/eyrc23_hb_1796/hb_task_2_ws/install/my_robot_interfaces/include/my_robot_interfaces/my_robot_interfaces/srv/detail/dds_fastrtps
[4.166s] -- Installing: /home/ritesh/eyrc23_hb_1796/hb_task_2_ws/install/my_robot_interfaces/include/my_robot_interfaces/my_robot_interfaces/srv/detail/next_goal__rosidl_typesupport_fastrtps_cpp.hpp
[4.166s] -- Up-to-date: /home/ritesh/eyrc23_hb_1796/hb_task_2_ws/install/my_robot_interfaces/include/my_robot_interfaces/my_robot_interfaces/msg
[4.166s] -- Installing: /home/ritesh/eyrc23_hb_1796/hb_task_2_ws/install/my_robot_interfaces/include/my_robot_interfaces/my_robot_interfaces/msg/rosidl_typesupport_fastrtps_cpp__visibility_control.h
[4.166s] -- Up-to-date: /home/ritesh/eyrc23_hb_1796/hb_task_2_ws/install/my_robot_interfaces/include/my_robot_interfaces/my_robot_interfaces/msg/detail
[4.166s] -- Installing: /home/ritesh/eyrc23_hb_1796/hb_task_2_ws/install/my_robot_interfaces/include/my_robot_interfaces/my_robot_interfaces/msg/detail/dds_fastrtps
[4.166s] -- Installing: /home/ritesh/eyrc23_hb_1796/hb_task_2_ws/install/my_robot_interfaces/include/my_robot_interfaces/my_robot_interfaces/msg/detail/shape__rosidl_typesupport_fastrtps_cpp.hpp
[4.166s] -- Installing: /home/ritesh/eyrc23_hb_1796/hb_task_2_ws/install/my_robot_interfaces/include/my_robot_interfaces/my_robot_interfaces/msg/detail/goal__rosidl_typesupport_fastrtps_cpp.hpp
[4.166s] -- Installing: /home/ritesh/eyrc23_hb_1796/hb_task_2_ws/install/my_robot_interfaces/lib/libmy_robot_interfaces__rosidl_typesupport_fastrtps_cpp.so
[4.166s] -- Set runtime path of "/home/ritesh/eyrc23_hb_1796/hb_task_2_ws/install/my_robot_interfaces/lib/libmy_robot_interfaces__rosidl_typesupport_fastrtps_cpp.so" to ""
[4.166s] -- Up-to-date: /home/ritesh/eyrc23_hb_1796/hb_task_2_ws/install/my_robot_interfaces/include/my_robot_interfaces/my_robot_interfaces
[4.166s] -- Up-to-date: /home/ritesh/eyrc23_hb_1796/hb_task_2_ws/install/my_robot_interfaces/include/my_robot_interfaces/my_robot_interfaces/srv
[4.166s] -- Up-to-date: /home/ritesh/eyrc23_hb_1796/hb_task_2_ws/install/my_robot_interfaces/include/my_robot_interfaces/my_robot_interfaces/srv/detail
[4.166s] -- Installing: /home/ritesh/eyrc23_hb_1796/hb_task_2_ws/install/my_robot_interfaces/include/my_robot_interfaces/my_robot_interfaces/srv/detail/next_goal__rosidl_typesupport_introspection_cpp.hpp
[4.166s] -- Installing: /home/ritesh/eyrc23_hb_1796/hb_task_2_ws/install/my_robot_interfaces/include/my_robot_interfaces/my_robot_interfaces/srv/detail/next_goal__type_support.cpp
[4.166s] -- Up-to-date: /home/ritesh/eyrc23_hb_1796/hb_task_2_ws/install/my_robot_interfaces/include/my_robot_interfaces/my_robot_interfaces/msg
[4.166s] -- Up-to-date: /home/ritesh/eyrc23_hb_1796/hb_task_2_ws/install/my_robot_interfaces/include/my_robot_interfaces/my_robot_interfaces/msg/detail
[4.166s] -- Installing: /home/ritesh/eyrc23_hb_1796/hb_task_2_ws/install/my_robot_interfaces/include/my_robot_interfaces/my_robot_interfaces/msg/detail/goal__type_support.cpp
[4.166s] -- Installing: /home/ritesh/eyrc23_hb_1796/hb_task_2_ws/install/my_robot_interfaces/include/my_robot_interfaces/my_robot_interfaces/msg/detail/goal__rosidl_typesupport_introspection_cpp.hpp
[4.166s] -- Installing: /home/ritesh/eyrc23_hb_1796/hb_task_2_ws/install/my_robot_interfaces/include/my_robot_interfaces/my_robot_interfaces/msg/detail/shape__type_support.cpp
[4.166s] -- Installing: /home/ritesh/eyrc23_hb_1796/hb_task_2_ws/install/my_robot_interfaces/include/my_robot_interfaces/my_robot_interfaces/msg/detail/shape__rosidl_typesupport_introspection_cpp.hpp
[4.166s] -- Installing: /home/ritesh/eyrc23_hb_1796/hb_task_2_ws/install/my_robot_interfaces/lib/libmy_robot_interfaces__rosidl_typesupport_introspection_cpp.so
[4.167s] -- Set runtime path of "/home/ritesh/eyrc23_hb_1796/hb_task_2_ws/install/my_robot_interfaces/lib/libmy_robot_interfaces__rosidl_typesupport_introspection_cpp.so" to ""
[4.167s] -- Installing: /home/ritesh/eyrc23_hb_1796/hb_task_2_ws/install/my_robot_interfaces/lib/libmy_robot_interfaces__rosidl_typesupport_cpp.so
[4.167s] -- Set runtime path of "/home/ritesh/eyrc23_hb_1796/hb_task_2_ws/install/my_robot_interfaces/lib/libmy_robot_interfaces__rosidl_typesupport_cpp.so" to ""
[4.167s] -- Installing: /home/ritesh/eyrc23_hb_1796/hb_task_2_ws/install/my_robot_interfaces/share/my_robot_interfaces/environment/pythonpath.sh
[4.167s] -- Installing: /home/ritesh/eyrc23_hb_1796/hb_task_2_ws/install/my_robot_interfaces/share/my_robot_interfaces/environment/pythonpath.dsv
[4.167s] -- Installing: /home/ritesh/eyrc23_hb_1796/hb_task_2_ws/install/my_robot_interfaces/local/lib/python3.10/dist-packages/my_robot_interfaces-0.0.0-py3.10.egg-info
[4.167s] -- Installing: /home/ritesh/eyrc23_hb_1796/hb_task_2_ws/install/my_robot_interfaces/local/lib/python3.10/dist-packages/my_robot_interfaces-0.0.0-py3.10.egg-info/PKG-INFO
[4.167s] -- Installing: /home/ritesh/eyrc23_hb_1796/hb_task_2_ws/install/my_robot_interfaces/local/lib/python3.10/dist-packages/my_robot_interfaces-0.0.0-py3.10.egg-info/SOURCES.txt
[4.167s] -- Installing: /home/ritesh/eyrc23_hb_1796/hb_task_2_ws/install/my_robot_interfaces/local/lib/python3.10/dist-packages/my_robot_interfaces-0.0.0-py3.10.egg-info/dependency_links.txt
[4.167s] -- Installing: /home/ritesh/eyrc23_hb_1796/hb_task_2_ws/install/my_robot_interfaces/local/lib/python3.10/dist-packages/my_robot_interfaces-0.0.0-py3.10.egg-info/top_level.txt
[4.167s] -- Installing: /home/ritesh/eyrc23_hb_1796/hb_task_2_ws/install/my_robot_interfaces/local/lib/python3.10/dist-packages/my_robot_interfaces
[4.167s] -- Installing: /home/ritesh/eyrc23_hb_1796/hb_task_2_ws/install/my_robot_interfaces/local/lib/python3.10/dist-packages/my_robot_interfaces/libmy_robot_interfaces__rosidl_generator_py.so
[4.167s] -- Installing: /home/ritesh/eyrc23_hb_1796/hb_task_2_ws/install/my_robot_interfaces/local/lib/python3.10/dist-packages/my_robot_interfaces/my_robot_interfaces_s__rosidl_typesupport_fastrtps_c.cpython-310-x86_64-linux-gnu.so
[4.167s] -- Installing: /home/ritesh/eyrc23_hb_1796/hb_task_2_ws/install/my_robot_interfaces/local/lib/python3.10/dist-packages/my_robot_interfaces/srv
[4.167s] -- Installing: /home/ritesh/eyrc23_hb_1796/hb_task_2_ws/install/my_robot_interfaces/local/lib/python3.10/dist-packages/my_robot_interfaces/srv/_next_goal_s.c
[4.167s] -- Installing: /home/ritesh/eyrc23_hb_1796/hb_task_2_ws/install/my_robot_interfaces/local/lib/python3.10/dist-packages/my_robot_interfaces/srv/_next_goal.py
[4.167s] -- Installing: /home/ritesh/eyrc23_hb_1796/hb_task_2_ws/install/my_robot_interfaces/local/lib/python3.10/dist-packages/my_robot_interfaces/srv/__init__.py
[4.167s] -- Installing: /home/ritesh/eyrc23_hb_1796/hb_task_2_ws/install/my_robot_interfaces/local/lib/python3.10/dist-packages/my_robot_interfaces/_my_robot_interfaces_s.ep.rosidl_typesupport_introspection_c.c
[4.167s] -- Installing: /home/ritesh/eyrc23_hb_1796/hb_task_2_ws/install/my_robot_interfaces/local/lib/python3.10/dist-packages/my_robot_interfaces/msg
[4.167s] -- Installing: /home/ritesh/eyrc23_hb_1796/hb_task_2_ws/install/my_robot_interfaces/local/lib/python3.10/dist-packages/my_robot_interfaces/msg/_shape_s.c
[4.167s] -- Installing: /home/ritesh/eyrc23_hb_1796/hb_task_2_ws/install/my_robot_interfaces/local/lib/python3.10/dist-packages/my_robot_interfaces/msg/_goal_s.c
[4.167s] -- Installing: /home/ritesh/eyrc23_hb_1796/hb_task_2_ws/install/my_robot_interfaces/local/lib/python3.10/dist-packages/my_robot_interfaces/msg/_shape.py
[4.168s] -- Installing: /home/ritesh/eyrc23_hb_1796/hb_task_2_ws/install/my_robot_interfaces/local/lib/python3.10/dist-packages/my_robot_interfaces/msg/_goal.py
[4.168s] -- Installing: /home/ritesh/eyrc23_hb_1796/hb_task_2_ws/install/my_robot_interfaces/local/lib/python3.10/dist-packages/my_robot_interfaces/msg/__init__.py
[4.168s] -- Installing: /home/ritesh/eyrc23_hb_1796/hb_task_2_ws/install/my_robot_interfaces/local/lib/python3.10/dist-packages/my_robot_interfaces/_my_robot_interfaces_s.ep.rosidl_typesupport_fastrtps_c.c
[4.168s] -- Installing: /home/ritesh/eyrc23_hb_1796/hb_task_2_ws/install/my_robot_interfaces/local/lib/python3.10/dist-packages/my_robot_interfaces/_my_robot_interfaces_s.ep.rosidl_typesupport_c.c
[4.168s] -- Installing: /home/ritesh/eyrc23_hb_1796/hb_task_2_ws/install/my_robot_interfaces/local/lib/python3.10/dist-packages/my_robot_interfaces/my_robot_interfaces_s__rosidl_typesupport_introspection_c.cpython-310-x86_64-linux-gnu.so
[4.168s] -- Installing: /home/ritesh/eyrc23_hb_1796/hb_task_2_ws/install/my_robot_interfaces/local/lib/python3.10/dist-packages/my_robot_interfaces/my_robot_interfaces_s__rosidl_typesupport_c.cpython-310-x86_64-linux-gnu.so
[4.168s] -- Installing: /home/ritesh/eyrc23_hb_1796/hb_task_2_ws/install/my_robot_interfaces/local/lib/python3.10/dist-packages/my_robot_interfaces/__init__.py
[4.191s] Listing '/home/ritesh/eyrc23_hb_1796/hb_task_2_ws/install/my_robot_interfaces/local/lib/python3.10/dist-packages/my_robot_interfaces'...
[4.191s] Compiling '/home/ritesh/eyrc23_hb_1796/hb_task_2_ws/install/my_robot_interfaces/local/lib/python3.10/dist-packages/my_robot_interfaces/__init__.py'...
[4.191s] Listing '/home/ritesh/eyrc23_hb_1796/hb_task_2_ws/install/my_robot_interfaces/local/lib/python3.10/dist-packages/my_robot_interfaces/msg'...
[4.191s] Compiling '/home/ritesh/eyrc23_hb_1796/hb_task_2_ws/install/my_robot_interfaces/local/lib/python3.10/dist-packages/my_robot_interfaces/msg/__init__.py'...
[4.191s] Compiling '/home/ritesh/eyrc23_hb_1796/hb_task_2_ws/install/my_robot_interfaces/local/lib/python3.10/dist-packages/my_robot_interfaces/msg/_goal.py'...
[4.192s] Compiling '/home/ritesh/eyrc23_hb_1796/hb_task_2_ws/install/my_robot_interfaces/local/lib/python3.10/dist-packages/my_robot_interfaces/msg/_shape.py'...
[4.192s] Listing '/home/ritesh/eyrc23_hb_1796/hb_task_2_ws/install/my_robot_interfaces/local/lib/python3.10/dist-packages/my_robot_interfaces/srv'...
[4.192s] Compiling '/home/ritesh/eyrc23_hb_1796/hb_task_2_ws/install/my_robot_interfaces/local/lib/python3.10/dist-packages/my_robot_interfaces/srv/__init__.py'...
[4.192s] Compiling '/home/ritesh/eyrc23_hb_1796/hb_task_2_ws/install/my_robot_interfaces/local/lib/python3.10/dist-packages/my_robot_interfaces/srv/_next_goal.py'...
[4.194s] -- Installing: /home/ritesh/eyrc23_hb_1796/hb_task_2_ws/install/my_robot_interfaces/local/lib/python3.10/dist-packages/my_robot_interfaces/my_robot_interfaces_s__rosidl_typesupport_fastrtps_c.cpython-310-x86_64-linux-gnu.so
[4.194s] -- Set runtime path of "/home/ritesh/eyrc23_hb_1796/hb_task_2_ws/install/my_robot_interfaces/local/lib/python3.10/dist-packages/my_robot_interfaces/my_robot_interfaces_s__rosidl_typesupport_fastrtps_c.cpython-310-x86_64-linux-gnu.so" to ""
[4.194s] -- Installing: /home/ritesh/eyrc23_hb_1796/hb_task_2_ws/install/my_robot_interfaces/local/lib/python3.10/dist-packages/my_robot_interfaces/my_robot_interfaces_s__rosidl_typesupport_introspection_c.cpython-310-x86_64-linux-gnu.so
[4.194s] -- Set runtime path of "/home/ritesh/eyrc23_hb_1796/hb_task_2_ws/install/my_robot_interfaces/local/lib/python3.10/dist-packages/my_robot_interfaces/my_robot_interfaces_s__rosidl_typesupport_introspection_c.cpython-310-x86_64-linux-gnu.so" to ""
[4.195s] -- Installing: /home/ritesh/eyrc23_hb_1796/hb_task_2_ws/install/my_robot_interfaces/local/lib/python3.10/dist-packages/my_robot_interfaces/my_robot_interfaces_s__rosidl_typesupport_c.cpython-310-x86_64-linux-gnu.so
[4.195s] -- Set runtime path of "/home/ritesh/eyrc23_hb_1796/hb_task_2_ws/install/my_robot_interfaces/local/lib/python3.10/dist-packages/my_robot_interfaces/my_robot_interfaces_s__rosidl_typesupport_c.cpython-310-x86_64-linux-gnu.so" to ""
[4.195s] -- Installing: /home/ritesh/eyrc23_hb_1796/hb_task_2_ws/install/my_robot_interfaces/lib/libmy_robot_interfaces__rosidl_generator_py.so
[4.195s] -- Set runtime path of "/home/ritesh/eyrc23_hb_1796/hb_task_2_ws/install/my_robot_interfaces/lib/libmy_robot_interfaces__rosidl_generator_py.so" to ""
[4.195s] -- Installing: /home/ritesh/eyrc23_hb_1796/hb_task_2_ws/install/my_robot_interfaces/share/my_robot_interfaces/srv/NextGoal.idl
[4.195s] -- Installing: /home/ritesh/eyrc23_hb_1796/hb_task_2_ws/install/my_robot_interfaces/share/my_robot_interfaces/msg/Goal.idl
[4.195s] -- Installing: /home/ritesh/eyrc23_hb_1796/hb_task_2_ws/install/my_robot_interfaces/share/my_robot_interfaces/msg/Shape.idl
[4.195s] -- Installing: /home/ritesh/eyrc23_hb_1796/hb_task_2_ws/install/my_robot_interfaces/share/my_robot_interfaces/srv/NextGoal.srv
[4.195s] -- Installing: /home/ritesh/eyrc23_hb_1796/hb_task_2_ws/install/my_robot_interfaces/share/my_robot_interfaces/srv/NextGoal_Request.msg
[4.196s] -- Installing: /home/ritesh/eyrc23_hb_1796/hb_task_2_ws/install/my_robot_interfaces/share/my_robot_interfaces/srv/NextGoal_Response.msg
[4.196s] -- Installing: /home/ritesh/eyrc23_hb_1796/hb_task_2_ws/install/my_robot_interfaces/share/my_robot_interfaces/msg/Goal.msg
[4.196s] -- Installing: /home/ritesh/eyrc23_hb_1796/hb_task_2_ws/install/my_robot_interfaces/share/my_robot_interfaces/msg/Shape.msg
[4.196s] -- Installing: /home/ritesh/eyrc23_hb_1796/hb_task_2_ws/install/my_robot_interfaces/share/ament_index/resource_index/package_run_dependencies/my_robot_interfaces
[4.196s] -- Installing: /home/ritesh/eyrc23_hb_1796/hb_task_2_ws/install/my_robot_interfaces/share/ament_index/resource_index/parent_prefix_path/my_robot_interfaces
[4.196s] -- Installing: /home/ritesh/eyrc23_hb_1796/hb_task_2_ws/install/my_robot_interfaces/share/my_robot_interfaces/environment/ament_prefix_path.sh
[4.196s] -- Installing: /home/ritesh/eyrc23_hb_1796/hb_task_2_ws/install/my_robot_interfaces/share/my_robot_interfaces/environment/ament_prefix_path.dsv
[4.196s] -- Installing: /home/ritesh/eyrc23_hb_1796/hb_task_2_ws/install/my_robot_interfaces/share/my_robot_interfaces/environment/path.sh
[4.196s] -- Installing: /home/ritesh/eyrc23_hb_1796/hb_task_2_ws/install/my_robot_interfaces/share/my_robot_interfaces/environment/path.dsv
[4.196s] -- Installing: /home/ritesh/eyrc23_hb_1796/hb_task_2_ws/install/my_robot_interfaces/share/my_robot_interfaces/local_setup.bash
[4.196s] -- Installing: /home/ritesh/eyrc23_hb_1796/hb_task_2_ws/install/my_robot_interfaces/share/my_robot_interfaces/local_setup.sh
[4.196s] -- Installing: /home/ritesh/eyrc23_hb_1796/hb_task_2_ws/install/my_robot_interfaces/share/my_robot_interfaces/local_setup.zsh
[4.197s] -- Installing: /home/ritesh/eyrc23_hb_1796/hb_task_2_ws/install/my_robot_interfaces/share/my_robot_interfaces/local_setup.dsv
[4.197s] -- Installing: /home/ritesh/eyrc23_hb_1796/hb_task_2_ws/install/my_robot_interfaces/share/my_robot_interfaces/package.dsv
[4.197s] -- Installing: /home/ritesh/eyrc23_hb_1796/hb_task_2_ws/install/my_robot_interfaces/share/ament_index/resource_index/packages/my_robot_interfaces
[4.197s] -- Installing: /home/ritesh/eyrc23_hb_1796/hb_task_2_ws/install/my_robot_interfaces/share/my_robot_interfaces/cmake/export_my_robot_interfaces__rosidl_generator_cExport.cmake
[4.197s] -- Installing: /home/ritesh/eyrc23_hb_1796/hb_task_2_ws/install/my_robot_interfaces/share/my_robot_interfaces/cmake/export_my_robot_interfaces__rosidl_generator_cExport-noconfig.cmake
[4.197s] -- Installing: /home/ritesh/eyrc23_hb_1796/hb_task_2_ws/install/my_robot_interfaces/share/my_robot_interfaces/cmake/export_my_robot_interfaces__rosidl_typesupport_fastrtps_cExport.cmake
[4.197s] -- Installing: /home/ritesh/eyrc23_hb_1796/hb_task_2_ws/install/my_robot_interfaces/share/my_robot_interfaces/cmake/export_my_robot_interfaces__rosidl_typesupport_fastrtps_cExport-noconfig.cmake
[4.197s] -- Installing: /home/ritesh/eyrc23_hb_1796/hb_task_2_ws/install/my_robot_interfaces/share/my_robot_interfaces/cmake/my_robot_interfaces__rosidl_typesupport_introspection_cExport.cmake
[4.197s] -- Installing: /home/ritesh/eyrc23_hb_1796/hb_task_2_ws/install/my_robot_interfaces/share/my_robot_interfaces/cmake/my_robot_interfaces__rosidl_typesupport_introspection_cExport-noconfig.cmake
[4.197s] -- Installing: /home/ritesh/eyrc23_hb_1796/hb_task_2_ws/install/my_robot_interfaces/share/my_robot_interfaces/cmake/my_robot_interfaces__rosidl_typesupport_cExport.cmake
[4.197s] -- Installing: /home/ritesh/eyrc23_hb_1796/hb_task_2_ws/install/my_robot_interfaces/share/my_robot_interfaces/cmake/my_robot_interfaces__rosidl_typesupport_cExport-noconfig.cmake
[4.197s] -- Installing: /home/ritesh/eyrc23_hb_1796/hb_task_2_ws/install/my_robot_interfaces/share/my_robot_interfaces/cmake/export_my_robot_interfaces__rosidl_generator_cppExport.cmake
[4.197s] -- Installing: /home/ritesh/eyrc23_hb_1796/hb_task_2_ws/install/my_robot_interfaces/share/my_robot_interfaces/cmake/export_my_robot_interfaces__rosidl_typesupport_fastrtps_cppExport.cmake
[4.198s] -- Installing: /home/ritesh/eyrc23_hb_1796/hb_task_2_ws/install/my_robot_interfaces/share/my_robot_interfaces/cmake/export_my_robot_interfaces__rosidl_typesupport_fastrtps_cppExport-noconfig.cmake
[4.198s] -- Installing: /home/ritesh/eyrc23_hb_1796/hb_task_2_ws/install/my_robot_interfaces/share/my_robot_interfaces/cmake/my_robot_interfaces__rosidl_typesupport_introspection_cppExport.cmake
[4.198s] -- Installing: /home/ritesh/eyrc23_hb_1796/hb_task_2_ws/install/my_robot_interfaces/share/my_robot_interfaces/cmake/my_robot_interfaces__rosidl_typesupport_introspection_cppExport-noconfig.cmake
[4.198s] -- Installing: /home/ritesh/eyrc23_hb_1796/hb_task_2_ws/install/my_robot_interfaces/share/my_robot_interfaces/cmake/my_robot_interfaces__rosidl_typesupport_cppExport.cmake
[4.198s] -- Installing: /home/ritesh/eyrc23_hb_1796/hb_task_2_ws/install/my_robot_interfaces/share/my_robot_interfaces/cmake/my_robot_interfaces__rosidl_typesupport_cppExport-noconfig.cmake
[4.198s] -- Installing: /home/ritesh/eyrc23_hb_1796/hb_task_2_ws/install/my_robot_interfaces/share/my_robot_interfaces/cmake/export_my_robot_interfaces__rosidl_generator_pyExport.cmake
[4.198s] -- Installing: /home/ritesh/eyrc23_hb_1796/hb_task_2_ws/install/my_robot_interfaces/share/my_robot_interfaces/cmake/export_my_robot_interfaces__rosidl_generator_pyExport-noconfig.cmake
[4.198s] -- Installing: /home/ritesh/eyrc23_hb_1796/hb_task_2_ws/install/my_robot_interfaces/share/my_robot_interfaces/cmake/rosidl_cmake-extras.cmake
[4.198s] -- Installing: /home/ritesh/eyrc23_hb_1796/hb_task_2_ws/install/my_robot_interfaces/share/my_robot_interfaces/cmake/ament_cmake_export_include_directories-extras.cmake
[4.198s] -- Installing: /home/ritesh/eyrc23_hb_1796/hb_task_2_ws/install/my_robot_interfaces/share/my_robot_interfaces/cmake/ament_cmake_export_libraries-extras.cmake
[4.198s] -- Installing: /home/ritesh/eyrc23_hb_1796/hb_task_2_ws/install/my_robot_interfaces/share/my_robot_interfaces/cmake/ament_cmake_export_targets-extras.cmake
[4.198s] -- Installing: /home/ritesh/eyrc23_hb_1796/hb_task_2_ws/install/my_robot_interfaces/share/my_robot_interfaces/cmake/rosidl_cmake_export_typesupport_targets-extras.cmake
[4.199s] -- Installing: /home/ritesh/eyrc23_hb_1796/hb_task_2_ws/install/my_robot_interfaces/share/my_robot_interfaces/cmake/ament_cmake_export_dependencies-extras.cmake
[4.199s] -- Installing: /home/ritesh/eyrc23_hb_1796/hb_task_2_ws/install/my_robot_interfaces/share/my_robot_interfaces/cmake/rosidl_cmake_export_typesupport_libraries-extras.cmake
[4.201s] -- Installing: /home/ritesh/eyrc23_hb_1796/hb_task_2_ws/install/my_robot_interfaces/share/my_robot_interfaces/cmake/my_robot_interfacesConfig.cmake
[4.201s] -- Installing: /home/ritesh/eyrc23_hb_1796/hb_task_2_ws/install/my_robot_interfaces/share/my_robot_interfaces/cmake/my_robot_interfacesConfig-version.cmake
[4.201s] -- Installing: /home/ritesh/eyrc23_hb_1796/hb_task_2_ws/install/my_robot_interfaces/share/my_robot_interfaces/package.xml
[4.201s] Invoked command in '/home/ritesh/eyrc23_hb_1796/hb_task_2_ws/build/my_robot_interfaces' returned '0': CMAKE_PREFIX_PATH=${CMAKE_PREFIX_PATH}:/home/ritesh/eyrc23_hb_1796/hb_task1b_ws/install/hb_task_1b:/home/ritesh/eyrc23_hb_1796/hb_task1a_ws/install/hb_task_1a:/opt/ros/humble /usr/bin/cmake --install /home/ritesh/eyrc23_hb_1796/hb_task_2_ws/build/my_robot_interfaces
