-- The C compiler identification is GNU 11.4.0
-- The CXX compiler identification is GNU 11.4.0
-- Detecting C compiler ABI info
-- Detecting C compiler ABI info - done
-- Check for working C compiler: /usr/bin/cc - skipped
-- Detecting C compile features
-- Detecting C compile features - done
-- Detecting CXX compiler ABI info
-- Detecting CXX compiler ABI info - done
-- Check for working CXX compiler: /usr/bin/c++ - skipped
-- Detecting CXX compile features
-- Detecting CXX compile features - done
-- Found ament_cmake: 1.3.5 (/opt/ros/humble/share/ament_cmake/cmake)
-- Found Python3: /usr/bin/python3.10 (found version "3.10.12") found components: Interpreter 
-- Override CMake install command with custom implementation using symlinks instead of copying resources
-- Found rosidl_default_generators: 1.2.0 (/opt/ros/humble/share/rosidl_default_generators/cmake)
-- Using all available rosidl_typesupport_c: rosidl_typesupport_fastrtps_c;rosidl_typesupport_introspection_c
-- Found rosidl_adapter: 3.1.5 (/opt/ros/humble/share/rosidl_adapter/cmake)
-- Using all available rosidl_typesupport_cpp: rosidl_typesupport_fastrtps_cpp;rosidl_typesupport_introspection_cpp
-- Found ament_cmake_ros: 0.10.0 (/opt/ros/humble/share/ament_cmake_ros/cmake)
-- Using all available rosidl_typesupport_c: rosidl_typesupport_fastrtps_c;rosidl_typesupport_introspection_c
-- Using all available rosidl_typesupport_cpp: rosidl_typesupport_fastrtps_cpp;rosidl_typesupport_introspection_cpp
-- Found PythonInterp: /usr/bin/python3 (found suitable version "3.10.12", minimum required is "3.6") 
-- Found python_cmake_module: 0.10.0 (/opt/ros/humble/share/python_cmake_module/cmake)
-- Found PythonLibs: /usr/lib/x86_64-linux-gnu/libpython3.10.so (found suitable version "3.10.12", minimum required is "3.5") 
-- Using PYTHON_EXECUTABLE: /usr/bin/python3
-- Using PYTHON_INCLUDE_DIRS: /usr/include/python3.10
-- Using PYTHON_LIBRARIES: /usr/lib/x86_64-linux-gnu/libpython3.10.so
-- Found PythonExtra: .so  
-- Configuring done
-- Generating done
-- Build files have been written to: /home/subun/eyrc_hb/hb_task1b_ws/build/my_robot_interfaces_e
[  3%] [34m[1mGenerating C code for ROS interfaces[0m
[  6%] [34m[1mGenerating C++ code for ROS interfaces[0m
[  6%] Built target ament_cmake_python_symlink_my_robot_interfaces_e
running egg_info
creating my_robot_interfaces_e.egg-info
writing my_robot_interfaces_e.egg-info/PKG-INFO
writing dependency_links to my_robot_interfaces_e.egg-info/dependency_links.txt
writing top-level names to my_robot_interfaces_e.egg-info/top_level.txt
writing manifest file 'my_robot_interfaces_e.egg-info/SOURCES.txt'
reading manifest file 'my_robot_interfaces_e.egg-info/SOURCES.txt'
writing manifest file 'my_robot_interfaces_e.egg-info/SOURCES.txt'
[  9%] [32mBuilding C object CMakeFiles/my_robot_interfaces_e__rosidl_generator_c.dir/rosidl_generator_c/my_robot_interfaces_e/srv/detail/next_goal__functions.c.o[0m
[  9%] Built target my_robot_interfaces_e__cpp
[ 12%] [34m[1mGenerating C++ type support dispatch for ROS interfaces[0m
[ 16%] [34m[1mGenerating C++ type support for eProsima Fast-RTPS[0m
[ 19%] [34m[1mGenerating C++ introspection for ROS interfaces[0m
[ 16%] Built target ament_cmake_python_build_my_robot_interfaces_e_egg
[ 22%] [32m[1mLinking C shared library libmy_robot_interfaces_e__rosidl_generator_c.so[0m
[ 22%] Built target my_robot_interfaces_e__rosidl_generator_c
[ 25%] [34m[1mGenerating C type support for eProsima Fast-RTPS[0m
[ 32%] [34m[1mGenerating C type support dispatch for ROS interfaces[0m
[ 32%] [34m[1mGenerating C introspection for ROS interfaces[0m
[ 35%] [32mBuilding CXX object CMakeFiles/my_robot_interfaces_e__rosidl_typesupport_cpp.dir/rosidl_typesupport_cpp/my_robot_interfaces_e/srv/next_goal__type_support.cpp.o[0m
[ 38%] [32mBuilding CXX object CMakeFiles/my_robot_interfaces_e__rosidl_typesupport_introspection_cpp.dir/rosidl_typesupport_introspection_cpp/my_robot_interfaces_e/srv/detail/next_goal__type_support.cpp.o[0m
[ 41%] [32mBuilding CXX object CMakeFiles/my_robot_interfaces_e__rosidl_typesupport_fastrtps_cpp.dir/rosidl_typesupport_fastrtps_cpp/my_robot_interfaces_e/srv/detail/dds_fastrtps/next_goal__type_support.cpp.o[0m
[ 45%] [32mBuilding C object CMakeFiles/my_robot_interfaces_e__rosidl_typesupport_introspection_c.dir/rosidl_typesupport_introspection_c/my_robot_interfaces_e/srv/detail/next_goal__type_support.c.o[0m
[ 48%] [32mBuilding CXX object CMakeFiles/my_robot_interfaces_e__rosidl_typesupport_c.dir/rosidl_typesupport_c/my_robot_interfaces_e/srv/next_goal__type_support.cpp.o[0m
[ 51%] [32mBuilding CXX object CMakeFiles/my_robot_interfaces_e__rosidl_typesupport_fastrtps_c.dir/rosidl_typesupport_fastrtps_c/my_robot_interfaces_e/srv/detail/next_goal__type_support_c.cpp.o[0m
[ 54%] [32m[1mLinking C shared library libmy_robot_interfaces_e__rosidl_typesupport_introspection_c.so[0m
[ 58%] [32m[1mLinking CXX shared library libmy_robot_interfaces_e__rosidl_typesupport_c.so[0m
[ 58%] Built target my_robot_interfaces_e__rosidl_typesupport_introspection_c
[ 58%] Built target my_robot_interfaces_e__rosidl_typesupport_c
[ 61%] [32m[1mLinking CXX shared library libmy_robot_interfaces_e__rosidl_typesupport_cpp.so[0m
[ 61%] Built target my_robot_interfaces_e__rosidl_typesupport_cpp
[ 64%] [32m[1mLinking CXX shared library libmy_robot_interfaces_e__rosidl_typesupport_introspection_cpp.so[0m
[ 67%] [32m[1mLinking CXX shared library libmy_robot_interfaces_e__rosidl_typesupport_fastrtps_cpp.so[0m
[ 67%] Built target my_robot_interfaces_e__rosidl_typesupport_introspection_cpp
[ 70%] [32m[1mLinking CXX shared library libmy_robot_interfaces_e__rosidl_typesupport_fastrtps_c.so[0m
[ 70%] Built target my_robot_interfaces_e__rosidl_typesupport_fastrtps_cpp
[ 70%] Built target my_robot_interfaces_e__rosidl_typesupport_fastrtps_c
[ 70%] Built target my_robot_interfaces_e
[ 74%] [34m[1mGenerating Python code for ROS interfaces[0m
[ 74%] Built target my_robot_interfaces_e__py
[ 77%] [32mBuilding C object CMakeFiles/my_robot_interfaces_e__rosidl_generator_py.dir/rosidl_generator_py/my_robot_interfaces_e/srv/_next_goal_s.c.o[0m
[ 80%] [32m[1mLinking C shared library rosidl_generator_py/my_robot_interfaces_e/libmy_robot_interfaces_e__rosidl_generator_py.so[0m
[ 80%] Built target my_robot_interfaces_e__rosidl_generator_py
[ 87%] [32mBuilding C object CMakeFiles/my_robot_interfaces_e__rosidl_typesupport_introspection_c__pyext.dir/rosidl_generator_py/my_robot_interfaces_e/_my_robot_interfaces_e_s.ep.rosidl_typesupport_introspection_c.c.o[0m
[ 87%] [32mBuilding C object CMakeFiles/my_robot_interfaces_e__rosidl_typesupport_fastrtps_c__pyext.dir/rosidl_generator_py/my_robot_interfaces_e/_my_robot_interfaces_e_s.ep.rosidl_typesupport_fastrtps_c.c.o[0m
[ 90%] [32mBuilding C object CMakeFiles/my_robot_interfaces_e__rosidl_typesupport_c__pyext.dir/rosidl_generator_py/my_robot_interfaces_e/_my_robot_interfaces_e_s.ep.rosidl_typesupport_c.c.o[0m
[ 96%] [32m[1mLinking C shared library rosidl_generator_py/my_robot_interfaces_e/my_robot_interfaces_e_s__rosidl_typesupport_introspection_c.cpython-310-x86_64-linux-gnu.so[0m
[ 96%] [32m[1mLinking C shared library rosidl_generator_py/my_robot_interfaces_e/my_robot_interfaces_e_s__rosidl_typesupport_c.cpython-310-x86_64-linux-gnu.so[0m
[100%] [32m[1mLinking C shared library rosidl_generator_py/my_robot_interfaces_e/my_robot_interfaces_e_s__rosidl_typesupport_fastrtps_c.cpython-310-x86_64-linux-gnu.so[0m
[100%] Built target my_robot_interfaces_e__rosidl_typesupport_c__pyext
[100%] Built target my_robot_interfaces_e__rosidl_typesupport_introspection_c__pyext
[100%] Built target my_robot_interfaces_e__rosidl_typesupport_fastrtps_c__pyext
-- Install configuration: ""
-- Execute custom install script
-- Symlinking: /home/subun/eyrc_hb/hb_task1b_ws/install/my_robot_interfaces_e/share/ament_index/resource_index/rosidl_interfaces/my_robot_interfaces_e
-- Symlinking: /home/subun/eyrc_hb/hb_task1b_ws/install/my_robot_interfaces_e/include/my_robot_interfaces_e/my_robot_interfaces_e/msg/rosidl_generator_c__visibility_control.h
-- Symlinking: /home/subun/eyrc_hb/hb_task1b_ws/install/my_robot_interfaces_e/include/my_robot_interfaces_e/my_robot_interfaces_e/srv/detail/next_goal__functions.h
-- Symlinking: /home/subun/eyrc_hb/hb_task1b_ws/install/my_robot_interfaces_e/include/my_robot_interfaces_e/my_robot_interfaces_e/srv/detail/next_goal__struct.h
-- Symlinking: /home/subun/eyrc_hb/hb_task1b_ws/install/my_robot_interfaces_e/include/my_robot_interfaces_e/my_robot_interfaces_e/srv/detail/next_goal__type_support.h
-- Symlinking: /home/subun/eyrc_hb/hb_task1b_ws/install/my_robot_interfaces_e/include/my_robot_interfaces_e/my_robot_interfaces_e/srv/next_goal.h
-- Symlinking: /home/subun/eyrc_hb/hb_task1b_ws/install/my_robot_interfaces_e/share/my_robot_interfaces_e/environment/library_path.sh
-- Symlinking: /home/subun/eyrc_hb/hb_task1b_ws/install/my_robot_interfaces_e/share/my_robot_interfaces_e/environment/library_path.dsv
-- Symlinking: /home/subun/eyrc_hb/hb_task1b_ws/install/my_robot_interfaces_e/include/my_robot_interfaces_e/my_robot_interfaces_e/msg/rosidl_typesupport_fastrtps_c__visibility_control.h
-- Symlinking: /home/subun/eyrc_hb/hb_task1b_ws/install/my_robot_interfaces_e/include/my_robot_interfaces_e/my_robot_interfaces_e/srv/detail/next_goal__rosidl_typesupport_fastrtps_c.h
-- Symlinking: /home/subun/eyrc_hb/hb_task1b_ws/install/my_robot_interfaces_e/include/my_robot_interfaces_e/my_robot_interfaces_e/msg/rosidl_typesupport_introspection_c__visibility_control.h
-- Symlinking: /home/subun/eyrc_hb/hb_task1b_ws/install/my_robot_interfaces_e/include/my_robot_interfaces_e/my_robot_interfaces_e/srv/detail/next_goal__rosidl_typesupport_introspection_c.h
-- Symlinking: /home/subun/eyrc_hb/hb_task1b_ws/install/my_robot_interfaces_e/include/my_robot_interfaces_e/my_robot_interfaces_e/srv/detail/next_goal__builder.hpp
-- Symlinking: /home/subun/eyrc_hb/hb_task1b_ws/install/my_robot_interfaces_e/include/my_robot_interfaces_e/my_robot_interfaces_e/srv/detail/next_goal__struct.hpp
-- Symlinking: /home/subun/eyrc_hb/hb_task1b_ws/install/my_robot_interfaces_e/include/my_robot_interfaces_e/my_robot_interfaces_e/srv/detail/next_goal__traits.hpp
-- Symlinking: /home/subun/eyrc_hb/hb_task1b_ws/install/my_robot_interfaces_e/include/my_robot_interfaces_e/my_robot_interfaces_e/srv/next_goal.hpp
-- Symlinking: /home/subun/eyrc_hb/hb_task1b_ws/install/my_robot_interfaces_e/include/my_robot_interfaces_e/my_robot_interfaces_e/msg/rosidl_typesupport_fastrtps_cpp__visibility_control.h
-- Symlinking: /home/subun/eyrc_hb/hb_task1b_ws/install/my_robot_interfaces_e/include/my_robot_interfaces_e/my_robot_interfaces_e/srv/detail/next_goal__rosidl_typesupport_fastrtps_cpp.hpp
-- Symlinking: /home/subun/eyrc_hb/hb_task1b_ws/install/my_robot_interfaces_e/include/my_robot_interfaces_e/my_robot_interfaces_e/srv/detail/next_goal__rosidl_typesupport_introspection_cpp.hpp
-- Symlinking: /home/subun/eyrc_hb/hb_task1b_ws/install/my_robot_interfaces_e/share/my_robot_interfaces_e/environment/pythonpath.sh
-- Symlinking: /home/subun/eyrc_hb/hb_task1b_ws/install/my_robot_interfaces_e/share/my_robot_interfaces_e/environment/pythonpath.dsv
-- Symlinking: /home/subun/eyrc_hb/hb_task1b_ws/install/my_robot_interfaces_e/local/lib/python3.10/dist-packages/my_robot_interfaces_e-0.0.0-py3.10.egg-info/PKG-INFO
-- Symlinking: /home/subun/eyrc_hb/hb_task1b_ws/install/my_robot_interfaces_e/local/lib/python3.10/dist-packages/my_robot_interfaces_e-0.0.0-py3.10.egg-info/SOURCES.txt
-- Symlinking: /home/subun/eyrc_hb/hb_task1b_ws/install/my_robot_interfaces_e/local/lib/python3.10/dist-packages/my_robot_interfaces_e-0.0.0-py3.10.egg-info/dependency_links.txt
-- Symlinking: /home/subun/eyrc_hb/hb_task1b_ws/install/my_robot_interfaces_e/local/lib/python3.10/dist-packages/my_robot_interfaces_e-0.0.0-py3.10.egg-info/top_level.txt
-- Symlinking: /home/subun/eyrc_hb/hb_task1b_ws/install/my_robot_interfaces_e/local/lib/python3.10/dist-packages/my_robot_interfaces_e/__init__.py
-- Symlinking: /home/subun/eyrc_hb/hb_task1b_ws/install/my_robot_interfaces_e/local/lib/python3.10/dist-packages/my_robot_interfaces_e/_my_robot_interfaces_e_s.ep.rosidl_typesupport_c.c
-- Symlinking: /home/subun/eyrc_hb/hb_task1b_ws/install/my_robot_interfaces_e/local/lib/python3.10/dist-packages/my_robot_interfaces_e/_my_robot_interfaces_e_s.ep.rosidl_typesupport_fastrtps_c.c
-- Symlinking: /home/subun/eyrc_hb/hb_task1b_ws/install/my_robot_interfaces_e/local/lib/python3.10/dist-packages/my_robot_interfaces_e/_my_robot_interfaces_e_s.ep.rosidl_typesupport_introspection_c.c
-- Symlinking: /home/subun/eyrc_hb/hb_task1b_ws/install/my_robot_interfaces_e/local/lib/python3.10/dist-packages/my_robot_interfaces_e/libmy_robot_interfaces_e__rosidl_generator_py.so
-- Symlinking: /home/subun/eyrc_hb/hb_task1b_ws/install/my_robot_interfaces_e/local/lib/python3.10/dist-packages/my_robot_interfaces_e/my_robot_interfaces_e_s__rosidl_typesupport_c.cpython-310-x86_64-linux-gnu.so
-- Symlinking: /home/subun/eyrc_hb/hb_task1b_ws/install/my_robot_interfaces_e/local/lib/python3.10/dist-packages/my_robot_interfaces_e/my_robot_interfaces_e_s__rosidl_typesupport_fastrtps_c.cpython-310-x86_64-linux-gnu.so
-- Symlinking: /home/subun/eyrc_hb/hb_task1b_ws/install/my_robot_interfaces_e/local/lib/python3.10/dist-packages/my_robot_interfaces_e/my_robot_interfaces_e_s__rosidl_typesupport_introspection_c.cpython-310-x86_64-linux-gnu.so
-- Symlinking: /home/subun/eyrc_hb/hb_task1b_ws/install/my_robot_interfaces_e/local/lib/python3.10/dist-packages/my_robot_interfaces_e/srv/__init__.py
-- Symlinking: /home/subun/eyrc_hb/hb_task1b_ws/install/my_robot_interfaces_e/local/lib/python3.10/dist-packages/my_robot_interfaces_e/srv/_next_goal.py
-- Symlinking: /home/subun/eyrc_hb/hb_task1b_ws/install/my_robot_interfaces_e/local/lib/python3.10/dist-packages/my_robot_interfaces_e/srv/_next_goal_s.c
-- Up-to-date symlink: /home/subun/eyrc_hb/hb_task1b_ws/install/my_robot_interfaces_e/local/lib/python3.10/dist-packages/my_robot_interfaces_e/my_robot_interfaces_e_s__rosidl_typesupport_fastrtps_c.cpython-310-x86_64-linux-gnu.so
-- Up-to-date symlink: /home/subun/eyrc_hb/hb_task1b_ws/install/my_robot_interfaces_e/local/lib/python3.10/dist-packages/my_robot_interfaces_e/my_robot_interfaces_e_s__rosidl_typesupport_introspection_c.cpython-310-x86_64-linux-gnu.so
-- Up-to-date symlink: /home/subun/eyrc_hb/hb_task1b_ws/install/my_robot_interfaces_e/local/lib/python3.10/dist-packages/my_robot_interfaces_e/my_robot_interfaces_e_s__rosidl_typesupport_c.cpython-310-x86_64-linux-gnu.so
-- Symlinking: /home/subun/eyrc_hb/hb_task1b_ws/install/my_robot_interfaces_e/share/my_robot_interfaces_e/srv/NextGoal.idl
-- Symlinking: /home/subun/eyrc_hb/hb_task1b_ws/install/my_robot_interfaces_e/share/my_robot_interfaces_e/srv/NextGoal.srv
-- Symlinking: /home/subun/eyrc_hb/hb_task1b_ws/install/my_robot_interfaces_e/share/my_robot_interfaces_e/srv/NextGoal_Request.msg
-- Symlinking: /home/subun/eyrc_hb/hb_task1b_ws/install/my_robot_interfaces_e/share/my_robot_interfaces_e/srv/NextGoal_Response.msg
-- Symlinking: /home/subun/eyrc_hb/hb_task1b_ws/install/my_robot_interfaces_e/share/ament_index/resource_index/package_run_dependencies/my_robot_interfaces_e
-- Symlinking: /home/subun/eyrc_hb/hb_task1b_ws/install/my_robot_interfaces_e/share/ament_index/resource_index/parent_prefix_path/my_robot_interfaces_e
-- Symlinking: /home/subun/eyrc_hb/hb_task1b_ws/install/my_robot_interfaces_e/share/my_robot_interfaces_e/environment/ament_prefix_path.sh
-- Symlinking: /home/subun/eyrc_hb/hb_task1b_ws/install/my_robot_interfaces_e/share/my_robot_interfaces_e/environment/ament_prefix_path.dsv
-- Symlinking: /home/subun/eyrc_hb/hb_task1b_ws/install/my_robot_interfaces_e/share/my_robot_interfaces_e/environment/path.sh
-- Symlinking: /home/subun/eyrc_hb/hb_task1b_ws/install/my_robot_interfaces_e/share/my_robot_interfaces_e/environment/path.dsv
-- Symlinking: /home/subun/eyrc_hb/hb_task1b_ws/install/my_robot_interfaces_e/share/my_robot_interfaces_e/local_setup.bash
-- Symlinking: /home/subun/eyrc_hb/hb_task1b_ws/install/my_robot_interfaces_e/share/my_robot_interfaces_e/local_setup.sh
-- Symlinking: /home/subun/eyrc_hb/hb_task1b_ws/install/my_robot_interfaces_e/share/my_robot_interfaces_e/local_setup.zsh
-- Symlinking: /home/subun/eyrc_hb/hb_task1b_ws/install/my_robot_interfaces_e/share/my_robot_interfaces_e/local_setup.dsv
-- Symlinking: /home/subun/eyrc_hb/hb_task1b_ws/install/my_robot_interfaces_e/share/my_robot_interfaces_e/package.dsv
-- Symlinking: /home/subun/eyrc_hb/hb_task1b_ws/install/my_robot_interfaces_e/share/ament_index/resource_index/packages/my_robot_interfaces_e
-- Symlinking: /home/subun/eyrc_hb/hb_task1b_ws/install/my_robot_interfaces_e/share/my_robot_interfaces_e/cmake/rosidl_cmake-extras.cmake
-- Symlinking: /home/subun/eyrc_hb/hb_task1b_ws/install/my_robot_interfaces_e/share/my_robot_interfaces_e/cmake/ament_cmake_export_include_directories-extras.cmake
-- Symlinking: /home/subun/eyrc_hb/hb_task1b_ws/install/my_robot_interfaces_e/share/my_robot_interfaces_e/cmake/ament_cmake_export_libraries-extras.cmake
-- Symlinking: /home/subun/eyrc_hb/hb_task1b_ws/install/my_robot_interfaces_e/share/my_robot_interfaces_e/cmake/ament_cmake_export_targets-extras.cmake
-- Symlinking: /home/subun/eyrc_hb/hb_task1b_ws/install/my_robot_interfaces_e/share/my_robot_interfaces_e/cmake/rosidl_cmake_export_typesupport_targets-extras.cmake
-- Symlinking: /home/subun/eyrc_hb/hb_task1b_ws/install/my_robot_interfaces_e/share/my_robot_interfaces_e/cmake/ament_cmake_export_dependencies-extras.cmake
-- Symlinking: /home/subun/eyrc_hb/hb_task1b_ws/install/my_robot_interfaces_e/share/my_robot_interfaces_e/cmake/rosidl_cmake_export_typesupport_libraries-extras.cmake
-- Symlinking: /home/subun/eyrc_hb/hb_task1b_ws/install/my_robot_interfaces_e/share/my_robot_interfaces_e/cmake/my_robot_interfaces_eConfig.cmake
-- Symlinking: /home/subun/eyrc_hb/hb_task1b_ws/install/my_robot_interfaces_e/share/my_robot_interfaces_e/cmake/my_robot_interfaces_eConfig-version.cmake
-- Symlinking: /home/subun/eyrc_hb/hb_task1b_ws/install/my_robot_interfaces_e/share/my_robot_interfaces_e/package.xml
-- Installing: /home/subun/eyrc_hb/hb_task1b_ws/install/my_robot_interfaces_e/lib/libmy_robot_interfaces_e__rosidl_generator_c.so
-- Set runtime path of "/home/subun/eyrc_hb/hb_task1b_ws/install/my_robot_interfaces_e/lib/libmy_robot_interfaces_e__rosidl_generator_c.so" to ""
-- Installing: /home/subun/eyrc_hb/hb_task1b_ws/install/my_robot_interfaces_e/lib/libmy_robot_interfaces_e__rosidl_typesupport_fastrtps_c.so
-- Set runtime path of "/home/subun/eyrc_hb/hb_task1b_ws/install/my_robot_interfaces_e/lib/libmy_robot_interfaces_e__rosidl_typesupport_fastrtps_c.so" to ""
-- Installing: /home/subun/eyrc_hb/hb_task1b_ws/install/my_robot_interfaces_e/lib/libmy_robot_interfaces_e__rosidl_typesupport_introspection_c.so
-- Set runtime path of "/home/subun/eyrc_hb/hb_task1b_ws/install/my_robot_interfaces_e/lib/libmy_robot_interfaces_e__rosidl_typesupport_introspection_c.so" to ""
-- Installing: /home/subun/eyrc_hb/hb_task1b_ws/install/my_robot_interfaces_e/lib/libmy_robot_interfaces_e__rosidl_typesupport_c.so
-- Set runtime path of "/home/subun/eyrc_hb/hb_task1b_ws/install/my_robot_interfaces_e/lib/libmy_robot_interfaces_e__rosidl_typesupport_c.so" to ""
-- Installing: /home/subun/eyrc_hb/hb_task1b_ws/install/my_robot_interfaces_e/lib/libmy_robot_interfaces_e__rosidl_typesupport_fastrtps_cpp.so
-- Set runtime path of "/home/subun/eyrc_hb/hb_task1b_ws/install/my_robot_interfaces_e/lib/libmy_robot_interfaces_e__rosidl_typesupport_fastrtps_cpp.so" to ""
-- Installing: /home/subun/eyrc_hb/hb_task1b_ws/install/my_robot_interfaces_e/lib/libmy_robot_interfaces_e__rosidl_typesupport_introspection_cpp.so
-- Set runtime path of "/home/subun/eyrc_hb/hb_task1b_ws/install/my_robot_interfaces_e/lib/libmy_robot_interfaces_e__rosidl_typesupport_introspection_cpp.so" to ""
-- Installing: /home/subun/eyrc_hb/hb_task1b_ws/install/my_robot_interfaces_e/lib/libmy_robot_interfaces_e__rosidl_typesupport_cpp.so
-- Set runtime path of "/home/subun/eyrc_hb/hb_task1b_ws/install/my_robot_interfaces_e/lib/libmy_robot_interfaces_e__rosidl_typesupport_cpp.so" to ""
Listing '/home/subun/eyrc_hb/hb_task1b_ws/install/my_robot_interfaces_e/local/lib/python3.10/dist-packages/my_robot_interfaces_e'...
Compiling '/home/subun/eyrc_hb/hb_task1b_ws/install/my_robot_interfaces_e/local/lib/python3.10/dist-packages/my_robot_interfaces_e/__init__.py'...
Listing '/home/subun/eyrc_hb/hb_task1b_ws/install/my_robot_interfaces_e/local/lib/python3.10/dist-packages/my_robot_interfaces_e/srv'...
Compiling '/home/subun/eyrc_hb/hb_task1b_ws/install/my_robot_interfaces_e/local/lib/python3.10/dist-packages/my_robot_interfaces_e/srv/__init__.py'...
Compiling '/home/subun/eyrc_hb/hb_task1b_ws/install/my_robot_interfaces_e/local/lib/python3.10/dist-packages/my_robot_interfaces_e/srv/_next_goal.py'...
-- Installing: /home/subun/eyrc_hb/hb_task1b_ws/install/my_robot_interfaces_e/lib/libmy_robot_interfaces_e__rosidl_generator_py.so
-- Set runtime path of "/home/subun/eyrc_hb/hb_task1b_ws/install/my_robot_interfaces_e/lib/libmy_robot_interfaces_e__rosidl_generator_py.so" to ""
-- Installing: /home/subun/eyrc_hb/hb_task1b_ws/install/my_robot_interfaces_e/share/my_robot_interfaces_e/cmake/export_my_robot_interfaces_e__rosidl_generator_cExport.cmake
-- Installing: /home/subun/eyrc_hb/hb_task1b_ws/install/my_robot_interfaces_e/share/my_robot_interfaces_e/cmake/export_my_robot_interfaces_e__rosidl_generator_cExport-noconfig.cmake
-- Installing: /home/subun/eyrc_hb/hb_task1b_ws/install/my_robot_interfaces_e/share/my_robot_interfaces_e/cmake/export_my_robot_interfaces_e__rosidl_typesupport_fastrtps_cExport.cmake
-- Installing: /home/subun/eyrc_hb/hb_task1b_ws/install/my_robot_interfaces_e/share/my_robot_interfaces_e/cmake/export_my_robot_interfaces_e__rosidl_typesupport_fastrtps_cExport-noconfig.cmake
-- Installing: /home/subun/eyrc_hb/hb_task1b_ws/install/my_robot_interfaces_e/share/my_robot_interfaces_e/cmake/my_robot_interfaces_e__rosidl_typesupport_introspection_cExport.cmake
-- Installing: /home/subun/eyrc_hb/hb_task1b_ws/install/my_robot_interfaces_e/share/my_robot_interfaces_e/cmake/my_robot_interfaces_e__rosidl_typesupport_introspection_cExport-noconfig.cmake
-- Installing: /home/subun/eyrc_hb/hb_task1b_ws/install/my_robot_interfaces_e/share/my_robot_interfaces_e/cmake/my_robot_interfaces_e__rosidl_typesupport_cExport.cmake
-- Installing: /home/subun/eyrc_hb/hb_task1b_ws/install/my_robot_interfaces_e/share/my_robot_interfaces_e/cmake/my_robot_interfaces_e__rosidl_typesupport_cExport-noconfig.cmake
-- Installing: /home/subun/eyrc_hb/hb_task1b_ws/install/my_robot_interfaces_e/share/my_robot_interfaces_e/cmake/export_my_robot_interfaces_e__rosidl_generator_cppExport.cmake
-- Installing: /home/subun/eyrc_hb/hb_task1b_ws/install/my_robot_interfaces_e/share/my_robot_interfaces_e/cmake/export_my_robot_interfaces_e__rosidl_typesupport_fastrtps_cppExport.cmake
-- Installing: /home/subun/eyrc_hb/hb_task1b_ws/install/my_robot_interfaces_e/share/my_robot_interfaces_e/cmake/export_my_robot_interfaces_e__rosidl_typesupport_fastrtps_cppExport-noconfig.cmake
-- Installing: /home/subun/eyrc_hb/hb_task1b_ws/install/my_robot_interfaces_e/share/my_robot_interfaces_e/cmake/my_robot_interfaces_e__rosidl_typesupport_introspection_cppExport.cmake
-- Installing: /home/subun/eyrc_hb/hb_task1b_ws/install/my_robot_interfaces_e/share/my_robot_interfaces_e/cmake/my_robot_interfaces_e__rosidl_typesupport_introspection_cppExport-noconfig.cmake
-- Installing: /home/subun/eyrc_hb/hb_task1b_ws/install/my_robot_interfaces_e/share/my_robot_interfaces_e/cmake/my_robot_interfaces_e__rosidl_typesupport_cppExport.cmake
-- Installing: /home/subun/eyrc_hb/hb_task1b_ws/install/my_robot_interfaces_e/share/my_robot_interfaces_e/cmake/my_robot_interfaces_e__rosidl_typesupport_cppExport-noconfig.cmake
-- Installing: /home/subun/eyrc_hb/hb_task1b_ws/install/my_robot_interfaces_e/share/my_robot_interfaces_e/cmake/export_my_robot_interfaces_e__rosidl_generator_pyExport.cmake
-- Installing: /home/subun/eyrc_hb/hb_task1b_ws/install/my_robot_interfaces_e/share/my_robot_interfaces_e/cmake/export_my_robot_interfaces_e__rosidl_generator_pyExport-noconfig.cmake
