[0.234s] Invoking command in '/home/subun/eyrc_hb/hb_task1b_ws/build/my_robot_interfaces_e': CMAKE_PREFIX_PATH=${CMAKE_PREFIX_PATH}:/home/subun/eyrc_hb/hb_task1b_ws/install/hb_task_1b:/home/subun/eyrc_hb/hb_task1a_ws/install/hb_task_1a:/home/subun/ros_ws/install/robot:/opt/ros/humble /usr/bin/cmake /home/subun/eyrc_hb/hb_task1b_ws/src/my_robot_interfaces_e -DAMENT_CMAKE_SYMLINK_INSTALL=1 -DCMAKE_INSTALL_PREFIX=/home/subun/eyrc_hb/hb_task1b_ws/install/my_robot_interfaces_e
[0.267s] -- The C compiler identification is GNU 11.4.0
[0.302s] -- The CXX compiler identification is GNU 11.4.0
[0.306s] -- Detecting C compiler ABI info
[0.349s] -- Detecting C compiler ABI info - done
[0.353s] -- Check for working C compiler: /usr/bin/cc - skipped
[0.354s] -- Detecting C compile features
[0.354s] -- Detecting C compile features - done
[0.356s] -- Detecting CXX compiler ABI info
[0.405s] -- Detecting CXX compiler ABI info - done
[0.410s] -- Check for working CXX compiler: /usr/bin/c++ - skipped
[0.410s] -- Detecting CXX compile features
[0.410s] -- Detecting CXX compile features - done
[0.412s] -- Found ament_cmake: 1.3.5 (/opt/ros/humble/share/ament_cmake/cmake)
[0.527s] -- Found Python3: /usr/bin/python3.10 (found version "3.10.12") found components: Interpreter 
[0.565s] -- Override CMake install command with custom implementation using symlinks instead of copying resources
[0.581s] -- Found rosidl_default_generators: 1.2.0 (/opt/ros/humble/share/rosidl_default_generators/cmake)
[0.583s] -- Using all available rosidl_typesupport_c: rosidl_typesupport_fastrtps_c;rosidl_typesupport_introspection_c
[0.586s] -- Found rosidl_adapter: 3.1.5 (/opt/ros/humble/share/rosidl_adapter/cmake)
[0.611s] -- Using all available rosidl_typesupport_cpp: rosidl_typesupport_fastrtps_cpp;rosidl_typesupport_introspection_cpp
[0.794s] -- Found ament_cmake_ros: 0.10.0 (/opt/ros/humble/share/ament_cmake_ros/cmake)
[0.909s] -- Using all available rosidl_typesupport_c: rosidl_typesupport_fastrtps_c;rosidl_typesupport_introspection_c
[1.059s] -- Using all available rosidl_typesupport_cpp: rosidl_typesupport_fastrtps_cpp;rosidl_typesupport_introspection_cpp
[1.074s] -- Found PythonInterp: /usr/bin/python3 (found suitable version "3.10.12", minimum required is "3.6") 
[1.075s] -- Found python_cmake_module: 0.10.0 (/opt/ros/humble/share/python_cmake_module/cmake)
[1.094s] -- Found PythonLibs: /usr/lib/x86_64-linux-gnu/libpython3.10.so (found suitable version "3.10.12", minimum required is "3.5") 
[1.094s] -- Using PYTHON_EXECUTABLE: /usr/bin/python3
[1.094s] -- Using PYTHON_INCLUDE_DIRS: /usr/include/python3.10
[1.094s] -- Using PYTHON_LIBRARIES: /usr/lib/x86_64-linux-gnu/libpython3.10.so
[1.108s] -- Found PythonExtra: .so  
[1.132s] -- Configuring done
[1.145s] -- Generating done
[1.146s] -- Build files have been written to: /home/subun/eyrc_hb/hb_task1b_ws/build/my_robot_interfaces_e
[1.150s] Invoked command in '/home/subun/eyrc_hb/hb_task1b_ws/build/my_robot_interfaces_e' returned '0': CMAKE_PREFIX_PATH=${CMAKE_PREFIX_PATH}:/home/subun/eyrc_hb/hb_task1b_ws/install/hb_task_1b:/home/subun/eyrc_hb/hb_task1a_ws/install/hb_task_1a:/home/subun/ros_ws/install/robot:/opt/ros/humble /usr/bin/cmake /home/subun/eyrc_hb/hb_task1b_ws/src/my_robot_interfaces_e -DAMENT_CMAKE_SYMLINK_INSTALL=1 -DCMAKE_INSTALL_PREFIX=/home/subun/eyrc_hb/hb_task1b_ws/install/my_robot_interfaces_e
[1.152s] Invoking command in '/home/subun/eyrc_hb/hb_task1b_ws/build/my_robot_interfaces_e': CMAKE_PREFIX_PATH=${CMAKE_PREFIX_PATH}:/home/subun/eyrc_hb/hb_task1b_ws/install/hb_task_1b:/home/subun/eyrc_hb/hb_task1a_ws/install/hb_task_1a:/home/subun/ros_ws/install/robot:/opt/ros/humble /usr/bin/cmake --build /home/subun/eyrc_hb/hb_task1b_ws/build/my_robot_interfaces_e -- -j16 -l16
[1.176s] [  3%] [34m[1mGenerating C code for ROS interfaces[0m
[1.183s] [  6%] [34m[1mGenerating C++ code for ROS interfaces[0m
[1.188s] [  6%] Built target ament_cmake_python_symlink_my_robot_interfaces_e
[1.358s] running egg_info
[1.359s] creating my_robot_interfaces_e.egg-info
[1.359s] writing my_robot_interfaces_e.egg-info/PKG-INFO
[1.359s] writing dependency_links to my_robot_interfaces_e.egg-info/dependency_links.txt
[1.359s] writing top-level names to my_robot_interfaces_e.egg-info/top_level.txt
[1.359s] writing manifest file 'my_robot_interfaces_e.egg-info/SOURCES.txt'
[1.361s] reading manifest file 'my_robot_interfaces_e.egg-info/SOURCES.txt'
[1.361s] writing manifest file 'my_robot_interfaces_e.egg-info/SOURCES.txt'
[1.366s] [  9%] [32mBuilding C object CMakeFiles/my_robot_interfaces_e__rosidl_generator_c.dir/rosidl_generator_c/my_robot_interfaces_e/srv/detail/next_goal__functions.c.o[0m
[1.373s] [  9%] Built target my_robot_interfaces_e__cpp
[1.380s] [ 12%] [34m[1mGenerating C++ type support dispatch for ROS interfaces[0m
[1.380s] [ 16%] [34m[1mGenerating C++ type support for eProsima Fast-RTPS[0m
[1.383s] [ 19%] [34m[1mGenerating C++ introspection for ROS interfaces[0m
[1.383s] [ 16%] Built target ament_cmake_python_build_my_robot_interfaces_e_egg
[1.411s] [ 22%] [32m[1mLinking C shared library libmy_robot_interfaces_e__rosidl_generator_c.so[0m
[1.438s] [ 22%] Built target my_robot_interfaces_e__rosidl_generator_c
[1.445s] [ 25%] [34m[1mGenerating C type support for eProsima Fast-RTPS[0m
[1.448s] [ 32%] [34m[1mGenerating C type support dispatch for ROS interfaces[0m
[1.448s] [ 32%] [34m[1mGenerating C introspection for ROS interfaces[0m
[1.570s] [ 35%] [32mBuilding CXX object CMakeFiles/my_robot_interfaces_e__rosidl_typesupport_cpp.dir/rosidl_typesupport_cpp/my_robot_interfaces_e/srv/next_goal__type_support.cpp.o[0m
[1.615s] [ 38%] [32mBuilding CXX object CMakeFiles/my_robot_interfaces_e__rosidl_typesupport_introspection_cpp.dir/rosidl_typesupport_introspection_cpp/my_robot_interfaces_e/srv/detail/next_goal__type_support.cpp.o[0m
[1.616s] [ 41%] [32mBuilding CXX object CMakeFiles/my_robot_interfaces_e__rosidl_typesupport_fastrtps_cpp.dir/rosidl_typesupport_fastrtps_cpp/my_robot_interfaces_e/srv/detail/dds_fastrtps/next_goal__type_support.cpp.o[0m
[1.704s] [ 45%] [32mBuilding C object CMakeFiles/my_robot_interfaces_e__rosidl_typesupport_introspection_c.dir/rosidl_typesupport_introspection_c/my_robot_interfaces_e/srv/detail/next_goal__type_support.c.o[0m
[1.708s] [ 48%] [32mBuilding CXX object CMakeFiles/my_robot_interfaces_e__rosidl_typesupport_c.dir/rosidl_typesupport_c/my_robot_interfaces_e/srv/next_goal__type_support.cpp.o[0m
[1.718s] [ 51%] [32mBuilding CXX object CMakeFiles/my_robot_interfaces_e__rosidl_typesupport_fastrtps_c.dir/rosidl_typesupport_fastrtps_c/my_robot_interfaces_e/srv/detail/next_goal__type_support_c.cpp.o[0m
[1.734s] [ 54%] [32m[1mLinking C shared library libmy_robot_interfaces_e__rosidl_typesupport_introspection_c.so[0m
[1.740s] [ 58%] [32m[1mLinking CXX shared library libmy_robot_interfaces_e__rosidl_typesupport_c.so[0m
[1.760s] [ 58%] Built target my_robot_interfaces_e__rosidl_typesupport_introspection_c
[1.775s] [ 58%] Built target my_robot_interfaces_e__rosidl_typesupport_c
[1.789s] [ 61%] [32m[1mLinking CXX shared library libmy_robot_interfaces_e__rosidl_typesupport_cpp.so[0m
[1.822s] [ 61%] Built target my_robot_interfaces_e__rosidl_typesupport_cpp
[1.901s] [ 64%] [32m[1mLinking CXX shared library libmy_robot_interfaces_e__rosidl_typesupport_introspection_cpp.so[0m
[1.929s] [ 67%] [32m[1mLinking CXX shared library libmy_robot_interfaces_e__rosidl_typesupport_fastrtps_cpp.so[0m
[1.931s] [ 67%] Built target my_robot_interfaces_e__rosidl_typesupport_introspection_cpp
[1.958s] [ 70%] [32m[1mLinking CXX shared library libmy_robot_interfaces_e__rosidl_typesupport_fastrtps_c.so[0m
[1.982s] [ 70%] Built target my_robot_interfaces_e__rosidl_typesupport_fastrtps_cpp
[2.008s] [ 70%] Built target my_robot_interfaces_e__rosidl_typesupport_fastrtps_c
[2.021s] [ 70%] Built target my_robot_interfaces_e
[2.034s] [ 74%] [34m[1mGenerating Python code for ROS interfaces[0m
[2.251s] [ 74%] Built target my_robot_interfaces_e__py
[2.264s] [ 77%] [32mBuilding C object CMakeFiles/my_robot_interfaces_e__rosidl_generator_py.dir/rosidl_generator_py/my_robot_interfaces_e/srv/_next_goal_s.c.o[0m
[2.324s] [ 80%] [32m[1mLinking C shared library rosidl_generator_py/my_robot_interfaces_e/libmy_robot_interfaces_e__rosidl_generator_py.so[0m
[2.348s] [ 80%] Built target my_robot_interfaces_e__rosidl_generator_py
[2.362s] [ 87%] [32mBuilding C object CMakeFiles/my_robot_interfaces_e__rosidl_typesupport_introspection_c__pyext.dir/rosidl_generator_py/my_robot_interfaces_e/_my_robot_interfaces_e_s.ep.rosidl_typesupport_introspection_c.c.o[0m
[2.362s] [ 87%] [32mBuilding C object CMakeFiles/my_robot_interfaces_e__rosidl_typesupport_fastrtps_c__pyext.dir/rosidl_generator_py/my_robot_interfaces_e/_my_robot_interfaces_e_s.ep.rosidl_typesupport_fastrtps_c.c.o[0m
[2.362s] [ 90%] [32mBuilding C object CMakeFiles/my_robot_interfaces_e__rosidl_typesupport_c__pyext.dir/rosidl_generator_py/my_robot_interfaces_e/_my_robot_interfaces_e_s.ep.rosidl_typesupport_c.c.o[0m
[2.424s] [ 96%] [32m[1mLinking C shared library rosidl_generator_py/my_robot_interfaces_e/my_robot_interfaces_e_s__rosidl_typesupport_introspection_c.cpython-310-x86_64-linux-gnu.so[0m
[2.424s] [ 96%] [32m[1mLinking C shared library rosidl_generator_py/my_robot_interfaces_e/my_robot_interfaces_e_s__rosidl_typesupport_c.cpython-310-x86_64-linux-gnu.so[0m
[2.428s] [100%] [32m[1mLinking C shared library rosidl_generator_py/my_robot_interfaces_e/my_robot_interfaces_e_s__rosidl_typesupport_fastrtps_c.cpython-310-x86_64-linux-gnu.so[0m
[2.446s] [100%] Built target my_robot_interfaces_e__rosidl_typesupport_c__pyext
[2.446s] [100%] Built target my_robot_interfaces_e__rosidl_typesupport_introspection_c__pyext
[2.452s] [100%] Built target my_robot_interfaces_e__rosidl_typesupport_fastrtps_c__pyext
[2.460s] Invoked command in '/home/subun/eyrc_hb/hb_task1b_ws/build/my_robot_interfaces_e' returned '0': CMAKE_PREFIX_PATH=${CMAKE_PREFIX_PATH}:/home/subun/eyrc_hb/hb_task1b_ws/install/hb_task_1b:/home/subun/eyrc_hb/hb_task1a_ws/install/hb_task_1a:/home/subun/ros_ws/install/robot:/opt/ros/humble /usr/bin/cmake --build /home/subun/eyrc_hb/hb_task1b_ws/build/my_robot_interfaces_e -- -j16 -l16
[2.501s] Invoking command in '/home/subun/eyrc_hb/hb_task1b_ws/build/my_robot_interfaces_e': CMAKE_PREFIX_PATH=${CMAKE_PREFIX_PATH}:/home/subun/eyrc_hb/hb_task1b_ws/install/hb_task_1b:/home/subun/eyrc_hb/hb_task1a_ws/install/hb_task_1a:/home/subun/ros_ws/install/robot:/opt/ros/humble /usr/bin/cmake --install /home/subun/eyrc_hb/hb_task1b_ws/build/my_robot_interfaces_e
[2.506s] -- Install configuration: ""
[2.506s] -- Execute custom install script
[2.506s] -- Symlinking: /home/subun/eyrc_hb/hb_task1b_ws/install/my_robot_interfaces_e/share/ament_index/resource_index/rosidl_interfaces/my_robot_interfaces_e
[2.512s] -- Symlinking: /home/subun/eyrc_hb/hb_task1b_ws/install/my_robot_interfaces_e/include/my_robot_interfaces_e/my_robot_interfaces_e/msg/rosidl_generator_c__visibility_control.h
[2.517s] -- Symlinking: /home/subun/eyrc_hb/hb_task1b_ws/install/my_robot_interfaces_e/include/my_robot_interfaces_e/my_robot_interfaces_e/srv/detail/next_goal__functions.h
[2.522s] -- Symlinking: /home/subun/eyrc_hb/hb_task1b_ws/install/my_robot_interfaces_e/include/my_robot_interfaces_e/my_robot_interfaces_e/srv/detail/next_goal__struct.h
[2.527s] -- Symlinking: /home/subun/eyrc_hb/hb_task1b_ws/install/my_robot_interfaces_e/include/my_robot_interfaces_e/my_robot_interfaces_e/srv/detail/next_goal__type_support.h
[2.532s] -- Symlinking: /home/subun/eyrc_hb/hb_task1b_ws/install/my_robot_interfaces_e/include/my_robot_interfaces_e/my_robot_interfaces_e/srv/next_goal.h
[2.537s] -- Symlinking: /home/subun/eyrc_hb/hb_task1b_ws/install/my_robot_interfaces_e/share/my_robot_interfaces_e/environment/library_path.sh
[2.543s] -- Symlinking: /home/subun/eyrc_hb/hb_task1b_ws/install/my_robot_interfaces_e/share/my_robot_interfaces_e/environment/library_path.dsv
[2.548s] -- Symlinking: /home/subun/eyrc_hb/hb_task1b_ws/install/my_robot_interfaces_e/include/my_robot_interfaces_e/my_robot_interfaces_e/msg/rosidl_typesupport_fastrtps_c__visibility_control.h
[2.553s] -- Symlinking: /home/subun/eyrc_hb/hb_task1b_ws/install/my_robot_interfaces_e/include/my_robot_interfaces_e/my_robot_interfaces_e/srv/detail/next_goal__rosidl_typesupport_fastrtps_c.h
[2.559s] -- Symlinking: /home/subun/eyrc_hb/hb_task1b_ws/install/my_robot_interfaces_e/include/my_robot_interfaces_e/my_robot_interfaces_e/msg/rosidl_typesupport_introspection_c__visibility_control.h
[2.564s] -- Symlinking: /home/subun/eyrc_hb/hb_task1b_ws/install/my_robot_interfaces_e/include/my_robot_interfaces_e/my_robot_interfaces_e/srv/detail/next_goal__rosidl_typesupport_introspection_c.h
[2.569s] -- Symlinking: /home/subun/eyrc_hb/hb_task1b_ws/install/my_robot_interfaces_e/include/my_robot_interfaces_e/my_robot_interfaces_e/srv/detail/next_goal__builder.hpp
[2.575s] -- Symlinking: /home/subun/eyrc_hb/hb_task1b_ws/install/my_robot_interfaces_e/include/my_robot_interfaces_e/my_robot_interfaces_e/srv/detail/next_goal__struct.hpp
[2.580s] -- Symlinking: /home/subun/eyrc_hb/hb_task1b_ws/install/my_robot_interfaces_e/include/my_robot_interfaces_e/my_robot_interfaces_e/srv/detail/next_goal__traits.hpp
[2.585s] -- Symlinking: /home/subun/eyrc_hb/hb_task1b_ws/install/my_robot_interfaces_e/include/my_robot_interfaces_e/my_robot_interfaces_e/srv/next_goal.hpp
[2.591s] -- Symlinking: /home/subun/eyrc_hb/hb_task1b_ws/install/my_robot_interfaces_e/include/my_robot_interfaces_e/my_robot_interfaces_e/msg/rosidl_typesupport_fastrtps_cpp__visibility_control.h
[2.596s] -- Symlinking: /home/subun/eyrc_hb/hb_task1b_ws/install/my_robot_interfaces_e/include/my_robot_interfaces_e/my_robot_interfaces_e/srv/detail/next_goal__rosidl_typesupport_fastrtps_cpp.hpp
[2.601s] -- Symlinking: /home/subun/eyrc_hb/hb_task1b_ws/install/my_robot_interfaces_e/include/my_robot_interfaces_e/my_robot_interfaces_e/srv/detail/next_goal__rosidl_typesupport_introspection_cpp.hpp
[2.606s] -- Symlinking: /home/subun/eyrc_hb/hb_task1b_ws/install/my_robot_interfaces_e/share/my_robot_interfaces_e/environment/pythonpath.sh
[2.612s] -- Symlinking: /home/subun/eyrc_hb/hb_task1b_ws/install/my_robot_interfaces_e/share/my_robot_interfaces_e/environment/pythonpath.dsv
[2.617s] -- Symlinking: /home/subun/eyrc_hb/hb_task1b_ws/install/my_robot_interfaces_e/local/lib/python3.10/dist-packages/my_robot_interfaces_e-0.0.0-py3.10.egg-info/PKG-INFO
[2.622s] -- Symlinking: /home/subun/eyrc_hb/hb_task1b_ws/install/my_robot_interfaces_e/local/lib/python3.10/dist-packages/my_robot_interfaces_e-0.0.0-py3.10.egg-info/SOURCES.txt
[2.627s] -- Symlinking: /home/subun/eyrc_hb/hb_task1b_ws/install/my_robot_interfaces_e/local/lib/python3.10/dist-packages/my_robot_interfaces_e-0.0.0-py3.10.egg-info/dependency_links.txt
[2.633s] -- Symlinking: /home/subun/eyrc_hb/hb_task1b_ws/install/my_robot_interfaces_e/local/lib/python3.10/dist-packages/my_robot_interfaces_e-0.0.0-py3.10.egg-info/top_level.txt
[2.639s] -- Symlinking: /home/subun/eyrc_hb/hb_task1b_ws/install/my_robot_interfaces_e/local/lib/python3.10/dist-packages/my_robot_interfaces_e/__init__.py
[2.645s] -- Symlinking: /home/subun/eyrc_hb/hb_task1b_ws/install/my_robot_interfaces_e/local/lib/python3.10/dist-packages/my_robot_interfaces_e/_my_robot_interfaces_e_s.ep.rosidl_typesupport_c.c
[2.650s] -- Symlinking: /home/subun/eyrc_hb/hb_task1b_ws/install/my_robot_interfaces_e/local/lib/python3.10/dist-packages/my_robot_interfaces_e/_my_robot_interfaces_e_s.ep.rosidl_typesupport_fastrtps_c.c
[2.655s] -- Symlinking: /home/subun/eyrc_hb/hb_task1b_ws/install/my_robot_interfaces_e/local/lib/python3.10/dist-packages/my_robot_interfaces_e/_my_robot_interfaces_e_s.ep.rosidl_typesupport_introspection_c.c
[2.661s] -- Symlinking: /home/subun/eyrc_hb/hb_task1b_ws/install/my_robot_interfaces_e/local/lib/python3.10/dist-packages/my_robot_interfaces_e/libmy_robot_interfaces_e__rosidl_generator_py.so
[2.666s] -- Symlinking: /home/subun/eyrc_hb/hb_task1b_ws/install/my_robot_interfaces_e/local/lib/python3.10/dist-packages/my_robot_interfaces_e/my_robot_interfaces_e_s__rosidl_typesupport_c.cpython-310-x86_64-linux-gnu.so
[2.671s] -- Symlinking: /home/subun/eyrc_hb/hb_task1b_ws/install/my_robot_interfaces_e/local/lib/python3.10/dist-packages/my_robot_interfaces_e/my_robot_interfaces_e_s__rosidl_typesupport_fastrtps_c.cpython-310-x86_64-linux-gnu.so
[2.676s] -- Symlinking: /home/subun/eyrc_hb/hb_task1b_ws/install/my_robot_interfaces_e/local/lib/python3.10/dist-packages/my_robot_interfaces_e/my_robot_interfaces_e_s__rosidl_typesupport_introspection_c.cpython-310-x86_64-linux-gnu.so
[2.681s] -- Symlinking: /home/subun/eyrc_hb/hb_task1b_ws/install/my_robot_interfaces_e/local/lib/python3.10/dist-packages/my_robot_interfaces_e/srv/__init__.py
[2.687s] -- Symlinking: /home/subun/eyrc_hb/hb_task1b_ws/install/my_robot_interfaces_e/local/lib/python3.10/dist-packages/my_robot_interfaces_e/srv/_next_goal.py
[2.691s] -- Symlinking: /home/subun/eyrc_hb/hb_task1b_ws/install/my_robot_interfaces_e/local/lib/python3.10/dist-packages/my_robot_interfaces_e/srv/_next_goal_s.c
[2.697s] -- Up-to-date symlink: /home/subun/eyrc_hb/hb_task1b_ws/install/my_robot_interfaces_e/local/lib/python3.10/dist-packages/my_robot_interfaces_e/my_robot_interfaces_e_s__rosidl_typesupport_fastrtps_c.cpython-310-x86_64-linux-gnu.so
[2.697s] -- Up-to-date symlink: /home/subun/eyrc_hb/hb_task1b_ws/install/my_robot_interfaces_e/local/lib/python3.10/dist-packages/my_robot_interfaces_e/my_robot_interfaces_e_s__rosidl_typesupport_introspection_c.cpython-310-x86_64-linux-gnu.so
[2.697s] -- Up-to-date symlink: /home/subun/eyrc_hb/hb_task1b_ws/install/my_robot_interfaces_e/local/lib/python3.10/dist-packages/my_robot_interfaces_e/my_robot_interfaces_e_s__rosidl_typesupport_c.cpython-310-x86_64-linux-gnu.so
[2.697s] -- Symlinking: /home/subun/eyrc_hb/hb_task1b_ws/install/my_robot_interfaces_e/share/my_robot_interfaces_e/srv/NextGoal.idl
[2.702s] -- Symlinking: /home/subun/eyrc_hb/hb_task1b_ws/install/my_robot_interfaces_e/share/my_robot_interfaces_e/srv/NextGoal.srv
[2.707s] -- Symlinking: /home/subun/eyrc_hb/hb_task1b_ws/install/my_robot_interfaces_e/share/my_robot_interfaces_e/srv/NextGoal_Request.msg
[2.712s] -- Symlinking: /home/subun/eyrc_hb/hb_task1b_ws/install/my_robot_interfaces_e/share/my_robot_interfaces_e/srv/NextGoal_Response.msg
[2.717s] -- Symlinking: /home/subun/eyrc_hb/hb_task1b_ws/install/my_robot_interfaces_e/share/ament_index/resource_index/package_run_dependencies/my_robot_interfaces_e
[2.723s] -- Symlinking: /home/subun/eyrc_hb/hb_task1b_ws/install/my_robot_interfaces_e/share/ament_index/resource_index/parent_prefix_path/my_robot_interfaces_e
[2.728s] -- Symlinking: /home/subun/eyrc_hb/hb_task1b_ws/install/my_robot_interfaces_e/share/my_robot_interfaces_e/environment/ament_prefix_path.sh
[2.732s] -- Symlinking: /home/subun/eyrc_hb/hb_task1b_ws/install/my_robot_interfaces_e/share/my_robot_interfaces_e/environment/ament_prefix_path.dsv
[2.737s] -- Symlinking: /home/subun/eyrc_hb/hb_task1b_ws/install/my_robot_interfaces_e/share/my_robot_interfaces_e/environment/path.sh
[2.742s] -- Symlinking: /home/subun/eyrc_hb/hb_task1b_ws/install/my_robot_interfaces_e/share/my_robot_interfaces_e/environment/path.dsv
[2.747s] -- Symlinking: /home/subun/eyrc_hb/hb_task1b_ws/install/my_robot_interfaces_e/share/my_robot_interfaces_e/local_setup.bash
[2.752s] -- Symlinking: /home/subun/eyrc_hb/hb_task1b_ws/install/my_robot_interfaces_e/share/my_robot_interfaces_e/local_setup.sh
[2.756s] -- Symlinking: /home/subun/eyrc_hb/hb_task1b_ws/install/my_robot_interfaces_e/share/my_robot_interfaces_e/local_setup.zsh
[2.761s] -- Symlinking: /home/subun/eyrc_hb/hb_task1b_ws/install/my_robot_interfaces_e/share/my_robot_interfaces_e/local_setup.dsv
[2.766s] -- Symlinking: /home/subun/eyrc_hb/hb_task1b_ws/install/my_robot_interfaces_e/share/my_robot_interfaces_e/package.dsv
[2.771s] -- Symlinking: /home/subun/eyrc_hb/hb_task1b_ws/install/my_robot_interfaces_e/share/ament_index/resource_index/packages/my_robot_interfaces_e
[2.776s] -- Symlinking: /home/subun/eyrc_hb/hb_task1b_ws/install/my_robot_interfaces_e/share/my_robot_interfaces_e/cmake/rosidl_cmake-extras.cmake
[2.781s] -- Symlinking: /home/subun/eyrc_hb/hb_task1b_ws/install/my_robot_interfaces_e/share/my_robot_interfaces_e/cmake/ament_cmake_export_include_directories-extras.cmake
[2.786s] -- Symlinking: /home/subun/eyrc_hb/hb_task1b_ws/install/my_robot_interfaces_e/share/my_robot_interfaces_e/cmake/ament_cmake_export_libraries-extras.cmake
[2.790s] -- Symlinking: /home/subun/eyrc_hb/hb_task1b_ws/install/my_robot_interfaces_e/share/my_robot_interfaces_e/cmake/ament_cmake_export_targets-extras.cmake
[2.796s] -- Symlinking: /home/subun/eyrc_hb/hb_task1b_ws/install/my_robot_interfaces_e/share/my_robot_interfaces_e/cmake/rosidl_cmake_export_typesupport_targets-extras.cmake
[2.801s] -- Symlinking: /home/subun/eyrc_hb/hb_task1b_ws/install/my_robot_interfaces_e/share/my_robot_interfaces_e/cmake/ament_cmake_export_dependencies-extras.cmake
[2.805s] -- Symlinking: /home/subun/eyrc_hb/hb_task1b_ws/install/my_robot_interfaces_e/share/my_robot_interfaces_e/cmake/rosidl_cmake_export_typesupport_libraries-extras.cmake
[2.810s] -- Symlinking: /home/subun/eyrc_hb/hb_task1b_ws/install/my_robot_interfaces_e/share/my_robot_interfaces_e/cmake/my_robot_interfaces_eConfig.cmake
[2.815s] -- Symlinking: /home/subun/eyrc_hb/hb_task1b_ws/install/my_robot_interfaces_e/share/my_robot_interfaces_e/cmake/my_robot_interfaces_eConfig-version.cmake
[2.820s] -- Symlinking: /home/subun/eyrc_hb/hb_task1b_ws/install/my_robot_interfaces_e/share/my_robot_interfaces_e/package.xml
[2.825s] -- Installing: /home/subun/eyrc_hb/hb_task1b_ws/install/my_robot_interfaces_e/lib/libmy_robot_interfaces_e__rosidl_generator_c.so
[2.825s] -- Set runtime path of "/home/subun/eyrc_hb/hb_task1b_ws/install/my_robot_interfaces_e/lib/libmy_robot_interfaces_e__rosidl_generator_c.so" to ""
[2.825s] -- Installing: /home/subun/eyrc_hb/hb_task1b_ws/install/my_robot_interfaces_e/lib/libmy_robot_interfaces_e__rosidl_typesupport_fastrtps_c.so
[2.826s] -- Set runtime path of "/home/subun/eyrc_hb/hb_task1b_ws/install/my_robot_interfaces_e/lib/libmy_robot_interfaces_e__rosidl_typesupport_fastrtps_c.so" to ""
[2.826s] -- Installing: /home/subun/eyrc_hb/hb_task1b_ws/install/my_robot_interfaces_e/lib/libmy_robot_interfaces_e__rosidl_typesupport_introspection_c.so
[2.826s] -- Set runtime path of "/home/subun/eyrc_hb/hb_task1b_ws/install/my_robot_interfaces_e/lib/libmy_robot_interfaces_e__rosidl_typesupport_introspection_c.so" to ""
[2.826s] -- Installing: /home/subun/eyrc_hb/hb_task1b_ws/install/my_robot_interfaces_e/lib/libmy_robot_interfaces_e__rosidl_typesupport_c.so
[2.826s] -- Set runtime path of "/home/subun/eyrc_hb/hb_task1b_ws/install/my_robot_interfaces_e/lib/libmy_robot_interfaces_e__rosidl_typesupport_c.so" to ""
[2.826s] -- Installing: /home/subun/eyrc_hb/hb_task1b_ws/install/my_robot_interfaces_e/lib/libmy_robot_interfaces_e__rosidl_typesupport_fastrtps_cpp.so
[2.826s] -- Set runtime path of "/home/subun/eyrc_hb/hb_task1b_ws/install/my_robot_interfaces_e/lib/libmy_robot_interfaces_e__rosidl_typesupport_fastrtps_cpp.so" to ""
[2.826s] -- Installing: /home/subun/eyrc_hb/hb_task1b_ws/install/my_robot_interfaces_e/lib/libmy_robot_interfaces_e__rosidl_typesupport_introspection_cpp.so
[2.826s] -- Set runtime path of "/home/subun/eyrc_hb/hb_task1b_ws/install/my_robot_interfaces_e/lib/libmy_robot_interfaces_e__rosidl_typesupport_introspection_cpp.so" to ""
[2.826s] -- Installing: /home/subun/eyrc_hb/hb_task1b_ws/install/my_robot_interfaces_e/lib/libmy_robot_interfaces_e__rosidl_typesupport_cpp.so
[2.826s] -- Set runtime path of "/home/subun/eyrc_hb/hb_task1b_ws/install/my_robot_interfaces_e/lib/libmy_robot_interfaces_e__rosidl_typesupport_cpp.so" to ""
[2.847s] Listing '/home/subun/eyrc_hb/hb_task1b_ws/install/my_robot_interfaces_e/local/lib/python3.10/dist-packages/my_robot_interfaces_e'...
[2.848s] Compiling '/home/subun/eyrc_hb/hb_task1b_ws/install/my_robot_interfaces_e/local/lib/python3.10/dist-packages/my_robot_interfaces_e/__init__.py'...
[2.848s] Listing '/home/subun/eyrc_hb/hb_task1b_ws/install/my_robot_interfaces_e/local/lib/python3.10/dist-packages/my_robot_interfaces_e/srv'...
[2.848s] Compiling '/home/subun/eyrc_hb/hb_task1b_ws/install/my_robot_interfaces_e/local/lib/python3.10/dist-packages/my_robot_interfaces_e/srv/__init__.py'...
[2.848s] Compiling '/home/subun/eyrc_hb/hb_task1b_ws/install/my_robot_interfaces_e/local/lib/python3.10/dist-packages/my_robot_interfaces_e/srv/_next_goal.py'...
[2.850s] -- Installing: /home/subun/eyrc_hb/hb_task1b_ws/install/my_robot_interfaces_e/lib/libmy_robot_interfaces_e__rosidl_generator_py.so
[2.851s] -- Set runtime path of "/home/subun/eyrc_hb/hb_task1b_ws/install/my_robot_interfaces_e/lib/libmy_robot_interfaces_e__rosidl_generator_py.so" to ""
[2.851s] -- Installing: /home/subun/eyrc_hb/hb_task1b_ws/install/my_robot_interfaces_e/share/my_robot_interfaces_e/cmake/export_my_robot_interfaces_e__rosidl_generator_cExport.cmake
[2.851s] -- Installing: /home/subun/eyrc_hb/hb_task1b_ws/install/my_robot_interfaces_e/share/my_robot_interfaces_e/cmake/export_my_robot_interfaces_e__rosidl_generator_cExport-noconfig.cmake
[2.851s] -- Installing: /home/subun/eyrc_hb/hb_task1b_ws/install/my_robot_interfaces_e/share/my_robot_interfaces_e/cmake/export_my_robot_interfaces_e__rosidl_typesupport_fastrtps_cExport.cmake
[2.851s] -- Installing: /home/subun/eyrc_hb/hb_task1b_ws/install/my_robot_interfaces_e/share/my_robot_interfaces_e/cmake/export_my_robot_interfaces_e__rosidl_typesupport_fastrtps_cExport-noconfig.cmake
[2.851s] -- Installing: /home/subun/eyrc_hb/hb_task1b_ws/install/my_robot_interfaces_e/share/my_robot_interfaces_e/cmake/my_robot_interfaces_e__rosidl_typesupport_introspection_cExport.cmake
[2.851s] -- Installing: /home/subun/eyrc_hb/hb_task1b_ws/install/my_robot_interfaces_e/share/my_robot_interfaces_e/cmake/my_robot_interfaces_e__rosidl_typesupport_introspection_cExport-noconfig.cmake
[2.851s] -- Installing: /home/subun/eyrc_hb/hb_task1b_ws/install/my_robot_interfaces_e/share/my_robot_interfaces_e/cmake/my_robot_interfaces_e__rosidl_typesupport_cExport.cmake
[2.851s] -- Installing: /home/subun/eyrc_hb/hb_task1b_ws/install/my_robot_interfaces_e/share/my_robot_interfaces_e/cmake/my_robot_interfaces_e__rosidl_typesupport_cExport-noconfig.cmake
[2.851s] -- Installing: /home/subun/eyrc_hb/hb_task1b_ws/install/my_robot_interfaces_e/share/my_robot_interfaces_e/cmake/export_my_robot_interfaces_e__rosidl_generator_cppExport.cmake
[2.851s] -- Installing: /home/subun/eyrc_hb/hb_task1b_ws/install/my_robot_interfaces_e/share/my_robot_interfaces_e/cmake/export_my_robot_interfaces_e__rosidl_typesupport_fastrtps_cppExport.cmake
[2.851s] -- Installing: /home/subun/eyrc_hb/hb_task1b_ws/install/my_robot_interfaces_e/share/my_robot_interfaces_e/cmake/export_my_robot_interfaces_e__rosidl_typesupport_fastrtps_cppExport-noconfig.cmake
[2.852s] -- Installing: /home/subun/eyrc_hb/hb_task1b_ws/install/my_robot_interfaces_e/share/my_robot_interfaces_e/cmake/my_robot_interfaces_e__rosidl_typesupport_introspection_cppExport.cmake
[2.852s] -- Installing: /home/subun/eyrc_hb/hb_task1b_ws/install/my_robot_interfaces_e/share/my_robot_interfaces_e/cmake/my_robot_interfaces_e__rosidl_typesupport_introspection_cppExport-noconfig.cmake
[2.852s] -- Installing: /home/subun/eyrc_hb/hb_task1b_ws/install/my_robot_interfaces_e/share/my_robot_interfaces_e/cmake/my_robot_interfaces_e__rosidl_typesupport_cppExport.cmake
[2.852s] -- Installing: /home/subun/eyrc_hb/hb_task1b_ws/install/my_robot_interfaces_e/share/my_robot_interfaces_e/cmake/my_robot_interfaces_e__rosidl_typesupport_cppExport-noconfig.cmake
[2.852s] -- Installing: /home/subun/eyrc_hb/hb_task1b_ws/install/my_robot_interfaces_e/share/my_robot_interfaces_e/cmake/export_my_robot_interfaces_e__rosidl_generator_pyExport.cmake
[2.852s] -- Installing: /home/subun/eyrc_hb/hb_task1b_ws/install/my_robot_interfaces_e/share/my_robot_interfaces_e/cmake/export_my_robot_interfaces_e__rosidl_generator_pyExport-noconfig.cmake
[2.853s] Invoked command in '/home/subun/eyrc_hb/hb_task1b_ws/build/my_robot_interfaces_e' returned '0': CMAKE_PREFIX_PATH=${CMAKE_PREFIX_PATH}:/home/subun/eyrc_hb/hb_task1b_ws/install/hb_task_1b:/home/subun/eyrc_hb/hb_task1a_ws/install/hb_task_1a:/home/subun/ros_ws/install/robot:/opt/ros/humble /usr/bin/cmake --install /home/subun/eyrc_hb/hb_task1b_ws/build/my_robot_interfaces_e
