/home/ritesh/eyrc23_hb_1796/hb_task1b_ws/install/hb_task_1b/lib/python3.10/site-packages/hb_task_1b/service_node.py
/home/ritesh/eyrc23_hb_1796/hb_task1b_ws/install/hb_task_1b/lib/python3.10/site-packages/hb_task_1b/__init__.py
/home/ritesh/eyrc23_hb_1796/hb_task1b_ws/install/hb_task_1b/lib/python3.10/site-packages/hb_task_1b/__pycache__/service_node.cpython-310.pyc
/home/ritesh/eyrc23_hb_1796/hb_task1b_ws/install/hb_task_1b/lib/python3.10/site-packages/hb_task_1b/__pycache__/__init__.cpython-310.pyc
/home/ritesh/eyrc23_hb_1796/hb_task1b_ws/install/hb_task_1b/share/ament_index/resource_index/packages/hb_task_1b
/home/ritesh/eyrc23_hb_1796/hb_task1b_ws/install/hb_task_1b/share/hb_task_1b/package.xml
/home/ritesh/eyrc23_hb_1796/hb_task1b_ws/install/hb_task_1b/share/hb_task_1b/launch/gazebo.launch.py
/home/ritesh/eyrc23_hb_1796/hb_task1b_ws/install/hb_task_1b/share/hb_task_1b/launch/hb_task1b.launch.py
/home/ritesh/eyrc23_hb_1796/hb_task1b_ws/install/hb_task_1b/share/hb_task_1b/urdf/hb_bot.urdf.xacro
/home/ritesh/eyrc23_hb_1796/hb_task1b_ws/install/hb_task_1b/share/hb_task_1b/urdf/materials.xacro
/home/ritesh/eyrc23_hb_1796/hb_task1b_ws/install/hb_task_1b/share/hb_task_1b/meshes/17eyantra_logo_large e.png
/home/ritesh/eyrc23_hb_1796/hb_task1b_ws/install/hb_task_1b/share/hb_task_1b/meshes/wheel.stl
/home/ritesh/eyrc23_hb_1796/hb_task1b_ws/install/hb_task_1b/share/hb_task_1b/meshes/base.dae
/home/ritesh/eyrc23_hb_1796/hb_task1b_ws/install/hb_task_1b/lib/python3.10/site-packages/hb_task_1b-0.0.0-py3.10.egg-info/zip-safe
/home/ritesh/eyrc23_hb_1796/hb_task1b_ws/install/hb_task_1b/lib/python3.10/site-packages/hb_task_1b-0.0.0-py3.10.egg-info/PKG-INFO
/home/ritesh/eyrc23_hb_1796/hb_task1b_ws/install/hb_task_1b/lib/python3.10/site-packages/hb_task_1b-0.0.0-py3.10.egg-info/SOURCES.txt
/home/ritesh/eyrc23_hb_1796/hb_task1b_ws/install/hb_task_1b/lib/python3.10/site-packages/hb_task_1b-0.0.0-py3.10.egg-info/entry_points.txt
/home/ritesh/eyrc23_hb_1796/hb_task1b_ws/install/hb_task_1b/lib/python3.10/site-packages/hb_task_1b-0.0.0-py3.10.egg-info/dependency_links.txt
/home/ritesh/eyrc23_hb_1796/hb_task1b_ws/install/hb_task_1b/lib/python3.10/site-packages/hb_task_1b-0.0.0-py3.10.egg-info/top_level.txt
/home/ritesh/eyrc23_hb_1796/hb_task1b_ws/install/hb_task_1b/lib/python3.10/site-packages/hb_task_1b-0.0.0-py3.10.egg-info/requires.txt
/home/ritesh/eyrc23_hb_1796/hb_task1b_ws/install/hb_task_1b/lib/hb_task_1b/service_node1
