[0.164s] Invoking command in '/home/ritesh/eyrc23_hb_1796/hb_task1b_ws/build/my_robot_interfaces_e': CMAKE_PREFIX_PATH=/home/ritesh/eyrc23_hb_1796/hb_task1a_ws/install/hb_task_1a:/opt/ros/humble /usr/bin/cmake /home/ritesh/eyrc23_hb_1796/hb_task1b_ws/src/my_robot_interfaces_e -DCMAKE_INSTALL_PREFIX=/home/ritesh/eyrc23_hb_1796/hb_task1b_ws/install/my_robot_interfaces_e
[0.243s] -- The C compiler identification is GNU 11.4.0
[0.307s] -- The CXX compiler identification is GNU 11.4.0
[0.315s] -- Detecting C compiler ABI info
[0.365s] -- Detecting C compiler ABI info - done
[0.373s] -- Check for working C compiler: /usr/bin/cc - skipped
[0.374s] -- Detecting C compile features
[0.374s] -- Detecting C compile features - done
[0.378s] -- Detecting CXX compiler ABI info
[0.435s] -- Detecting CXX compiler ABI info - done
[0.443s] -- Check for working CXX compiler: /usr/bin/c++ - skipped
[0.443s] -- Detecting CXX compile features
[0.443s] -- Detecting CXX compile features - done
[0.449s] -- Found ament_cmake: 1.3.5 (/opt/ros/humble/share/ament_cmake/cmake)
[0.581s] -- Found Python3: /usr/bin/python3.10 (found version "3.10.12") found components: Interpreter 
[0.653s] -- Found rosidl_default_generators: 1.2.0 (/opt/ros/humble/share/rosidl_default_generators/cmake)
[0.656s] -- Using all available rosidl_typesupport_c: rosidl_typesupport_fastrtps_c;rosidl_typesupport_introspection_c
[0.661s] -- Found rosidl_adapter: 3.1.5 (/opt/ros/humble/share/rosidl_adapter/cmake)
[0.692s] -- Using all available rosidl_typesupport_cpp: rosidl_typesupport_fastrtps_cpp;rosidl_typesupport_introspection_cpp
[0.869s] -- Found ament_cmake_ros: 0.10.0 (/opt/ros/humble/share/ament_cmake_ros/cmake)
[0.995s] -- Using all available rosidl_typesupport_c: rosidl_typesupport_fastrtps_c;rosidl_typesupport_introspection_c
[1.144s] -- Using all available rosidl_typesupport_cpp: rosidl_typesupport_fastrtps_cpp;rosidl_typesupport_introspection_cpp
[1.158s] -- Found PythonInterp: /usr/bin/python3 (found suitable version "3.10.12", minimum required is "3.6") 
[1.159s] -- Found python_cmake_module: 0.10.0 (/opt/ros/humble/share/python_cmake_module/cmake)
[1.176s] -- Found PythonLibs: /usr/lib/x86_64-linux-gnu/libpython3.10.so (found suitable version "3.10.12", minimum required is "3.5") 
[1.176s] -- Using PYTHON_EXECUTABLE: /usr/bin/python3
[1.176s] -- Using PYTHON_INCLUDE_DIRS: /usr/include/python3.10
[1.176s] -- Using PYTHON_LIBRARIES: /usr/lib/x86_64-linux-gnu/libpython3.10.so
[1.189s] -- Found PythonExtra: .so  
[1.213s] -- Configuring done
[1.226s] -- Generating done
[1.228s] -- Build files have been written to: /home/ritesh/eyrc23_hb_1796/hb_task1b_ws/build/my_robot_interfaces_e
[1.232s] Invoked command in '/home/ritesh/eyrc23_hb_1796/hb_task1b_ws/build/my_robot_interfaces_e' returned '0': CMAKE_PREFIX_PATH=/home/ritesh/eyrc23_hb_1796/hb_task1a_ws/install/hb_task_1a:/opt/ros/humble /usr/bin/cmake /home/ritesh/eyrc23_hb_1796/hb_task1b_ws/src/my_robot_interfaces_e -DCMAKE_INSTALL_PREFIX=/home/ritesh/eyrc23_hb_1796/hb_task1b_ws/install/my_robot_interfaces_e
[1.234s] Invoking command in '/home/ritesh/eyrc23_hb_1796/hb_task1b_ws/build/my_robot_interfaces_e': CMAKE_PREFIX_PATH=/home/ritesh/eyrc23_hb_1796/hb_task1a_ws/install/hb_task_1a:/opt/ros/humble /usr/bin/cmake --build /home/ritesh/eyrc23_hb_1796/hb_task1b_ws/build/my_robot_interfaces_e -- -j12 -l12
[1.256s] [  3%] [34m[1mGenerating C code for ROS interfaces[0m
[1.263s] [  6%] [34m[1mGenerating C++ code for ROS interfaces[0m
[1.273s] [  6%] Built target ament_cmake_python_copy_my_robot_interfaces_e
[1.455s] running egg_info
[1.455s] creating my_robot_interfaces_e.egg-info
[1.455s] writing my_robot_interfaces_e.egg-info/PKG-INFO
[1.455s] writing dependency_links to my_robot_interfaces_e.egg-info/dependency_links.txt
[1.456s] writing top-level names to my_robot_interfaces_e.egg-info/top_level.txt
[1.456s] writing manifest file 'my_robot_interfaces_e.egg-info/SOURCES.txt'
[1.457s] reading manifest file 'my_robot_interfaces_e.egg-info/SOURCES.txt'
[1.458s] writing manifest file 'my_robot_interfaces_e.egg-info/SOURCES.txt'
[1.478s] [  6%] Built target my_robot_interfaces_e__cpp
[1.480s] [  6%] Built target ament_cmake_python_build_my_robot_interfaces_e_egg
[1.486s] [  9%] [34m[1mGenerating C++ type support for eProsima Fast-RTPS[0m
[1.486s] [ 12%] [34m[1mGenerating C++ type support dispatch for ROS interfaces[0m
[1.488s] [ 16%] [34m[1mGenerating C++ introspection for ROS interfaces[0m
[1.584s] [ 19%] [32mBuilding C object CMakeFiles/my_robot_interfaces_e__rosidl_generator_c.dir/rosidl_generator_c/my_robot_interfaces_e/srv/detail/next_goal__functions.c.o[0m
[1.665s] [ 22%] [32m[1mLinking C shared library libmy_robot_interfaces_e__rosidl_generator_c.so[0m
[1.707s] [ 22%] Built target my_robot_interfaces_e__rosidl_generator_c
[1.718s] [ 29%] [34m[1mGenerating C introspection for ROS interfaces[0m
[1.718s] [ 29%] [34m[1mGenerating C type support dispatch for ROS interfaces[0m
[1.718s] [ 32%] [34m[1mGenerating C type support for eProsima Fast-RTPS[0m
[1.720s] [ 35%] [32mBuilding CXX object CMakeFiles/my_robot_interfaces_e__rosidl_typesupport_fastrtps_cpp.dir/rosidl_typesupport_fastrtps_cpp/my_robot_interfaces_e/srv/detail/dds_fastrtps/next_goal__type_support.cpp.o[0m
[1.727s] [ 38%] [32mBuilding CXX object CMakeFiles/my_robot_interfaces_e__rosidl_typesupport_introspection_cpp.dir/rosidl_typesupport_introspection_cpp/my_robot_interfaces_e/srv/detail/next_goal__type_support.cpp.o[0m
[1.780s] [ 41%] [32mBuilding CXX object CMakeFiles/my_robot_interfaces_e__rosidl_typesupport_cpp.dir/rosidl_typesupport_cpp/my_robot_interfaces_e/srv/next_goal__type_support.cpp.o[0m
[1.977s] [ 45%] [32mBuilding CXX object CMakeFiles/my_robot_interfaces_e__rosidl_typesupport_c.dir/rosidl_typesupport_c/my_robot_interfaces_e/srv/next_goal__type_support.cpp.o[0m
[2.002s] [ 48%] [32mBuilding C object CMakeFiles/my_robot_interfaces_e__rosidl_typesupport_introspection_c.dir/rosidl_typesupport_introspection_c/my_robot_interfaces_e/srv/detail/next_goal__type_support.c.o[0m
[2.012s] [ 51%] [32m[1mLinking CXX shared library libmy_robot_interfaces_e__rosidl_typesupport_c.so[0m
[2.036s] [ 54%] [32m[1mLinking C shared library libmy_robot_interfaces_e__rosidl_typesupport_introspection_c.so[0m
[2.065s] [ 54%] Built target my_robot_interfaces_e__rosidl_typesupport_c
[2.066s] [ 54%] Built target my_robot_interfaces_e__rosidl_typesupport_introspection_c
[2.105s] [ 58%] [32mBuilding CXX object CMakeFiles/my_robot_interfaces_e__rosidl_typesupport_fastrtps_c.dir/rosidl_typesupport_fastrtps_c/my_robot_interfaces_e/srv/detail/next_goal__type_support_c.cpp.o[0m
[2.134s] [ 61%] [32m[1mLinking CXX shared library libmy_robot_interfaces_e__rosidl_typesupport_cpp.so[0m
[2.169s] [ 61%] Built target my_robot_interfaces_e__rosidl_typesupport_cpp
[2.195s] [ 64%] [32m[1mLinking CXX shared library libmy_robot_interfaces_e__rosidl_typesupport_fastrtps_cpp.so[0m
[2.258s] [ 64%] Built target my_robot_interfaces_e__rosidl_typesupport_fastrtps_cpp
[2.265s] [ 67%] [32m[1mLinking CXX shared library libmy_robot_interfaces_e__rosidl_typesupport_introspection_cpp.so[0m
[2.295s] [ 67%] Built target my_robot_interfaces_e__rosidl_typesupport_introspection_cpp
[2.369s] [ 70%] [32m[1mLinking CXX shared library libmy_robot_interfaces_e__rosidl_typesupport_fastrtps_c.so[0m
[2.415s] [ 70%] Built target my_robot_interfaces_e__rosidl_typesupport_fastrtps_c
[2.427s] [ 70%] Built target my_robot_interfaces_e
[2.440s] [ 74%] [34m[1mGenerating Python code for ROS interfaces[0m
[2.645s] [ 74%] Built target my_robot_interfaces_e__py
[2.657s] [ 77%] [32mBuilding C object CMakeFiles/my_robot_interfaces_e__rosidl_generator_py.dir/rosidl_generator_py/my_robot_interfaces_e/srv/_next_goal_s.c.o[0m
[2.733s] [ 80%] [32m[1mLinking C shared library rosidl_generator_py/my_robot_interfaces_e/libmy_robot_interfaces_e__rosidl_generator_py.so[0m
[2.756s] [ 80%] Built target my_robot_interfaces_e__rosidl_generator_py
[2.769s] [ 83%] [32mBuilding C object CMakeFiles/my_robot_interfaces_e__rosidl_typesupport_fastrtps_c__pyext.dir/rosidl_generator_py/my_robot_interfaces_e/_my_robot_interfaces_e_s.ep.rosidl_typesupport_fastrtps_c.c.o[0m
[2.769s] [ 87%] [32mBuilding C object CMakeFiles/my_robot_interfaces_e__rosidl_typesupport_introspection_c__pyext.dir/rosidl_generator_py/my_robot_interfaces_e/_my_robot_interfaces_e_s.ep.rosidl_typesupport_introspection_c.c.o[0m
[2.774s] [ 90%] [32mBuilding C object CMakeFiles/my_robot_interfaces_e__rosidl_typesupport_c__pyext.dir/rosidl_generator_py/my_robot_interfaces_e/_my_robot_interfaces_e_s.ep.rosidl_typesupport_c.c.o[0m
[2.833s] [ 93%] [32m[1mLinking C shared library rosidl_generator_py/my_robot_interfaces_e/my_robot_interfaces_e_s__rosidl_typesupport_introspection_c.cpython-310-x86_64-linux-gnu.so[0m
[2.838s] [ 96%] [32m[1mLinking C shared library rosidl_generator_py/my_robot_interfaces_e/my_robot_interfaces_e_s__rosidl_typesupport_fastrtps_c.cpython-310-x86_64-linux-gnu.so[0m
[2.857s] [ 96%] Built target my_robot_interfaces_e__rosidl_typesupport_introspection_c__pyext
[2.863s] [ 96%] Built target my_robot_interfaces_e__rosidl_typesupport_fastrtps_c__pyext
[2.867s] [100%] [32m[1mLinking C shared library rosidl_generator_py/my_robot_interfaces_e/my_robot_interfaces_e_s__rosidl_typesupport_c.cpython-310-x86_64-linux-gnu.so[0m
[2.889s] [100%] Built target my_robot_interfaces_e__rosidl_typesupport_c__pyext
[2.898s] Invoked command in '/home/ritesh/eyrc23_hb_1796/hb_task1b_ws/build/my_robot_interfaces_e' returned '0': CMAKE_PREFIX_PATH=/home/ritesh/eyrc23_hb_1796/hb_task1a_ws/install/hb_task_1a:/opt/ros/humble /usr/bin/cmake --build /home/ritesh/eyrc23_hb_1796/hb_task1b_ws/build/my_robot_interfaces_e -- -j12 -l12
[2.939s] Invoking command in '/home/ritesh/eyrc23_hb_1796/hb_task1b_ws/build/my_robot_interfaces_e': CMAKE_PREFIX_PATH=/home/ritesh/eyrc23_hb_1796/hb_task1a_ws/install/hb_task_1a:/opt/ros/humble /usr/bin/cmake --install /home/ritesh/eyrc23_hb_1796/hb_task1b_ws/build/my_robot_interfaces_e
[2.944s] -- Install configuration: ""
[2.945s] -- Installing: /home/ritesh/eyrc23_hb_1796/hb_task1b_ws/install/my_robot_interfaces_e/share/ament_index/resource_index/rosidl_interfaces/my_robot_interfaces_e
[2.945s] -- Installing: /home/ritesh/eyrc23_hb_1796/hb_task1b_ws/install/my_robot_interfaces_e/include/my_robot_interfaces_e/my_robot_interfaces_e
[2.945s] -- Installing: /home/ritesh/eyrc23_hb_1796/hb_task1b_ws/install/my_robot_interfaces_e/include/my_robot_interfaces_e/my_robot_interfaces_e/srv
[2.945s] -- Installing: /home/ritesh/eyrc23_hb_1796/hb_task1b_ws/install/my_robot_interfaces_e/include/my_robot_interfaces_e/my_robot_interfaces_e/srv/next_goal.h
[2.945s] -- Installing: /home/ritesh/eyrc23_hb_1796/hb_task1b_ws/install/my_robot_interfaces_e/include/my_robot_interfaces_e/my_robot_interfaces_e/srv/detail
[2.945s] -- Installing: /home/ritesh/eyrc23_hb_1796/hb_task1b_ws/install/my_robot_interfaces_e/include/my_robot_interfaces_e/my_robot_interfaces_e/srv/detail/next_goal__functions.h
[2.945s] -- Installing: /home/ritesh/eyrc23_hb_1796/hb_task1b_ws/install/my_robot_interfaces_e/include/my_robot_interfaces_e/my_robot_interfaces_e/srv/detail/next_goal__type_support.h
[2.946s] -- Installing: /home/ritesh/eyrc23_hb_1796/hb_task1b_ws/install/my_robot_interfaces_e/include/my_robot_interfaces_e/my_robot_interfaces_e/srv/detail/next_goal__struct.h
[2.946s] -- Installing: /home/ritesh/eyrc23_hb_1796/hb_task1b_ws/install/my_robot_interfaces_e/include/my_robot_interfaces_e/my_robot_interfaces_e/srv/detail/next_goal__functions.c
[2.946s] -- Installing: /home/ritesh/eyrc23_hb_1796/hb_task1b_ws/install/my_robot_interfaces_e/include/my_robot_interfaces_e/my_robot_interfaces_e/msg
[2.946s] -- Installing: /home/ritesh/eyrc23_hb_1796/hb_task1b_ws/install/my_robot_interfaces_e/include/my_robot_interfaces_e/my_robot_interfaces_e/msg/rosidl_generator_c__visibility_control.h
[2.946s] -- Installing: /home/ritesh/eyrc23_hb_1796/hb_task1b_ws/install/my_robot_interfaces_e/share/my_robot_interfaces_e/environment/library_path.sh
[2.946s] -- Installing: /home/ritesh/eyrc23_hb_1796/hb_task1b_ws/install/my_robot_interfaces_e/share/my_robot_interfaces_e/environment/library_path.dsv
[2.946s] -- Installing: /home/ritesh/eyrc23_hb_1796/hb_task1b_ws/install/my_robot_interfaces_e/lib/libmy_robot_interfaces_e__rosidl_generator_c.so
[2.946s] -- Set runtime path of "/home/ritesh/eyrc23_hb_1796/hb_task1b_ws/install/my_robot_interfaces_e/lib/libmy_robot_interfaces_e__rosidl_generator_c.so" to ""
[2.946s] -- Up-to-date: /home/ritesh/eyrc23_hb_1796/hb_task1b_ws/install/my_robot_interfaces_e/include/my_robot_interfaces_e/my_robot_interfaces_e
[2.946s] -- Up-to-date: /home/ritesh/eyrc23_hb_1796/hb_task1b_ws/install/my_robot_interfaces_e/include/my_robot_interfaces_e/my_robot_interfaces_e/srv
[2.946s] -- Up-to-date: /home/ritesh/eyrc23_hb_1796/hb_task1b_ws/install/my_robot_interfaces_e/include/my_robot_interfaces_e/my_robot_interfaces_e/srv/detail
[2.947s] -- Installing: /home/ritesh/eyrc23_hb_1796/hb_task1b_ws/install/my_robot_interfaces_e/include/my_robot_interfaces_e/my_robot_interfaces_e/srv/detail/next_goal__rosidl_typesupport_fastrtps_c.h
[2.947s] -- Up-to-date: /home/ritesh/eyrc23_hb_1796/hb_task1b_ws/install/my_robot_interfaces_e/include/my_robot_interfaces_e/my_robot_interfaces_e/msg
[2.947s] -- Installing: /home/ritesh/eyrc23_hb_1796/hb_task1b_ws/install/my_robot_interfaces_e/include/my_robot_interfaces_e/my_robot_interfaces_e/msg/rosidl_typesupport_fastrtps_c__visibility_control.h
[2.947s] -- Installing: /home/ritesh/eyrc23_hb_1796/hb_task1b_ws/install/my_robot_interfaces_e/lib/libmy_robot_interfaces_e__rosidl_typesupport_fastrtps_c.so
[2.947s] -- Set runtime path of "/home/ritesh/eyrc23_hb_1796/hb_task1b_ws/install/my_robot_interfaces_e/lib/libmy_robot_interfaces_e__rosidl_typesupport_fastrtps_c.so" to ""
[2.947s] -- Up-to-date: /home/ritesh/eyrc23_hb_1796/hb_task1b_ws/install/my_robot_interfaces_e/include/my_robot_interfaces_e/my_robot_interfaces_e
[2.947s] -- Up-to-date: /home/ritesh/eyrc23_hb_1796/hb_task1b_ws/install/my_robot_interfaces_e/include/my_robot_interfaces_e/my_robot_interfaces_e/srv
[2.947s] -- Up-to-date: /home/ritesh/eyrc23_hb_1796/hb_task1b_ws/install/my_robot_interfaces_e/include/my_robot_interfaces_e/my_robot_interfaces_e/srv/detail
[2.947s] -- Installing: /home/ritesh/eyrc23_hb_1796/hb_task1b_ws/install/my_robot_interfaces_e/include/my_robot_interfaces_e/my_robot_interfaces_e/srv/detail/next_goal__type_support.c
[2.947s] -- Installing: /home/ritesh/eyrc23_hb_1796/hb_task1b_ws/install/my_robot_interfaces_e/include/my_robot_interfaces_e/my_robot_interfaces_e/srv/detail/next_goal__rosidl_typesupport_introspection_c.h
[2.947s] -- Up-to-date: /home/ritesh/eyrc23_hb_1796/hb_task1b_ws/install/my_robot_interfaces_e/include/my_robot_interfaces_e/my_robot_interfaces_e/msg
[2.947s] -- Installing: /home/ritesh/eyrc23_hb_1796/hb_task1b_ws/install/my_robot_interfaces_e/include/my_robot_interfaces_e/my_robot_interfaces_e/msg/rosidl_typesupport_introspection_c__visibility_control.h
[2.947s] -- Installing: /home/ritesh/eyrc23_hb_1796/hb_task1b_ws/install/my_robot_interfaces_e/lib/libmy_robot_interfaces_e__rosidl_typesupport_introspection_c.so
[2.948s] -- Set runtime path of "/home/ritesh/eyrc23_hb_1796/hb_task1b_ws/install/my_robot_interfaces_e/lib/libmy_robot_interfaces_e__rosidl_typesupport_introspection_c.so" to ""
[2.948s] -- Installing: /home/ritesh/eyrc23_hb_1796/hb_task1b_ws/install/my_robot_interfaces_e/lib/libmy_robot_interfaces_e__rosidl_typesupport_c.so
[2.948s] -- Set runtime path of "/home/ritesh/eyrc23_hb_1796/hb_task1b_ws/install/my_robot_interfaces_e/lib/libmy_robot_interfaces_e__rosidl_typesupport_c.so" to ""
[2.948s] -- Up-to-date: /home/ritesh/eyrc23_hb_1796/hb_task1b_ws/install/my_robot_interfaces_e/include/my_robot_interfaces_e/my_robot_interfaces_e
[2.948s] -- Up-to-date: /home/ritesh/eyrc23_hb_1796/hb_task1b_ws/install/my_robot_interfaces_e/include/my_robot_interfaces_e/my_robot_interfaces_e/srv
[2.948s] -- Installing: /home/ritesh/eyrc23_hb_1796/hb_task1b_ws/install/my_robot_interfaces_e/include/my_robot_interfaces_e/my_robot_interfaces_e/srv/next_goal.hpp
[2.948s] -- Up-to-date: /home/ritesh/eyrc23_hb_1796/hb_task1b_ws/install/my_robot_interfaces_e/include/my_robot_interfaces_e/my_robot_interfaces_e/srv/detail
[2.948s] -- Installing: /home/ritesh/eyrc23_hb_1796/hb_task1b_ws/install/my_robot_interfaces_e/include/my_robot_interfaces_e/my_robot_interfaces_e/srv/detail/next_goal__traits.hpp
[2.948s] -- Installing: /home/ritesh/eyrc23_hb_1796/hb_task1b_ws/install/my_robot_interfaces_e/include/my_robot_interfaces_e/my_robot_interfaces_e/srv/detail/next_goal__struct.hpp
[2.948s] -- Installing: /home/ritesh/eyrc23_hb_1796/hb_task1b_ws/install/my_robot_interfaces_e/include/my_robot_interfaces_e/my_robot_interfaces_e/srv/detail/next_goal__builder.hpp
[2.948s] -- Up-to-date: /home/ritesh/eyrc23_hb_1796/hb_task1b_ws/install/my_robot_interfaces_e/include/my_robot_interfaces_e/my_robot_interfaces_e
[2.948s] -- Up-to-date: /home/ritesh/eyrc23_hb_1796/hb_task1b_ws/install/my_robot_interfaces_e/include/my_robot_interfaces_e/my_robot_interfaces_e/srv
[2.948s] -- Up-to-date: /home/ritesh/eyrc23_hb_1796/hb_task1b_ws/install/my_robot_interfaces_e/include/my_robot_interfaces_e/my_robot_interfaces_e/srv/detail
[2.948s] -- Installing: /home/ritesh/eyrc23_hb_1796/hb_task1b_ws/install/my_robot_interfaces_e/include/my_robot_interfaces_e/my_robot_interfaces_e/srv/detail/dds_fastrtps
[2.949s] -- Installing: /home/ritesh/eyrc23_hb_1796/hb_task1b_ws/install/my_robot_interfaces_e/include/my_robot_interfaces_e/my_robot_interfaces_e/srv/detail/next_goal__rosidl_typesupport_fastrtps_cpp.hpp
[2.949s] -- Up-to-date: /home/ritesh/eyrc23_hb_1796/hb_task1b_ws/install/my_robot_interfaces_e/include/my_robot_interfaces_e/my_robot_interfaces_e/msg
[2.949s] -- Installing: /home/ritesh/eyrc23_hb_1796/hb_task1b_ws/install/my_robot_interfaces_e/include/my_robot_interfaces_e/my_robot_interfaces_e/msg/rosidl_typesupport_fastrtps_cpp__visibility_control.h
[2.949s] -- Installing: /home/ritesh/eyrc23_hb_1796/hb_task1b_ws/install/my_robot_interfaces_e/lib/libmy_robot_interfaces_e__rosidl_typesupport_fastrtps_cpp.so
[2.949s] -- Set runtime path of "/home/ritesh/eyrc23_hb_1796/hb_task1b_ws/install/my_robot_interfaces_e/lib/libmy_robot_interfaces_e__rosidl_typesupport_fastrtps_cpp.so" to ""
[2.949s] -- Up-to-date: /home/ritesh/eyrc23_hb_1796/hb_task1b_ws/install/my_robot_interfaces_e/include/my_robot_interfaces_e/my_robot_interfaces_e
[2.949s] -- Up-to-date: /home/ritesh/eyrc23_hb_1796/hb_task1b_ws/install/my_robot_interfaces_e/include/my_robot_interfaces_e/my_robot_interfaces_e/srv
[2.949s] -- Up-to-date: /home/ritesh/eyrc23_hb_1796/hb_task1b_ws/install/my_robot_interfaces_e/include/my_robot_interfaces_e/my_robot_interfaces_e/srv/detail
[2.949s] -- Installing: /home/ritesh/eyrc23_hb_1796/hb_task1b_ws/install/my_robot_interfaces_e/include/my_robot_interfaces_e/my_robot_interfaces_e/srv/detail/next_goal__rosidl_typesupport_introspection_cpp.hpp
[2.949s] -- Installing: /home/ritesh/eyrc23_hb_1796/hb_task1b_ws/install/my_robot_interfaces_e/include/my_robot_interfaces_e/my_robot_interfaces_e/srv/detail/next_goal__type_support.cpp
[2.949s] -- Installing: /home/ritesh/eyrc23_hb_1796/hb_task1b_ws/install/my_robot_interfaces_e/lib/libmy_robot_interfaces_e__rosidl_typesupport_introspection_cpp.so
[2.949s] -- Set runtime path of "/home/ritesh/eyrc23_hb_1796/hb_task1b_ws/install/my_robot_interfaces_e/lib/libmy_robot_interfaces_e__rosidl_typesupport_introspection_cpp.so" to ""
[2.949s] -- Installing: /home/ritesh/eyrc23_hb_1796/hb_task1b_ws/install/my_robot_interfaces_e/lib/libmy_robot_interfaces_e__rosidl_typesupport_cpp.so
[2.949s] -- Set runtime path of "/home/ritesh/eyrc23_hb_1796/hb_task1b_ws/install/my_robot_interfaces_e/lib/libmy_robot_interfaces_e__rosidl_typesupport_cpp.so" to ""
[2.949s] -- Installing: /home/ritesh/eyrc23_hb_1796/hb_task1b_ws/install/my_robot_interfaces_e/share/my_robot_interfaces_e/environment/pythonpath.sh
[2.949s] -- Installing: /home/ritesh/eyrc23_hb_1796/hb_task1b_ws/install/my_robot_interfaces_e/share/my_robot_interfaces_e/environment/pythonpath.dsv
[2.950s] -- Installing: /home/ritesh/eyrc23_hb_1796/hb_task1b_ws/install/my_robot_interfaces_e/local/lib/python3.10/dist-packages/my_robot_interfaces_e-0.0.0-py3.10.egg-info
[2.950s] -- Installing: /home/ritesh/eyrc23_hb_1796/hb_task1b_ws/install/my_robot_interfaces_e/local/lib/python3.10/dist-packages/my_robot_interfaces_e-0.0.0-py3.10.egg-info/PKG-INFO
[2.950s] -- Installing: /home/ritesh/eyrc23_hb_1796/hb_task1b_ws/install/my_robot_interfaces_e/local/lib/python3.10/dist-packages/my_robot_interfaces_e-0.0.0-py3.10.egg-info/SOURCES.txt
[2.950s] -- Installing: /home/ritesh/eyrc23_hb_1796/hb_task1b_ws/install/my_robot_interfaces_e/local/lib/python3.10/dist-packages/my_robot_interfaces_e-0.0.0-py3.10.egg-info/dependency_links.txt
[2.950s] -- Installing: /home/ritesh/eyrc23_hb_1796/hb_task1b_ws/install/my_robot_interfaces_e/local/lib/python3.10/dist-packages/my_robot_interfaces_e-0.0.0-py3.10.egg-info/top_level.txt
[2.950s] -- Installing: /home/ritesh/eyrc23_hb_1796/hb_task1b_ws/install/my_robot_interfaces_e/local/lib/python3.10/dist-packages/my_robot_interfaces_e
[2.950s] -- Installing: /home/ritesh/eyrc23_hb_1796/hb_task1b_ws/install/my_robot_interfaces_e/local/lib/python3.10/dist-packages/my_robot_interfaces_e/my_robot_interfaces_e_s__rosidl_typesupport_fastrtps_c.cpython-310-x86_64-linux-gnu.so
[2.950s] -- Installing: /home/ritesh/eyrc23_hb_1796/hb_task1b_ws/install/my_robot_interfaces_e/local/lib/python3.10/dist-packages/my_robot_interfaces_e/srv
[2.950s] -- Installing: /home/ritesh/eyrc23_hb_1796/hb_task1b_ws/install/my_robot_interfaces_e/local/lib/python3.10/dist-packages/my_robot_interfaces_e/srv/_next_goal_s.c
[2.950s] -- Installing: /home/ritesh/eyrc23_hb_1796/hb_task1b_ws/install/my_robot_interfaces_e/local/lib/python3.10/dist-packages/my_robot_interfaces_e/srv/_next_goal.py
[2.950s] -- Installing: /home/ritesh/eyrc23_hb_1796/hb_task1b_ws/install/my_robot_interfaces_e/local/lib/python3.10/dist-packages/my_robot_interfaces_e/srv/__init__.py
[2.950s] -- Installing: /home/ritesh/eyrc23_hb_1796/hb_task1b_ws/install/my_robot_interfaces_e/local/lib/python3.10/dist-packages/my_robot_interfaces_e/my_robot_interfaces_e_s__rosidl_typesupport_c.cpython-310-x86_64-linux-gnu.so
[2.950s] -- Installing: /home/ritesh/eyrc23_hb_1796/hb_task1b_ws/install/my_robot_interfaces_e/local/lib/python3.10/dist-packages/my_robot_interfaces_e/_my_robot_interfaces_e_s.ep.rosidl_typesupport_fastrtps_c.c
[2.950s] -- Installing: /home/ritesh/eyrc23_hb_1796/hb_task1b_ws/install/my_robot_interfaces_e/local/lib/python3.10/dist-packages/my_robot_interfaces_e/libmy_robot_interfaces_e__rosidl_generator_py.so
[2.950s] -- Installing: /home/ritesh/eyrc23_hb_1796/hb_task1b_ws/install/my_robot_interfaces_e/local/lib/python3.10/dist-packages/my_robot_interfaces_e/_my_robot_interfaces_e_s.ep.rosidl_typesupport_c.c
[2.950s] -- Installing: /home/ritesh/eyrc23_hb_1796/hb_task1b_ws/install/my_robot_interfaces_e/local/lib/python3.10/dist-packages/my_robot_interfaces_e/_my_robot_interfaces_e_s.ep.rosidl_typesupport_introspection_c.c
[2.951s] -- Installing: /home/ritesh/eyrc23_hb_1796/hb_task1b_ws/install/my_robot_interfaces_e/local/lib/python3.10/dist-packages/my_robot_interfaces_e/my_robot_interfaces_e_s__rosidl_typesupport_introspection_c.cpython-310-x86_64-linux-gnu.so
[2.951s] -- Installing: /home/ritesh/eyrc23_hb_1796/hb_task1b_ws/install/my_robot_interfaces_e/local/lib/python3.10/dist-packages/my_robot_interfaces_e/__init__.py
[2.977s] Listing '/home/ritesh/eyrc23_hb_1796/hb_task1b_ws/install/my_robot_interfaces_e/local/lib/python3.10/dist-packages/my_robot_interfaces_e'...
[2.977s] Compiling '/home/ritesh/eyrc23_hb_1796/hb_task1b_ws/install/my_robot_interfaces_e/local/lib/python3.10/dist-packages/my_robot_interfaces_e/__init__.py'...
[2.977s] Listing '/home/ritesh/eyrc23_hb_1796/hb_task1b_ws/install/my_robot_interfaces_e/local/lib/python3.10/dist-packages/my_robot_interfaces_e/srv'...
[2.977s] Compiling '/home/ritesh/eyrc23_hb_1796/hb_task1b_ws/install/my_robot_interfaces_e/local/lib/python3.10/dist-packages/my_robot_interfaces_e/srv/__init__.py'...
[2.977s] Compiling '/home/ritesh/eyrc23_hb_1796/hb_task1b_ws/install/my_robot_interfaces_e/local/lib/python3.10/dist-packages/my_robot_interfaces_e/srv/_next_goal.py'...
[2.980s] -- Installing: /home/ritesh/eyrc23_hb_1796/hb_task1b_ws/install/my_robot_interfaces_e/local/lib/python3.10/dist-packages/my_robot_interfaces_e/my_robot_interfaces_e_s__rosidl_typesupport_fastrtps_c.cpython-310-x86_64-linux-gnu.so
[2.981s] -- Set runtime path of "/home/ritesh/eyrc23_hb_1796/hb_task1b_ws/install/my_robot_interfaces_e/local/lib/python3.10/dist-packages/my_robot_interfaces_e/my_robot_interfaces_e_s__rosidl_typesupport_fastrtps_c.cpython-310-x86_64-linux-gnu.so" to ""
[2.981s] -- Installing: /home/ritesh/eyrc23_hb_1796/hb_task1b_ws/install/my_robot_interfaces_e/local/lib/python3.10/dist-packages/my_robot_interfaces_e/my_robot_interfaces_e_s__rosidl_typesupport_introspection_c.cpython-310-x86_64-linux-gnu.so
[2.981s] -- Set runtime path of "/home/ritesh/eyrc23_hb_1796/hb_task1b_ws/install/my_robot_interfaces_e/local/lib/python3.10/dist-packages/my_robot_interfaces_e/my_robot_interfaces_e_s__rosidl_typesupport_introspection_c.cpython-310-x86_64-linux-gnu.so" to ""
[2.981s] -- Installing: /home/ritesh/eyrc23_hb_1796/hb_task1b_ws/install/my_robot_interfaces_e/local/lib/python3.10/dist-packages/my_robot_interfaces_e/my_robot_interfaces_e_s__rosidl_typesupport_c.cpython-310-x86_64-linux-gnu.so
[2.981s] -- Set runtime path of "/home/ritesh/eyrc23_hb_1796/hb_task1b_ws/install/my_robot_interfaces_e/local/lib/python3.10/dist-packages/my_robot_interfaces_e/my_robot_interfaces_e_s__rosidl_typesupport_c.cpython-310-x86_64-linux-gnu.so" to ""
[2.981s] -- Installing: /home/ritesh/eyrc23_hb_1796/hb_task1b_ws/install/my_robot_interfaces_e/lib/libmy_robot_interfaces_e__rosidl_generator_py.so
[2.981s] -- Set runtime path of "/home/ritesh/eyrc23_hb_1796/hb_task1b_ws/install/my_robot_interfaces_e/lib/libmy_robot_interfaces_e__rosidl_generator_py.so" to ""
[2.981s] -- Installing: /home/ritesh/eyrc23_hb_1796/hb_task1b_ws/install/my_robot_interfaces_e/share/my_robot_interfaces_e/srv/NextGoal.idl
[2.981s] -- Installing: /home/ritesh/eyrc23_hb_1796/hb_task1b_ws/install/my_robot_interfaces_e/share/my_robot_interfaces_e/srv/NextGoal.srv
[2.981s] -- Installing: /home/ritesh/eyrc23_hb_1796/hb_task1b_ws/install/my_robot_interfaces_e/share/my_robot_interfaces_e/srv/NextGoal_Request.msg
[2.981s] -- Installing: /home/ritesh/eyrc23_hb_1796/hb_task1b_ws/install/my_robot_interfaces_e/share/my_robot_interfaces_e/srv/NextGoal_Response.msg
[2.982s] -- Installing: /home/ritesh/eyrc23_hb_1796/hb_task1b_ws/install/my_robot_interfaces_e/share/ament_index/resource_index/package_run_dependencies/my_robot_interfaces_e
[2.982s] -- Installing: /home/ritesh/eyrc23_hb_1796/hb_task1b_ws/install/my_robot_interfaces_e/share/ament_index/resource_index/parent_prefix_path/my_robot_interfaces_e
[2.982s] -- Installing: /home/ritesh/eyrc23_hb_1796/hb_task1b_ws/install/my_robot_interfaces_e/share/my_robot_interfaces_e/environment/ament_prefix_path.sh
[2.982s] -- Installing: /home/ritesh/eyrc23_hb_1796/hb_task1b_ws/install/my_robot_interfaces_e/share/my_robot_interfaces_e/environment/ament_prefix_path.dsv
[2.982s] -- Installing: /home/ritesh/eyrc23_hb_1796/hb_task1b_ws/install/my_robot_interfaces_e/share/my_robot_interfaces_e/environment/path.sh
[2.982s] -- Installing: /home/ritesh/eyrc23_hb_1796/hb_task1b_ws/install/my_robot_interfaces_e/share/my_robot_interfaces_e/environment/path.dsv
[2.982s] -- Installing: /home/ritesh/eyrc23_hb_1796/hb_task1b_ws/install/my_robot_interfaces_e/share/my_robot_interfaces_e/local_setup.bash
[2.982s] -- Installing: /home/ritesh/eyrc23_hb_1796/hb_task1b_ws/install/my_robot_interfaces_e/share/my_robot_interfaces_e/local_setup.sh
[2.982s] -- Installing: /home/ritesh/eyrc23_hb_1796/hb_task1b_ws/install/my_robot_interfaces_e/share/my_robot_interfaces_e/local_setup.zsh
[2.982s] -- Installing: /home/ritesh/eyrc23_hb_1796/hb_task1b_ws/install/my_robot_interfaces_e/share/my_robot_interfaces_e/local_setup.dsv
[2.982s] -- Installing: /home/ritesh/eyrc23_hb_1796/hb_task1b_ws/install/my_robot_interfaces_e/share/my_robot_interfaces_e/package.dsv
[2.982s] -- Installing: /home/ritesh/eyrc23_hb_1796/hb_task1b_ws/install/my_robot_interfaces_e/share/ament_index/resource_index/packages/my_robot_interfaces_e
[2.983s] -- Installing: /home/ritesh/eyrc23_hb_1796/hb_task1b_ws/install/my_robot_interfaces_e/share/my_robot_interfaces_e/cmake/export_my_robot_interfaces_e__rosidl_generator_cExport.cmake
[2.983s] -- Installing: /home/ritesh/eyrc23_hb_1796/hb_task1b_ws/install/my_robot_interfaces_e/share/my_robot_interfaces_e/cmake/export_my_robot_interfaces_e__rosidl_generator_cExport-noconfig.cmake
[2.983s] -- Installing: /home/ritesh/eyrc23_hb_1796/hb_task1b_ws/install/my_robot_interfaces_e/share/my_robot_interfaces_e/cmake/export_my_robot_interfaces_e__rosidl_typesupport_fastrtps_cExport.cmake
[2.983s] -- Installing: /home/ritesh/eyrc23_hb_1796/hb_task1b_ws/install/my_robot_interfaces_e/share/my_robot_interfaces_e/cmake/export_my_robot_interfaces_e__rosidl_typesupport_fastrtps_cExport-noconfig.cmake
[2.983s] -- Installing: /home/ritesh/eyrc23_hb_1796/hb_task1b_ws/install/my_robot_interfaces_e/share/my_robot_interfaces_e/cmake/my_robot_interfaces_e__rosidl_typesupport_introspection_cExport.cmake
[2.983s] -- Installing: /home/ritesh/eyrc23_hb_1796/hb_task1b_ws/install/my_robot_interfaces_e/share/my_robot_interfaces_e/cmake/my_robot_interfaces_e__rosidl_typesupport_introspection_cExport-noconfig.cmake
[2.983s] -- Installing: /home/ritesh/eyrc23_hb_1796/hb_task1b_ws/install/my_robot_interfaces_e/share/my_robot_interfaces_e/cmake/my_robot_interfaces_e__rosidl_typesupport_cExport.cmake
[2.983s] -- Installing: /home/ritesh/eyrc23_hb_1796/hb_task1b_ws/install/my_robot_interfaces_e/share/my_robot_interfaces_e/cmake/my_robot_interfaces_e__rosidl_typesupport_cExport-noconfig.cmake
[2.983s] -- Installing: /home/ritesh/eyrc23_hb_1796/hb_task1b_ws/install/my_robot_interfaces_e/share/my_robot_interfaces_e/cmake/export_my_robot_interfaces_e__rosidl_generator_cppExport.cmake
[2.983s] -- Installing: /home/ritesh/eyrc23_hb_1796/hb_task1b_ws/install/my_robot_interfaces_e/share/my_robot_interfaces_e/cmake/export_my_robot_interfaces_e__rosidl_typesupport_fastrtps_cppExport.cmake
[2.983s] -- Installing: /home/ritesh/eyrc23_hb_1796/hb_task1b_ws/install/my_robot_interfaces_e/share/my_robot_interfaces_e/cmake/export_my_robot_interfaces_e__rosidl_typesupport_fastrtps_cppExport-noconfig.cmake
[2.984s] -- Installing: /home/ritesh/eyrc23_hb_1796/hb_task1b_ws/install/my_robot_interfaces_e/share/my_robot_interfaces_e/cmake/my_robot_interfaces_e__rosidl_typesupport_introspection_cppExport.cmake
[2.984s] -- Installing: /home/ritesh/eyrc23_hb_1796/hb_task1b_ws/install/my_robot_interfaces_e/share/my_robot_interfaces_e/cmake/my_robot_interfaces_e__rosidl_typesupport_introspection_cppExport-noconfig.cmake
[2.984s] -- Installing: /home/ritesh/eyrc23_hb_1796/hb_task1b_ws/install/my_robot_interfaces_e/share/my_robot_interfaces_e/cmake/my_robot_interfaces_e__rosidl_typesupport_cppExport.cmake
[2.984s] -- Installing: /home/ritesh/eyrc23_hb_1796/hb_task1b_ws/install/my_robot_interfaces_e/share/my_robot_interfaces_e/cmake/my_robot_interfaces_e__rosidl_typesupport_cppExport-noconfig.cmake
[2.984s] -- Installing: /home/ritesh/eyrc23_hb_1796/hb_task1b_ws/install/my_robot_interfaces_e/share/my_robot_interfaces_e/cmake/export_my_robot_interfaces_e__rosidl_generator_pyExport.cmake
[2.984s] -- Installing: /home/ritesh/eyrc23_hb_1796/hb_task1b_ws/install/my_robot_interfaces_e/share/my_robot_interfaces_e/cmake/export_my_robot_interfaces_e__rosidl_generator_pyExport-noconfig.cmake
[2.984s] -- Installing: /home/ritesh/eyrc23_hb_1796/hb_task1b_ws/install/my_robot_interfaces_e/share/my_robot_interfaces_e/cmake/rosidl_cmake-extras.cmake
[2.984s] -- Installing: /home/ritesh/eyrc23_hb_1796/hb_task1b_ws/install/my_robot_interfaces_e/share/my_robot_interfaces_e/cmake/ament_cmake_export_include_directories-extras.cmake
[2.984s] -- Installing: /home/ritesh/eyrc23_hb_1796/hb_task1b_ws/install/my_robot_interfaces_e/share/my_robot_interfaces_e/cmake/ament_cmake_export_libraries-extras.cmake
[2.984s] -- Installing: /home/ritesh/eyrc23_hb_1796/hb_task1b_ws/install/my_robot_interfaces_e/share/my_robot_interfaces_e/cmake/ament_cmake_export_targets-extras.cmake
[2.984s] -- Installing: /home/ritesh/eyrc23_hb_1796/hb_task1b_ws/install/my_robot_interfaces_e/share/my_robot_interfaces_e/cmake/rosidl_cmake_export_typesupport_targets-extras.cmake
[2.984s] -- Installing: /home/ritesh/eyrc23_hb_1796/hb_task1b_ws/install/my_robot_interfaces_e/share/my_robot_interfaces_e/cmake/ament_cmake_export_dependencies-extras.cmake
[2.984s] -- Installing: /home/ritesh/eyrc23_hb_1796/hb_task1b_ws/install/my_robot_interfaces_e/share/my_robot_interfaces_e/cmake/rosidl_cmake_export_typesupport_libraries-extras.cmake
[2.984s] -- Installing: /home/ritesh/eyrc23_hb_1796/hb_task1b_ws/install/my_robot_interfaces_e/share/my_robot_interfaces_e/cmake/my_robot_interfaces_eConfig.cmake
[2.984s] -- Installing: /home/ritesh/eyrc23_hb_1796/hb_task1b_ws/install/my_robot_interfaces_e/share/my_robot_interfaces_e/cmake/my_robot_interfaces_eConfig-version.cmake
[2.985s] -- Installing: /home/ritesh/eyrc23_hb_1796/hb_task1b_ws/install/my_robot_interfaces_e/share/my_robot_interfaces_e/package.xml
[2.988s] Invoked command in '/home/ritesh/eyrc23_hb_1796/hb_task1b_ws/build/my_robot_interfaces_e' returned '0': CMAKE_PREFIX_PATH=/home/ritesh/eyrc23_hb_1796/hb_task1a_ws/install/hb_task_1a:/opt/ros/humble /usr/bin/cmake --install /home/ritesh/eyrc23_hb_1796/hb_task1b_ws/build/my_robot_interfaces_e
