[0.045s] Invoking command in '/home/subun/eyrc_hb/hb_task1b_ws/build/my_robot_interfaces': /usr/bin/cmake /home/subun/eyrc_hb/hb_task1b_ws/src/my_robot_interfaces -DCMAKE_INSTALL_PREFIX=/home/subun/eyrc_hb/hb_task1b_ws/install/my_robot_interfaces
[0.053s] -- Found ament_cmake: 1.3.5 (/opt/ros/humble/share/ament_cmake/cmake)
[0.140s] -- Override CMake install command with custom implementation using symlinks instead of copying resources
[0.144s] -- Found rosidl_default_generators: 1.2.0 (/opt/ros/humble/share/rosidl_default_generators/cmake)
[0.145s] -- Using all available rosidl_typesupport_c: rosidl_typesupport_fastrtps_c;rosidl_typesupport_introspection_c
[0.147s] -- Found rosidl_adapter: 3.1.5 (/opt/ros/humble/share/rosidl_adapter/cmake)
[0.163s] -- Using all available rosidl_typesupport_cpp: rosidl_typesupport_fastrtps_cpp;rosidl_typesupport_introspection_cpp
[0.282s] [31mCMake Error at /opt/ros/humble/share/rosidl_adapter/cmake/rosidl_adapt_interfaces.cmake:59 (message):
[0.282s]   execute_process(/usr/bin/python3.10 -m rosidl_adapter --package-name
[0.282s]   my_robot_interfaces.  --arguments-file
[0.282s]   /home/subun/eyrc_hb/hb_task1b_ws/build/my_robot_interfaces/rosidl_adapter__arguments__my_robot_interfaces..json
[0.282s]   --output-dir
[0.282s]   /home/subun/eyrc_hb/hb_task1b_ws/build/my_robot_interfaces/rosidl_adapter/my_robot_interfaces.
[0.282s]   --output-file
[0.282s]   /home/subun/eyrc_hb/hb_task1b_ws/build/my_robot_interfaces/rosidl_adapter/my_robot_interfaces..idls)
[0.282s]   returned error code 1:
[0.282s] 
[0.282s]   Traceback (most recent call last):
[0.282s] 
[0.282s]     File "/usr/lib/python3.10/runpy.py", line 196, in _run_module_as_main
[0.282s]       return _run_code(code, main_globals, None,
[0.282s]     File "/usr/lib/python3.10/runpy.py", line 86, in _run_code
[0.282s]       exec(code, run_globals)
[0.282s]     File "/opt/ros/humble/local/lib/python3.10/dist-packages/rosidl_adapter/__main__.py", line 19, in <module>
[0.282s]       sys.exit(main())
[0.282s]     File "/opt/ros/humble/local/lib/python3.10/dist-packages/rosidl_adapter/main.py", line 53, in main
[0.282s]       abs_idl_file = convert_to_idl(
[0.282s]     File "/opt/ros/humble/local/lib/python3.10/dist-packages/rosidl_adapter/__init__.py", line 24, in convert_to_idl
[0.282s]       return convert_srv_to_idl(
[0.282s]     File "/opt/ros/humble/local/lib/python3.10/dist-packages/rosidl_adapter/srv/__init__.py", line 28, in convert_srv_to_idl
[0.282s]       srv = parse_service_string(package_name, input_file.stem, content)
[0.282s]     File "/opt/ros/humble/local/lib/python3.10/dist-packages/rosidl_adapter/parser.py", line 859, in parse_service_string
[0.282s]       request_message = parse_message_string(
[0.282s]     File "/opt/ros/humble/local/lib/python3.10/dist-packages/rosidl_adapter/parser.py", line 544, in parse_message_string
[0.282s]       msg = MessageSpecification(pkg_name, msg_name, fields, constants)
[0.282s]     File "/opt/ros/humble/local/lib/python3.10/dist-packages/rosidl_adapter/parser.py", line 388, in __init__
[0.282s]       self.base_type = BaseType(
[0.282s]     File "/opt/ros/humble/local/lib/python3.10/dist-packages/rosidl_adapter/parser.py", line 201, in __init__
[0.282s]       raise InvalidResourceName(
[0.282s] 
[0.283s]   rosidl_adapter.parser.InvalidResourceName: 'my_robot_interfaces.' is an
[0.283s]   invalid package name.  It should have the pattern
[0.283s]   '^(?!.*__)(?!.*_$)[a-z][a-z0-9_]*$'
[0.283s] 
[0.283s] Call Stack (most recent call first):
[0.283s]   /opt/ros/humble/share/rosidl_cmake/cmake/rosidl_generate_interfaces.cmake:130 (rosidl_adapt_interfaces)
[0.283s]   CMakeLists.txt:16 (rosidl_generate_interfaces)
[0.283s] 
[0.283s] [0m
[0.283s] -- Configuring incomplete, errors occurred!
[0.283s] See also "/home/subun/eyrc_hb/hb_task1b_ws/build/my_robot_interfaces/CMakeFiles/CMakeOutput.log".
[0.286s] Invoked command in '/home/subun/eyrc_hb/hb_task1b_ws/build/my_robot_interfaces' returned '1': /usr/bin/cmake /home/subun/eyrc_hb/hb_task1b_ws/src/my_robot_interfaces -DCMAKE_INSTALL_PREFIX=/home/subun/eyrc_hb/hb_task1b_ws/install/my_robot_interfaces
