[0.528s] DEBUG:colcon:Command line arguments: ['/usr/bin/colcon', 'build', '--symlink-install']
[0.528s] DEBUG:colcon:Parsed command line arguments: Namespace(log_base=None, log_level=None, verb_name='build', build_base='build', install_base='install', merge_install=False, symlink_install=True, test_result_base=None, continue_on_error=False, executor='parallel', parallel_workers=16, event_handlers=None, ignore_user_meta=False, metas=['./colcon.meta'], base_paths=['.'], packages_ignore=None, packages_ignore_regex=None, paths=None, packages_up_to=None, packages_up_to_regex=None, packages_above=None, packages_above_and_dependencies=None, packages_above_depth=None, packages_select_by_dep=None, packages_skip_by_dep=None, packages_skip_up_to=None, packages_select_build_failed=False, packages_skip_build_finished=False, packages_select_test_failures=False, packages_skip_test_passed=False, packages_select=None, packages_skip=None, packages_select_regex=None, packages_skip_regex=None, packages_start=None, packages_end=None, allow_overriding=[], cmake_args=None, cmake_target=None, cmake_target_skip_unavailable=False, cmake_clean_cache=False, cmake_clean_first=False, cmake_force_configure=False, ament_cmake_args=None, catkin_cmake_args=None, catkin_skip_building_tests=False, verb_parser=<colcon_defaults.argument_parser.defaults.DefaultArgumentsDecorator object at 0x7ff096f77a00>, verb_extension=<colcon_core.verb.build.BuildVerb object at 0x7ff0969c0dc0>, main=<bound method BuildVerb.main of <colcon_core.verb.build.BuildVerb object at 0x7ff0969c0dc0>>)
[0.571s] Level 1:colcon.colcon_core.package_discovery:discover_packages(colcon_meta) check parameters
[0.571s] Level 1:colcon.colcon_core.package_discovery:discover_packages(recursive) check parameters
[0.571s] Level 1:colcon.colcon_core.package_discovery:discover_packages(ignore) check parameters
[0.571s] Level 1:colcon.colcon_core.package_discovery:discover_packages(path) check parameters
[0.571s] Level 1:colcon.colcon_core.package_discovery:discover_packages(colcon_meta) discover
[0.572s] Level 1:colcon.colcon_core.package_discovery:discover_packages(recursive) discover
[0.572s] INFO:colcon.colcon_core.package_discovery:Crawling recursively for packages in '/home/subun/eyrc_hb/hb_task1b_ws'
[0.572s] Level 1:colcon.colcon_core.package_identification:_identify(.) by extensions ['ignore', 'ignore_ament_install']
[0.572s] Level 1:colcon.colcon_core.package_identification:_identify(.) by extension 'ignore'
[0.572s] Level 1:colcon.colcon_core.package_identification:_identify(.) by extension 'ignore_ament_install'
[0.572s] Level 1:colcon.colcon_core.package_identification:_identify(.) by extensions ['colcon_pkg']
[0.572s] Level 1:colcon.colcon_core.package_identification:_identify(.) by extension 'colcon_pkg'
[0.572s] Level 1:colcon.colcon_core.package_identification:_identify(.) by extensions ['colcon_meta']
[0.572s] Level 1:colcon.colcon_core.package_identification:_identify(.) by extension 'colcon_meta'
[0.572s] Level 1:colcon.colcon_core.package_identification:_identify(.) by extensions ['ros']
[0.572s] Level 1:colcon.colcon_core.package_identification:_identify(.) by extension 'ros'
[0.592s] Level 1:colcon.colcon_core.package_identification:_identify(.) by extensions ['cmake', 'python']
[0.593s] Level 1:colcon.colcon_core.package_identification:_identify(.) by extension 'cmake'
[0.593s] Level 1:colcon.colcon_core.package_identification:_identify(.) by extension 'python'
[0.593s] Level 1:colcon.colcon_core.package_identification:_identify(.) by extensions ['python_setup_py']
[0.593s] Level 1:colcon.colcon_core.package_identification:_identify(.) by extension 'python_setup_py'
[0.593s] Level 1:colcon.colcon_core.package_identification:_identify(build) by extensions ['ignore', 'ignore_ament_install']
[0.593s] Level 1:colcon.colcon_core.package_identification:_identify(build) by extension 'ignore'
[0.593s] Level 1:colcon.colcon_core.package_identification:_identify(build) ignored
[0.594s] Level 1:colcon.colcon_core.package_identification:_identify(install) by extensions ['ignore', 'ignore_ament_install']
[0.594s] Level 1:colcon.colcon_core.package_identification:_identify(install) by extension 'ignore'
[0.594s] Level 1:colcon.colcon_core.package_identification:_identify(install) ignored
[0.594s] Level 1:colcon.colcon_core.package_identification:_identify(log) by extensions ['ignore', 'ignore_ament_install']
[0.594s] Level 1:colcon.colcon_core.package_identification:_identify(log) by extension 'ignore'
[0.594s] Level 1:colcon.colcon_core.package_identification:_identify(log) ignored
[0.594s] Level 1:colcon.colcon_core.package_identification:_identify(src) by extensions ['ignore', 'ignore_ament_install']
[0.595s] Level 1:colcon.colcon_core.package_identification:_identify(src) by extension 'ignore'
[0.595s] Level 1:colcon.colcon_core.package_identification:_identify(src) by extension 'ignore_ament_install'
[0.595s] Level 1:colcon.colcon_core.package_identification:_identify(src) by extensions ['colcon_pkg']
[0.595s] Level 1:colcon.colcon_core.package_identification:_identify(src) by extension 'colcon_pkg'
[0.595s] Level 1:colcon.colcon_core.package_identification:_identify(src) by extensions ['colcon_meta']
[0.595s] Level 1:colcon.colcon_core.package_identification:_identify(src) by extension 'colcon_meta'
[0.595s] Level 1:colcon.colcon_core.package_identification:_identify(src) by extensions ['ros']
[0.595s] Level 1:colcon.colcon_core.package_identification:_identify(src) by extension 'ros'
[0.595s] Level 1:colcon.colcon_core.package_identification:_identify(src) by extensions ['cmake', 'python']
[0.595s] Level 1:colcon.colcon_core.package_identification:_identify(src) by extension 'cmake'
[0.595s] Level 1:colcon.colcon_core.package_identification:_identify(src) by extension 'python'
[0.595s] Level 1:colcon.colcon_core.package_identification:_identify(src) by extensions ['python_setup_py']
[0.595s] Level 1:colcon.colcon_core.package_identification:_identify(src) by extension 'python_setup_py'
[0.595s] Level 1:colcon.colcon_core.package_identification:_identify(src/hb_task_1b) by extensions ['ignore', 'ignore_ament_install']
[0.596s] Level 1:colcon.colcon_core.package_identification:_identify(src/hb_task_1b) by extension 'ignore'
[0.596s] Level 1:colcon.colcon_core.package_identification:_identify(src/hb_task_1b) by extension 'ignore_ament_install'
[0.596s] Level 1:colcon.colcon_core.package_identification:_identify(src/hb_task_1b) by extensions ['colcon_pkg']
[0.596s] Level 1:colcon.colcon_core.package_identification:_identify(src/hb_task_1b) by extension 'colcon_pkg'
[0.596s] Level 1:colcon.colcon_core.package_identification:_identify(src/hb_task_1b) by extensions ['colcon_meta']
[0.596s] Level 1:colcon.colcon_core.package_identification:_identify(src/hb_task_1b) by extension 'colcon_meta'
[0.596s] Level 1:colcon.colcon_core.package_identification:_identify(src/hb_task_1b) by extensions ['ros']
[0.596s] Level 1:colcon.colcon_core.package_identification:_identify(src/hb_task_1b) by extension 'ros'
[0.601s] DEBUG:colcon.colcon_core.package_identification:Package 'src/hb_task_1b' with type 'ros.ament_python' and name 'hb_task_1b'
[0.601s] Level 1:colcon.colcon_core.package_identification:_identify(src/my_robot_interfaces) by extensions ['ignore', 'ignore_ament_install']
[0.601s] Level 1:colcon.colcon_core.package_identification:_identify(src/my_robot_interfaces) by extension 'ignore'
[0.601s] Level 1:colcon.colcon_core.package_identification:_identify(src/my_robot_interfaces) by extension 'ignore_ament_install'
[0.601s] Level 1:colcon.colcon_core.package_identification:_identify(src/my_robot_interfaces) by extensions ['colcon_pkg']
[0.602s] Level 1:colcon.colcon_core.package_identification:_identify(src/my_robot_interfaces) by extension 'colcon_pkg'
[0.602s] Level 1:colcon.colcon_core.package_identification:_identify(src/my_robot_interfaces) by extensions ['colcon_meta']
[0.602s] Level 1:colcon.colcon_core.package_identification:_identify(src/my_robot_interfaces) by extension 'colcon_meta'
[0.602s] Level 1:colcon.colcon_core.package_identification:_identify(src/my_robot_interfaces) by extensions ['ros']
[0.602s] Level 1:colcon.colcon_core.package_identification:_identify(src/my_robot_interfaces) by extension 'ros'
[0.602s] DEBUG:colcon.colcon_core.package_identification:Package 'src/my_robot_interfaces' with type 'ros.ament_cmake' and name 'my_robot_interfaces'
[0.603s] Level 1:colcon.colcon_core.package_discovery:discover_packages(recursive) using defaults
[0.603s] Level 1:colcon.colcon_core.package_discovery:discover_packages(ignore) discover
[0.603s] Level 1:colcon.colcon_core.package_discovery:discover_packages(ignore) using defaults
[0.603s] Level 1:colcon.colcon_core.package_discovery:discover_packages(path) discover
[0.603s] Level 1:colcon.colcon_core.package_discovery:discover_packages(path) using defaults
[0.645s] Level 1:colcon.colcon_core.package_discovery:discover_packages(prefix_path) check parameters
[0.645s] Level 1:colcon.colcon_core.package_discovery:discover_packages(prefix_path) discover
[0.653s] DEBUG:colcon.colcon_installed_package_information.package_discovery:Found 2 installed packages in /home/subun/eyrc_hb/hb_task1b_ws/install
[0.654s] DEBUG:colcon.colcon_installed_package_information.package_discovery:Found 2 installed packages in /home/subun/eyrc_hb/hb_task1a_ws/install
[0.656s] DEBUG:colcon.colcon_installed_package_information.package_discovery:Found 1 installed packages in /home/subun/ros_ws/install
[0.658s] DEBUG:colcon.colcon_installed_package_information.package_discovery:Found 280 installed packages in /opt/ros/humble
[0.661s] Level 1:colcon.colcon_core.package_discovery:discover_packages(prefix_path) using defaults
[0.754s] Level 5:colcon.colcon_core.verb:set package 'my_robot_interfaces' build argument 'cmake_args' from command line to 'None'
[0.755s] Level 5:colcon.colcon_core.verb:set package 'my_robot_interfaces' build argument 'cmake_target' from command line to 'None'
[0.755s] Level 5:colcon.colcon_core.verb:set package 'my_robot_interfaces' build argument 'cmake_target_skip_unavailable' from command line to 'False'
[0.755s] Level 5:colcon.colcon_core.verb:set package 'my_robot_interfaces' build argument 'cmake_clean_cache' from command line to 'False'
[0.755s] Level 5:colcon.colcon_core.verb:set package 'my_robot_interfaces' build argument 'cmake_clean_first' from command line to 'False'
[0.755s] Level 5:colcon.colcon_core.verb:set package 'my_robot_interfaces' build argument 'cmake_force_configure' from command line to 'False'
[0.755s] Level 5:colcon.colcon_core.verb:set package 'my_robot_interfaces' build argument 'ament_cmake_args' from command line to 'None'
[0.755s] Level 5:colcon.colcon_core.verb:set package 'my_robot_interfaces' build argument 'catkin_cmake_args' from command line to 'None'
[0.755s] Level 5:colcon.colcon_core.verb:set package 'my_robot_interfaces' build argument 'catkin_skip_building_tests' from command line to 'False'
[0.755s] DEBUG:colcon.colcon_core.verb:Building package 'my_robot_interfaces' with the following arguments: {'ament_cmake_args': None, 'build_base': '/home/subun/eyrc_hb/hb_task1b_ws/build/my_robot_interfaces', 'catkin_cmake_args': None, 'catkin_skip_building_tests': False, 'cmake_args': None, 'cmake_clean_cache': False, 'cmake_clean_first': False, 'cmake_force_configure': False, 'cmake_target': None, 'cmake_target_skip_unavailable': False, 'install_base': '/home/subun/eyrc_hb/hb_task1b_ws/install/my_robot_interfaces', 'merge_install': False, 'path': '/home/subun/eyrc_hb/hb_task1b_ws/src/my_robot_interfaces', 'symlink_install': True, 'test_result_base': None}
[0.757s] Level 5:colcon.colcon_core.verb:set package 'hb_task_1b' build argument 'cmake_args' from command line to 'None'
[0.757s] Level 5:colcon.colcon_core.verb:set package 'hb_task_1b' build argument 'cmake_target' from command line to 'None'
[0.757s] Level 5:colcon.colcon_core.verb:set package 'hb_task_1b' build argument 'cmake_target_skip_unavailable' from command line to 'False'
[0.757s] Level 5:colcon.colcon_core.verb:set package 'hb_task_1b' build argument 'cmake_clean_cache' from command line to 'False'
[0.757s] Level 5:colcon.colcon_core.verb:set package 'hb_task_1b' build argument 'cmake_clean_first' from command line to 'False'
[0.757s] Level 5:colcon.colcon_core.verb:set package 'hb_task_1b' build argument 'cmake_force_configure' from command line to 'False'
[0.757s] Level 5:colcon.colcon_core.verb:set package 'hb_task_1b' build argument 'ament_cmake_args' from command line to 'None'
[0.757s] Level 5:colcon.colcon_core.verb:set package 'hb_task_1b' build argument 'catkin_cmake_args' from command line to 'None'
[0.757s] Level 5:colcon.colcon_core.verb:set package 'hb_task_1b' build argument 'catkin_skip_building_tests' from command line to 'False'
[0.757s] DEBUG:colcon.colcon_core.verb:Building package 'hb_task_1b' with the following arguments: {'ament_cmake_args': None, 'build_base': '/home/subun/eyrc_hb/hb_task1b_ws/build/hb_task_1b', 'catkin_cmake_args': None, 'catkin_skip_building_tests': False, 'cmake_args': None, 'cmake_clean_cache': False, 'cmake_clean_first': False, 'cmake_force_configure': False, 'cmake_target': None, 'cmake_target_skip_unavailable': False, 'install_base': '/home/subun/eyrc_hb/hb_task1b_ws/install/hb_task_1b', 'merge_install': False, 'path': '/home/subun/eyrc_hb/hb_task1b_ws/src/hb_task_1b', 'symlink_install': True, 'test_result_base': None}
[0.758s] INFO:colcon.colcon_core.executor:Executing jobs using 'parallel' executor
[0.763s] DEBUG:colcon.colcon_parallel_executor.executor.parallel:run_until_complete
[0.764s] INFO:colcon.colcon_ros.task.ament_cmake.build:Building ROS package in '/home/subun/eyrc_hb/hb_task1b_ws/src/my_robot_interfaces' with build type 'ament_cmake'
[0.764s] INFO:colcon.colcon_cmake.task.cmake.build:Building CMake package in '/home/subun/eyrc_hb/hb_task1b_ws/src/my_robot_interfaces'
[0.774s] INFO:colcon.colcon_core.plugin_system:Skipping extension 'colcon_core.shell.bat': Not used on non-Windows systems
[0.775s] INFO:colcon.colcon_core.shell:Skip shell extension 'powershell' for command environment: Not usable outside of PowerShell
[0.775s] DEBUG:colcon.colcon_core.shell:Skip shell extension 'dsv' for command environment
[0.795s] DEBUG:colcon.colcon_core.event_handler.log_command:Invoking command in '/home/subun/eyrc_hb/hb_task1b_ws/build/my_robot_interfaces': CMAKE_PREFIX_PATH=${CMAKE_PREFIX_PATH}:/home/subun/eyrc_hb/hb_task1b_ws/install/hb_task_1b:/home/subun/eyrc_hb/hb_task1a_ws/install/hb_task_1a:/home/subun/ros_ws/install/robot:/opt/ros/humble /usr/bin/cmake /home/subun/eyrc_hb/hb_task1b_ws/src/my_robot_interfaces -DAMENT_CMAKE_SYMLINK_INSTALL=1 -DCMAKE_INSTALL_PREFIX=/home/subun/eyrc_hb/hb_task1b_ws/install/my_robot_interfaces
[2.794s] DEBUG:colcon.colcon_core.event_handler.log_command:Invoked command in '/home/subun/eyrc_hb/hb_task1b_ws/build/my_robot_interfaces' returned '0': CMAKE_PREFIX_PATH=${CMAKE_PREFIX_PATH}:/home/subun/eyrc_hb/hb_task1b_ws/install/hb_task_1b:/home/subun/eyrc_hb/hb_task1a_ws/install/hb_task_1a:/home/subun/ros_ws/install/robot:/opt/ros/humble /usr/bin/cmake /home/subun/eyrc_hb/hb_task1b_ws/src/my_robot_interfaces -DAMENT_CMAKE_SYMLINK_INSTALL=1 -DCMAKE_INSTALL_PREFIX=/home/subun/eyrc_hb/hb_task1b_ws/install/my_robot_interfaces
[2.798s] DEBUG:colcon.colcon_core.event_handler.log_command:Invoking command in '/home/subun/eyrc_hb/hb_task1b_ws/build/my_robot_interfaces': CMAKE_PREFIX_PATH=${CMAKE_PREFIX_PATH}:/home/subun/eyrc_hb/hb_task1b_ws/install/hb_task_1b:/home/subun/eyrc_hb/hb_task1a_ws/install/hb_task_1a:/home/subun/ros_ws/install/robot:/opt/ros/humble /usr/bin/cmake --build /home/subun/eyrc_hb/hb_task1b_ws/build/my_robot_interfaces -- -j16 -l16
[3.419s] DEBUG:colcon.colcon_core.event_handler.log_command:Invoked command in '/home/subun/eyrc_hb/hb_task1b_ws/build/my_robot_interfaces' returned '0': CMAKE_PREFIX_PATH=${CMAKE_PREFIX_PATH}:/home/subun/eyrc_hb/hb_task1b_ws/install/hb_task_1b:/home/subun/eyrc_hb/hb_task1a_ws/install/hb_task_1a:/home/subun/ros_ws/install/robot:/opt/ros/humble /usr/bin/cmake --build /home/subun/eyrc_hb/hb_task1b_ws/build/my_robot_interfaces -- -j16 -l16
[3.541s] DEBUG:colcon.colcon_core.event_handler.log_command:Invoking command in '/home/subun/eyrc_hb/hb_task1b_ws/build/my_robot_interfaces': CMAKE_PREFIX_PATH=${CMAKE_PREFIX_PATH}:/home/subun/eyrc_hb/hb_task1b_ws/install/hb_task_1b:/home/subun/eyrc_hb/hb_task1a_ws/install/hb_task_1a:/home/subun/ros_ws/install/robot:/opt/ros/humble /usr/bin/cmake --install /home/subun/eyrc_hb/hb_task1b_ws/build/my_robot_interfaces
[3.685s] Level 1:colcon.colcon_core.environment:create_environment_scripts_only(my_robot_interfaces)
[3.688s] DEBUG:colcon.colcon_core.event_handler.log_command:Invoked command in '/home/subun/eyrc_hb/hb_task1b_ws/build/my_robot_interfaces' returned '0': CMAKE_PREFIX_PATH=${CMAKE_PREFIX_PATH}:/home/subun/eyrc_hb/hb_task1b_ws/install/hb_task_1b:/home/subun/eyrc_hb/hb_task1a_ws/install/hb_task_1a:/home/subun/ros_ws/install/robot:/opt/ros/humble /usr/bin/cmake --install /home/subun/eyrc_hb/hb_task1b_ws/build/my_robot_interfaces
[3.697s] Level 1:colcon.colcon_core.environment:checking '/home/subun/eyrc_hb/hb_task1b_ws/install/my_robot_interfaces' for CMake module files
[3.698s] Level 1:colcon.colcon_core.environment:checking '/home/subun/eyrc_hb/hb_task1b_ws/install/my_robot_interfaces' for CMake config files
[3.699s] Level 1:colcon.colcon_core.shell:create_environment_hook('my_robot_interfaces', 'cmake_prefix_path')
[3.701s] INFO:colcon.colcon_core.shell:Creating environment hook '/home/subun/eyrc_hb/hb_task1b_ws/install/my_robot_interfaces/share/my_robot_interfaces/hook/cmake_prefix_path.ps1'
[3.703s] INFO:colcon.colcon_core.shell:Creating environment descriptor '/home/subun/eyrc_hb/hb_task1b_ws/install/my_robot_interfaces/share/my_robot_interfaces/hook/cmake_prefix_path.dsv'
[3.704s] INFO:colcon.colcon_core.shell:Creating environment hook '/home/subun/eyrc_hb/hb_task1b_ws/install/my_robot_interfaces/share/my_robot_interfaces/hook/cmake_prefix_path.sh'
[3.705s] Level 1:colcon.colcon_core.environment:checking '/home/subun/eyrc_hb/hb_task1b_ws/install/my_robot_interfaces/lib'
[3.706s] Level 1:colcon.colcon_core.shell:create_environment_hook('my_robot_interfaces', 'ld_library_path_lib')
[3.707s] INFO:colcon.colcon_core.shell:Creating environment hook '/home/subun/eyrc_hb/hb_task1b_ws/install/my_robot_interfaces/share/my_robot_interfaces/hook/ld_library_path_lib.ps1'
[3.708s] INFO:colcon.colcon_core.shell:Creating environment descriptor '/home/subun/eyrc_hb/hb_task1b_ws/install/my_robot_interfaces/share/my_robot_interfaces/hook/ld_library_path_lib.dsv'
[3.708s] INFO:colcon.colcon_core.shell:Creating environment hook '/home/subun/eyrc_hb/hb_task1b_ws/install/my_robot_interfaces/share/my_robot_interfaces/hook/ld_library_path_lib.sh'
[3.709s] Level 1:colcon.colcon_core.environment:checking '/home/subun/eyrc_hb/hb_task1b_ws/install/my_robot_interfaces/bin'
[3.709s] Level 1:colcon.colcon_core.environment:checking '/home/subun/eyrc_hb/hb_task1b_ws/install/my_robot_interfaces/lib/pkgconfig/my_robot_interfaces.pc'
[3.709s] Level 1:colcon.colcon_core.environment:checking '/home/subun/eyrc_hb/hb_task1b_ws/install/my_robot_interfaces/lib/python3.10/site-packages'
[3.710s] Level 1:colcon.colcon_core.environment:checking '/home/subun/eyrc_hb/hb_task1b_ws/install/my_robot_interfaces/bin'
[3.712s] INFO:colcon.colcon_core.shell:Creating package script '/home/subun/eyrc_hb/hb_task1b_ws/install/my_robot_interfaces/share/my_robot_interfaces/package.ps1'
[3.714s] INFO:colcon.colcon_core.shell:Creating package descriptor '/home/subun/eyrc_hb/hb_task1b_ws/install/my_robot_interfaces/share/my_robot_interfaces/package.dsv'
[3.715s] INFO:colcon.colcon_core.shell:Creating package script '/home/subun/eyrc_hb/hb_task1b_ws/install/my_robot_interfaces/share/my_robot_interfaces/package.sh'
[3.717s] INFO:colcon.colcon_core.shell:Creating package script '/home/subun/eyrc_hb/hb_task1b_ws/install/my_robot_interfaces/share/my_robot_interfaces/package.bash'
[3.718s] INFO:colcon.colcon_core.shell:Creating package script '/home/subun/eyrc_hb/hb_task1b_ws/install/my_robot_interfaces/share/my_robot_interfaces/package.zsh'
[3.719s] Level 1:colcon.colcon_core.environment:create_file_with_runtime_dependencies(/home/subun/eyrc_hb/hb_task1b_ws/install/my_robot_interfaces/share/colcon-core/packages/my_robot_interfaces)
[3.828s] Level 1:colcon.colcon_core.environment:create_environment_scripts_only(my_robot_interfaces)
[3.831s] Level 1:colcon.colcon_core.environment:checking '/home/subun/eyrc_hb/hb_task1b_ws/install/my_robot_interfaces' for CMake module files
[3.832s] Level 1:colcon.colcon_core.environment:checking '/home/subun/eyrc_hb/hb_task1b_ws/install/my_robot_interfaces' for CMake config files
[3.833s] Level 1:colcon.colcon_core.shell:create_environment_hook('my_robot_interfaces', 'cmake_prefix_path')
[3.835s] INFO:colcon.colcon_core.shell:Creating environment hook '/home/subun/eyrc_hb/hb_task1b_ws/install/my_robot_interfaces/share/my_robot_interfaces/hook/cmake_prefix_path.ps1'
[3.835s] INFO:colcon.colcon_core.shell:Creating environment descriptor '/home/subun/eyrc_hb/hb_task1b_ws/install/my_robot_interfaces/share/my_robot_interfaces/hook/cmake_prefix_path.dsv'
[3.836s] INFO:colcon.colcon_core.shell:Creating environment hook '/home/subun/eyrc_hb/hb_task1b_ws/install/my_robot_interfaces/share/my_robot_interfaces/hook/cmake_prefix_path.sh'
[3.837s] Level 1:colcon.colcon_core.environment:checking '/home/subun/eyrc_hb/hb_task1b_ws/install/my_robot_interfaces/lib'
[3.837s] Level 1:colcon.colcon_core.shell:create_environment_hook('my_robot_interfaces', 'ld_library_path_lib')
[3.839s] INFO:colcon.colcon_core.shell:Creating environment hook '/home/subun/eyrc_hb/hb_task1b_ws/install/my_robot_interfaces/share/my_robot_interfaces/hook/ld_library_path_lib.ps1'
[3.840s] INFO:colcon.colcon_core.shell:Creating environment descriptor '/home/subun/eyrc_hb/hb_task1b_ws/install/my_robot_interfaces/share/my_robot_interfaces/hook/ld_library_path_lib.dsv'
[3.840s] INFO:colcon.colcon_core.shell:Creating environment hook '/home/subun/eyrc_hb/hb_task1b_ws/install/my_robot_interfaces/share/my_robot_interfaces/hook/ld_library_path_lib.sh'
[3.840s] Level 1:colcon.colcon_core.environment:checking '/home/subun/eyrc_hb/hb_task1b_ws/install/my_robot_interfaces/bin'
[3.841s] Level 1:colcon.colcon_core.environment:checking '/home/subun/eyrc_hb/hb_task1b_ws/install/my_robot_interfaces/lib/pkgconfig/my_robot_interfaces.pc'
[3.841s] Level 1:colcon.colcon_core.environment:checking '/home/subun/eyrc_hb/hb_task1b_ws/install/my_robot_interfaces/lib/python3.10/site-packages'
[3.841s] Level 1:colcon.colcon_core.environment:checking '/home/subun/eyrc_hb/hb_task1b_ws/install/my_robot_interfaces/bin'
[3.844s] INFO:colcon.colcon_core.shell:Creating package script '/home/subun/eyrc_hb/hb_task1b_ws/install/my_robot_interfaces/share/my_robot_interfaces/package.ps1'
[3.845s] INFO:colcon.colcon_core.shell:Creating package descriptor '/home/subun/eyrc_hb/hb_task1b_ws/install/my_robot_interfaces/share/my_robot_interfaces/package.dsv'
[3.846s] INFO:colcon.colcon_core.shell:Creating package script '/home/subun/eyrc_hb/hb_task1b_ws/install/my_robot_interfaces/share/my_robot_interfaces/package.sh'
[3.847s] INFO:colcon.colcon_core.shell:Creating package script '/home/subun/eyrc_hb/hb_task1b_ws/install/my_robot_interfaces/share/my_robot_interfaces/package.bash'
[3.847s] INFO:colcon.colcon_core.shell:Creating package script '/home/subun/eyrc_hb/hb_task1b_ws/install/my_robot_interfaces/share/my_robot_interfaces/package.zsh'
[3.847s] Level 1:colcon.colcon_core.environment:create_file_with_runtime_dependencies(/home/subun/eyrc_hb/hb_task1b_ws/install/my_robot_interfaces/share/colcon-core/packages/my_robot_interfaces)
[3.848s] INFO:colcon.colcon_ros.task.ament_python.build:Building ROS package in '/home/subun/eyrc_hb/hb_task1b_ws/src/hb_task_1b' with build type 'ament_python'
[3.848s] Level 1:colcon.colcon_core.shell:create_environment_hook('hb_task_1b', 'ament_prefix_path')
[3.850s] INFO:colcon.colcon_core.shell:Creating environment hook '/home/subun/eyrc_hb/hb_task1b_ws/install/hb_task_1b/share/hb_task_1b/hook/ament_prefix_path.ps1'
[3.851s] INFO:colcon.colcon_core.shell:Creating environment descriptor '/home/subun/eyrc_hb/hb_task1b_ws/install/hb_task_1b/share/hb_task_1b/hook/ament_prefix_path.dsv'
[3.852s] INFO:colcon.colcon_core.shell:Creating environment hook '/home/subun/eyrc_hb/hb_task1b_ws/install/hb_task_1b/share/hb_task_1b/hook/ament_prefix_path.sh'
[3.854s] INFO:colcon.colcon_core.shell:Skip shell extension 'powershell' for command environment: Not usable outside of PowerShell
[3.854s] DEBUG:colcon.colcon_core.shell:Skip shell extension 'dsv' for command environment
[4.319s] INFO:colcon.colcon_core.task.python.build:Building Python package in '/home/subun/eyrc_hb/hb_task1b_ws/src/hb_task_1b'
[4.322s] INFO:colcon.colcon_core.shell:Skip shell extension 'powershell' for command environment: Not usable outside of PowerShell
[4.322s] DEBUG:colcon.colcon_core.shell:Skip shell extension 'dsv' for command environment
[4.952s] DEBUG:colcon.colcon_core.event_handler.log_command:Invoking command in '/home/subun/eyrc_hb/hb_task1b_ws/build/hb_task_1b': PYTHONPATH=/home/subun/eyrc_hb/hb_task1b_ws/build/hb_task_1b/prefix_override:/home/subun/eyrc_hb/hb_task1b_ws/install/hb_task_1b/lib/python3.10/site-packages:${PYTHONPATH} /usr/bin/python3 setup.py develop --editable --build-directory /home/subun/eyrc_hb/hb_task1b_ws/build/hb_task_1b/build --no-deps install_data
[5.699s] Level 1:colcon.colcon_core.shell:create_environment_hook('hb_task_1b', 'pythonpath_develop')
[5.699s] DEBUG:colcon.colcon_core.event_handler.log_command:Invoked command in '/home/subun/eyrc_hb/hb_task1b_ws/build/hb_task_1b' returned '0': PYTHONPATH=/home/subun/eyrc_hb/hb_task1b_ws/build/hb_task_1b/prefix_override:/home/subun/eyrc_hb/hb_task1b_ws/install/hb_task_1b/lib/python3.10/site-packages:${PYTHONPATH} /usr/bin/python3 setup.py develop --editable --build-directory /home/subun/eyrc_hb/hb_task1b_ws/build/hb_task_1b/build --no-deps install_data
[5.702s] INFO:colcon.colcon_core.shell:Creating environment hook '/home/subun/eyrc_hb/hb_task1b_ws/build/hb_task_1b/share/hb_task_1b/hook/pythonpath_develop.ps1'
[5.703s] INFO:colcon.colcon_core.shell:Creating environment descriptor '/home/subun/eyrc_hb/hb_task1b_ws/build/hb_task_1b/share/hb_task_1b/hook/pythonpath_develop.dsv'
[5.704s] INFO:colcon.colcon_core.shell:Creating environment hook '/home/subun/eyrc_hb/hb_task1b_ws/build/hb_task_1b/share/hb_task_1b/hook/pythonpath_develop.sh'
[5.707s] Level 1:colcon.colcon_core.environment:checking '/home/subun/eyrc_hb/hb_task1b_ws/install/hb_task_1b' for CMake module files
[5.708s] Level 1:colcon.colcon_core.environment:checking '/home/subun/eyrc_hb/hb_task1b_ws/install/hb_task_1b' for CMake config files
[5.709s] Level 1:colcon.colcon_core.environment:checking '/home/subun/eyrc_hb/hb_task1b_ws/install/hb_task_1b/lib'
[5.709s] Level 1:colcon.colcon_core.environment:checking '/home/subun/eyrc_hb/hb_task1b_ws/install/hb_task_1b/bin'
[5.709s] Level 1:colcon.colcon_core.environment:checking '/home/subun/eyrc_hb/hb_task1b_ws/install/hb_task_1b/lib/pkgconfig/hb_task_1b.pc'
[5.710s] Level 1:colcon.colcon_core.environment:checking '/home/subun/eyrc_hb/hb_task1b_ws/install/hb_task_1b/lib/python3.10/site-packages'
[5.710s] Level 1:colcon.colcon_core.shell:create_environment_hook('hb_task_1b', 'pythonpath')
[5.712s] INFO:colcon.colcon_core.shell:Creating environment hook '/home/subun/eyrc_hb/hb_task1b_ws/install/hb_task_1b/share/hb_task_1b/hook/pythonpath.ps1'
[5.713s] INFO:colcon.colcon_core.shell:Creating environment descriptor '/home/subun/eyrc_hb/hb_task1b_ws/install/hb_task_1b/share/hb_task_1b/hook/pythonpath.dsv'
[5.713s] INFO:colcon.colcon_core.shell:Creating environment hook '/home/subun/eyrc_hb/hb_task1b_ws/install/hb_task_1b/share/hb_task_1b/hook/pythonpath.sh'
[5.714s] Level 1:colcon.colcon_core.environment:checking '/home/subun/eyrc_hb/hb_task1b_ws/install/hb_task_1b/bin'
[5.714s] Level 1:colcon.colcon_core.environment:create_environment_scripts_only(hb_task_1b)
[5.717s] INFO:colcon.colcon_core.shell:Creating package script '/home/subun/eyrc_hb/hb_task1b_ws/install/hb_task_1b/share/hb_task_1b/package.ps1'
[5.718s] INFO:colcon.colcon_core.shell:Creating package descriptor '/home/subun/eyrc_hb/hb_task1b_ws/install/hb_task_1b/share/hb_task_1b/package.dsv'
[5.719s] INFO:colcon.colcon_core.shell:Creating package script '/home/subun/eyrc_hb/hb_task1b_ws/install/hb_task_1b/share/hb_task_1b/package.sh'
[5.719s] INFO:colcon.colcon_core.shell:Creating package script '/home/subun/eyrc_hb/hb_task1b_ws/install/hb_task_1b/share/hb_task_1b/package.bash'
[5.720s] INFO:colcon.colcon_core.shell:Creating package script '/home/subun/eyrc_hb/hb_task1b_ws/install/hb_task_1b/share/hb_task_1b/package.zsh'
[5.720s] Level 1:colcon.colcon_core.environment:create_file_with_runtime_dependencies(/home/subun/eyrc_hb/hb_task1b_ws/install/hb_task_1b/share/colcon-core/packages/hb_task_1b)
[5.721s] DEBUG:colcon.colcon_parallel_executor.executor.parallel:closing loop
[5.721s] DEBUG:colcon.colcon_parallel_executor.executor.parallel:loop closed
[5.722s] DEBUG:colcon.colcon_parallel_executor.executor.parallel:run_until_complete finished with '0'
[5.722s] DEBUG:colcon.colcon_core.event_reactor:joining thread
[5.733s] INFO:colcon.colcon_core.plugin_system:Skipping extension 'colcon_notification.desktop_notification.terminal_notifier': Not used on non-Darwin systems
[5.733s] INFO:colcon.colcon_core.plugin_system:Skipping extension 'colcon_notification.desktop_notification.win32': Not used on non-Windows systems
[5.733s] INFO:colcon.colcon_notification.desktop_notification:Sending desktop notification using 'notify2'
[5.767s] DEBUG:colcon.colcon_core.event_reactor:joined thread
[5.770s] INFO:colcon.colcon_core.shell:Creating prefix script '/home/subun/eyrc_hb/hb_task1b_ws/install/local_setup.ps1'
[5.772s] INFO:colcon.colcon_core.shell:Creating prefix util module '/home/subun/eyrc_hb/hb_task1b_ws/install/_local_setup_util_ps1.py'
[5.774s] INFO:colcon.colcon_core.shell:Creating prefix chain script '/home/subun/eyrc_hb/hb_task1b_ws/install/setup.ps1'
[5.777s] INFO:colcon.colcon_core.shell:Creating prefix script '/home/subun/eyrc_hb/hb_task1b_ws/install/local_setup.sh'
[5.778s] INFO:colcon.colcon_core.shell:Creating prefix util module '/home/subun/eyrc_hb/hb_task1b_ws/install/_local_setup_util_sh.py'
[5.779s] INFO:colcon.colcon_core.shell:Creating prefix chain script '/home/subun/eyrc_hb/hb_task1b_ws/install/setup.sh'
[5.782s] INFO:colcon.colcon_core.shell:Creating prefix script '/home/subun/eyrc_hb/hb_task1b_ws/install/local_setup.bash'
[5.783s] INFO:colcon.colcon_core.shell:Creating prefix chain script '/home/subun/eyrc_hb/hb_task1b_ws/install/setup.bash'
[5.786s] INFO:colcon.colcon_core.shell:Creating prefix script '/home/subun/eyrc_hb/hb_task1b_ws/install/local_setup.zsh'
[5.787s] INFO:colcon.colcon_core.shell:Creating prefix chain script '/home/subun/eyrc_hb/hb_task1b_ws/install/setup.zsh'
