[0.172s] DEBUG:colcon:Command line arguments: ['/usr/bin/colcon', 'build']
[0.172s] DEBUG:colcon:Parsed command line arguments: Namespace(log_base=None, log_level=None, verb_name='build', build_base='build', install_base='install', merge_install=False, symlink_install=False, test_result_base=None, continue_on_error=False, executor='parallel', parallel_workers=12, event_handlers=None, ignore_user_meta=False, metas=['./colcon.meta'], base_paths=['.'], packages_ignore=None, packages_ignore_regex=None, paths=None, packages_up_to=None, packages_up_to_regex=None, packages_above=None, packages_above_and_dependencies=None, packages_above_depth=None, packages_select_by_dep=None, packages_skip_by_dep=None, packages_skip_up_to=None, packages_select_build_failed=False, packages_skip_build_finished=False, packages_select_test_failures=False, packages_skip_test_passed=False, packages_select=None, packages_skip=None, packages_select_regex=None, packages_skip_regex=None, packages_start=None, packages_end=None, allow_overriding=[], cmake_args=None, cmake_target=None, cmake_target_skip_unavailable=False, cmake_clean_cache=False, cmake_clean_first=False, cmake_force_configure=False, ament_cmake_args=None, catkin_cmake_args=None, catkin_skip_building_tests=False, verb_parser=<colcon_defaults.argument_parser.defaults.DefaultArgumentsDecorator object at 0x7f5c5a3baad0>, verb_extension=<colcon_core.verb.build.BuildVerb object at 0x7f5c5a3ba560>, main=<bound method BuildVerb.main of <colcon_core.verb.build.BuildVerb object at 0x7f5c5a3ba560>>)
[0.185s] Level 1:colcon.colcon_core.package_discovery:discover_packages(colcon_meta) check parameters
[0.185s] Level 1:colcon.colcon_core.package_discovery:discover_packages(recursive) check parameters
[0.185s] Level 1:colcon.colcon_core.package_discovery:discover_packages(ignore) check parameters
[0.185s] Level 1:colcon.colcon_core.package_discovery:discover_packages(path) check parameters
[0.185s] Level 1:colcon.colcon_core.package_discovery:discover_packages(colcon_meta) discover
[0.185s] Level 1:colcon.colcon_core.package_discovery:discover_packages(recursive) discover
[0.185s] INFO:colcon.colcon_core.package_discovery:Crawling recursively for packages in '/home/ritesh/eyrc23_hb_1796/hb_task_5_ws'
[0.185s] Level 1:colcon.colcon_core.package_identification:_identify(.) by extensions ['ignore', 'ignore_ament_install']
[0.186s] Level 1:colcon.colcon_core.package_identification:_identify(.) by extension 'ignore'
[0.186s] Level 1:colcon.colcon_core.package_identification:_identify(.) by extension 'ignore_ament_install'
[0.186s] Level 1:colcon.colcon_core.package_identification:_identify(.) by extensions ['colcon_pkg']
[0.186s] Level 1:colcon.colcon_core.package_identification:_identify(.) by extension 'colcon_pkg'
[0.186s] Level 1:colcon.colcon_core.package_identification:_identify(.) by extensions ['colcon_meta']
[0.186s] Level 1:colcon.colcon_core.package_identification:_identify(.) by extension 'colcon_meta'
[0.186s] Level 1:colcon.colcon_core.package_identification:_identify(.) by extensions ['ros']
[0.186s] Level 1:colcon.colcon_core.package_identification:_identify(.) by extension 'ros'
[0.192s] Level 1:colcon.colcon_core.package_identification:_identify(.) by extensions ['cmake', 'python']
[0.192s] Level 1:colcon.colcon_core.package_identification:_identify(.) by extension 'cmake'
[0.192s] Level 1:colcon.colcon_core.package_identification:_identify(.) by extension 'python'
[0.192s] Level 1:colcon.colcon_core.package_identification:_identify(.) by extensions ['python_setup_py']
[0.192s] Level 1:colcon.colcon_core.package_identification:_identify(.) by extension 'python_setup_py'
[0.192s] Level 1:colcon.colcon_core.package_identification:_identify(build) by extensions ['ignore', 'ignore_ament_install']
[0.192s] Level 1:colcon.colcon_core.package_identification:_identify(build) by extension 'ignore'
[0.192s] Level 1:colcon.colcon_core.package_identification:_identify(build) ignored
[0.192s] Level 1:colcon.colcon_core.package_identification:_identify(install) by extensions ['ignore', 'ignore_ament_install']
[0.192s] Level 1:colcon.colcon_core.package_identification:_identify(install) by extension 'ignore'
[0.192s] Level 1:colcon.colcon_core.package_identification:_identify(install) ignored
[0.192s] Level 1:colcon.colcon_core.package_identification:_identify(log) by extensions ['ignore', 'ignore_ament_install']
[0.192s] Level 1:colcon.colcon_core.package_identification:_identify(log) by extension 'ignore'
[0.192s] Level 1:colcon.colcon_core.package_identification:_identify(log) ignored
[0.192s] Level 1:colcon.colcon_core.package_identification:_identify(src) by extensions ['ignore', 'ignore_ament_install']
[0.192s] Level 1:colcon.colcon_core.package_identification:_identify(src) by extension 'ignore'
[0.192s] Level 1:colcon.colcon_core.package_identification:_identify(src) by extension 'ignore_ament_install'
[0.192s] Level 1:colcon.colcon_core.package_identification:_identify(src) by extensions ['colcon_pkg']
[0.192s] Level 1:colcon.colcon_core.package_identification:_identify(src) by extension 'colcon_pkg'
[0.192s] Level 1:colcon.colcon_core.package_identification:_identify(src) by extensions ['colcon_meta']
[0.193s] Level 1:colcon.colcon_core.package_identification:_identify(src) by extension 'colcon_meta'
[0.193s] Level 1:colcon.colcon_core.package_identification:_identify(src) by extensions ['ros']
[0.193s] Level 1:colcon.colcon_core.package_identification:_identify(src) by extension 'ros'
[0.193s] Level 1:colcon.colcon_core.package_identification:_identify(src) by extensions ['cmake', 'python']
[0.193s] Level 1:colcon.colcon_core.package_identification:_identify(src) by extension 'cmake'
[0.193s] Level 1:colcon.colcon_core.package_identification:_identify(src) by extension 'python'
[0.193s] Level 1:colcon.colcon_core.package_identification:_identify(src) by extensions ['python_setup_py']
[0.193s] Level 1:colcon.colcon_core.package_identification:_identify(src) by extension 'python_setup_py'
[0.193s] Level 1:colcon.colcon_core.package_identification:_identify(src/bot_control5) by extensions ['ignore', 'ignore_ament_install']
[0.193s] Level 1:colcon.colcon_core.package_identification:_identify(src/bot_control5) by extension 'ignore'
[0.193s] Level 1:colcon.colcon_core.package_identification:_identify(src/bot_control5) by extension 'ignore_ament_install'
[0.193s] Level 1:colcon.colcon_core.package_identification:_identify(src/bot_control5) by extensions ['colcon_pkg']
[0.193s] Level 1:colcon.colcon_core.package_identification:_identify(src/bot_control5) by extension 'colcon_pkg'
[0.193s] Level 1:colcon.colcon_core.package_identification:_identify(src/bot_control5) by extensions ['colcon_meta']
[0.193s] Level 1:colcon.colcon_core.package_identification:_identify(src/bot_control5) by extension 'colcon_meta'
[0.193s] Level 1:colcon.colcon_core.package_identification:_identify(src/bot_control5) by extensions ['ros']
[0.193s] Level 1:colcon.colcon_core.package_identification:_identify(src/bot_control5) by extension 'ros'
[0.194s] DEBUG:colcon.colcon_core.package_identification:Package 'src/bot_control5' with type 'ros.ament_python' and name 'bot_control5'
[0.194s] Level 1:colcon.colcon_core.package_identification:_identify(src/feedback5) by extensions ['ignore', 'ignore_ament_install']
[0.194s] Level 1:colcon.colcon_core.package_identification:_identify(src/feedback5) by extension 'ignore'
[0.194s] Level 1:colcon.colcon_core.package_identification:_identify(src/feedback5) by extension 'ignore_ament_install'
[0.194s] Level 1:colcon.colcon_core.package_identification:_identify(src/feedback5) by extensions ['colcon_pkg']
[0.194s] Level 1:colcon.colcon_core.package_identification:_identify(src/feedback5) by extension 'colcon_pkg'
[0.194s] Level 1:colcon.colcon_core.package_identification:_identify(src/feedback5) by extensions ['colcon_meta']
[0.194s] Level 1:colcon.colcon_core.package_identification:_identify(src/feedback5) by extension 'colcon_meta'
[0.194s] Level 1:colcon.colcon_core.package_identification:_identify(src/feedback5) by extensions ['ros']
[0.194s] Level 1:colcon.colcon_core.package_identification:_identify(src/feedback5) by extension 'ros'
[0.195s] DEBUG:colcon.colcon_core.package_identification:Package 'src/feedback5' with type 'ros.ament_python' and name 'feedback5'
[0.195s] Level 1:colcon.colcon_core.package_discovery:discover_packages(recursive) using defaults
[0.195s] Level 1:colcon.colcon_core.package_discovery:discover_packages(ignore) discover
[0.195s] Level 1:colcon.colcon_core.package_discovery:discover_packages(ignore) using defaults
[0.195s] Level 1:colcon.colcon_core.package_discovery:discover_packages(path) discover
[0.195s] Level 1:colcon.colcon_core.package_discovery:discover_packages(path) using defaults
[0.208s] Level 1:colcon.colcon_core.package_discovery:discover_packages(prefix_path) check parameters
[0.208s] Level 1:colcon.colcon_core.package_discovery:discover_packages(prefix_path) discover
[0.210s] DEBUG:colcon.colcon_installed_package_information.package_discovery:Found 5 installed packages in /home/ritesh/eyrc23_hb_1796/hb_task_2_ws/install
[0.210s] DEBUG:colcon.colcon_installed_package_information.package_discovery:Found 2 installed packages in /home/ritesh/eyrc23_hb_1796/hb_task1b_ws/install
[0.210s] DEBUG:colcon.colcon_installed_package_information.package_discovery:Found 1 installed packages in /home/ritesh/eyrc23_hb_1796/hb_task1a_ws/install
[0.211s] DEBUG:colcon.colcon_installed_package_information.package_discovery:Found 281 installed packages in /opt/ros/humble
[0.212s] Level 1:colcon.colcon_core.package_discovery:discover_packages(prefix_path) using defaults
[0.243s] Level 5:colcon.colcon_core.verb:set package 'bot_control5' build argument 'cmake_args' from command line to 'None'
[0.243s] Level 5:colcon.colcon_core.verb:set package 'bot_control5' build argument 'cmake_target' from command line to 'None'
[0.243s] Level 5:colcon.colcon_core.verb:set package 'bot_control5' build argument 'cmake_target_skip_unavailable' from command line to 'False'
[0.243s] Level 5:colcon.colcon_core.verb:set package 'bot_control5' build argument 'cmake_clean_cache' from command line to 'False'
[0.243s] Level 5:colcon.colcon_core.verb:set package 'bot_control5' build argument 'cmake_clean_first' from command line to 'False'
[0.243s] Level 5:colcon.colcon_core.verb:set package 'bot_control5' build argument 'cmake_force_configure' from command line to 'False'
[0.243s] Level 5:colcon.colcon_core.verb:set package 'bot_control5' build argument 'ament_cmake_args' from command line to 'None'
[0.243s] Level 5:colcon.colcon_core.verb:set package 'bot_control5' build argument 'catkin_cmake_args' from command line to 'None'
[0.243s] Level 5:colcon.colcon_core.verb:set package 'bot_control5' build argument 'catkin_skip_building_tests' from command line to 'False'
[0.243s] DEBUG:colcon.colcon_core.verb:Building package 'bot_control5' with the following arguments: {'ament_cmake_args': None, 'build_base': '/home/ritesh/eyrc23_hb_1796/hb_task_5_ws/build/bot_control5', 'catkin_cmake_args': None, 'catkin_skip_building_tests': False, 'cmake_args': None, 'cmake_clean_cache': False, 'cmake_clean_first': False, 'cmake_force_configure': False, 'cmake_target': None, 'cmake_target_skip_unavailable': False, 'install_base': '/home/ritesh/eyrc23_hb_1796/hb_task_5_ws/install/bot_control5', 'merge_install': False, 'path': '/home/ritesh/eyrc23_hb_1796/hb_task_5_ws/src/bot_control5', 'symlink_install': False, 'test_result_base': None}
[0.243s] Level 5:colcon.colcon_core.verb:set package 'feedback5' build argument 'cmake_args' from command line to 'None'
[0.243s] Level 5:colcon.colcon_core.verb:set package 'feedback5' build argument 'cmake_target' from command line to 'None'
[0.244s] Level 5:colcon.colcon_core.verb:set package 'feedback5' build argument 'cmake_target_skip_unavailable' from command line to 'False'
[0.244s] Level 5:colcon.colcon_core.verb:set package 'feedback5' build argument 'cmake_clean_cache' from command line to 'False'
[0.244s] Level 5:colcon.colcon_core.verb:set package 'feedback5' build argument 'cmake_clean_first' from command line to 'False'
[0.244s] Level 5:colcon.colcon_core.verb:set package 'feedback5' build argument 'cmake_force_configure' from command line to 'False'
[0.244s] Level 5:colcon.colcon_core.verb:set package 'feedback5' build argument 'ament_cmake_args' from command line to 'None'
[0.244s] Level 5:colcon.colcon_core.verb:set package 'feedback5' build argument 'catkin_cmake_args' from command line to 'None'
[0.244s] Level 5:colcon.colcon_core.verb:set package 'feedback5' build argument 'catkin_skip_building_tests' from command line to 'False'
[0.244s] DEBUG:colcon.colcon_core.verb:Building package 'feedback5' with the following arguments: {'ament_cmake_args': None, 'build_base': '/home/ritesh/eyrc23_hb_1796/hb_task_5_ws/build/feedback5', 'catkin_cmake_args': None, 'catkin_skip_building_tests': False, 'cmake_args': None, 'cmake_clean_cache': False, 'cmake_clean_first': False, 'cmake_force_configure': False, 'cmake_target': None, 'cmake_target_skip_unavailable': False, 'install_base': '/home/ritesh/eyrc23_hb_1796/hb_task_5_ws/install/feedback5', 'merge_install': False, 'path': '/home/ritesh/eyrc23_hb_1796/hb_task_5_ws/src/feedback5', 'symlink_install': False, 'test_result_base': None}
[0.244s] INFO:colcon.colcon_core.executor:Executing jobs using 'parallel' executor
[0.246s] DEBUG:colcon.colcon_parallel_executor.executor.parallel:run_until_complete
[0.246s] INFO:colcon.colcon_ros.task.ament_python.build:Building ROS package in '/home/ritesh/eyrc23_hb_1796/hb_task_5_ws/src/bot_control5' with build type 'ament_python'
[0.246s] Level 1:colcon.colcon_core.shell:create_environment_hook('bot_control5', 'ament_prefix_path')
[0.249s] INFO:colcon.colcon_core.plugin_system:Skipping extension 'colcon_core.shell.bat': Not used on non-Windows systems
[0.249s] INFO:colcon.colcon_core.shell:Creating environment hook '/home/ritesh/eyrc23_hb_1796/hb_task_5_ws/install/bot_control5/share/bot_control5/hook/ament_prefix_path.ps1'
[0.249s] INFO:colcon.colcon_core.shell:Creating environment descriptor '/home/ritesh/eyrc23_hb_1796/hb_task_5_ws/install/bot_control5/share/bot_control5/hook/ament_prefix_path.dsv'
[0.249s] INFO:colcon.colcon_core.shell:Creating environment hook '/home/ritesh/eyrc23_hb_1796/hb_task_5_ws/install/bot_control5/share/bot_control5/hook/ament_prefix_path.sh'
[0.250s] INFO:colcon.colcon_core.shell:Skip shell extension 'powershell' for command environment: Not usable outside of PowerShell
[0.250s] DEBUG:colcon.colcon_core.shell:Skip shell extension 'dsv' for command environment
[0.254s] INFO:colcon.colcon_ros.task.ament_python.build:Building ROS package in '/home/ritesh/eyrc23_hb_1796/hb_task_5_ws/src/feedback5' with build type 'ament_python'
[0.254s] Level 1:colcon.colcon_core.shell:create_environment_hook('feedback5', 'ament_prefix_path')
[0.254s] INFO:colcon.colcon_core.shell:Creating environment hook '/home/ritesh/eyrc23_hb_1796/hb_task_5_ws/install/feedback5/share/feedback5/hook/ament_prefix_path.ps1'
[0.255s] INFO:colcon.colcon_core.shell:Creating environment descriptor '/home/ritesh/eyrc23_hb_1796/hb_task_5_ws/install/feedback5/share/feedback5/hook/ament_prefix_path.dsv'
[0.255s] INFO:colcon.colcon_core.shell:Creating environment hook '/home/ritesh/eyrc23_hb_1796/hb_task_5_ws/install/feedback5/share/feedback5/hook/ament_prefix_path.sh'
[0.256s] INFO:colcon.colcon_core.shell:Skip shell extension 'powershell' for command environment: Not usable outside of PowerShell
[0.256s] DEBUG:colcon.colcon_core.shell:Skip shell extension 'dsv' for command environment
[0.401s] INFO:colcon.colcon_core.task.python.build:Building Python package in '/home/ritesh/eyrc23_hb_1796/hb_task_5_ws/src/bot_control5'
[0.402s] INFO:colcon.colcon_core.shell:Skip shell extension 'powershell' for command environment: Not usable outside of PowerShell
[0.402s] DEBUG:colcon.colcon_core.shell:Skip shell extension 'dsv' for command environment
[0.557s] INFO:colcon.colcon_core.task.python.build:Building Python package in '/home/ritesh/eyrc23_hb_1796/hb_task_5_ws/src/feedback5'
[0.558s] INFO:colcon.colcon_core.shell:Skip shell extension 'powershell' for command environment: Not usable outside of PowerShell
[0.558s] DEBUG:colcon.colcon_core.shell:Skip shell extension 'dsv' for command environment
[0.802s] DEBUG:colcon.colcon_core.event_handler.log_command:Invoking command in '/home/ritesh/eyrc23_hb_1796/hb_task_5_ws/src/feedback5': PYTHONPATH=/home/ritesh/eyrc23_hb_1796/hb_task_5_ws/build/feedback5/prefix_override:/home/ritesh/eyrc23_hb_1796/hb_task_5_ws/install/feedback5/lib/python3.10/site-packages:${PYTHONPATH} /usr/bin/python3 setup.py egg_info --egg-base ../../build/feedback5 build --build-base /home/ritesh/eyrc23_hb_1796/hb_task_5_ws/build/feedback5/build install --record /home/ritesh/eyrc23_hb_1796/hb_task_5_ws/build/feedback5/install.log --single-version-externally-managed
[0.804s] DEBUG:colcon.colcon_core.event_handler.log_command:Invoking command in '/home/ritesh/eyrc23_hb_1796/hb_task_5_ws/src/bot_control5': PYTHONPATH=/home/ritesh/eyrc23_hb_1796/hb_task_5_ws/build/bot_control5/prefix_override:/home/ritesh/eyrc23_hb_1796/hb_task_5_ws/install/bot_control5/lib/python3.10/site-packages:${PYTHONPATH} /usr/bin/python3 setup.py egg_info --egg-base ../../build/bot_control5 build --build-base /home/ritesh/eyrc23_hb_1796/hb_task_5_ws/build/bot_control5/build install --record /home/ritesh/eyrc23_hb_1796/hb_task_5_ws/build/bot_control5/install.log --single-version-externally-managed
[1.017s] DEBUG:colcon.colcon_core.event_handler.log_command:Invoked command in '/home/ritesh/eyrc23_hb_1796/hb_task_5_ws/src/feedback5' returned '0': PYTHONPATH=/home/ritesh/eyrc23_hb_1796/hb_task_5_ws/build/feedback5/prefix_override:/home/ritesh/eyrc23_hb_1796/hb_task_5_ws/install/feedback5/lib/python3.10/site-packages:${PYTHONPATH} /usr/bin/python3 setup.py egg_info --egg-base ../../build/feedback5 build --build-base /home/ritesh/eyrc23_hb_1796/hb_task_5_ws/build/feedback5/build install --record /home/ritesh/eyrc23_hb_1796/hb_task_5_ws/build/feedback5/install.log --single-version-externally-managed
[1.022s] Level 1:colcon.colcon_core.environment:checking '/home/ritesh/eyrc23_hb_1796/hb_task_5_ws/install/feedback5' for CMake module files
[1.022s] Level 1:colcon.colcon_core.environment:checking '/home/ritesh/eyrc23_hb_1796/hb_task_5_ws/install/feedback5' for CMake config files
[1.022s] Level 1:colcon.colcon_core.environment:checking '/home/ritesh/eyrc23_hb_1796/hb_task_5_ws/install/feedback5/lib'
[1.023s] Level 1:colcon.colcon_core.environment:checking '/home/ritesh/eyrc23_hb_1796/hb_task_5_ws/install/feedback5/bin'
[1.023s] Level 1:colcon.colcon_core.environment:checking '/home/ritesh/eyrc23_hb_1796/hb_task_5_ws/install/feedback5/lib/pkgconfig/feedback5.pc'
[1.023s] Level 1:colcon.colcon_core.environment:checking '/home/ritesh/eyrc23_hb_1796/hb_task_5_ws/install/feedback5/lib/python3.10/site-packages'
[1.023s] Level 1:colcon.colcon_core.shell:create_environment_hook('feedback5', 'pythonpath')
[1.024s] INFO:colcon.colcon_core.shell:Creating environment hook '/home/ritesh/eyrc23_hb_1796/hb_task_5_ws/install/feedback5/share/feedback5/hook/pythonpath.ps1'
[1.024s] INFO:colcon.colcon_core.shell:Creating environment descriptor '/home/ritesh/eyrc23_hb_1796/hb_task_5_ws/install/feedback5/share/feedback5/hook/pythonpath.dsv'
[1.024s] INFO:colcon.colcon_core.shell:Creating environment hook '/home/ritesh/eyrc23_hb_1796/hb_task_5_ws/install/feedback5/share/feedback5/hook/pythonpath.sh'
[1.025s] Level 1:colcon.colcon_core.environment:checking '/home/ritesh/eyrc23_hb_1796/hb_task_5_ws/install/feedback5/bin'
[1.025s] Level 1:colcon.colcon_core.environment:create_environment_scripts_only(feedback5)
[1.025s] INFO:colcon.colcon_core.shell:Creating package script '/home/ritesh/eyrc23_hb_1796/hb_task_5_ws/install/feedback5/share/feedback5/package.ps1'
[1.026s] INFO:colcon.colcon_core.shell:Creating package descriptor '/home/ritesh/eyrc23_hb_1796/hb_task_5_ws/install/feedback5/share/feedback5/package.dsv'
[1.026s] INFO:colcon.colcon_core.shell:Creating package script '/home/ritesh/eyrc23_hb_1796/hb_task_5_ws/install/feedback5/share/feedback5/package.sh'
[1.027s] INFO:colcon.colcon_core.shell:Creating package script '/home/ritesh/eyrc23_hb_1796/hb_task_5_ws/install/feedback5/share/feedback5/package.bash'
[1.027s] INFO:colcon.colcon_core.shell:Creating package script '/home/ritesh/eyrc23_hb_1796/hb_task_5_ws/install/feedback5/share/feedback5/package.zsh'
[1.027s] Level 1:colcon.colcon_core.environment:create_file_with_runtime_dependencies(/home/ritesh/eyrc23_hb_1796/hb_task_5_ws/install/feedback5/share/colcon-core/packages/feedback5)
[1.029s] Level 1:colcon.colcon_core.environment:checking '/home/ritesh/eyrc23_hb_1796/hb_task_5_ws/install/bot_control5' for CMake module files
[1.030s] DEBUG:colcon.colcon_core.event_handler.log_command:Invoked command in '/home/ritesh/eyrc23_hb_1796/hb_task_5_ws/src/bot_control5' returned '0': PYTHONPATH=/home/ritesh/eyrc23_hb_1796/hb_task_5_ws/build/bot_control5/prefix_override:/home/ritesh/eyrc23_hb_1796/hb_task_5_ws/install/bot_control5/lib/python3.10/site-packages:${PYTHONPATH} /usr/bin/python3 setup.py egg_info --egg-base ../../build/bot_control5 build --build-base /home/ritesh/eyrc23_hb_1796/hb_task_5_ws/build/bot_control5/build install --record /home/ritesh/eyrc23_hb_1796/hb_task_5_ws/build/bot_control5/install.log --single-version-externally-managed
[1.030s] Level 1:colcon.colcon_core.environment:checking '/home/ritesh/eyrc23_hb_1796/hb_task_5_ws/install/bot_control5' for CMake config files
[1.030s] Level 1:colcon.colcon_core.environment:checking '/home/ritesh/eyrc23_hb_1796/hb_task_5_ws/install/bot_control5/lib'
[1.030s] Level 1:colcon.colcon_core.environment:checking '/home/ritesh/eyrc23_hb_1796/hb_task_5_ws/install/bot_control5/bin'
[1.030s] Level 1:colcon.colcon_core.environment:checking '/home/ritesh/eyrc23_hb_1796/hb_task_5_ws/install/bot_control5/lib/pkgconfig/bot_control5.pc'
[1.030s] Level 1:colcon.colcon_core.environment:checking '/home/ritesh/eyrc23_hb_1796/hb_task_5_ws/install/bot_control5/lib/python3.10/site-packages'
[1.030s] Level 1:colcon.colcon_core.shell:create_environment_hook('bot_control5', 'pythonpath')
[1.031s] INFO:colcon.colcon_core.shell:Creating environment hook '/home/ritesh/eyrc23_hb_1796/hb_task_5_ws/install/bot_control5/share/bot_control5/hook/pythonpath.ps1'
[1.031s] INFO:colcon.colcon_core.shell:Creating environment descriptor '/home/ritesh/eyrc23_hb_1796/hb_task_5_ws/install/bot_control5/share/bot_control5/hook/pythonpath.dsv'
[1.031s] INFO:colcon.colcon_core.shell:Creating environment hook '/home/ritesh/eyrc23_hb_1796/hb_task_5_ws/install/bot_control5/share/bot_control5/hook/pythonpath.sh'
[1.032s] Level 1:colcon.colcon_core.environment:checking '/home/ritesh/eyrc23_hb_1796/hb_task_5_ws/install/bot_control5/bin'
[1.032s] Level 1:colcon.colcon_core.environment:create_environment_scripts_only(bot_control5)
[1.033s] INFO:colcon.colcon_core.shell:Creating package script '/home/ritesh/eyrc23_hb_1796/hb_task_5_ws/install/bot_control5/share/bot_control5/package.ps1'
[1.033s] INFO:colcon.colcon_core.shell:Creating package descriptor '/home/ritesh/eyrc23_hb_1796/hb_task_5_ws/install/bot_control5/share/bot_control5/package.dsv'
[1.033s] INFO:colcon.colcon_core.shell:Creating package script '/home/ritesh/eyrc23_hb_1796/hb_task_5_ws/install/bot_control5/share/bot_control5/package.sh'
[1.033s] INFO:colcon.colcon_core.shell:Creating package script '/home/ritesh/eyrc23_hb_1796/hb_task_5_ws/install/bot_control5/share/bot_control5/package.bash'
[1.033s] INFO:colcon.colcon_core.shell:Creating package script '/home/ritesh/eyrc23_hb_1796/hb_task_5_ws/install/bot_control5/share/bot_control5/package.zsh'
[1.034s] Level 1:colcon.colcon_core.environment:create_file_with_runtime_dependencies(/home/ritesh/eyrc23_hb_1796/hb_task_5_ws/install/bot_control5/share/colcon-core/packages/bot_control5)
[1.034s] DEBUG:colcon.colcon_parallel_executor.executor.parallel:closing loop
[1.034s] DEBUG:colcon.colcon_parallel_executor.executor.parallel:loop closed
[1.034s] DEBUG:colcon.colcon_parallel_executor.executor.parallel:run_until_complete finished with '0'
[1.034s] DEBUG:colcon.colcon_core.event_reactor:joining thread
[1.038s] INFO:colcon.colcon_core.plugin_system:Skipping extension 'colcon_notification.desktop_notification.terminal_notifier': Not used on non-Darwin systems
[1.038s] INFO:colcon.colcon_core.plugin_system:Skipping extension 'colcon_notification.desktop_notification.win32': Not used on non-Windows systems
[1.038s] INFO:colcon.colcon_notification.desktop_notification:Sending desktop notification using 'notify2'
[1.049s] DEBUG:colcon.colcon_core.event_reactor:joined thread
[1.050s] INFO:colcon.colcon_core.shell:Creating prefix script '/home/ritesh/eyrc23_hb_1796/hb_task_5_ws/install/local_setup.ps1'
[1.051s] INFO:colcon.colcon_core.shell:Creating prefix util module '/home/ritesh/eyrc23_hb_1796/hb_task_5_ws/install/_local_setup_util_ps1.py'
[1.052s] INFO:colcon.colcon_core.shell:Creating prefix chain script '/home/ritesh/eyrc23_hb_1796/hb_task_5_ws/install/setup.ps1'
[1.053s] INFO:colcon.colcon_core.shell:Creating prefix script '/home/ritesh/eyrc23_hb_1796/hb_task_5_ws/install/local_setup.sh'
[1.053s] INFO:colcon.colcon_core.shell:Creating prefix util module '/home/ritesh/eyrc23_hb_1796/hb_task_5_ws/install/_local_setup_util_sh.py'
[1.053s] INFO:colcon.colcon_core.shell:Creating prefix chain script '/home/ritesh/eyrc23_hb_1796/hb_task_5_ws/install/setup.sh'
[1.054s] INFO:colcon.colcon_core.shell:Creating prefix script '/home/ritesh/eyrc23_hb_1796/hb_task_5_ws/install/local_setup.bash'
[1.054s] INFO:colcon.colcon_core.shell:Creating prefix chain script '/home/ritesh/eyrc23_hb_1796/hb_task_5_ws/install/setup.bash'
[1.055s] INFO:colcon.colcon_core.shell:Creating prefix script '/home/ritesh/eyrc23_hb_1796/hb_task_5_ws/install/local_setup.zsh'
[1.055s] INFO:colcon.colcon_core.shell:Creating prefix chain script '/home/ritesh/eyrc23_hb_1796/hb_task_5_ws/install/setup.zsh'
